  Using 'git status' to determine working set for adaptive non-unity build (D:\UnrealEngine\Games\StealthGame\UnrealStealthGame).
  Creating makefile for FPSGameEditor (Build.version is newer)
  Using Visual Studio 2017 14.16.27023 toolchain (C:\Program Files (x86)\Microsoft Visual Studio\2017\Professional\VC\Tools\MSVC\14.16.27023) and Windows 10.0.17763.0 SDK (C:\Program Files (x86)\Windows Kits\10).
  Parsing headers for FPSGameEditor
    Running UnrealHeaderTool "D:\UnrealEngine\Games\StealthGame\UnrealStealthGame\StealthGame\FPSGame.uproject" "D:\UnrealEngine\Games\StealthGame\UnrealStealthGame\StealthGame\Intermediate\Build\Win64\FPSGameEditor\Development\FPSGameEditor.uhtmanifest" -LogCmds="loginit warning, logexit warning, logdatabase error" -Unattended -WarningsAsErrors -installed
  Reflection code generated for FPSGameEditor in 8.7279788 seconds
  Building 20 actions with 12 processes...
    [1/20] PCLaunch.rc
    [2/20] SharedPCH.Engine.cpp
    [3/20] FPSGame.init.gen.cpp
    [4/20] FPSObjectiveActor.gen.cpp
    [5/20] FPSBlackHole.gen.cpp
    [6/20] FPSExtractionZone.gen.cpp
    [7/20] FPSProjectile.cpp
    [8/20] FPSHUD.gen.cpp
    [9/20] FPSGameMode.gen.cpp
    [10/20] FPSGame.cpp
    [11/20] FPSHUD.cpp
    [12/20] FPSCharacter.gen.cpp
    [13/20] FPSBlackHole.cpp
    [14/20] FPSObjectiveActor.cpp
    [15/20] FPSProjectile.gen.cpp
    [16/20] FPSExtractionZone.cpp
    [17/20] FPSGameMode.cpp
    [18/20] FPSCharacter.cpp
    [19/20] UE4Editor-FPSGame.lib
       Creating library D:\UnrealEngine\Games\StealthGame\UnrealStealthGame\StealthGame\Intermediate\Build\Win64\UE4Editor\Development\FPSGame\UE4Editor-FPSGame.lib and object D:\UnrealEngine\Games\StealthGame\UnrealStealthGame\StealthGame\Intermediate\Build\Win64\UE4Editor\Development\FPSGame\UE4Editor-FPSGame.exp
    [20/20] UE4Editor-FPSGame.dll
       Creating library D:\UnrealEngine\Games\StealthGame\UnrealStealthGame\StealthGame\Intermediate\Build\Win64\UE4Editor\Development\FPSGame\UE4Editor-FPSGame.suppressed.lib and object D:\UnrealEngine\Games\StealthGame\UnrealStealthGame\StealthGame\Intermediate\Build\Win64\UE4Editor\Development\FPSGame\UE4Editor-FPSGame.suppressed.exp
  Deploying FPSGameEditor Win64 Development...
  Total build time: 46.58 seconds (Parallel executor: 25.01 seconds)
