Log file open, 12/18/18 16:19:30
LogWindows: Failed to load 'aqProf.dll' (GetLastError=126)
LogWindows: File 'aqProf.dll' does not exist
LogWindows: Failed to load 'VtuneApi.dll' (GetLastError=126)
LogWindows: File 'VtuneApi.dll' does not exist
LogWindows: Failed to load 'VtuneApi32e.dll' (GetLastError=126)
LogWindows: File 'VtuneApi32e.dll' does not exist
LogConsoleResponse: Display: Failed to find resolution value strings in scalability ini. Falling back to default.
LogInit: Display: Running engine for game: FPSGame
LogPakFile: Registered encryption key '00000000000000000000000000000000': 0 pak files mounted, 0 remain pending
LogPlatformFile: Not using cached read wrapper
LogTaskGraph: Started task graph with 5 named threads and 35 total threads with 3 sets of task threads.
LogStats: Stats thread started at 0.508715
LogD3D11RHI: Loaded GFSDK_Aftermath_Lib.x64.dll
LogICUInternationalization: ICU TimeZone Detection - Raw Offset: +1:00, Platform Override: ''
LogPluginManager: Mounting plugin Paper2D
LogPluginManager: Mounting plugin AISupport
LogPluginManager: Mounting plugin LightPropagationVolume
LogPluginManager: Mounting plugin ActorLayerUtilities
LogPluginManager: Mounting plugin CLionSourceCodeAccess
LogPluginManager: Mounting plugin CodeLiteSourceCodeAccess
LogPluginManager: Mounting plugin GitSourceControl
LogPluginManager: Mounting plugin KDevelopSourceCodeAccess
LogPluginManager: Mounting plugin NullSourceCodeAccess
LogPluginManager: Mounting plugin PerforceSourceControl
LogPluginManager: Mounting plugin SubversionSourceControl
LogPluginManager: Mounting plugin UObjectPlugin
LogPluginManager: Mounting plugin VisualStudioCodeSourceCodeAccess
LogPluginManager: Mounting plugin VisualStudioSourceCodeAccess
LogPluginManager: Mounting plugin XCodeSourceCodeAccess
LogPluginManager: Mounting plugin AssetManagerEditor
LogPluginManager: Mounting plugin CryptoKeys
LogPluginManager: Mounting plugin DataValidation
LogPluginManager: Mounting plugin FacialAnimation
LogPluginManager: Mounting plugin GameplayTagsEditor
LogPluginManager: Mounting plugin MacGraphicsSwitching
LogPluginManager: Mounting plugin MeshEditor
LogPluginManager: Mounting plugin MobileLauncherProfileWizard
LogPluginManager: Mounting plugin PluginBrowser
LogPluginManager: Mounting plugin SpeedTreeImporter
LogPluginManager: Mounting plugin DatasmithContent
LogPluginManager: Mounting plugin VariantManagerContent
LogPluginManager: Mounting plugin AlembicImporter
LogPluginManager: Mounting plugin AppleImageUtils
LogPluginManager: Mounting plugin AppleVision
LogPluginManager: Mounting plugin BackChannel
LogPluginManager: Mounting plugin CharacterAI
LogPluginManager: Mounting plugin GeometryCache
LogPluginManager: Mounting plugin HTML5Networking
LogPluginManager: Mounting plugin ProxyLODPlugin
LogPluginManager: Mounting plugin MagicLeap
LogPluginManager: Mounting plugin MagicLeapMedia
LogPluginManager: Mounting plugin AndroidMedia
LogPluginManager: Mounting plugin AvfMedia
LogPluginManager: Mounting plugin ImgMedia
LogPluginManager: Mounting plugin LinearTimecode
LogPluginManager: Mounting plugin MediaCompositing
LogPluginManager: Mounting plugin MediaPlayerEditor
LogPluginManager: Mounting plugin WebMMedia
LogPluginManager: Mounting plugin WmfMedia
LogPluginManager: Mounting plugin TcpMessaging
LogPluginManager: Mounting plugin UdpMessaging
LogPluginManager: Mounting plugin ActorSequence
LogPluginManager: Mounting plugin LevelSequenceEditor
LogPluginManager: Mounting plugin MatineeToLevelSequence
LogPluginManager: Mounting plugin NetcodeUnitTest
LogPluginManager: Mounting plugin NUTUnrealEngine4
LogPluginManager: Mounting plugin OnlineSubsystemGooglePlay
LogPluginManager: Mounting plugin OnlineSubsystemIOS
LogPluginManager: Mounting plugin OnlineSubsystem
LogPluginManager: Mounting plugin OnlineSubsystemNull
LogPluginManager: Mounting plugin OnlineSubsystemUtils
LogPluginManager: Mounting plugin LauncherChunkInstaller
LogPluginManager: Mounting plugin AndroidDeviceProfileSelector
LogPluginManager: Mounting plugin AndroidMoviePlayer
LogPluginManager: Mounting plugin AndroidPermission
LogPluginManager: Mounting plugin AppleMoviePlayer
LogPluginManager: Mounting plugin ArchVisCharacter
LogPluginManager: Mounting plugin AudioCapture
LogPluginManager: Mounting plugin CableComponent
LogPluginManager: Mounting plugin CustomMeshComponent
LogPluginManager: Mounting plugin EditableMesh
LogPluginManager: Mounting plugin ExampleDeviceProfileSelector
LogPluginManager: Mounting plugin Firebase
LogPluginManager: Mounting plugin GoogleCloudMessaging
LogPluginManager: Mounting plugin IOSDeviceProfileSelector
LogPluginManager: Mounting plugin LinuxDeviceProfileSelector
LogPluginManager: Mounting plugin LocationServicesBPLibrary
LogPluginManager: Mounting plugin MobilePatchingUtils
LogPluginManager: Mounting plugin OculusVR
LogPluginManager: Mounting plugin PhysXVehicles
LogPluginManager: Mounting plugin ProceduralMeshComponent
LogPluginManager: Mounting plugin RuntimePhysXCooking
LogPluginManager: Mounting plugin SteamVR
LogPluginManager: Mounting plugin WebMMoviePlayer
LogPluginManager: Mounting plugin WindowsMoviePlayer
LogStreaming: Display: Took  0.094s to configure plugins.
LogInit: Using libcurl 7.55.1-DEV
LogInit:  - built for x86_64-pc-win32
LogInit:  - supports SSL with OpenSSL/1.0.2h
LogInit:  - supports HTTP deflate (compression) using libz 1.2.8
LogInit:  - other features:
LogInit:      CURL_VERSION_SSL
LogInit:      CURL_VERSION_LIBZ
LogInit:      CURL_VERSION_IPV6
LogInit:      CURL_VERSION_ASYNCHDNS
LogInit:      CURL_VERSION_LARGEFILE
LogInit:      CURL_VERSION_IDN
LogInit:  CurlRequestOptions (configurable via config and command line):
LogInit:  - bVerifyPeer = true  - Libcurl will verify peer certificate
LogInit:  - bUseHttpProxy = false  - Libcurl will NOT use HTTP proxy
LogInit:  - bDontReuseConnections = false  - Libcurl will reuse connections
LogInit:  - MaxHostConnections = 16  - Libcurl will limit the number of connections to a host
LogInit:  - LocalHostAddr = Default
LogInit:  - BufferSize = 65536
LogInit: WinSock: version 1.1 (2.2), MaxSocks=32767, MaxUdp=65467
LogInit: Build: ++UE4+Release-4.21-CL-4613538
LogInit: Engine Version: 4.21.1-4613538+++UE4+Release-4.21
LogInit: Compatible Engine Version: 4.21.0-4541578+++UE4+Release-4.21
LogInit: Net CL: 4541578
LogInit: OS: Windows 10 (), CPU: Intel(R) Core(TM) i7-8700 CPU @ 3.20GHz, GPU: NVIDIA GeForce GTX 1050 Ti
LogInit: Compiled (64-bit): Nov 30 2018 04:13:25
LogInit: Compiled with Visual C++: 19.13.26129.00
LogInit: Build Configuration: Development
LogInit: Branch Name: ++UE4+Release-4.21
LogInit: Command Line:  -skipcompile
LogInit: Base Directory: D:/UnrealEngine/Engine/UE_4.21/Engine/Binaries/Win64/
LogInit: Installed Engine Build: 1
LogDevObjectVersion: Number of dev versions registered: 22
LogDevObjectVersion:   Dev-Blueprints (B0D832E4-1F89-4F0D-ACCF-7EB736FD4AA2): 10
LogDevObjectVersion:   Dev-Build (E1C64328-A22C-4D53-A36C-8E866417BD8C): 0
LogDevObjectVersion:   Dev-Core (375EC13C-06E4-48FB-B500-84F0262A717E): 2
LogDevObjectVersion:   Dev-Editor (E4B068ED-F494-42E9-A231-DA0B2E46BB41): 26
LogDevObjectVersion:   Dev-Framework (CFFC743F-43B0-4480-9391-14DF171D2073): 34
LogDevObjectVersion:   Dev-Mobile (B02B49B5-BB20-44E9-A304-32B752E40360): 2
LogDevObjectVersion:   Dev-Networking (A4E4105C-59A1-49B5-A7C5-40C4547EDFEE): 0
LogDevObjectVersion:   Dev-Online (39C831C9-5AE6-47DC-9A44-9C173E1C8E7C): 0
LogDevObjectVersion:   Dev-Physics (78F01B33-EBEA-4F98-B9B4-84EACCB95AA2): 0
LogDevObjectVersion:   Dev-Platform (6631380F-2D4D-43E0-8009-CF276956A95A): 0
LogDevObjectVersion:   Dev-Rendering (12F88B9F-8875-4AFC-A67C-D90C383ABD29): 27
LogDevObjectVersion:   Dev-Sequencer (7B5AE74C-D270-4C10-A958-57980B212A5A): 9
LogDevObjectVersion:   Dev-VR (D7296918-1DD6-4BDD-9DE2-64A83CC13884): 2
LogDevObjectVersion:   Dev-LoadTimes (C2A15278-BFE7-4AFE-6C17-90FF531DF755): 1
LogDevObjectVersion:   Private-Geometry (6EACA3D4-40EC-4CC1-B786-8BED09428FC5): 3
LogDevObjectVersion:   Dev-AnimPhys (29E575DD-E0A3-4627-9D10-D276232CDCEA): 17
LogDevObjectVersion:   Dev-Anim (AF43A65D-7FD3-4947-9873-3E8ED9C1BB05): 2
LogDevObjectVersion:   Dev-ReflectionCapture (6B266CEC-1EC7-4B8F-A30B-E4D90942FC07): 1
LogDevObjectVersion:   Dev-Automation (0DF73D61-A23F-47EA-B727-89E90C41499A): 1
LogDevObjectVersion:   FortniteMain (601D1886-AC64-4F84-AA16-D3DE0DEAC7D6): 17
LogDevObjectVersion:   Dev-Enterprise (9DFFBCD6-494F-0158-E221-12823C92A888): 4
LogDevObjectVersion:   Dev-Niagara (F2AED0AC-9AFE-416F-8664-AA7FFA26D6FC): 1
LogStreaming: Display: Took  0.001s to delete old logs.
LogInit: Presizing for max 8388607 objects, including 0 objects not considered by GC, pre-allocating 0 bytes for permanent pool.
LogInit: Object subsystem initialized
LogConfig: Setting CVar [[con.DebugEarlyDefault:1]]
LogConfig: Setting CVar [[r.setres:1280x720]]
[2018.12.18-15.19.31:264][  0]LogConfig: Setting CVar [[r.VSync:0]]
[2018.12.18-15.19.31:264][  0]LogConfig: Setting CVar [[r.RHICmdBypass:0]]
[2018.12.18-15.19.31:264][  0]LogConfig: Applying CVar settings from Section [/Script/Engine.RendererSettings] File [D:/UnrealEngine/Games/StealthGame/UnrealStealthGame/StealthGame/Saved/Config/Windows/Engine.ini]
[2018.12.18-15.19.31:264][  0]LogConfig: Setting CVar [[r.GPUCrashDebugging:0]]
[2018.12.18-15.19.31:264][  0]LogConfig: Applying CVar settings from Section [/Script/Engine.RendererOverrideSettings] File [D:/UnrealEngine/Games/StealthGame/UnrealStealthGame/StealthGame/Saved/Config/Windows/Engine.ini]
[2018.12.18-15.19.31:264][  0]LogConfig: Applying CVar settings from Section [/Script/Engine.StreamingSettings] File [D:/UnrealEngine/Games/StealthGame/UnrealStealthGame/StealthGame/Saved/Config/Windows/Engine.ini]
[2018.12.18-15.19.31:264][  0]LogConfig: Setting CVar [[s.MinBulkDataSizeForAsyncLoading:131072]]
[2018.12.18-15.19.31:264][  0]LogConfig: Setting CVar [[s.AsyncLoadingThreadEnabled:0]]
[2018.12.18-15.19.31:264][  0]LogConfig: Setting CVar [[s.EventDrivenLoaderEnabled:1]]
[2018.12.18-15.19.31:264][  0]LogConfig: Setting CVar [[s.WarnIfTimeLimitExceeded:0]]
[2018.12.18-15.19.31:264][  0]LogConfig: Setting CVar [[s.TimeLimitExceededMultiplier:1.5]]
[2018.12.18-15.19.31:265][  0]LogConfig: Setting CVar [[s.TimeLimitExceededMinTime:0.005]]
[2018.12.18-15.19.31:265][  0]LogConfig: Setting CVar [[s.UseBackgroundLevelStreaming:1]]
[2018.12.18-15.19.31:265][  0]LogConfig: Setting CVar [[s.PriorityAsyncLoadingExtraTime:15.0]]
[2018.12.18-15.19.31:265][  0]LogConfig: Setting CVar [[s.LevelStreamingActorsUpdateTimeLimit:5.0]]
[2018.12.18-15.19.31:265][  0]LogConfig: Setting CVar [[s.PriorityLevelStreamingActorsUpdateExtraTime:5.0]]
[2018.12.18-15.19.31:265][  0]LogConfig: Setting CVar [[s.LevelStreamingComponentsRegistrationGranularity:10]]
[2018.12.18-15.19.31:265][  0]LogConfig: Setting CVar [[s.UnregisterComponentsTimeLimit:1.0]]
[2018.12.18-15.19.31:265][  0]LogConfig: Setting CVar [[s.LevelStreamingComponentsUnregistrationGranularity:5]]
[2018.12.18-15.19.31:265][  0]LogConfig: Applying CVar settings from Section [/Script/Engine.GarbageCollectionSettings] File [D:/UnrealEngine/Games/StealthGame/UnrealStealthGame/StealthGame/Saved/Config/Windows/Engine.ini]
[2018.12.18-15.19.31:265][  0]LogConfig: Setting CVar [[gc.MaxObjectsNotConsideredByGC:1]]
[2018.12.18-15.19.31:265][  0]LogConfig: Setting CVar [[gc.SizeOfPermanentObjectPool:0]]
[2018.12.18-15.19.31:266][  0]LogConfig: Setting CVar [[gc.FlushStreamingOnGC:0]]
[2018.12.18-15.19.31:266][  0]LogConfig: Setting CVar [[gc.NumRetriesBeforeForcingGC:10]]
[2018.12.18-15.19.31:266][  0]LogConfig: Setting CVar [[gc.AllowParallelGC:1]]
[2018.12.18-15.19.31:266][  0]LogConfig: Setting CVar [[gc.TimeBetweenPurgingPendingKillObjects:61.1]]
[2018.12.18-15.19.31:266][  0]LogConfig: Setting CVar [[gc.MaxObjectsInEditor:8388607]]
[2018.12.18-15.19.31:266][  0]LogConfig: Setting CVar [[gc.IncrementalBeginDestroyEnabled:1]]
[2018.12.18-15.19.31:266][  0]LogConfig: Setting CVar [[gc.CreateGCClusters:1]]
[2018.12.18-15.19.31:266][  0]LogConfig: Setting CVar [[gc.MergeGCClusters:0]]
[2018.12.18-15.19.31:266][  0]LogConfig: Setting CVar [[gc.MinGCClusterSize:5]]
[2018.12.18-15.19.31:266][  0]LogConfig: Setting CVar [[gc.ActorClusteringEnabled:0]]
[2018.12.18-15.19.31:266][  0]LogConfig: Setting CVar [[gc.BlueprintClusteringEnabled:0]]
[2018.12.18-15.19.31:266][  0]LogConfig: Setting CVar [[gc.UseDisregardForGCOnDedicatedServers:0]]
[2018.12.18-15.19.31:266][  0]LogConfig: Applying CVar settings from Section [/Script/Engine.NetworkSettings] File [D:/UnrealEngine/Games/StealthGame/UnrealStealthGame/StealthGame/Saved/Config/Windows/Engine.ini]
[2018.12.18-15.19.31:267][  0]LogConfig: Applying CVar settings from Section [/Script/UnrealEd.CookerSettings] File [D:/UnrealEngine/Games/StealthGame/UnrealStealthGame/StealthGame/Saved/Config/Windows/Engine.ini]
[2018.12.18-15.19.31:283][  0]LogConfig: Applying CVar settings from Section [ViewDistanceQuality@3] File [D:/UnrealEngine/Games/StealthGame/UnrealStealthGame/StealthGame/Saved/Config/Windows/Scalability.ini]
[2018.12.18-15.19.31:283][  0]LogConfig: Setting CVar [[r.SkeletalMeshLODBias:0]]
[2018.12.18-15.19.31:283][  0]LogConfig: Setting CVar [[r.ViewDistanceScale:1.0]]
[2018.12.18-15.19.31:283][  0]LogConfig: Applying CVar settings from Section [AntiAliasingQuality@3] File [D:/UnrealEngine/Games/StealthGame/UnrealStealthGame/StealthGame/Saved/Config/Windows/Scalability.ini]
[2018.12.18-15.19.31:283][  0]LogConfig: Setting CVar [[r.PostProcessAAQuality:4]]
[2018.12.18-15.19.31:283][  0]LogConfig: Applying CVar settings from Section [ShadowQuality@3] File [D:/UnrealEngine/Games/StealthGame/UnrealStealthGame/StealthGame/Saved/Config/Windows/Scalability.ini]
[2018.12.18-15.19.31:283][  0]LogConfig: Setting CVar [[r.LightFunctionQuality:1]]
[2018.12.18-15.19.31:284][  0]LogConfig: Setting CVar [[r.ShadowQuality:5]]
[2018.12.18-15.19.31:284][  0]LogConfig: Setting CVar [[r.Shadow.CSM.MaxCascades:10]]
[2018.12.18-15.19.31:284][  0]LogConfig: Setting CVar [[r.Shadow.MaxResolution:2048]]
[2018.12.18-15.19.31:284][  0]LogConfig: Setting CVar [[r.Shadow.MaxCSMResolution:2048]]
[2018.12.18-15.19.31:284][  0]LogConfig: Setting CVar [[r.Shadow.RadiusThreshold:0.01]]
[2018.12.18-15.19.31:284][  0]LogConfig: Setting CVar [[r.Shadow.DistanceScale:1.0]]
[2018.12.18-15.19.31:284][  0]LogConfig: Setting CVar [[r.Shadow.CSM.TransitionScale:1.0]]
[2018.12.18-15.19.31:284][  0]LogConfig: Setting CVar [[r.Shadow.PreShadowResolutionFactor:1.0]]
[2018.12.18-15.19.31:284][  0]LogConfig: Setting CVar [[r.DistanceFieldShadowing:1]]
[2018.12.18-15.19.31:284][  0]LogConfig: Setting CVar [[r.DistanceFieldAO:1]]
[2018.12.18-15.19.31:284][  0]LogConfig: Setting CVar [[r.AOQuality:2]]
[2018.12.18-15.19.31:284][  0]LogConfig: Setting CVar [[r.VolumetricFog:1]]
[2018.12.18-15.19.31:284][  0]LogConfig: Setting CVar [[r.VolumetricFog.GridPixelSize:8]]
[2018.12.18-15.19.31:284][  0]LogConfig: Setting CVar [[r.VolumetricFog.GridSizeZ:128]]
[2018.12.18-15.19.31:284][  0]LogConfig: Setting CVar [[r.VolumetricFog.HistoryMissSupersampleCount:4]]
[2018.12.18-15.19.31:285][  0]LogConfig: Setting CVar [[r.LightMaxDrawDistanceScale:1]]
[2018.12.18-15.19.31:285][  0]LogConfig: Setting CVar [[r.CapsuleShadows:1]]
[2018.12.18-15.19.31:285][  0]LogConfig: Applying CVar settings from Section [PostProcessQuality@3] File [D:/UnrealEngine/Games/StealthGame/UnrealStealthGame/StealthGame/Saved/Config/Windows/Scalability.ini]
[2018.12.18-15.19.31:285][  0]LogConfig: Setting CVar [[r.MotionBlurQuality:4]]
[2018.12.18-15.19.31:285][  0]LogConfig: Setting CVar [[r.AmbientOcclusionMipLevelFactor:0.4]]
[2018.12.18-15.19.31:285][  0]LogConfig: Setting CVar [[r.AmbientOcclusionMaxQuality:100]]
[2018.12.18-15.19.31:285][  0]LogConfig: Setting CVar [[r.AmbientOcclusionLevels:-1]]
[2018.12.18-15.19.31:285][  0]LogConfig: Setting CVar [[r.AmbientOcclusionRadiusScale:1.0]]
[2018.12.18-15.19.31:285][  0]LogConfig: Setting CVar [[r.DepthOfFieldQuality:2]]
[2018.12.18-15.19.31:285][  0]LogConfig: Setting CVar [[r.RenderTargetPoolMin:400]]
[2018.12.18-15.19.31:285][  0]LogConfig: Setting CVar [[r.LensFlareQuality:2]]
[2018.12.18-15.19.31:285][  0]LogConfig: Setting CVar [[r.SceneColorFringeQuality:1]]
[2018.12.18-15.19.31:285][  0]LogConfig: Setting CVar [[r.EyeAdaptationQuality:2]]
[2018.12.18-15.19.31:285][  0]LogConfig: Setting CVar [[r.BloomQuality:5]]
[2018.12.18-15.19.31:286][  0]LogConfig: Setting CVar [[r.FastBlurThreshold:100]]
[2018.12.18-15.19.31:286][  0]LogConfig: Setting CVar [[r.Upscale.Quality:3]]
[2018.12.18-15.19.31:286][  0]LogConfig: Setting CVar [[r.Tonemapper.GrainQuantization:1]]
[2018.12.18-15.19.31:286][  0]LogConfig: Setting CVar [[r.LightShaftQuality:1]]
[2018.12.18-15.19.31:286][  0]LogConfig: Setting CVar [[r.Filter.SizeScale:1]]
[2018.12.18-15.19.31:286][  0]LogConfig: Setting CVar [[r.Tonemapper.Quality:5]]
[2018.12.18-15.19.31:286][  0]LogConfig: Setting CVar [[r.DOF.Gather.AccumulatorQuality:1        ; higher gathering accumulator quality]]
[2018.12.18-15.19.31:286][  0]LogConfig: Setting CVar [[r.DOF.Gather.PostfilterMethod:1          ; Median3x3 postfilering method]]
[2018.12.18-15.19.31:286][  0]LogConfig: Setting CVar [[r.DOF.Gather.EnableBokehSettings:0       ; no bokeh simulation when gathering]]
[2018.12.18-15.19.31:286][  0]LogConfig: Setting CVar [[r.DOF.Gather.RingCount:4                 ; medium number of samples when gathering]]
[2018.12.18-15.19.31:286][  0]LogConfig: Setting CVar [[r.DOF.Scatter.ForegroundCompositing:1    ; additive foreground scattering]]
[2018.12.18-15.19.31:286][  0]LogConfig: Setting CVar [[r.DOF.Scatter.BackgroundCompositing:2    ; additive background scattering]]
[2018.12.18-15.19.31:286][  0]LogConfig: Setting CVar [[r.DOF.Scatter.EnableBokehSettings:1      ; bokeh simulation when scattering]]
[2018.12.18-15.19.31:286][  0]LogConfig: Setting CVar [[r.DOF.Scatter.MaxSpriteRatio:0.1         ; only a maximum of 10% of scattered bokeh]]
[2018.12.18-15.19.31:287][  0]LogConfig: Setting CVar [[r.DOF.Recombine.Quality:1                ; cheap slight out of focus]]
[2018.12.18-15.19.31:287][  0]LogConfig: Setting CVar [[r.DOF.Recombine.EnableBokehSettings:0    ; no bokeh simulation on slight out of focus]]
[2018.12.18-15.19.31:287][  0]LogConfig: Setting CVar [[r.DOF.TemporalAAQuality:1                ; more stable temporal accumulation]]
[2018.12.18-15.19.31:287][  0]LogConfig: Setting CVar [[r.DOF.Kernel.MaxForegroundRadius:0.025]]
[2018.12.18-15.19.31:287][  0]LogConfig: Setting CVar [[r.DOF.Kernel.MaxBackgroundRadius:0.025]]
[2018.12.18-15.19.31:287][  0]LogConfig: Applying CVar settings from Section [TextureQuality@3] File [D:/UnrealEngine/Games/StealthGame/UnrealStealthGame/StealthGame/Saved/Config/Windows/Scalability.ini]
[2018.12.18-15.19.31:287][  0]LogConfig: Setting CVar [[r.Streaming.MipBias:0]]
[2018.12.18-15.19.31:287][  0]LogConfig: Setting CVar [[r.Streaming.AmortizeCPUToGPUCopy:0]]
[2018.12.18-15.19.31:287][  0]LogConfig: Setting CVar [[r.Streaming.MaxNumTexturesToStreamPerFrame:0]]
[2018.12.18-15.19.31:287][  0]LogConfig: Setting CVar [[r.Streaming.Boost:1]]
[2018.12.18-15.19.31:287][  0]LogConfig: Setting CVar [[r.MaxAnisotropy:8]]
[2018.12.18-15.19.31:287][  0]LogConfig: Setting CVar [[r.Streaming.LimitPoolSizeToVRAM:0]]
[2018.12.18-15.19.31:287][  0]LogConfig: Setting CVar [[r.Streaming.PoolSize:1000]]
[2018.12.18-15.19.31:287][  0]LogConfig: Setting CVar [[r.Streaming.MaxEffectiveScreenSize:0]]
[2018.12.18-15.19.31:288][  0]LogConfig: Applying CVar settings from Section [EffectsQuality@3] File [D:/UnrealEngine/Games/StealthGame/UnrealStealthGame/StealthGame/Saved/Config/Windows/Scalability.ini]
[2018.12.18-15.19.31:288][  0]LogConfig: Setting CVar [[r.TranslucencyLightingVolumeDim:64]]
[2018.12.18-15.19.31:288][  0]LogConfig: Setting CVar [[r.RefractionQuality:2]]
[2018.12.18-15.19.31:288][  0]LogConfig: Setting CVar [[r.SSR.Quality:3]]
[2018.12.18-15.19.31:288][  0]LogConfig: Setting CVar [[r.SceneColorFormat:4]]
[2018.12.18-15.19.31:288][  0]LogConfig: Setting CVar [[r.DetailMode:2]]
[2018.12.18-15.19.31:288][  0]LogConfig: Setting CVar [[r.TranslucencyVolumeBlur:1]]
[2018.12.18-15.19.31:288][  0]LogConfig: Setting CVar [[r.MaterialQualityLevel:1 ; High quality]]
[2018.12.18-15.19.31:288][  0]LogConfig: Setting CVar [[r.SSS.Scale:1]]
[2018.12.18-15.19.31:288][  0]LogConfig: Setting CVar [[r.SSS.SampleSet:2]]
[2018.12.18-15.19.31:288][  0]LogConfig: Setting CVar [[r.SSS.Quality:1]]
[2018.12.18-15.19.31:288][  0]LogConfig: Setting CVar [[r.SSS.HalfRes:1]]
[2018.12.18-15.19.31:288][  0]LogConfig: Setting CVar [[r.EmitterSpawnRateScale:1.0]]
[2018.12.18-15.19.31:288][  0]LogConfig: Setting CVar [[r.ParticleLightQuality:2]]
[2018.12.18-15.19.31:288][  0]LogConfig: Applying CVar settings from Section [FoliageQuality@3] File [D:/UnrealEngine/Games/StealthGame/UnrealStealthGame/StealthGame/Saved/Config/Windows/Scalability.ini]
[2018.12.18-15.19.31:289][  0]LogConfig: Setting CVar [[foliage.DensityScale:1.0]]
[2018.12.18-15.19.31:289][  0]LogConfig: Setting CVar [[grass.DensityScale:1.0]]
[2018.12.18-15.19.31:289][  0]LogInit: Selected Device Profile: [Windows]
[2018.12.18-15.19.31:289][  0]LogInit: Applying CVar settings loaded from the selected device profile: [Windows]
[2018.12.18-15.19.31:296][  0]LogHAL: Display: Platform has ~ 16 GB [17112002560 / 17179869184 / 16], which maps to Larger [LargestMinGB=32, LargerMinGB=12, DefaultMinGB=8, SmallerMinGB=6, SmallestMinGB=0)
[2018.12.18-15.19.31:296][  0]LogConfig: Setting CVar [[r.Vulkan.UseRealUBs:1]]
[2018.12.18-15.19.31:296][  0]LogInit: Going up to parent DeviceProfile []
[2018.12.18-15.19.31:296][  0]LogConfig: Applying CVar settings from Section [ViewDistanceQuality@3] File [D:/UnrealEngine/Games/StealthGame/UnrealStealthGame/StealthGame/Saved/Config/Windows/Scalability.ini]
[2018.12.18-15.19.31:296][  0]LogConfig: Setting CVar [[r.SkeletalMeshLODBias:0]]
[2018.12.18-15.19.31:296][  0]LogConfig: Setting CVar [[r.ViewDistanceScale:1.0]]
[2018.12.18-15.19.31:297][  0]LogConfig: Applying CVar settings from Section [AntiAliasingQuality@3] File [D:/UnrealEngine/Games/StealthGame/UnrealStealthGame/StealthGame/Saved/Config/Windows/Scalability.ini]
[2018.12.18-15.19.31:297][  0]LogConfig: Setting CVar [[r.PostProcessAAQuality:4]]
[2018.12.18-15.19.31:297][  0]LogConfig: Applying CVar settings from Section [ShadowQuality@3] File [D:/UnrealEngine/Games/StealthGame/UnrealStealthGame/StealthGame/Saved/Config/Windows/Scalability.ini]
[2018.12.18-15.19.31:297][  0]LogConfig: Setting CVar [[r.LightFunctionQuality:1]]
[2018.12.18-15.19.31:297][  0]LogConfig: Setting CVar [[r.ShadowQuality:5]]
[2018.12.18-15.19.31:297][  0]LogConfig: Setting CVar [[r.Shadow.CSM.MaxCascades:10]]
[2018.12.18-15.19.31:297][  0]LogConfig: Setting CVar [[r.Shadow.MaxResolution:2048]]
[2018.12.18-15.19.31:297][  0]LogConfig: Setting CVar [[r.Shadow.MaxCSMResolution:2048]]
[2018.12.18-15.19.31:297][  0]LogConfig: Setting CVar [[r.Shadow.RadiusThreshold:0.01]]
[2018.12.18-15.19.31:297][  0]LogConfig: Setting CVar [[r.Shadow.DistanceScale:1.0]]
[2018.12.18-15.19.31:297][  0]LogConfig: Setting CVar [[r.Shadow.CSM.TransitionScale:1.0]]
[2018.12.18-15.19.31:297][  0]LogConfig: Setting CVar [[r.Shadow.PreShadowResolutionFactor:1.0]]
[2018.12.18-15.19.31:297][  0]LogConfig: Setting CVar [[r.DistanceFieldShadowing:1]]
[2018.12.18-15.19.31:297][  0]LogConfig: Setting CVar [[r.DistanceFieldAO:1]]
[2018.12.18-15.19.31:298][  0]LogConfig: Setting CVar [[r.AOQuality:2]]
[2018.12.18-15.19.31:298][  0]LogConfig: Setting CVar [[r.VolumetricFog:1]]
[2018.12.18-15.19.31:298][  0]LogConfig: Setting CVar [[r.VolumetricFog.GridPixelSize:8]]
[2018.12.18-15.19.31:298][  0]LogConfig: Setting CVar [[r.VolumetricFog.GridSizeZ:128]]
[2018.12.18-15.19.31:298][  0]LogConfig: Setting CVar [[r.VolumetricFog.HistoryMissSupersampleCount:4]]
[2018.12.18-15.19.31:298][  0]LogConfig: Setting CVar [[r.LightMaxDrawDistanceScale:1]]
[2018.12.18-15.19.31:298][  0]LogConfig: Setting CVar [[r.CapsuleShadows:1]]
[2018.12.18-15.19.31:298][  0]LogConfig: Applying CVar settings from Section [PostProcessQuality@3] File [D:/UnrealEngine/Games/StealthGame/UnrealStealthGame/StealthGame/Saved/Config/Windows/Scalability.ini]
[2018.12.18-15.19.31:298][  0]LogConfig: Setting CVar [[r.MotionBlurQuality:4]]
[2018.12.18-15.19.31:298][  0]LogConfig: Setting CVar [[r.AmbientOcclusionMipLevelFactor:0.4]]
[2018.12.18-15.19.31:298][  0]LogConfig: Setting CVar [[r.AmbientOcclusionMaxQuality:100]]
[2018.12.18-15.19.31:298][  0]LogConfig: Setting CVar [[r.AmbientOcclusionLevels:-1]]
[2018.12.18-15.19.31:299][  0]LogConfig: Setting CVar [[r.AmbientOcclusionRadiusScale:1.0]]
[2018.12.18-15.19.31:299][  0]LogConfig: Setting CVar [[r.DepthOfFieldQuality:2]]
[2018.12.18-15.19.31:299][  0]LogConfig: Setting CVar [[r.RenderTargetPoolMin:400]]
[2018.12.18-15.19.31:299][  0]LogConfig: Setting CVar [[r.LensFlareQuality:2]]
[2018.12.18-15.19.31:299][  0]LogConfig: Setting CVar [[r.SceneColorFringeQuality:1]]
[2018.12.18-15.19.31:299][  0]LogConfig: Setting CVar [[r.EyeAdaptationQuality:2]]
[2018.12.18-15.19.31:299][  0]LogConfig: Setting CVar [[r.BloomQuality:5]]
[2018.12.18-15.19.31:299][  0]LogConfig: Setting CVar [[r.FastBlurThreshold:100]]
[2018.12.18-15.19.31:299][  0]LogConfig: Setting CVar [[r.Upscale.Quality:3]]
[2018.12.18-15.19.31:299][  0]LogConfig: Setting CVar [[r.Tonemapper.GrainQuantization:1]]
[2018.12.18-15.19.31:299][  0]LogConfig: Setting CVar [[r.LightShaftQuality:1]]
[2018.12.18-15.19.31:299][  0]LogConfig: Setting CVar [[r.Filter.SizeScale:1]]
[2018.12.18-15.19.31:299][  0]LogConfig: Setting CVar [[r.Tonemapper.Quality:5]]
[2018.12.18-15.19.31:300][  0]LogConfig: Setting CVar [[r.DOF.Gather.AccumulatorQuality:1        ; higher gathering accumulator quality]]
[2018.12.18-15.19.31:300][  0]LogConfig: Setting CVar [[r.DOF.Gather.PostfilterMethod:1          ; Median3x3 postfilering method]]
[2018.12.18-15.19.31:300][  0]LogConfig: Setting CVar [[r.DOF.Gather.EnableBokehSettings:0       ; no bokeh simulation when gathering]]
[2018.12.18-15.19.31:300][  0]LogConfig: Setting CVar [[r.DOF.Gather.RingCount:4                 ; medium number of samples when gathering]]
[2018.12.18-15.19.31:300][  0]LogConfig: Setting CVar [[r.DOF.Scatter.ForegroundCompositing:1    ; additive foreground scattering]]
[2018.12.18-15.19.31:300][  0]LogConfig: Setting CVar [[r.DOF.Scatter.BackgroundCompositing:2    ; additive background scattering]]
[2018.12.18-15.19.31:300][  0]LogConfig: Setting CVar [[r.DOF.Scatter.EnableBokehSettings:1      ; bokeh simulation when scattering]]
[2018.12.18-15.19.31:300][  0]LogConfig: Setting CVar [[r.DOF.Scatter.MaxSpriteRatio:0.1         ; only a maximum of 10% of scattered bokeh]]
[2018.12.18-15.19.31:300][  0]LogConfig: Setting CVar [[r.DOF.Recombine.Quality:1                ; cheap slight out of focus]]
[2018.12.18-15.19.31:300][  0]LogConfig: Setting CVar [[r.DOF.Recombine.EnableBokehSettings:0    ; no bokeh simulation on slight out of focus]]
[2018.12.18-15.19.31:300][  0]LogConfig: Setting CVar [[r.DOF.TemporalAAQuality:1                ; more stable temporal accumulation]]
[2018.12.18-15.19.31:300][  0]LogConfig: Setting CVar [[r.DOF.Kernel.MaxForegroundRadius:0.025]]
[2018.12.18-15.19.31:300][  0]LogConfig: Setting CVar [[r.DOF.Kernel.MaxBackgroundRadius:0.025]]
[2018.12.18-15.19.31:300][  0]LogConfig: Applying CVar settings from Section [TextureQuality@3] File [D:/UnrealEngine/Games/StealthGame/UnrealStealthGame/StealthGame/Saved/Config/Windows/Scalability.ini]
[2018.12.18-15.19.31:301][  0]LogConfig: Setting CVar [[r.Streaming.MipBias:0]]
[2018.12.18-15.19.31:301][  0]LogConfig: Setting CVar [[r.Streaming.AmortizeCPUToGPUCopy:0]]
[2018.12.18-15.19.31:301][  0]LogConfig: Setting CVar [[r.Streaming.MaxNumTexturesToStreamPerFrame:0]]
[2018.12.18-15.19.31:301][  0]LogConfig: Setting CVar [[r.Streaming.Boost:1]]
[2018.12.18-15.19.31:301][  0]LogConfig: Setting CVar [[r.MaxAnisotropy:8]]
[2018.12.18-15.19.31:301][  0]LogConfig: Setting CVar [[r.Streaming.LimitPoolSizeToVRAM:0]]
[2018.12.18-15.19.31:301][  0]LogConfig: Setting CVar [[r.Streaming.PoolSize:1000]]
[2018.12.18-15.19.31:301][  0]LogConfig: Setting CVar [[r.Streaming.MaxEffectiveScreenSize:0]]
[2018.12.18-15.19.31:301][  0]LogConfig: Applying CVar settings from Section [EffectsQuality@3] File [D:/UnrealEngine/Games/StealthGame/UnrealStealthGame/StealthGame/Saved/Config/Windows/Scalability.ini]
[2018.12.18-15.19.31:301][  0]LogConfig: Setting CVar [[r.TranslucencyLightingVolumeDim:64]]
[2018.12.18-15.19.31:301][  0]LogConfig: Setting CVar [[r.RefractionQuality:2]]
[2018.12.18-15.19.31:301][  0]LogConfig: Setting CVar [[r.SSR.Quality:3]]
[2018.12.18-15.19.31:302][  0]LogConfig: Setting CVar [[r.SceneColorFormat:4]]
[2018.12.18-15.19.31:302][  0]LogConfig: Setting CVar [[r.DetailMode:2]]
[2018.12.18-15.19.31:302][  0]LogConfig: Setting CVar [[r.TranslucencyVolumeBlur:1]]
[2018.12.18-15.19.31:302][  0]LogConfig: Setting CVar [[r.MaterialQualityLevel:1 ; High quality]]
[2018.12.18-15.19.31:302][  0]LogConfig: Setting CVar [[r.SSS.Scale:1]]
[2018.12.18-15.19.31:302][  0]LogConfig: Setting CVar [[r.SSS.SampleSet:2]]
[2018.12.18-15.19.31:302][  0]LogConfig: Setting CVar [[r.SSS.Quality:1]]
[2018.12.18-15.19.31:302][  0]LogConfig: Setting CVar [[r.SSS.HalfRes:1]]
[2018.12.18-15.19.31:302][  0]LogConfig: Setting CVar [[r.EmitterSpawnRateScale:1.0]]
[2018.12.18-15.19.31:302][  0]LogConfig: Setting CVar [[r.ParticleLightQuality:2]]
[2018.12.18-15.19.31:302][  0]LogConfig: Applying CVar settings from Section [FoliageQuality@3] File [D:/UnrealEngine/Games/StealthGame/UnrealStealthGame/StealthGame/Saved/Config/Windows/Scalability.ini]
[2018.12.18-15.19.31:302][  0]LogConfig: Setting CVar [[foliage.DensityScale:1.0]]
[2018.12.18-15.19.31:302][  0]LogConfig: Setting CVar [[grass.DensityScale:1.0]]
[2018.12.18-15.19.31:303][  0]LogConfig: Applying CVar settings from Section [Startup] File [../../../Engine/Config/ConsoleVariables.ini]
[2018.12.18-15.19.31:303][  0]LogConfig: Setting CVar [[net.UseAdaptiveNetUpdateFrequency:0]]
[2018.12.18-15.19.31:303][  0]LogConfig: Applying CVar settings from Section [ConsoleVariables] File [D:/UnrealEngine/Games/StealthGame/UnrealStealthGame/StealthGame/Saved/Config/Windows/Engine.ini]
[2018.12.18-15.19.31:303][  0]LogInit: Computer: GG00001
[2018.12.18-15.19.31:303][  0]LogInit: User: oibikunle
[2018.12.18-15.19.31:303][  0]LogInit: CPU Page size=4096, Cores=6
[2018.12.18-15.19.31:303][  0]LogInit: High frequency timer resolution =10.000000 MHz
[2018.12.18-15.19.31:304][  0]LogMemory: Memory total: Physical=15.9GB (16GB approx)
[2018.12.18-15.19.31:304][  0]LogMemory: Platform Memory Stats for Windows
[2018.12.18-15.19.31:304][  0]LogMemory: Process Physical Memory: 103.74 MB used, 103.74 MB peak
[2018.12.18-15.19.31:304][  0]LogMemory: Process Virtual Memory: 86.36 MB used, 86.36 MB peak
[2018.12.18-15.19.31:304][  0]LogMemory: Physical Memory: 10123.59 MB used,  6195.68 MB free, 16319.28 MB total
[2018.12.18-15.19.31:304][  0]LogMemory: Virtual Memory: 4660.11 MB used,  134213064.00 MB free, 134217728.00 MB total
[2018.12.18-15.19.31:411][  0]LogInit: Using OS detected language (en-GB).
[2018.12.18-15.19.31:411][  0]LogInit: Using OS detected locale (en-GB).
[2018.12.18-15.19.31:412][  0]LogTextLocalizationManager: No specific localization for 'en-GB' exists, so the 'en' localization will be used.
[2018.12.18-15.19.31:704][  0]LogStreaming: Display: Took  0.293s to InitEngineTextLocalization.
[2018.12.18-15.19.31:704][  0]LogInit: Setting process to per monitor DPI aware
[2018.12.18-15.19.31:766][  0]LogSlate: New Slate User Created.  User Index 0, Is Virtual User: 0
[2018.12.18-15.19.31:766][  0]LogSlate: Slate User Registered.  User Index 0, Is Virtual User: 0
[2018.12.18-15.19.32:155][  0]LogHMD: Failed to initialize OpenVR with code 110
[2018.12.18-15.19.32:155][  0]LogD3D11RHI: D3D11 adapters:
[2018.12.18-15.19.32:217][  0]LogD3D11RHI:    0. 'NVIDIA GeForce GTX 1050 Ti' (Feature Level 11_0)
[2018.12.18-15.19.32:217][  0]LogD3D11RHI:       4018/0/8159 MB DedicatedVideo/DedicatedSystem/SharedSystem, Outputs:3, VendorId:0x10de
[2018.12.18-15.19.32:221][  0]LogD3D11RHI:    1. 'Microsoft Basic Render Driver' (Feature Level 11_0)
[2018.12.18-15.19.32:222][  0]LogD3D11RHI:       0/0/8159 MB DedicatedVideo/DedicatedSystem/SharedSystem, Outputs:0, VendorId:0x1414
[2018.12.18-15.19.32:222][  0]LogD3D11RHI: Chosen D3D11 Adapter: 0
[2018.12.18-15.19.32:232][  0]LogD3D11RHI: Creating new Direct3DDevice
[2018.12.18-15.19.32:232][  0]LogD3D11RHI:     GPU DeviceId: 0x1c82 (for the marketing name, search the web for "GPU Device Id")
[2018.12.18-15.19.32:232][  0]LogWindows: EnumDisplayDevices:
[2018.12.18-15.19.32:232][  0]LogWindows:    0. 'NVIDIA GeForce GTX 1050 Ti' (P:0 D:1)
[2018.12.18-15.19.32:232][  0]LogWindows:    1. 'NVIDIA GeForce GTX 1050 Ti' (P:0 D:1)
[2018.12.18-15.19.32:233][  0]LogWindows:    2. 'NVIDIA GeForce GTX 1050 Ti' (P:1 D:1)
[2018.12.18-15.19.32:233][  0]LogWindows:    3. 'NVIDIA GeForce GTX 1050 Ti' (P:0 D:0)
[2018.12.18-15.19.32:233][  0]LogWindows: DebugString: FoundDriverCount:4 
[2018.12.18-15.19.32:233][  0]LogD3D11RHI:     Adapter Name: NVIDIA GeForce GTX 1050 Ti
[2018.12.18-15.19.32:233][  0]LogD3D11RHI:   Driver Version: 417.22 (internal:25.21.14.1722, unified:417.22)
[2018.12.18-15.19.32:233][  0]LogD3D11RHI:      Driver Date: 11-29-2018
[2018.12.18-15.19.32:233][  0]LogRHI: Texture pool is 2812 MB (70% of 4018 MB)
[2018.12.18-15.19.32:271][  0]LogD3D11RHI: Async texture creation enabled
[2018.12.18-15.19.32:288][  0]LogD3D11RHI: GPU Timing Frequency: 1000.000000 (Debug: 2 2)
[2018.12.18-15.19.32:556][  0]LogTemp: Display: Loaded TP AllDesktopTargetPlatform
[2018.12.18-15.19.32:567][  0]LogTemp: Display: Loaded TP MacClientTargetPlatform
[2018.12.18-15.19.32:578][  0]LogTemp: Display: Loaded TP MacNoEditorTargetPlatform
[2018.12.18-15.19.32:589][  0]LogTemp: Display: Loaded TP MacServerTargetPlatform
[2018.12.18-15.19.32:601][  0]LogTemp: Display: Loaded TP MacTargetPlatform
[2018.12.18-15.19.32:612][  0]LogTemp: Display: Loaded TP WindowsClientTargetPlatform
[2018.12.18-15.19.32:623][  0]LogTemp: Display: Loaded TP WindowsNoEditorTargetPlatform
[2018.12.18-15.19.32:634][  0]LogTemp: Display: Loaded TP WindowsServerTargetPlatform
[2018.12.18-15.19.32:640][  0]LogTemp: Display: Loaded TP WindowsTargetPlatform
[2018.12.18-15.19.32:708][  0]LogTemp: Display: Loaded TP AndroidTargetPlatform
[2018.12.18-15.19.32:708][  0]LogTemp: Display: Loaded TP AndroidTargetPlatform
[2018.12.18-15.19.32:708][  0]LogTemp: Display: Loaded TP AndroidTargetPlatform
[2018.12.18-15.19.32:708][  0]LogTemp: Display: Loaded TP AndroidTargetPlatform
[2018.12.18-15.19.32:708][  0]LogTemp: Display: Loaded TP AndroidTargetPlatform
[2018.12.18-15.19.32:708][  0]LogTemp: Display: Loaded TP AndroidTargetPlatform
[2018.12.18-15.19.32:708][  0]LogTemp: Display: Loaded TP AndroidTargetPlatform
[2018.12.18-15.19.32:708][  0]LogTemp: Display: Loaded TP AndroidTargetPlatform
[2018.12.18-15.19.32:708][  0]LogTemp: Display: Loaded TP AndroidTargetPlatform
[2018.12.18-15.19.32:709][  0]LogTemp: Display: Loaded TP AndroidTargetPlatform
[2018.12.18-15.19.32:709][  0]LogTemp: Display: Loaded TP AndroidTargetPlatform
[2018.12.18-15.19.32:709][  0]LogTemp: Display: Loaded TP AndroidTargetPlatform
[2018.12.18-15.19.32:709][  0]LogTemp: Display: Loaded TP AndroidTargetPlatform
[2018.12.18-15.19.32:709][  0]LogTemp: Display: Loaded TP AndroidTargetPlatform
[2018.12.18-15.19.32:709][  0]LogTemp: Display: Loaded TP AndroidTargetPlatform
[2018.12.18-15.19.32:709][  0]LogTemp: Display: Loaded TP AndroidTargetPlatform
[2018.12.18-15.19.32:709][  0]LogTemp: Display: Loaded TP AndroidTargetPlatform
[2018.12.18-15.19.32:709][  0]LogTemp: Display: Loaded TP AndroidTargetPlatform
[2018.12.18-15.19.32:712][  0]LogTemp: Display: Loaded TP HTML5TargetPlatform
[2018.12.18-15.19.32:775][  0]LogTemp: Display: Loaded TP IOSTargetPlatform
[2018.12.18-15.19.32:775][  0]LogTemp: Display: Loaded TP IOSTargetPlatform
[2018.12.18-15.19.32:796][  0]LogTemp: Display: Loaded TP TVOSTargetPlatform
[2018.12.18-15.19.32:796][  0]LogTemp: Display: Loaded TP TVOSTargetPlatform
[2018.12.18-15.19.32:807][  0]LogTemp: Display: Loaded TP LinuxClientTargetPlatform
[2018.12.18-15.19.32:820][  0]LogTemp: Display: Loaded TP LinuxNoEditorTargetPlatform
[2018.12.18-15.19.32:837][  0]LogTemp: Display: Loaded TP LinuxServerTargetPlatform
[2018.12.18-15.19.32:849][  0]LogTemp: Display: Loaded TP LinuxTargetPlatform
[2018.12.18-15.19.32:883][  0]LogTemp: Display: Loaded TP LuminTargetPlatform
[2018.12.18-15.19.32:884][  0]LogTemp: Display: Loaded TP LuminTargetPlatform
[2018.12.18-15.19.32:884][  0]LogTargetPlatformManager: Display: Building Assets For Windows
[2018.12.18-15.19.32:986][  0]LogShaderCompilers: Guid format shader working directory is -13 characters bigger than the processId version (../../../../../Games/StealthGame/UnrealStealthGame/StealthGame/Intermediate/Shaders/WorkingDirectory/49872/).
[2018.12.18-15.19.32:986][  0]LogShaderCompilers: Cleaned the shader compiler working directory 'C:/Users/oibikunle/AppData/Local/Temp/UnrealShaderWorkingDir/8F5465414B9E72453532AFBF9335814C/'.
[2018.12.18-15.19.32:987][  0]LogXGEController: Cleaning working directory: C:/Users/oibikunle/AppData/Local/Temp/UnrealXGEWorkingDir/
[2018.12.18-15.19.32:987][  0]LogXGEController: Cannot use XGE Controller as Incredibuild is not installed on this machine.
[2018.12.18-15.19.32:987][  0]LogShaderCompilers: Cannot use XGE Shader Compiler as Incredibuild is not installed on this machine.
[2018.12.18-15.19.32:987][  0]LogShaderCompilers: Display: Using Local Shader Compiler.
[2018.12.18-15.19.33:445][  0]LogDerivedDataCache: Display: Max Cache Size: 512 MB
[2018.12.18-15.19.33:487][  0]LogDerivedDataCache: Loaded boot cache 0.04s 73MB C:/Users/oibikunle/AppData/Local/UnrealEngine/4.21/DerivedDataCache/Boot.ddc.
[2018.12.18-15.19.33:487][  0]LogDerivedDataCache: Display: Loaded Boot cache: C:/Users/oibikunle/AppData/Local/UnrealEngine/4.21/DerivedDataCache/Boot.ddc
[2018.12.18-15.19.33:487][  0]LogDerivedDataCache: FDerivedDataBackendGraph:  Pak pak cache file ../../../../../Games/StealthGame/UnrealStealthGame/StealthGame/DerivedDataCache/DDC.ddp not found, will not use a pak cache.
[2018.12.18-15.19.33:487][  0]LogDerivedDataCache: Unable to find inner node Pak for hierarchical cache Hierarchy.
[2018.12.18-15.19.33:487][  0]LogDerivedDataCache: FDerivedDataBackendGraph:  CompressedPak pak cache file ../../../../../Games/StealthGame/UnrealStealthGame/StealthGame/DerivedDataCache/Compressed.ddp not found, will not use a pak cache.
[2018.12.18-15.19.33:487][  0]LogDerivedDataCache: Unable to find inner node CompressedPak for hierarchical cache Hierarchy.
[2018.12.18-15.19.33:497][  0]LogDerivedDataCache: Display: Pak cache opened for reading ../../../Engine/DerivedDataCache/Compressed.ddp.
[2018.12.18-15.19.33:498][  0]LogDerivedDataCache: FDerivedDataBackendGraph:  EnterprisePak pak cache file ../../../Enterprise/DerivedDataCache/Compressed.ddp not found, will not use a pak cache.
[2018.12.18-15.19.33:498][  0]LogDerivedDataCache: Unable to find inner node EnterprisePak for hierarchical cache Hierarchy.
[2018.12.18-15.19.33:511][  0]LogDerivedDataCache: Using Local data cache path C:/Users/oibikunle/AppData/Local/UnrealEngine/Common/DerivedDataCache: Writable
[2018.12.18-15.19.33:511][  0]LogDerivedDataCache: Shared data cache path not found in *engine.ini, will not use an Shared cache.
[2018.12.18-15.19.33:511][  0]LogDerivedDataCache: Unable to find inner node Shared for hierarchical cache Hierarchy.
[2018.12.18-15.19.33:532][  0]LogMaterial: Verifying Global Shaders for PCD3D_SM5
[2018.12.18-15.19.33:533][  0]LogSlate: Using FreeType 2.6.0
[2018.12.18-15.19.33:534][  0]LogSlate: SlateFontServices - WITH_FREETYPE: 1, WITH_HARFBUZZ: 1
[2018.12.18-15.19.33:636][  0]LogAssetRegistry: FAssetRegistry took 0.0336 seconds to start up
[2018.12.18-15.19.33:902][  0]LogInit: Selected Device Profile: [Windows]
[2018.12.18-15.19.34:047][  0]LogSimplygon: Simplygon DLL not present - disabling.
[2018.12.18-15.19.34:054][  0]LogMeshReduction: Using SimplygonSwarm for distributed automatic mesh merging
[2018.12.18-15.19.34:054][  0]LogMeshReduction: Using ProxyLODMeshReduction for automatic mesh merging
[2018.12.18-15.19.34:054][  0]LogMeshReduction: Using QuadricMeshReduction for automatic static mesh reduction
[2018.12.18-15.19.34:054][  0]LogMeshReduction: No automatic skeletal mesh reduction module available
[2018.12.18-15.19.34:067][  0]LogNetVersion: FPSGame 1.0.0, NetCL: 4541578, EngineNetVer: 5, GameNetVer: 0 (Checksum: 267577011)
[2018.12.18-15.19.34:547][  0]LogPackageLocalizationCache: Processed 11 localized package path(s) for 2 prioritized culture(s) in 0.078810 seconds
[2018.12.18-15.19.34:553][  0]LogUObjectArray: 39775 objects as part of root set at end of initial load.
[2018.12.18-15.19.34:553][  0]LogUObjectAllocator: 6914664 out of 0 bytes used by permanent object pool.
[2018.12.18-15.19.34:553][  0]LogUObjectArray: CloseDisregardForGC: 0/0 objects in disregard for GC pool
[2018.12.18-15.19.35:596][  0]LogTcpMessaging: Initializing TcpMessaging bridge
[2018.12.18-15.19.35:613][  0]LogUdpMessaging: Initializing bridge on interface 0.0.0.0:0 to multicast group 230.0.0.1:6666.
[2018.12.18-15.19.36:589][  0]SourceControl: Source control is disabled
[2018.12.18-15.19.36:589][  0]SourceControl: Source control is disabled
[2018.12.18-15.19.36:593][  0]SourceControl: Source control is disabled
[2018.12.18-15.19.36:596][  0]SourceControl: Source control is disabled
[2018.12.18-15.19.36:842][  0]LogAndroidPermission: UAndroidPermissionCallbackProxy::GetInstance
[2018.12.18-15.19.36:943][  0]LogOcInput: OculusInput pre-init called
[2018.12.18-15.19.37:085][  0]LogEngine: Initializing Engine...
[2018.12.18-15.19.37:086][  0]LogHMD: Failed to initialize OpenVR with code 110
[2018.12.18-15.19.37:087][  0]LogStats: UGameplayTagsManager::ConstructGameplayTagTree: ImportINI prefixes -  0.000 s
[2018.12.18-15.19.37:087][  0]LogStats: UGameplayTagsManager::ConstructGameplayTagTree: Construct from data asset -  0.000 s
[2018.12.18-15.19.37:087][  0]LogStats: UGameplayTagsManager::ConstructGameplayTagTree: ImportINI -  0.000 s
[2018.12.18-15.19.37:087][  0]LogStats: UGameplayTagsManager::ConstructGameplayTagTree: GameplayTagTreeChangedEvent.Broadcast -  0.000 s
[2018.12.18-15.19.37:282][  0]LogInit: Initializing FReadOnlyCVARCache
[2018.12.18-15.19.37:293][  0]LogAIModule: Creating AISystem for world Untitled
[2018.12.18-15.19.37:359][  0]LogInit: XAudio2 using 'Speakers (2- USB Audio Device)' : 2 channels at 48 kHz using 16 bits per sample (channel mask 0x3)
[2018.12.18-15.19.37:383][  0]LogInit: FAudioDevice initialized.
[2018.12.18-15.19.37:383][  0]LogNetVersion: Set ProjectVersion to 1.0.0.0. Version Checksum will be recalculated on next use.
[2018.12.18-15.19.37:422][  0]LogDerivedDataCache: Saved boot cache 0.04s 73MB C:/Users/oibikunle/AppData/Local/UnrealEngine/4.21/DerivedDataCache/Boot.ddc.
[2018.12.18-15.19.37:422][  0]LogInit: Texture streaming: Enabled
[2018.12.18-15.19.37:443][  0]LogEngineSessionManager: EngineSessionManager initialized
[2018.12.18-15.19.37:449][  0]LogInit: Transaction tracking system initialized
[2018.12.18-15.19.37:483][  0]BlueprintLog: New page: Editor Load
[2018.12.18-15.19.37:605][  0]LocalizationService: Localization service is disabled
[2018.12.18-15.19.38:056][  0]LogFileCache: Scanning file cache for directory 'D:/UnrealEngine/Games/StealthGame/UnrealStealthGame/StealthGame/Content/' took 0.01s
[2018.12.18-15.19.38:056][  0]LogCook: Display: Max memory allowance for cook 16384mb min free memory 0mb
[2018.12.18-15.19.38:056][  0]LogCook: Display: Mobile HDR setting 1
[2018.12.18-15.19.38:057][  0]LogGameplayTags: Display: UGameplayTagsManager::DoneAddingNativeTags. DelegateIsBound: 0
[2018.12.18-15.19.38:057][  0]LogStats: UGameplayTagsManager::ConstructGameplayTagTree: ImportINI prefixes -  0.000 s
[2018.12.18-15.19.38:057][  0]LogStats: UGameplayTagsManager::ConstructGameplayTagTree: Construct from data asset -  0.000 s
[2018.12.18-15.19.38:057][  0]LogStats: UGameplayTagsManager::ConstructGameplayTagTree: ImportINI -  0.000 s
[2018.12.18-15.19.38:057][  0]LogStats: UGameplayTagsManager::ConstructGameplayTagTree: GameplayTagTreeChangedEvent.Broadcast -  0.000 s
[2018.12.18-15.19.38:240][  0]SourceControl: Source control is disabled
[2018.12.18-15.19.38:240][  0]Cmd: MAP LOAD FILE="../../../../../Games/StealthGame/UnrealStealthGame/StealthGame/Content/Maps/FirstPersonExampleMap.umap" TEMPLATE=0 SHOWPROGRESS=1 FEATURELEVEL=3
[2018.12.18-15.19.38:240][  0]LightingResults: New page: Lighting Build
[2018.12.18-15.19.38:242][  0]MapCheck: New page: Map Check
[2018.12.18-15.19.38:242][  0]LightingResults: New page: Lighting Build
[2018.12.18-15.19.38:576][  0]LogTexture: Display: Building textures: AOMaterialMask1_1 (BC4, 1024X512)
[2018.12.18-15.19.38:576][  0]LogTexture: Display: Building textures: SkyOcclusion0_1 (AutoDXT, 1024X512)
[2018.12.18-15.19.38:576][  0]LogTexture: Display: Building textures: HQ_Lightmap0_1 (AutoDXT, 1024X1024)
[2018.12.18-15.19.38:576][  0]LogTexture: Display: Building textures: LQ_Lightmap_0_1 (DXT1, 1024X1024)
[2018.12.18-15.19.38:584][  0]LogAIModule: Creating AISystem for world FirstPersonExampleMap
[2018.12.18-15.19.38:594][  0]LogEditorServer: Finished looking for orphan Actors (0.000 secs)
[2018.12.18-15.19.38:625][  0]Cmd: MAP CHECKDEP NOCLEARLOG
[2018.12.18-15.19.38:625][  0]MapCheck: Map check complete: 0 Error(s), 0 Warning(s), took 0.106ms to complete.
[2018.12.18-15.19.38:625][  0]LogFileHelpers: Loading map 'FirstPersonExampleMap' took 0.385
[2018.12.18-15.19.38:754][  0]LogSlate: Updating window title bar state: overlay mode, drag disabled, window buttons hidden, title bar hidden
[2018.12.18-15.19.38:760][  0]LogSlate: Updating window title bar state: overlay mode, drag disabled, window buttons hidden, title bar hidden
[2018.12.18-15.19.38:765][  0]LogSlate: Updating window title bar state: overlay mode, drag disabled, window buttons hidden, title bar hidden
[2018.12.18-15.19.38:771][  0]LogSlate: Updating window title bar state: overlay mode, drag disabled, window buttons hidden, title bar hidden
[2018.12.18-15.19.38:777][  0]LogCollectionManager: Loaded 0 collections in 0.000778 seconds
[2018.12.18-15.19.38:821][  0]LogFileCache: Scanning file cache for directory 'D:/UnrealEngine/Games/StealthGame/UnrealStealthGame/StealthGame/Saved/Collections/' took 0.01s
[2018.12.18-15.19.38:821][  0]LogFileCache: Scanning file cache for directory 'D:/UnrealEngine/Games/StealthGame/UnrealStealthGame/StealthGame/Content/Developers/oibikunle/Collections/' took 0.01s
[2018.12.18-15.19.38:821][  0]LogFileCache: Scanning file cache for directory 'D:/UnrealEngine/Games/StealthGame/UnrealStealthGame/StealthGame/Content/Collections/' took 0.01s
[2018.12.18-15.19.38:821][  0]LogCollectionManager: Rebuilt the GUID cache for 0 collections in 0.000000 seconds
[2018.12.18-15.19.38:829][  0]LogContentBrowser: Native class hierarchy populated in 0.0072 seconds. Added 2660 classes and 624 folders.
[2018.12.18-15.19.38:833][  0]LogContentBrowser: Native class hierarchy updated for 'WidgetCarousel' in 0.0003 seconds. Added 0 classes and 0 folders.
[2018.12.18-15.19.38:836][  0]LogPakFile: Registered encryption key '00000000000000000000000000000000': 0 pak files mounted, 0 remain pending
[2018.12.18-15.19.38:837][  0]LogPakFile: Registered encryption key '00000000000000000000000000000000': 0 pak files mounted, 0 remain pending
[2018.12.18-15.19.38:837][  0]LogPakFile: Registered encryption key '00000000000000000000000000000000': 0 pak files mounted, 0 remain pending
[2018.12.18-15.19.38:838][  0]LogPakFile: Registered encryption key '00000000000000000000000000000000': 0 pak files mounted, 0 remain pending
[2018.12.18-15.19.38:839][  0]LogPakFile: Registered encryption key '00000000000000000000000000000000': 0 pak files mounted, 0 remain pending
[2018.12.18-15.19.38:840][  0]LogPakFile: Registered encryption key '00000000000000000000000000000000': 0 pak files mounted, 0 remain pending
[2018.12.18-15.19.38:840][  0]LogPakFile: Registered encryption key '00000000000000000000000000000000': 0 pak files mounted, 0 remain pending
[2018.12.18-15.19.38:841][  0]LogPakFile: Registered encryption key '00000000000000000000000000000000': 0 pak files mounted, 0 remain pending
[2018.12.18-15.19.38:842][  0]LogPakFile: Registered encryption key '00000000000000000000000000000000': 0 pak files mounted, 0 remain pending
[2018.12.18-15.19.38:843][  0]LogPakFile: Registered encryption key '00000000000000000000000000000000': 0 pak files mounted, 0 remain pending
[2018.12.18-15.19.38:843][  0]LogPakFile: Registered encryption key '00000000000000000000000000000000': 0 pak files mounted, 0 remain pending
[2018.12.18-15.19.38:844][  0]LogPakFile: Registered encryption key '00000000000000000000000000000000': 0 pak files mounted, 0 remain pending
[2018.12.18-15.19.38:845][  0]LogPakFile: Registered encryption key '00000000000000000000000000000000': 0 pak files mounted, 0 remain pending
[2018.12.18-15.19.38:846][  0]LogPakFile: Registered encryption key '00000000000000000000000000000000': 0 pak files mounted, 0 remain pending
[2018.12.18-15.19.38:847][  0]LogPakFile: Registered encryption key '00000000000000000000000000000000': 0 pak files mounted, 0 remain pending
[2018.12.18-15.19.38:848][  0]LogPakFile: Registered encryption key '00000000000000000000000000000000': 0 pak files mounted, 0 remain pending
[2018.12.18-15.19.38:848][  0]LogPakFile: Registered encryption key '00000000000000000000000000000000': 0 pak files mounted, 0 remain pending
[2018.12.18-15.19.38:849][  0]LogPakFile: Registered encryption key '00000000000000000000000000000000': 0 pak files mounted, 0 remain pending
[2018.12.18-15.19.38:850][  0]LogPakFile: Registered encryption key '00000000000000000000000000000000': 0 pak files mounted, 0 remain pending
[2018.12.18-15.19.38:851][  0]LogPakFile: Registered encryption key '00000000000000000000000000000000': 0 pak files mounted, 0 remain pending
[2018.12.18-15.19.38:852][  0]LogPakFile: Registered encryption key '00000000000000000000000000000000': 0 pak files mounted, 0 remain pending
[2018.12.18-15.19.38:852][  0]LogPakFile: Registered encryption key '00000000000000000000000000000000': 0 pak files mounted, 0 remain pending
[2018.12.18-15.19.38:853][  0]LogPakFile: Registered encryption key '00000000000000000000000000000000': 0 pak files mounted, 0 remain pending
[2018.12.18-15.19.38:854][  0]LogPakFile: Registered encryption key '00000000000000000000000000000000': 0 pak files mounted, 0 remain pending
[2018.12.18-15.19.38:855][  0]LogPakFile: Registered encryption key '00000000000000000000000000000000': 0 pak files mounted, 0 remain pending
[2018.12.18-15.19.38:856][  0]LogPakFile: Registered encryption key '00000000000000000000000000000000': 0 pak files mounted, 0 remain pending
[2018.12.18-15.19.38:898][  0]LogContentBrowser: Native class hierarchy updated for 'AddContentDialog' in 0.0003 seconds. Added 0 classes and 0 folders.
[2018.12.18-15.19.38:904][  0]LogContentBrowser: Native class hierarchy updated for 'SceneOutliner' in 0.0004 seconds. Added 1 classes and 2 folders.
[2018.12.18-15.19.38:917][  0]LogSlate: Took 0.000229 seconds to synchronously load lazily loaded font '../../../Engine/Content/Slate/Fonts/Roboto-Regular.ttf' (155K)
[2018.12.18-15.19.38:918][  0]LogSlate: Took 0.000214 seconds to synchronously load lazily loaded font '../../../Engine/Content/Slate/Fonts/Roboto-Bold.ttf' (160K)
[2018.12.18-15.19.38:923][  0]LogSlate: Took 0.000252 seconds to synchronously load lazily loaded font '../../../Engine/Content/Editor/Slate/Fonts/FontAwesome.ttf' (139K)
[2018.12.18-15.19.38:991][  0]LogRenderer: Reallocating scene render targets to support 1208x576 Format 10 NumSamples 1 (Frame:1).
[2018.12.18-15.19.39:130][  0]LogContentBrowser: Native class hierarchy updated for 'HierarchicalLODOutliner' in 0.0004 seconds. Added 0 classes and 0 folders.
[2018.12.18-15.19.39:131][  0]LogLoad: (Engine Initialization) Total time: 10.09 seconds
[2018.12.18-15.19.39:131][  0]LogLoad: (Engine Initialization) Total Blueprint compile time: 0.00 seconds
[2018.12.18-15.19.39:145][  0]LogWindowsTextInputMethodSystem: Display: IME system now deactivated.
[2018.12.18-15.19.39:190][  0]LogContentStreaming: Texture pool size now 1000 MB
[2018.12.18-15.19.39:202][  0]LogSlate: Took 0.000198 seconds to synchronously load lazily loaded font '../../../Engine/Content/Slate/Fonts/Roboto-Light.ttf' (167K)
[2018.12.18-15.19.39:229][  1]LogAssetRegistry: Asset discovery search completed in 5.6183 seconds
[2018.12.18-15.19.39:230][  1]LogCollectionManager: Rebuilt the object cache for 0 collections in 0.000000 seconds (found 0 objects)
[2018.12.18-15.19.39:231][  1]LogCollectionManager: Fixed up redirectors for 0 collections in 0.000186 seconds (updated 0 objects)
[2018.12.18-15.19.41:206][222]LogSlate: FSceneViewport::OnFocusLost() reason 2
[2018.12.18-15.19.42:136][333]LogBlueprintUserMessages: Early PlayInEditor Detection: Level '/Game/Maps/FirstPersonExampleMap.FirstPersonExampleMap:PersistentLevel' has LevelScriptBlueprint '/Game/Maps/FirstPersonExampleMap.FirstPersonExampleMap:PersistentLevel.FirstPersonExampleMap' with GeneratedClass '/Game/Maps/FirstPersonExampleMap.FirstPersonExampleMap_C' with ClassGeneratedBy '/Game/Maps/FirstPersonExampleMap.FirstPersonExampleMap:PersistentLevel.FirstPersonExampleMap'
[2018.12.18-15.19.42:137][333]LogPlayLevel: PlayLevel: No blueprints needed recompiling
[2018.12.18-15.19.42:137][333]PIE: New page: SIE session: FirstPersonExampleMap (18 Dec 2018 17:19:42)
[2018.12.18-15.19.42:151][333]LogPlayLevel: Creating play world package: /Game/Maps/UEDPIE_0_FirstPersonExampleMap
[2018.12.18-15.19.42:170][333]LogPlayLevel: PIE: StaticDuplicateObject took: (0.018063s)
[2018.12.18-15.19.42:170][333]LogAIModule: Creating AISystem for world FirstPersonExampleMap
[2018.12.18-15.19.42:170][333]LogPlayLevel: PIE: World Init took: (0.000669s)
[2018.12.18-15.19.42:171][333]LogPlayLevel: PIE: Created PIE world by copying editor world from /Game/Maps/FirstPersonExampleMap.FirstPersonExampleMap to /Game/Maps/UEDPIE_0_FirstPersonExampleMap.FirstPersonExampleMap (0.019379s)
[2018.12.18-15.19.42:202][333]LogInit: XAudio2 using 'Speakers (2- USB Audio Device)' : 2 channels at 48 kHz using 16 bits per sample (channel mask 0x3)
[2018.12.18-15.19.42:212][333]LogInit: FAudioDevice initialized.
[2018.12.18-15.19.42:212][333]LogSlate: FSceneViewport::OnFocusLost() reason 2
[2018.12.18-15.19.42:261][333]LogLoad: Game class is 'BP_GameMode_C'
[2018.12.18-15.19.42:264][333]LogWorld: Bringing World /Game/Maps/UEDPIE_0_FirstPersonExampleMap.FirstPersonExampleMap up for play (max tick rate 0) at 2018.12.18-16.19.42
[2018.12.18-15.19.42:265][333]LogWorld: Bringing up level for play took: 0.002437
[2018.12.18-15.19.42:279][333]LogGameMode: FindPlayerStart: PATHS NOT DEFINED or NO PLAYERSTART with positive rating
[2018.12.18-15.19.42:282][333]LogContentBrowser: Native class hierarchy updated for 'MovieSceneCapture' in 0.0004 seconds. Added 20 classes and 0 folders.
[2018.12.18-15.19.42:283][333]PIE: Play in editor start time for /Game/Maps/UEDPIE_0_FirstPersonExampleMap -0.536
[2018.12.18-15.19.42:289][333]LogBlueprintUserMessages: Late PlayInEditor Detection: Level '/Game/Maps/FirstPersonExampleMap.FirstPersonExampleMap:PersistentLevel' has LevelScriptBlueprint '/Game/Maps/FirstPersonExampleMap.FirstPersonExampleMap:PersistentLevel.FirstPersonExampleMap' with GeneratedClass '/Game/Maps/FirstPersonExampleMap.FirstPersonExampleMap_C' with ClassGeneratedBy '/Game/Maps/FirstPersonExampleMap.FirstPersonExampleMap:PersistentLevel.FirstPersonExampleMap'
[2018.12.18-15.19.58:262][ 25]LogEditorViewport: Clicking on Actor (LMB): BP_Guard_C (BP_Guard)
[2018.12.18-15.20.04:700][684]LogSlate: FSceneViewport::OnFocusLost() reason 0
[2018.12.18-15.20.04:809][697]LogBlueprintUserMessages: Early EndPlayMap Detection: Level '/Game/Maps/FirstPersonExampleMap.FirstPersonExampleMap:PersistentLevel' has LevelScriptBlueprint '/Game/Maps/FirstPersonExampleMap.FirstPersonExampleMap:PersistentLevel.FirstPersonExampleMap' with GeneratedClass '/Game/Maps/FirstPersonExampleMap.FirstPersonExampleMap_C' with ClassGeneratedBy '/Game/Maps/FirstPersonExampleMap.FirstPersonExampleMap:PersistentLevel.FirstPersonExampleMap'
[2018.12.18-15.20.04:810][697]LogSlate: Updating window title bar state: overlay mode, drag disabled, window buttons hidden, title bar hidden
[2018.12.18-15.20.04:843][697]LogPlayLevel: Display: Shutting down PIE online subsystems
[2018.12.18-15.20.04:843][697]LogBlueprintUserMessages: Late EndPlayMap Detection: Level '/Game/Maps/FirstPersonExampleMap.FirstPersonExampleMap:PersistentLevel' has LevelScriptBlueprint '/Game/Maps/FirstPersonExampleMap.FirstPersonExampleMap:PersistentLevel.FirstPersonExampleMap' with GeneratedClass '/Game/Maps/FirstPersonExampleMap.FirstPersonExampleMap_C' with ClassGeneratedBy '/Game/Maps/FirstPersonExampleMap.FirstPersonExampleMap:PersistentLevel.FirstPersonExampleMap'
[2018.12.18-15.20.04:865][697]LogSlate: Updating window title bar state: overlay mode, drag disabled, window buttons hidden, title bar hidden
[2018.12.18-15.20.04:916][703]LogPlayLevel: Display: Destroying online subsystem :Context_6
[2018.12.18-15.20.07:680][ 33]LogBlueprintUserMessages: Early PlayInEditor Detection: Level '/Game/Maps/FirstPersonExampleMap.FirstPersonExampleMap:PersistentLevel' has LevelScriptBlueprint '/Game/Maps/FirstPersonExampleMap.FirstPersonExampleMap:PersistentLevel.FirstPersonExampleMap' with GeneratedClass '/Game/Maps/FirstPersonExampleMap.FirstPersonExampleMap_C' with ClassGeneratedBy '/Game/Maps/FirstPersonExampleMap.FirstPersonExampleMap:PersistentLevel.FirstPersonExampleMap'
[2018.12.18-15.20.07:680][ 33]LogPlayLevel: PlayLevel: No blueprints needed recompiling
[2018.12.18-15.20.07:680][ 33]PIE: New page: PIE session: FirstPersonExampleMap (18 Dec 2018 17:20:07)
[2018.12.18-15.20.07:681][ 33]LogPlayLevel: Creating play world package: /Game/Maps/UEDPIE_0_FirstPersonExampleMap
[2018.12.18-15.20.07:693][ 33]LogPlayLevel: PIE: StaticDuplicateObject took: (0.012642s)
[2018.12.18-15.20.07:694][ 33]LogAIModule: Creating AISystem for world FirstPersonExampleMap
[2018.12.18-15.20.07:694][ 33]LogPlayLevel: PIE: World Init took: (0.000653s)
[2018.12.18-15.20.07:694][ 33]LogPlayLevel: PIE: Created PIE world by copying editor world from /Game/Maps/FirstPersonExampleMap.FirstPersonExampleMap to /Game/Maps/UEDPIE_0_FirstPersonExampleMap.FirstPersonExampleMap (0.013678s)
[2018.12.18-15.20.07:729][ 33]LogInit: XAudio2 using 'Speakers (2- USB Audio Device)' : 2 channels at 48 kHz using 16 bits per sample (channel mask 0x3)
[2018.12.18-15.20.07:739][ 33]LogInit: FAudioDevice initialized.
[2018.12.18-15.20.07:775][ 33]LogLoad: Game class is 'BP_GameMode_C'
[2018.12.18-15.20.07:777][ 33]LogWorld: Bringing World /Game/Maps/UEDPIE_0_FirstPersonExampleMap.FirstPersonExampleMap up for play (max tick rate 0) at 2018.12.18-16.20.07
[2018.12.18-15.20.07:778][ 33]LogWorld: Bringing up level for play took: 0.001929
[2018.12.18-15.20.07:791][ 33]PIE: Play in editor start time for /Game/Maps/UEDPIE_0_FirstPersonExampleMap 0.972
[2018.12.18-15.20.07:792][ 33]LogBlueprintUserMessages: Late PlayInEditor Detection: Level '/Game/Maps/FirstPersonExampleMap.FirstPersonExampleMap:PersistentLevel' has LevelScriptBlueprint '/Game/Maps/FirstPersonExampleMap.FirstPersonExampleMap:PersistentLevel.FirstPersonExampleMap' with GeneratedClass '/Game/Maps/FirstPersonExampleMap.FirstPersonExampleMap_C' with ClassGeneratedBy '/Game/Maps/FirstPersonExampleMap.FirstPersonExampleMap:PersistentLevel.FirstPersonExampleMap'
[2018.12.18-15.20.29:401][623]LogBlueprintUserMessages: Early EndPlayMap Detection: Level '/Game/Maps/FirstPersonExampleMap.FirstPersonExampleMap:PersistentLevel' has LevelScriptBlueprint '/Game/Maps/FirstPersonExampleMap.FirstPersonExampleMap:PersistentLevel.FirstPersonExampleMap' with GeneratedClass '/Game/Maps/FirstPersonExampleMap.FirstPersonExampleMap_C' with ClassGeneratedBy '/Game/Maps/FirstPersonExampleMap.FirstPersonExampleMap:PersistentLevel.FirstPersonExampleMap'
[2018.12.18-15.20.29:402][623]LogSlate: Updating window title bar state: overlay mode, drag disabled, window buttons hidden, title bar hidden
[2018.12.18-15.20.29:436][623]LogPlayLevel: Display: Shutting down PIE online subsystems
[2018.12.18-15.20.29:436][623]LogBlueprintUserMessages: Late EndPlayMap Detection: Level '/Game/Maps/FirstPersonExampleMap.FirstPersonExampleMap:PersistentLevel' has LevelScriptBlueprint '/Game/Maps/FirstPersonExampleMap.FirstPersonExampleMap:PersistentLevel.FirstPersonExampleMap' with GeneratedClass '/Game/Maps/FirstPersonExampleMap.FirstPersonExampleMap_C' with ClassGeneratedBy '/Game/Maps/FirstPersonExampleMap.FirstPersonExampleMap:PersistentLevel.FirstPersonExampleMap'
[2018.12.18-15.20.29:457][623]LogSlate: Updating window title bar state: overlay mode, drag disabled, window buttons hidden, title bar hidden
[2018.12.18-15.20.29:501][627]LogPlayLevel: Display: Destroying online subsystem :Context_10
[2018.12.18-15.23.05:939][385]LogSlate: FSceneViewport::OnFocusLost() reason 0
