Log file open, 12/18/18 14:49:27
LogWindows: Failed to load 'aqProf.dll' (GetLastError=126)
LogWindows: File 'aqProf.dll' does not exist
LogWindows: Failed to load 'VtuneApi.dll' (GetLastError=126)
LogWindows: File 'VtuneApi.dll' does not exist
LogWindows: Failed to load 'VtuneApi32e.dll' (GetLastError=126)
LogWindows: File 'VtuneApi32e.dll' does not exist
LogConsoleResponse: Display: Failed to find resolution value strings in scalability ini. Falling back to default.
LogInit: Display: Running engine for game: FPSGame
LogPakFile: Registered encryption key '00000000000000000000000000000000': 0 pak files mounted, 0 remain pending
LogPlatformFile: Not using cached read wrapper
LogTaskGraph: Started task graph with 5 named threads and 35 total threads with 3 sets of task threads.
LogStats: Stats thread started at 0.521971
LogD3D11RHI: Loaded GFSDK_Aftermath_Lib.x64.dll
LogICUInternationalization: ICU TimeZone Detection - Raw Offset: +1:00, Platform Override: ''
LogPluginManager: Mounting plugin Paper2D
LogPluginManager: Mounting plugin AISupport
LogPluginManager: Mounting plugin LightPropagationVolume
LogPluginManager: Mounting plugin ActorLayerUtilities
LogPluginManager: Mounting plugin CLionSourceCodeAccess
LogPluginManager: Mounting plugin CodeLiteSourceCodeAccess
LogPluginManager: Mounting plugin GitSourceControl
LogPluginManager: Mounting plugin KDevelopSourceCodeAccess
LogPluginManager: Mounting plugin NullSourceCodeAccess
LogPluginManager: Mounting plugin PerforceSourceControl
LogPluginManager: Mounting plugin SubversionSourceControl
LogPluginManager: Mounting plugin UObjectPlugin
LogPluginManager: Mounting plugin VisualStudioCodeSourceCodeAccess
LogPluginManager: Mounting plugin VisualStudioSourceCodeAccess
LogPluginManager: Mounting plugin XCodeSourceCodeAccess
LogPluginManager: Mounting plugin AssetManagerEditor
LogPluginManager: Mounting plugin CryptoKeys
LogPluginManager: Mounting plugin DataValidation
LogPluginManager: Mounting plugin FacialAnimation
LogPluginManager: Mounting plugin GameplayTagsEditor
LogPluginManager: Mounting plugin MacGraphicsSwitching
LogPluginManager: Mounting plugin MeshEditor
LogPluginManager: Mounting plugin MobileLauncherProfileWizard
LogPluginManager: Mounting plugin PluginBrowser
LogPluginManager: Mounting plugin SpeedTreeImporter
LogPluginManager: Mounting plugin DatasmithContent
LogPluginManager: Mounting plugin VariantManagerContent
LogPluginManager: Mounting plugin AlembicImporter
LogPluginManager: Mounting plugin AppleImageUtils
LogPluginManager: Mounting plugin AppleVision
LogPluginManager: Mounting plugin BackChannel
LogPluginManager: Mounting plugin CharacterAI
LogPluginManager: Mounting plugin GeometryCache
LogPluginManager: Mounting plugin HTML5Networking
LogPluginManager: Mounting plugin ProxyLODPlugin
LogPluginManager: Mounting plugin MagicLeap
LogPluginManager: Mounting plugin MagicLeapMedia
LogPluginManager: Mounting plugin AndroidMedia
LogPluginManager: Mounting plugin AvfMedia
LogPluginManager: Mounting plugin ImgMedia
LogPluginManager: Mounting plugin LinearTimecode
LogPluginManager: Mounting plugin MediaCompositing
LogPluginManager: Mounting plugin MediaPlayerEditor
LogPluginManager: Mounting plugin WebMMedia
LogPluginManager: Mounting plugin WmfMedia
LogPluginManager: Mounting plugin TcpMessaging
LogPluginManager: Mounting plugin UdpMessaging
LogPluginManager: Mounting plugin ActorSequence
LogPluginManager: Mounting plugin LevelSequenceEditor
LogPluginManager: Mounting plugin MatineeToLevelSequence
LogPluginManager: Mounting plugin NetcodeUnitTest
LogPluginManager: Mounting plugin NUTUnrealEngine4
LogPluginManager: Mounting plugin OnlineSubsystemGooglePlay
LogPluginManager: Mounting plugin OnlineSubsystemIOS
LogPluginManager: Mounting plugin OnlineSubsystem
LogPluginManager: Mounting plugin OnlineSubsystemNull
LogPluginManager: Mounting plugin OnlineSubsystemUtils
LogPluginManager: Mounting plugin LauncherChunkInstaller
LogPluginManager: Mounting plugin AndroidDeviceProfileSelector
LogPluginManager: Mounting plugin AndroidMoviePlayer
LogPluginManager: Mounting plugin AndroidPermission
LogPluginManager: Mounting plugin AppleMoviePlayer
LogPluginManager: Mounting plugin ArchVisCharacter
LogPluginManager: Mounting plugin AudioCapture
LogPluginManager: Mounting plugin CableComponent
LogPluginManager: Mounting plugin CustomMeshComponent
LogPluginManager: Mounting plugin EditableMesh
LogPluginManager: Mounting plugin ExampleDeviceProfileSelector
LogPluginManager: Mounting plugin Firebase
LogPluginManager: Mounting plugin GoogleCloudMessaging
LogPluginManager: Mounting plugin IOSDeviceProfileSelector
LogPluginManager: Mounting plugin LinuxDeviceProfileSelector
LogPluginManager: Mounting plugin LocationServicesBPLibrary
LogPluginManager: Mounting plugin MobilePatchingUtils
LogPluginManager: Mounting plugin OculusVR
LogPluginManager: Mounting plugin PhysXVehicles
LogPluginManager: Mounting plugin ProceduralMeshComponent
LogPluginManager: Mounting plugin RuntimePhysXCooking
LogPluginManager: Mounting plugin SteamVR
LogPluginManager: Mounting plugin WebMMoviePlayer
LogPluginManager: Mounting plugin WindowsMoviePlayer
LogStreaming: Display: Took  0.103s to configure plugins.
LogInit: Using libcurl 7.55.1-DEV
LogInit:  - built for x86_64-pc-win32
LogInit:  - supports SSL with OpenSSL/1.0.2h
LogInit:  - supports HTTP deflate (compression) using libz 1.2.8
LogInit:  - other features:
LogInit:      CURL_VERSION_SSL
LogInit:      CURL_VERSION_LIBZ
LogInit:      CURL_VERSION_IPV6
LogInit:      CURL_VERSION_ASYNCHDNS
LogInit:      CURL_VERSION_LARGEFILE
LogInit:      CURL_VERSION_IDN
LogInit:  CurlRequestOptions (configurable via config and command line):
LogInit:  - bVerifyPeer = true  - Libcurl will verify peer certificate
LogInit:  - bUseHttpProxy = false  - Libcurl will NOT use HTTP proxy
LogInit:  - bDontReuseConnections = false  - Libcurl will reuse connections
LogInit:  - MaxHostConnections = 16  - Libcurl will limit the number of connections to a host
LogInit:  - LocalHostAddr = Default
LogInit:  - BufferSize = 65536
LogInit: WinSock: version 1.1 (2.2), MaxSocks=32767, MaxUdp=65467
LogInit: Build: ++UE4+Release-4.21-CL-4613538
LogInit: Engine Version: 4.21.1-4613538+++UE4+Release-4.21
LogInit: Compatible Engine Version: 4.21.0-4541578+++UE4+Release-4.21
LogInit: Net CL: 4541578
LogInit: OS: Windows 10 (), CPU: Intel(R) Core(TM) i7-8700 CPU @ 3.20GHz, GPU: NVIDIA GeForce GTX 1050 Ti
LogInit: Compiled (64-bit): Nov 30 2018 04:13:25
LogInit: Compiled with Visual C++: 19.13.26129.00
LogInit: Build Configuration: Development
LogInit: Branch Name: ++UE4+Release-4.21
LogInit: Command Line:  -skipcompile
LogInit: Base Directory: D:/UnrealEngine/Engine/UE_4.21/Engine/Binaries/Win64/
LogInit: Installed Engine Build: 1
LogDevObjectVersion: Number of dev versions registered: 22
LogDevObjectVersion:   Dev-Blueprints (B0D832E4-1F89-4F0D-ACCF-7EB736FD4AA2): 10
LogDevObjectVersion:   Dev-Build (E1C64328-A22C-4D53-A36C-8E866417BD8C): 0
LogDevObjectVersion:   Dev-Core (375EC13C-06E4-48FB-B500-84F0262A717E): 2
LogDevObjectVersion:   Dev-Editor (E4B068ED-F494-42E9-A231-DA0B2E46BB41): 26
LogDevObjectVersion:   Dev-Framework (CFFC743F-43B0-4480-9391-14DF171D2073): 34
LogDevObjectVersion:   Dev-Mobile (B02B49B5-BB20-44E9-A304-32B752E40360): 2
LogDevObjectVersion:   Dev-Networking (A4E4105C-59A1-49B5-A7C5-40C4547EDFEE): 0
LogDevObjectVersion:   Dev-Online (39C831C9-5AE6-47DC-9A44-9C173E1C8E7C): 0
LogDevObjectVersion:   Dev-Physics (78F01B33-EBEA-4F98-B9B4-84EACCB95AA2): 0
LogDevObjectVersion:   Dev-Platform (6631380F-2D4D-43E0-8009-CF276956A95A): 0
LogDevObjectVersion:   Dev-Rendering (12F88B9F-8875-4AFC-A67C-D90C383ABD29): 27
LogDevObjectVersion:   Dev-Sequencer (7B5AE74C-D270-4C10-A958-57980B212A5A): 9
LogDevObjectVersion:   Dev-VR (D7296918-1DD6-4BDD-9DE2-64A83CC13884): 2
LogDevObjectVersion:   Dev-LoadTimes (C2A15278-BFE7-4AFE-6C17-90FF531DF755): 1
LogDevObjectVersion:   Private-Geometry (6EACA3D4-40EC-4CC1-B786-8BED09428FC5): 3
LogDevObjectVersion:   Dev-AnimPhys (29E575DD-E0A3-4627-9D10-D276232CDCEA): 17
LogDevObjectVersion:   Dev-Anim (AF43A65D-7FD3-4947-9873-3E8ED9C1BB05): 2
LogDevObjectVersion:   Dev-ReflectionCapture (6B266CEC-1EC7-4B8F-A30B-E4D90942FC07): 1
LogDevObjectVersion:   Dev-Automation (0DF73D61-A23F-47EA-B727-89E90C41499A): 1
LogDevObjectVersion:   FortniteMain (601D1886-AC64-4F84-AA16-D3DE0DEAC7D6): 17
LogDevObjectVersion:   Dev-Enterprise (9DFFBCD6-494F-0158-E221-12823C92A888): 4
LogDevObjectVersion:   Dev-Niagara (F2AED0AC-9AFE-416F-8664-AA7FFA26D6FC): 1
LogStreaming: Display: Took  0.001s to delete old logs.
LogInit: Presizing for max 8388607 objects, including 0 objects not considered by GC, pre-allocating 0 bytes for permanent pool.
LogInit: Object subsystem initialized
LogConfig: Setting CVar [[con.DebugEarlyDefault:1]]
LogConfig: Setting CVar [[r.setres:1280x720]]
[2018.12.18-13.49.27:789][  0]LogConfig: Setting CVar [[r.VSync:0]]
[2018.12.18-13.49.27:789][  0]LogConfig: Setting CVar [[r.RHICmdBypass:0]]
[2018.12.18-13.49.27:789][  0]LogConfig: Applying CVar settings from Section [/Script/Engine.RendererSettings] File [D:/UnrealEngine/Games/StealthGame/UnrealStealthGame/StealthGame/Saved/Config/Windows/Engine.ini]
[2018.12.18-13.49.27:789][  0]LogConfig: Setting CVar [[r.GPUCrashDebugging:0]]
[2018.12.18-13.49.27:789][  0]LogConfig: Applying CVar settings from Section [/Script/Engine.RendererOverrideSettings] File [D:/UnrealEngine/Games/StealthGame/UnrealStealthGame/StealthGame/Saved/Config/Windows/Engine.ini]
[2018.12.18-13.49.27:789][  0]LogConfig: Applying CVar settings from Section [/Script/Engine.StreamingSettings] File [D:/UnrealEngine/Games/StealthGame/UnrealStealthGame/StealthGame/Saved/Config/Windows/Engine.ini]
[2018.12.18-13.49.27:789][  0]LogConfig: Setting CVar [[s.MinBulkDataSizeForAsyncLoading:131072]]
[2018.12.18-13.49.27:789][  0]LogConfig: Setting CVar [[s.AsyncLoadingThreadEnabled:0]]
[2018.12.18-13.49.27:790][  0]LogConfig: Setting CVar [[s.EventDrivenLoaderEnabled:1]]
[2018.12.18-13.49.27:790][  0]LogConfig: Setting CVar [[s.WarnIfTimeLimitExceeded:0]]
[2018.12.18-13.49.27:790][  0]LogConfig: Setting CVar [[s.TimeLimitExceededMultiplier:1.5]]
[2018.12.18-13.49.27:790][  0]LogConfig: Setting CVar [[s.TimeLimitExceededMinTime:0.005]]
[2018.12.18-13.49.27:790][  0]LogConfig: Setting CVar [[s.UseBackgroundLevelStreaming:1]]
[2018.12.18-13.49.27:790][  0]LogConfig: Setting CVar [[s.PriorityAsyncLoadingExtraTime:15.0]]
[2018.12.18-13.49.27:790][  0]LogConfig: Setting CVar [[s.LevelStreamingActorsUpdateTimeLimit:5.0]]
[2018.12.18-13.49.27:790][  0]LogConfig: Setting CVar [[s.PriorityLevelStreamingActorsUpdateExtraTime:5.0]]
[2018.12.18-13.49.27:790][  0]LogConfig: Setting CVar [[s.LevelStreamingComponentsRegistrationGranularity:10]]
[2018.12.18-13.49.27:790][  0]LogConfig: Setting CVar [[s.UnregisterComponentsTimeLimit:1.0]]
[2018.12.18-13.49.27:790][  0]LogConfig: Setting CVar [[s.LevelStreamingComponentsUnregistrationGranularity:5]]
[2018.12.18-13.49.27:790][  0]LogConfig: Applying CVar settings from Section [/Script/Engine.GarbageCollectionSettings] File [D:/UnrealEngine/Games/StealthGame/UnrealStealthGame/StealthGame/Saved/Config/Windows/Engine.ini]
[2018.12.18-13.49.27:790][  0]LogConfig: Setting CVar [[gc.MaxObjectsNotConsideredByGC:1]]
[2018.12.18-13.49.27:790][  0]LogConfig: Setting CVar [[gc.SizeOfPermanentObjectPool:0]]
[2018.12.18-13.49.27:791][  0]LogConfig: Setting CVar [[gc.FlushStreamingOnGC:0]]
[2018.12.18-13.49.27:791][  0]LogConfig: Setting CVar [[gc.NumRetriesBeforeForcingGC:10]]
[2018.12.18-13.49.27:791][  0]LogConfig: Setting CVar [[gc.AllowParallelGC:1]]
[2018.12.18-13.49.27:791][  0]LogConfig: Setting CVar [[gc.TimeBetweenPurgingPendingKillObjects:61.1]]
[2018.12.18-13.49.27:791][  0]LogConfig: Setting CVar [[gc.MaxObjectsInEditor:8388607]]
[2018.12.18-13.49.27:791][  0]LogConfig: Setting CVar [[gc.IncrementalBeginDestroyEnabled:1]]
[2018.12.18-13.49.27:791][  0]LogConfig: Setting CVar [[gc.CreateGCClusters:1]]
[2018.12.18-13.49.27:791][  0]LogConfig: Setting CVar [[gc.MergeGCClusters:0]]
[2018.12.18-13.49.27:791][  0]LogConfig: Setting CVar [[gc.MinGCClusterSize:5]]
[2018.12.18-13.49.27:791][  0]LogConfig: Setting CVar [[gc.ActorClusteringEnabled:0]]
[2018.12.18-13.49.27:791][  0]LogConfig: Setting CVar [[gc.BlueprintClusteringEnabled:0]]
[2018.12.18-13.49.27:791][  0]LogConfig: Setting CVar [[gc.UseDisregardForGCOnDedicatedServers:0]]
[2018.12.18-13.49.27:791][  0]LogConfig: Applying CVar settings from Section [/Script/Engine.NetworkSettings] File [D:/UnrealEngine/Games/StealthGame/UnrealStealthGame/StealthGame/Saved/Config/Windows/Engine.ini]
[2018.12.18-13.49.27:791][  0]LogConfig: Applying CVar settings from Section [/Script/UnrealEd.CookerSettings] File [D:/UnrealEngine/Games/StealthGame/UnrealStealthGame/StealthGame/Saved/Config/Windows/Engine.ini]
[2018.12.18-13.49.27:806][  0]LogConfig: Applying CVar settings from Section [ViewDistanceQuality@3] File [D:/UnrealEngine/Games/StealthGame/UnrealStealthGame/StealthGame/Saved/Config/Windows/Scalability.ini]
[2018.12.18-13.49.27:806][  0]LogConfig: Setting CVar [[r.SkeletalMeshLODBias:0]]
[2018.12.18-13.49.27:806][  0]LogConfig: Setting CVar [[r.ViewDistanceScale:1.0]]
[2018.12.18-13.49.27:806][  0]LogConfig: Applying CVar settings from Section [AntiAliasingQuality@3] File [D:/UnrealEngine/Games/StealthGame/UnrealStealthGame/StealthGame/Saved/Config/Windows/Scalability.ini]
[2018.12.18-13.49.27:806][  0]LogConfig: Setting CVar [[r.PostProcessAAQuality:4]]
[2018.12.18-13.49.27:806][  0]LogConfig: Applying CVar settings from Section [ShadowQuality@3] File [D:/UnrealEngine/Games/StealthGame/UnrealStealthGame/StealthGame/Saved/Config/Windows/Scalability.ini]
[2018.12.18-13.49.27:806][  0]LogConfig: Setting CVar [[r.LightFunctionQuality:1]]
[2018.12.18-13.49.27:806][  0]LogConfig: Setting CVar [[r.ShadowQuality:5]]
[2018.12.18-13.49.27:806][  0]LogConfig: Setting CVar [[r.Shadow.CSM.MaxCascades:10]]
[2018.12.18-13.49.27:806][  0]LogConfig: Setting CVar [[r.Shadow.MaxResolution:2048]]
[2018.12.18-13.49.27:806][  0]LogConfig: Setting CVar [[r.Shadow.MaxCSMResolution:2048]]
[2018.12.18-13.49.27:807][  0]LogConfig: Setting CVar [[r.Shadow.RadiusThreshold:0.01]]
[2018.12.18-13.49.27:807][  0]LogConfig: Setting CVar [[r.Shadow.DistanceScale:1.0]]
[2018.12.18-13.49.27:807][  0]LogConfig: Setting CVar [[r.Shadow.CSM.TransitionScale:1.0]]
[2018.12.18-13.49.27:807][  0]LogConfig: Setting CVar [[r.Shadow.PreShadowResolutionFactor:1.0]]
[2018.12.18-13.49.27:807][  0]LogConfig: Setting CVar [[r.DistanceFieldShadowing:1]]
[2018.12.18-13.49.27:807][  0]LogConfig: Setting CVar [[r.DistanceFieldAO:1]]
[2018.12.18-13.49.27:807][  0]LogConfig: Setting CVar [[r.AOQuality:2]]
[2018.12.18-13.49.27:807][  0]LogConfig: Setting CVar [[r.VolumetricFog:1]]
[2018.12.18-13.49.27:807][  0]LogConfig: Setting CVar [[r.VolumetricFog.GridPixelSize:8]]
[2018.12.18-13.49.27:807][  0]LogConfig: Setting CVar [[r.VolumetricFog.GridSizeZ:128]]
[2018.12.18-13.49.27:807][  0]LogConfig: Setting CVar [[r.VolumetricFog.HistoryMissSupersampleCount:4]]
[2018.12.18-13.49.27:807][  0]LogConfig: Setting CVar [[r.LightMaxDrawDistanceScale:1]]
[2018.12.18-13.49.27:807][  0]LogConfig: Setting CVar [[r.CapsuleShadows:1]]
[2018.12.18-13.49.27:808][  0]LogConfig: Applying CVar settings from Section [PostProcessQuality@3] File [D:/UnrealEngine/Games/StealthGame/UnrealStealthGame/StealthGame/Saved/Config/Windows/Scalability.ini]
[2018.12.18-13.49.27:808][  0]LogConfig: Setting CVar [[r.MotionBlurQuality:4]]
[2018.12.18-13.49.27:808][  0]LogConfig: Setting CVar [[r.AmbientOcclusionMipLevelFactor:0.4]]
[2018.12.18-13.49.27:808][  0]LogConfig: Setting CVar [[r.AmbientOcclusionMaxQuality:100]]
[2018.12.18-13.49.27:808][  0]LogConfig: Setting CVar [[r.AmbientOcclusionLevels:-1]]
[2018.12.18-13.49.27:808][  0]LogConfig: Setting CVar [[r.AmbientOcclusionRadiusScale:1.0]]
[2018.12.18-13.49.27:808][  0]LogConfig: Setting CVar [[r.DepthOfFieldQuality:2]]
[2018.12.18-13.49.27:808][  0]LogConfig: Setting CVar [[r.RenderTargetPoolMin:400]]
[2018.12.18-13.49.27:808][  0]LogConfig: Setting CVar [[r.LensFlareQuality:2]]
[2018.12.18-13.49.27:808][  0]LogConfig: Setting CVar [[r.SceneColorFringeQuality:1]]
[2018.12.18-13.49.27:808][  0]LogConfig: Setting CVar [[r.EyeAdaptationQuality:2]]
[2018.12.18-13.49.27:808][  0]LogConfig: Setting CVar [[r.BloomQuality:5]]
[2018.12.18-13.49.27:809][  0]LogConfig: Setting CVar [[r.FastBlurThreshold:100]]
[2018.12.18-13.49.27:809][  0]LogConfig: Setting CVar [[r.Upscale.Quality:3]]
[2018.12.18-13.49.27:809][  0]LogConfig: Setting CVar [[r.Tonemapper.GrainQuantization:1]]
[2018.12.18-13.49.27:809][  0]LogConfig: Setting CVar [[r.LightShaftQuality:1]]
[2018.12.18-13.49.27:809][  0]LogConfig: Setting CVar [[r.Filter.SizeScale:1]]
[2018.12.18-13.49.27:809][  0]LogConfig: Setting CVar [[r.Tonemapper.Quality:5]]
[2018.12.18-13.49.27:809][  0]LogConfig: Setting CVar [[r.DOF.Gather.AccumulatorQuality:1        ; higher gathering accumulator quality]]
[2018.12.18-13.49.27:809][  0]LogConfig: Setting CVar [[r.DOF.Gather.PostfilterMethod:1          ; Median3x3 postfilering method]]
[2018.12.18-13.49.27:809][  0]LogConfig: Setting CVar [[r.DOF.Gather.EnableBokehSettings:0       ; no bokeh simulation when gathering]]
[2018.12.18-13.49.27:809][  0]LogConfig: Setting CVar [[r.DOF.Gather.RingCount:4                 ; medium number of samples when gathering]]
[2018.12.18-13.49.27:809][  0]LogConfig: Setting CVar [[r.DOF.Scatter.ForegroundCompositing:1    ; additive foreground scattering]]
[2018.12.18-13.49.27:809][  0]LogConfig: Setting CVar [[r.DOF.Scatter.BackgroundCompositing:2    ; additive background scattering]]
[2018.12.18-13.49.27:810][  0]LogConfig: Setting CVar [[r.DOF.Scatter.EnableBokehSettings:1      ; bokeh simulation when scattering]]
[2018.12.18-13.49.27:810][  0]LogConfig: Setting CVar [[r.DOF.Scatter.MaxSpriteRatio:0.1         ; only a maximum of 10% of scattered bokeh]]
[2018.12.18-13.49.27:810][  0]LogConfig: Setting CVar [[r.DOF.Recombine.Quality:1                ; cheap slight out of focus]]
[2018.12.18-13.49.27:810][  0]LogConfig: Setting CVar [[r.DOF.Recombine.EnableBokehSettings:0    ; no bokeh simulation on slight out of focus]]
[2018.12.18-13.49.27:810][  0]LogConfig: Setting CVar [[r.DOF.TemporalAAQuality:1                ; more stable temporal accumulation]]
[2018.12.18-13.49.27:810][  0]LogConfig: Setting CVar [[r.DOF.Kernel.MaxForegroundRadius:0.025]]
[2018.12.18-13.49.27:810][  0]LogConfig: Setting CVar [[r.DOF.Kernel.MaxBackgroundRadius:0.025]]
[2018.12.18-13.49.27:810][  0]LogConfig: Applying CVar settings from Section [TextureQuality@3] File [D:/UnrealEngine/Games/StealthGame/UnrealStealthGame/StealthGame/Saved/Config/Windows/Scalability.ini]
[2018.12.18-13.49.27:810][  0]LogConfig: Setting CVar [[r.Streaming.MipBias:0]]
[2018.12.18-13.49.27:810][  0]LogConfig: Setting CVar [[r.Streaming.AmortizeCPUToGPUCopy:0]]
[2018.12.18-13.49.27:810][  0]LogConfig: Setting CVar [[r.Streaming.MaxNumTexturesToStreamPerFrame:0]]
[2018.12.18-13.49.27:810][  0]LogConfig: Setting CVar [[r.Streaming.Boost:1]]
[2018.12.18-13.49.27:810][  0]LogConfig: Setting CVar [[r.MaxAnisotropy:8]]
[2018.12.18-13.49.27:810][  0]LogConfig: Setting CVar [[r.Streaming.LimitPoolSizeToVRAM:0]]
[2018.12.18-13.49.27:811][  0]LogConfig: Setting CVar [[r.Streaming.PoolSize:1000]]
[2018.12.18-13.49.27:811][  0]LogConfig: Setting CVar [[r.Streaming.MaxEffectiveScreenSize:0]]
[2018.12.18-13.49.27:811][  0]LogConfig: Applying CVar settings from Section [EffectsQuality@3] File [D:/UnrealEngine/Games/StealthGame/UnrealStealthGame/StealthGame/Saved/Config/Windows/Scalability.ini]
[2018.12.18-13.49.27:811][  0]LogConfig: Setting CVar [[r.TranslucencyLightingVolumeDim:64]]
[2018.12.18-13.49.27:811][  0]LogConfig: Setting CVar [[r.RefractionQuality:2]]
[2018.12.18-13.49.27:811][  0]LogConfig: Setting CVar [[r.SSR.Quality:3]]
[2018.12.18-13.49.27:811][  0]LogConfig: Setting CVar [[r.SceneColorFormat:4]]
[2018.12.18-13.49.27:811][  0]LogConfig: Setting CVar [[r.DetailMode:2]]
[2018.12.18-13.49.27:811][  0]LogConfig: Setting CVar [[r.TranslucencyVolumeBlur:1]]
[2018.12.18-13.49.27:811][  0]LogConfig: Setting CVar [[r.MaterialQualityLevel:1 ; High quality]]
[2018.12.18-13.49.27:811][  0]LogConfig: Setting CVar [[r.SSS.Scale:1]]
[2018.12.18-13.49.27:811][  0]LogConfig: Setting CVar [[r.SSS.SampleSet:2]]
[2018.12.18-13.49.27:811][  0]LogConfig: Setting CVar [[r.SSS.Quality:1]]
[2018.12.18-13.49.27:812][  0]LogConfig: Setting CVar [[r.SSS.HalfRes:1]]
[2018.12.18-13.49.27:812][  0]LogConfig: Setting CVar [[r.EmitterSpawnRateScale:1.0]]
[2018.12.18-13.49.27:812][  0]LogConfig: Setting CVar [[r.ParticleLightQuality:2]]
[2018.12.18-13.49.27:812][  0]LogConfig: Applying CVar settings from Section [FoliageQuality@3] File [D:/UnrealEngine/Games/StealthGame/UnrealStealthGame/StealthGame/Saved/Config/Windows/Scalability.ini]
[2018.12.18-13.49.27:812][  0]LogConfig: Setting CVar [[foliage.DensityScale:1.0]]
[2018.12.18-13.49.27:812][  0]LogConfig: Setting CVar [[grass.DensityScale:1.0]]
[2018.12.18-13.49.27:812][  0]LogInit: Selected Device Profile: [Windows]
[2018.12.18-13.49.27:812][  0]LogInit: Applying CVar settings loaded from the selected device profile: [Windows]
[2018.12.18-13.49.27:820][  0]LogHAL: Display: Platform has ~ 16 GB [17112002560 / 17179869184 / 16], which maps to Larger [LargestMinGB=32, LargerMinGB=12, DefaultMinGB=8, SmallerMinGB=6, SmallestMinGB=0)
[2018.12.18-13.49.27:820][  0]LogConfig: Setting CVar [[r.Vulkan.UseRealUBs:1]]
[2018.12.18-13.49.27:820][  0]LogInit: Going up to parent DeviceProfile []
[2018.12.18-13.49.27:820][  0]LogConfig: Applying CVar settings from Section [ViewDistanceQuality@3] File [D:/UnrealEngine/Games/StealthGame/UnrealStealthGame/StealthGame/Saved/Config/Windows/Scalability.ini]
[2018.12.18-13.49.27:820][  0]LogConfig: Setting CVar [[r.SkeletalMeshLODBias:0]]
[2018.12.18-13.49.27:820][  0]LogConfig: Setting CVar [[r.ViewDistanceScale:1.0]]
[2018.12.18-13.49.27:820][  0]LogConfig: Applying CVar settings from Section [AntiAliasingQuality@3] File [D:/UnrealEngine/Games/StealthGame/UnrealStealthGame/StealthGame/Saved/Config/Windows/Scalability.ini]
[2018.12.18-13.49.27:820][  0]LogConfig: Setting CVar [[r.PostProcessAAQuality:4]]
[2018.12.18-13.49.27:821][  0]LogConfig: Applying CVar settings from Section [ShadowQuality@3] File [D:/UnrealEngine/Games/StealthGame/UnrealStealthGame/StealthGame/Saved/Config/Windows/Scalability.ini]
[2018.12.18-13.49.27:821][  0]LogConfig: Setting CVar [[r.LightFunctionQuality:1]]
[2018.12.18-13.49.27:821][  0]LogConfig: Setting CVar [[r.ShadowQuality:5]]
[2018.12.18-13.49.27:821][  0]LogConfig: Setting CVar [[r.Shadow.CSM.MaxCascades:10]]
[2018.12.18-13.49.27:821][  0]LogConfig: Setting CVar [[r.Shadow.MaxResolution:2048]]
[2018.12.18-13.49.27:821][  0]LogConfig: Setting CVar [[r.Shadow.MaxCSMResolution:2048]]
[2018.12.18-13.49.27:821][  0]LogConfig: Setting CVar [[r.Shadow.RadiusThreshold:0.01]]
[2018.12.18-13.49.27:821][  0]LogConfig: Setting CVar [[r.Shadow.DistanceScale:1.0]]
[2018.12.18-13.49.27:821][  0]LogConfig: Setting CVar [[r.Shadow.CSM.TransitionScale:1.0]]
[2018.12.18-13.49.27:821][  0]LogConfig: Setting CVar [[r.Shadow.PreShadowResolutionFactor:1.0]]
[2018.12.18-13.49.27:821][  0]LogConfig: Setting CVar [[r.DistanceFieldShadowing:1]]
[2018.12.18-13.49.27:822][  0]LogConfig: Setting CVar [[r.DistanceFieldAO:1]]
[2018.12.18-13.49.27:822][  0]LogConfig: Setting CVar [[r.AOQuality:2]]
[2018.12.18-13.49.27:822][  0]LogConfig: Setting CVar [[r.VolumetricFog:1]]
[2018.12.18-13.49.27:822][  0]LogConfig: Setting CVar [[r.VolumetricFog.GridPixelSize:8]]
[2018.12.18-13.49.27:822][  0]LogConfig: Setting CVar [[r.VolumetricFog.GridSizeZ:128]]
[2018.12.18-13.49.27:822][  0]LogConfig: Setting CVar [[r.VolumetricFog.HistoryMissSupersampleCount:4]]
[2018.12.18-13.49.27:822][  0]LogConfig: Setting CVar [[r.LightMaxDrawDistanceScale:1]]
[2018.12.18-13.49.27:822][  0]LogConfig: Setting CVar [[r.CapsuleShadows:1]]
[2018.12.18-13.49.27:822][  0]LogConfig: Applying CVar settings from Section [PostProcessQuality@3] File [D:/UnrealEngine/Games/StealthGame/UnrealStealthGame/StealthGame/Saved/Config/Windows/Scalability.ini]
[2018.12.18-13.49.27:822][  0]LogConfig: Setting CVar [[r.MotionBlurQuality:4]]
[2018.12.18-13.49.27:822][  0]LogConfig: Setting CVar [[r.AmbientOcclusionMipLevelFactor:0.4]]
[2018.12.18-13.49.27:822][  0]LogConfig: Setting CVar [[r.AmbientOcclusionMaxQuality:100]]
[2018.12.18-13.49.27:822][  0]LogConfig: Setting CVar [[r.AmbientOcclusionLevels:-1]]
[2018.12.18-13.49.27:822][  0]LogConfig: Setting CVar [[r.AmbientOcclusionRadiusScale:1.0]]
[2018.12.18-13.49.27:823][  0]LogConfig: Setting CVar [[r.DepthOfFieldQuality:2]]
[2018.12.18-13.49.27:823][  0]LogConfig: Setting CVar [[r.RenderTargetPoolMin:400]]
[2018.12.18-13.49.27:823][  0]LogConfig: Setting CVar [[r.LensFlareQuality:2]]
[2018.12.18-13.49.27:823][  0]LogConfig: Setting CVar [[r.SceneColorFringeQuality:1]]
[2018.12.18-13.49.27:823][  0]LogConfig: Setting CVar [[r.EyeAdaptationQuality:2]]
[2018.12.18-13.49.27:823][  0]LogConfig: Setting CVar [[r.BloomQuality:5]]
[2018.12.18-13.49.27:823][  0]LogConfig: Setting CVar [[r.FastBlurThreshold:100]]
[2018.12.18-13.49.27:823][  0]LogConfig: Setting CVar [[r.Upscale.Quality:3]]
[2018.12.18-13.49.27:823][  0]LogConfig: Setting CVar [[r.Tonemapper.GrainQuantization:1]]
[2018.12.18-13.49.27:823][  0]LogConfig: Setting CVar [[r.LightShaftQuality:1]]
[2018.12.18-13.49.27:823][  0]LogConfig: Setting CVar [[r.Filter.SizeScale:1]]
[2018.12.18-13.49.27:823][  0]LogConfig: Setting CVar [[r.Tonemapper.Quality:5]]
[2018.12.18-13.49.27:823][  0]LogConfig: Setting CVar [[r.DOF.Gather.AccumulatorQuality:1        ; higher gathering accumulator quality]]
[2018.12.18-13.49.27:824][  0]LogConfig: Setting CVar [[r.DOF.Gather.PostfilterMethod:1          ; Median3x3 postfilering method]]
[2018.12.18-13.49.27:824][  0]LogConfig: Setting CVar [[r.DOF.Gather.EnableBokehSettings:0       ; no bokeh simulation when gathering]]
[2018.12.18-13.49.27:824][  0]LogConfig: Setting CVar [[r.DOF.Gather.RingCount:4                 ; medium number of samples when gathering]]
[2018.12.18-13.49.27:824][  0]LogConfig: Setting CVar [[r.DOF.Scatter.ForegroundCompositing:1    ; additive foreground scattering]]
[2018.12.18-13.49.27:824][  0]LogConfig: Setting CVar [[r.DOF.Scatter.BackgroundCompositing:2    ; additive background scattering]]
[2018.12.18-13.49.27:824][  0]LogConfig: Setting CVar [[r.DOF.Scatter.EnableBokehSettings:1      ; bokeh simulation when scattering]]
[2018.12.18-13.49.27:824][  0]LogConfig: Setting CVar [[r.DOF.Scatter.MaxSpriteRatio:0.1         ; only a maximum of 10% of scattered bokeh]]
[2018.12.18-13.49.27:824][  0]LogConfig: Setting CVar [[r.DOF.Recombine.Quality:1                ; cheap slight out of focus]]
[2018.12.18-13.49.27:824][  0]LogConfig: Setting CVar [[r.DOF.Recombine.EnableBokehSettings:0    ; no bokeh simulation on slight out of focus]]
[2018.12.18-13.49.27:824][  0]LogConfig: Setting CVar [[r.DOF.TemporalAAQuality:1                ; more stable temporal accumulation]]
[2018.12.18-13.49.27:824][  0]LogConfig: Setting CVar [[r.DOF.Kernel.MaxForegroundRadius:0.025]]
[2018.12.18-13.49.27:824][  0]LogConfig: Setting CVar [[r.DOF.Kernel.MaxBackgroundRadius:0.025]]
[2018.12.18-13.49.27:824][  0]LogConfig: Applying CVar settings from Section [TextureQuality@3] File [D:/UnrealEngine/Games/StealthGame/UnrealStealthGame/StealthGame/Saved/Config/Windows/Scalability.ini]
[2018.12.18-13.49.27:824][  0]LogConfig: Setting CVar [[r.Streaming.MipBias:0]]
[2018.12.18-13.49.27:824][  0]LogConfig: Setting CVar [[r.Streaming.AmortizeCPUToGPUCopy:0]]
[2018.12.18-13.49.27:825][  0]LogConfig: Setting CVar [[r.Streaming.MaxNumTexturesToStreamPerFrame:0]]
[2018.12.18-13.49.27:825][  0]LogConfig: Setting CVar [[r.Streaming.Boost:1]]
[2018.12.18-13.49.27:825][  0]LogConfig: Setting CVar [[r.MaxAnisotropy:8]]
[2018.12.18-13.49.27:825][  0]LogConfig: Setting CVar [[r.Streaming.LimitPoolSizeToVRAM:0]]
[2018.12.18-13.49.27:825][  0]LogConfig: Setting CVar [[r.Streaming.PoolSize:1000]]
[2018.12.18-13.49.27:825][  0]LogConfig: Setting CVar [[r.Streaming.MaxEffectiveScreenSize:0]]
[2018.12.18-13.49.27:825][  0]LogConfig: Applying CVar settings from Section [EffectsQuality@3] File [D:/UnrealEngine/Games/StealthGame/UnrealStealthGame/StealthGame/Saved/Config/Windows/Scalability.ini]
[2018.12.18-13.49.27:825][  0]LogConfig: Setting CVar [[r.TranslucencyLightingVolumeDim:64]]
[2018.12.18-13.49.27:825][  0]LogConfig: Setting CVar [[r.RefractionQuality:2]]
[2018.12.18-13.49.27:825][  0]LogConfig: Setting CVar [[r.SSR.Quality:3]]
[2018.12.18-13.49.27:825][  0]LogConfig: Setting CVar [[r.SceneColorFormat:4]]
[2018.12.18-13.49.27:825][  0]LogConfig: Setting CVar [[r.DetailMode:2]]
[2018.12.18-13.49.27:825][  0]LogConfig: Setting CVar [[r.TranslucencyVolumeBlur:1]]
[2018.12.18-13.49.27:826][  0]LogConfig: Setting CVar [[r.MaterialQualityLevel:1 ; High quality]]
[2018.12.18-13.49.27:826][  0]LogConfig: Setting CVar [[r.SSS.Scale:1]]
[2018.12.18-13.49.27:826][  0]LogConfig: Setting CVar [[r.SSS.SampleSet:2]]
[2018.12.18-13.49.27:826][  0]LogConfig: Setting CVar [[r.SSS.Quality:1]]
[2018.12.18-13.49.27:826][  0]LogConfig: Setting CVar [[r.SSS.HalfRes:1]]
[2018.12.18-13.49.27:826][  0]LogConfig: Setting CVar [[r.EmitterSpawnRateScale:1.0]]
[2018.12.18-13.49.27:826][  0]LogConfig: Setting CVar [[r.ParticleLightQuality:2]]
[2018.12.18-13.49.27:826][  0]LogConfig: Applying CVar settings from Section [FoliageQuality@3] File [D:/UnrealEngine/Games/StealthGame/UnrealStealthGame/StealthGame/Saved/Config/Windows/Scalability.ini]
[2018.12.18-13.49.27:826][  0]LogConfig: Setting CVar [[foliage.DensityScale:1.0]]
[2018.12.18-13.49.27:826][  0]LogConfig: Setting CVar [[grass.DensityScale:1.0]]
[2018.12.18-13.49.27:826][  0]LogConfig: Applying CVar settings from Section [Startup] File [../../../Engine/Config/ConsoleVariables.ini]
[2018.12.18-13.49.27:827][  0]LogConfig: Setting CVar [[net.UseAdaptiveNetUpdateFrequency:0]]
[2018.12.18-13.49.27:827][  0]LogConfig: Applying CVar settings from Section [ConsoleVariables] File [D:/UnrealEngine/Games/StealthGame/UnrealStealthGame/StealthGame/Saved/Config/Windows/Engine.ini]
[2018.12.18-13.49.27:827][  0]LogInit: Computer: GG00001
[2018.12.18-13.49.27:827][  0]LogInit: User: oibikunle
[2018.12.18-13.49.27:827][  0]LogInit: CPU Page size=4096, Cores=6
[2018.12.18-13.49.27:827][  0]LogInit: High frequency timer resolution =10.000000 MHz
[2018.12.18-13.49.27:827][  0]LogMemory: Memory total: Physical=15.9GB (16GB approx)
[2018.12.18-13.49.27:827][  0]LogMemory: Platform Memory Stats for Windows
[2018.12.18-13.49.27:827][  0]LogMemory: Process Physical Memory: 103.57 MB used, 103.57 MB peak
[2018.12.18-13.49.27:827][  0]LogMemory: Process Virtual Memory: 86.24 MB used, 86.24 MB peak
[2018.12.18-13.49.27:828][  0]LogMemory: Physical Memory: 9582.27 MB used,  6737.01 MB free, 16319.28 MB total
[2018.12.18-13.49.27:828][  0]LogMemory: Virtual Memory: 4660.11 MB used,  134213064.00 MB free, 134217728.00 MB total
[2018.12.18-13.49.27:956][  0]LogInit: Using OS detected language (en-GB).
[2018.12.18-13.49.27:956][  0]LogInit: Using OS detected locale (en-GB).
[2018.12.18-13.49.27:957][  0]LogTextLocalizationManager: No specific localization for 'en-GB' exists, so the 'en' localization will be used.
[2018.12.18-13.49.28:250][  0]LogStreaming: Display: Took  0.294s to InitEngineTextLocalization.
[2018.12.18-13.49.28:250][  0]LogInit: Setting process to per monitor DPI aware
[2018.12.18-13.49.28:298][  0]LogSlate: New Slate User Created.  User Index 0, Is Virtual User: 0
[2018.12.18-13.49.28:298][  0]LogSlate: Slate User Registered.  User Index 0, Is Virtual User: 0
[2018.12.18-13.49.28:687][  0]LogHMD: Failed to initialize OpenVR with code 110
[2018.12.18-13.49.28:687][  0]LogD3D11RHI: D3D11 adapters:
[2018.12.18-13.49.28:750][  0]LogD3D11RHI:    0. 'NVIDIA GeForce GTX 1050 Ti' (Feature Level 11_0)
[2018.12.18-13.49.28:750][  0]LogD3D11RHI:       4018/0/8159 MB DedicatedVideo/DedicatedSystem/SharedSystem, Outputs:3, VendorId:0x10de
[2018.12.18-13.49.28:754][  0]LogD3D11RHI:    1. 'Microsoft Basic Render Driver' (Feature Level 11_0)
[2018.12.18-13.49.28:754][  0]LogD3D11RHI:       0/0/8159 MB DedicatedVideo/DedicatedSystem/SharedSystem, Outputs:0, VendorId:0x1414
[2018.12.18-13.49.28:754][  0]LogD3D11RHI: Chosen D3D11 Adapter: 0
[2018.12.18-13.49.28:763][  0]LogD3D11RHI: Creating new Direct3DDevice
[2018.12.18-13.49.28:763][  0]LogD3D11RHI:     GPU DeviceId: 0x1c82 (for the marketing name, search the web for "GPU Device Id")
[2018.12.18-13.49.28:763][  0]LogWindows: EnumDisplayDevices:
[2018.12.18-13.49.28:763][  0]LogWindows:    0. 'NVIDIA GeForce GTX 1050 Ti' (P:0 D:1)
[2018.12.18-13.49.28:763][  0]LogWindows:    1. 'NVIDIA GeForce GTX 1050 Ti' (P:0 D:1)
[2018.12.18-13.49.28:764][  0]LogWindows:    2. 'NVIDIA GeForce GTX 1050 Ti' (P:1 D:1)
[2018.12.18-13.49.28:764][  0]LogWindows:    3. 'NVIDIA GeForce GTX 1050 Ti' (P:0 D:0)
[2018.12.18-13.49.28:764][  0]LogWindows: DebugString: FoundDriverCount:4 
[2018.12.18-13.49.28:764][  0]LogD3D11RHI:     Adapter Name: NVIDIA GeForce GTX 1050 Ti
[2018.12.18-13.49.28:764][  0]LogD3D11RHI:   Driver Version: 417.22 (internal:25.21.14.1722, unified:417.22)
[2018.12.18-13.49.28:764][  0]LogD3D11RHI:      Driver Date: 11-29-2018
[2018.12.18-13.49.28:764][  0]LogRHI: Texture pool is 2812 MB (70% of 4018 MB)
[2018.12.18-13.49.28:804][  0]LogD3D11RHI: Async texture creation enabled
[2018.12.18-13.49.28:822][  0]LogD3D11RHI: GPU Timing Frequency: 1000.000000 (Debug: 2 2)
[2018.12.18-13.49.29:088][  0]LogTemp: Display: Loaded TP AllDesktopTargetPlatform
[2018.12.18-13.49.29:106][  0]LogTemp: Display: Loaded TP MacClientTargetPlatform
[2018.12.18-13.49.29:118][  0]LogTemp: Display: Loaded TP MacNoEditorTargetPlatform
[2018.12.18-13.49.29:129][  0]LogTemp: Display: Loaded TP MacServerTargetPlatform
[2018.12.18-13.49.29:141][  0]LogTemp: Display: Loaded TP MacTargetPlatform
[2018.12.18-13.49.29:152][  0]LogTemp: Display: Loaded TP WindowsClientTargetPlatform
[2018.12.18-13.49.29:170][  0]LogTemp: Display: Loaded TP WindowsNoEditorTargetPlatform
[2018.12.18-13.49.29:181][  0]LogTemp: Display: Loaded TP WindowsServerTargetPlatform
[2018.12.18-13.49.29:187][  0]LogTemp: Display: Loaded TP WindowsTargetPlatform
[2018.12.18-13.49.29:252][  0]LogTemp: Display: Loaded TP AndroidTargetPlatform
[2018.12.18-13.49.29:253][  0]LogTemp: Display: Loaded TP AndroidTargetPlatform
[2018.12.18-13.49.29:253][  0]LogTemp: Display: Loaded TP AndroidTargetPlatform
[2018.12.18-13.49.29:253][  0]LogTemp: Display: Loaded TP AndroidTargetPlatform
[2018.12.18-13.49.29:253][  0]LogTemp: Display: Loaded TP AndroidTargetPlatform
[2018.12.18-13.49.29:253][  0]LogTemp: Display: Loaded TP AndroidTargetPlatform
[2018.12.18-13.49.29:253][  0]LogTemp: Display: Loaded TP AndroidTargetPlatform
[2018.12.18-13.49.29:253][  0]LogTemp: Display: Loaded TP AndroidTargetPlatform
[2018.12.18-13.49.29:253][  0]LogTemp: Display: Loaded TP AndroidTargetPlatform
[2018.12.18-13.49.29:253][  0]LogTemp: Display: Loaded TP AndroidTargetPlatform
[2018.12.18-13.49.29:253][  0]LogTemp: Display: Loaded TP AndroidTargetPlatform
[2018.12.18-13.49.29:253][  0]LogTemp: Display: Loaded TP AndroidTargetPlatform
[2018.12.18-13.49.29:254][  0]LogTemp: Display: Loaded TP AndroidTargetPlatform
[2018.12.18-13.49.29:254][  0]LogTemp: Display: Loaded TP AndroidTargetPlatform
[2018.12.18-13.49.29:254][  0]LogTemp: Display: Loaded TP AndroidTargetPlatform
[2018.12.18-13.49.29:254][  0]LogTemp: Display: Loaded TP AndroidTargetPlatform
[2018.12.18-13.49.29:254][  0]LogTemp: Display: Loaded TP AndroidTargetPlatform
[2018.12.18-13.49.29:254][  0]LogTemp: Display: Loaded TP AndroidTargetPlatform
[2018.12.18-13.49.29:257][  0]LogTemp: Display: Loaded TP HTML5TargetPlatform
[2018.12.18-13.49.29:320][  0]LogTemp: Display: Loaded TP IOSTargetPlatform
[2018.12.18-13.49.29:320][  0]LogTemp: Display: Loaded TP IOSTargetPlatform
[2018.12.18-13.49.29:345][  0]LogTemp: Display: Loaded TP TVOSTargetPlatform
[2018.12.18-13.49.29:345][  0]LogTemp: Display: Loaded TP TVOSTargetPlatform
[2018.12.18-13.49.29:356][  0]LogTemp: Display: Loaded TP LinuxClientTargetPlatform
[2018.12.18-13.49.29:368][  0]LogTemp: Display: Loaded TP LinuxNoEditorTargetPlatform
[2018.12.18-13.49.29:379][  0]LogTemp: Display: Loaded TP LinuxServerTargetPlatform
[2018.12.18-13.49.29:391][  0]LogTemp: Display: Loaded TP LinuxTargetPlatform
[2018.12.18-13.49.29:429][  0]LogTemp: Display: Loaded TP LuminTargetPlatform
[2018.12.18-13.49.29:429][  0]LogTemp: Display: Loaded TP LuminTargetPlatform
[2018.12.18-13.49.29:429][  0]LogTargetPlatformManager: Display: Building Assets For Windows
[2018.12.18-13.49.29:523][  0]LogShaderCompilers: Guid format shader working directory is -13 characters bigger than the processId version (../../../../../Games/StealthGame/UnrealStealthGame/StealthGame/Intermediate/Shaders/WorkingDirectory/51228/).
[2018.12.18-13.49.29:523][  0]LogShaderCompilers: Cleaned the shader compiler working directory 'C:/Users/oibikunle/AppData/Local/Temp/UnrealShaderWorkingDir/DDC54996494F64E46B4C7EA6CADF5664/'.
[2018.12.18-13.49.29:524][  0]LogXGEController: Cleaning working directory: C:/Users/oibikunle/AppData/Local/Temp/UnrealXGEWorkingDir/
[2018.12.18-13.49.29:525][  0]LogXGEController: Cannot use XGE Controller as Incredibuild is not installed on this machine.
[2018.12.18-13.49.29:525][  0]LogShaderCompilers: Cannot use XGE Shader Compiler as Incredibuild is not installed on this machine.
[2018.12.18-13.49.29:525][  0]LogShaderCompilers: Display: Using Local Shader Compiler.
[2018.12.18-13.49.29:978][  0]LogDerivedDataCache: Display: Max Cache Size: 512 MB
[2018.12.18-13.49.30:017][  0]LogDerivedDataCache: Loaded boot cache 0.04s 73MB C:/Users/oibikunle/AppData/Local/UnrealEngine/4.21/DerivedDataCache/Boot.ddc.
[2018.12.18-13.49.30:017][  0]LogDerivedDataCache: Display: Loaded Boot cache: C:/Users/oibikunle/AppData/Local/UnrealEngine/4.21/DerivedDataCache/Boot.ddc
[2018.12.18-13.49.30:017][  0]LogDerivedDataCache: FDerivedDataBackendGraph:  Pak pak cache file ../../../../../Games/StealthGame/UnrealStealthGame/StealthGame/DerivedDataCache/DDC.ddp not found, will not use a pak cache.
[2018.12.18-13.49.30:017][  0]LogDerivedDataCache: Unable to find inner node Pak for hierarchical cache Hierarchy.
[2018.12.18-13.49.30:018][  0]LogDerivedDataCache: FDerivedDataBackendGraph:  CompressedPak pak cache file ../../../../../Games/StealthGame/UnrealStealthGame/StealthGame/DerivedDataCache/Compressed.ddp not found, will not use a pak cache.
[2018.12.18-13.49.30:018][  0]LogDerivedDataCache: Unable to find inner node CompressedPak for hierarchical cache Hierarchy.
[2018.12.18-13.49.30:028][  0]LogDerivedDataCache: Display: Pak cache opened for reading ../../../Engine/DerivedDataCache/Compressed.ddp.
[2018.12.18-13.49.30:028][  0]LogDerivedDataCache: FDerivedDataBackendGraph:  EnterprisePak pak cache file ../../../Enterprise/DerivedDataCache/Compressed.ddp not found, will not use a pak cache.
[2018.12.18-13.49.30:028][  0]LogDerivedDataCache: Unable to find inner node EnterprisePak for hierarchical cache Hierarchy.
[2018.12.18-13.49.30:040][  0]LogDerivedDataCache: Using Local data cache path C:/Users/oibikunle/AppData/Local/UnrealEngine/Common/DerivedDataCache: Writable
[2018.12.18-13.49.30:040][  0]LogDerivedDataCache: Shared data cache path not found in *engine.ini, will not use an Shared cache.
[2018.12.18-13.49.30:040][  0]LogDerivedDataCache: Unable to find inner node Shared for hierarchical cache Hierarchy.
[2018.12.18-13.49.30:058][  0]LogMaterial: Verifying Global Shaders for PCD3D_SM5
[2018.12.18-13.49.30:059][  0]LogSlate: Using FreeType 2.6.0
[2018.12.18-13.49.30:060][  0]LogSlate: SlateFontServices - WITH_FREETYPE: 1, WITH_HARFBUZZ: 1
[2018.12.18-13.49.30:163][  0]LogAssetRegistry: FAssetRegistry took 0.0328 seconds to start up
[2018.12.18-13.49.30:405][  0]LogInit: Selected Device Profile: [Windows]
[2018.12.18-13.49.30:483][  0]LogSimplygon: Simplygon DLL not present - disabling.
[2018.12.18-13.49.30:490][  0]LogMeshReduction: Using SimplygonSwarm for distributed automatic mesh merging
[2018.12.18-13.49.30:490][  0]LogMeshReduction: Using ProxyLODMeshReduction for automatic mesh merging
[2018.12.18-13.49.30:490][  0]LogMeshReduction: Using QuadricMeshReduction for automatic static mesh reduction
[2018.12.18-13.49.30:490][  0]LogMeshReduction: No automatic skeletal mesh reduction module available
[2018.12.18-13.49.30:565][  0]LogNetVersion: FPSGame 1.0.0, NetCL: 4541578, EngineNetVer: 5, GameNetVer: 0 (Checksum: 267577011)
[2018.12.18-13.49.31:053][  0]LogPackageLocalizationCache: Processed 11 localized package path(s) for 2 prioritized culture(s) in 0.081233 seconds
[2018.12.18-13.49.31:058][  0]LogUObjectArray: 39775 objects as part of root set at end of initial load.
[2018.12.18-13.49.31:058][  0]LogUObjectAllocator: 6914656 out of 0 bytes used by permanent object pool.
[2018.12.18-13.49.31:058][  0]LogUObjectArray: CloseDisregardForGC: 0/0 objects in disregard for GC pool
[2018.12.18-13.49.32:108][  0]LogTcpMessaging: Initializing TcpMessaging bridge
[2018.12.18-13.49.32:125][  0]LogUdpMessaging: Initializing bridge on interface 0.0.0.0:0 to multicast group 230.0.0.1:6666.
[2018.12.18-13.49.33:128][  0]SourceControl: Source control is disabled
[2018.12.18-13.49.33:128][  0]SourceControl: Source control is disabled
[2018.12.18-13.49.33:131][  0]SourceControl: Source control is disabled
[2018.12.18-13.49.33:135][  0]SourceControl: Source control is disabled
[2018.12.18-13.49.33:378][  0]LogAndroidPermission: UAndroidPermissionCallbackProxy::GetInstance
[2018.12.18-13.49.33:481][  0]LogOcInput: OculusInput pre-init called
[2018.12.18-13.49.33:621][  0]LogEngine: Initializing Engine...
[2018.12.18-13.49.33:622][  0]LogHMD: Failed to initialize OpenVR with code 110
[2018.12.18-13.49.33:623][  0]LogStats: UGameplayTagsManager::ConstructGameplayTagTree: ImportINI prefixes -  0.000 s
[2018.12.18-13.49.33:623][  0]LogStats: UGameplayTagsManager::ConstructGameplayTagTree: Construct from data asset -  0.000 s
[2018.12.18-13.49.33:624][  0]LogStats: UGameplayTagsManager::ConstructGameplayTagTree: ImportINI -  0.000 s
[2018.12.18-13.49.33:624][  0]LogStats: UGameplayTagsManager::ConstructGameplayTagTree: GameplayTagTreeChangedEvent.Broadcast -  0.000 s
[2018.12.18-13.49.33:827][  0]LogInit: Initializing FReadOnlyCVARCache
[2018.12.18-13.49.33:844][  0]LogAIModule: Creating AISystem for world Untitled
[2018.12.18-13.49.33:904][  0]LogInit: XAudio2 using 'Speakers (2- USB Audio Device)' : 2 channels at 48 kHz using 16 bits per sample (channel mask 0x3)
[2018.12.18-13.49.33:923][  0]LogInit: FAudioDevice initialized.
[2018.12.18-13.49.33:923][  0]LogNetVersion: Set ProjectVersion to 1.0.0.0. Version Checksum will be recalculated on next use.
[2018.12.18-13.49.33:961][  0]LogDerivedDataCache: Saved boot cache 0.04s 73MB C:/Users/oibikunle/AppData/Local/UnrealEngine/4.21/DerivedDataCache/Boot.ddc.
[2018.12.18-13.49.33:962][  0]LogInit: Texture streaming: Enabled
[2018.12.18-13.49.33:983][  0]LogEngineSessionManager: EngineSessionManager initialized
[2018.12.18-13.49.33:990][  0]LogInit: Transaction tracking system initialized
[2018.12.18-13.49.34:017][  0]BlueprintLog: New page: Editor Load
[2018.12.18-13.49.34:152][  0]LocalizationService: Localization service is disabled
[2018.12.18-13.49.34:592][  0]LogFileCache: Scanning file cache for directory 'D:/UnrealEngine/Games/StealthGame/UnrealStealthGame/StealthGame/Content/' took 0.02s
[2018.12.18-13.49.34:592][  0]LogCook: Display: Max memory allowance for cook 16384mb min free memory 0mb
[2018.12.18-13.49.34:593][  0]LogCook: Display: Mobile HDR setting 1
[2018.12.18-13.49.34:593][  0]LogGameplayTags: Display: UGameplayTagsManager::DoneAddingNativeTags. DelegateIsBound: 0
[2018.12.18-13.49.34:593][  0]LogStats: UGameplayTagsManager::ConstructGameplayTagTree: ImportINI prefixes -  0.000 s
[2018.12.18-13.49.34:593][  0]LogStats: UGameplayTagsManager::ConstructGameplayTagTree: Construct from data asset -  0.000 s
[2018.12.18-13.49.34:594][  0]LogStats: UGameplayTagsManager::ConstructGameplayTagTree: ImportINI -  0.000 s
[2018.12.18-13.49.34:594][  0]LogStats: UGameplayTagsManager::ConstructGameplayTagTree: GameplayTagTreeChangedEvent.Broadcast -  0.000 s
[2018.12.18-13.49.34:787][  0]SourceControl: Source control is disabled
[2018.12.18-13.49.34:787][  0]Cmd: MAP LOAD FILE="../../../../../Games/StealthGame/UnrealStealthGame/StealthGame/Content/Maps/FirstPersonExampleMap.umap" TEMPLATE=0 SHOWPROGRESS=1 FEATURELEVEL=3
[2018.12.18-13.49.34:787][  0]LightingResults: New page: Lighting Build
[2018.12.18-13.49.34:789][  0]MapCheck: New page: Map Check
[2018.12.18-13.49.34:789][  0]LightingResults: New page: Lighting Build
[2018.12.18-13.49.35:039][  0]LogAIModule: Creating AISystem for world FirstPersonExampleMap
[2018.12.18-13.49.35:051][  0]LogEditorServer: Finished looking for orphan Actors (0.000 secs)
[2018.12.18-13.49.35:072][  0]Cmd: MAP CHECKDEP NOCLEARLOG
[2018.12.18-13.49.35:072][  0]MapCheck: Map check complete: 0 Error(s), 0 Warning(s), took 0.097ms to complete.
[2018.12.18-13.49.35:072][  0]LogFileHelpers: Loading map 'FirstPersonExampleMap' took 0.285
[2018.12.18-13.49.35:191][  0]LogSlate: Updating window title bar state: overlay mode, drag disabled, window buttons hidden, title bar hidden
[2018.12.18-13.49.35:198][  0]LogSlate: Updating window title bar state: overlay mode, drag disabled, window buttons hidden, title bar hidden
[2018.12.18-13.49.35:203][  0]LogSlate: Updating window title bar state: overlay mode, drag disabled, window buttons hidden, title bar hidden
[2018.12.18-13.49.35:209][  0]LogSlate: Updating window title bar state: overlay mode, drag disabled, window buttons hidden, title bar hidden
[2018.12.18-13.49.35:215][  0]LogCollectionManager: Loaded 0 collections in 0.000765 seconds
[2018.12.18-13.49.35:259][  0]LogFileCache: Scanning file cache for directory 'D:/UnrealEngine/Games/StealthGame/UnrealStealthGame/StealthGame/Saved/Collections/' took 0.01s
[2018.12.18-13.49.35:259][  0]LogFileCache: Scanning file cache for directory 'D:/UnrealEngine/Games/StealthGame/UnrealStealthGame/StealthGame/Content/Developers/oibikunle/Collections/' took 0.01s
[2018.12.18-13.49.35:259][  0]LogFileCache: Scanning file cache for directory 'D:/UnrealEngine/Games/StealthGame/UnrealStealthGame/StealthGame/Content/Collections/' took 0.01s
[2018.12.18-13.49.35:259][  0]LogCollectionManager: Rebuilt the GUID cache for 0 collections in 0.000000 seconds
[2018.12.18-13.49.35:267][  0]LogContentBrowser: Native class hierarchy populated in 0.0073 seconds. Added 2660 classes and 624 folders.
[2018.12.18-13.49.35:271][  0]LogContentBrowser: Native class hierarchy updated for 'WidgetCarousel' in 0.0003 seconds. Added 0 classes and 0 folders.
[2018.12.18-13.49.35:273][  0]LogPakFile: Registered encryption key '00000000000000000000000000000000': 0 pak files mounted, 0 remain pending
[2018.12.18-13.49.35:274][  0]LogPakFile: Registered encryption key '00000000000000000000000000000000': 0 pak files mounted, 0 remain pending
[2018.12.18-13.49.35:275][  0]LogPakFile: Registered encryption key '00000000000000000000000000000000': 0 pak files mounted, 0 remain pending
[2018.12.18-13.49.35:276][  0]LogPakFile: Registered encryption key '00000000000000000000000000000000': 0 pak files mounted, 0 remain pending
[2018.12.18-13.49.35:277][  0]LogPakFile: Registered encryption key '00000000000000000000000000000000': 0 pak files mounted, 0 remain pending
[2018.12.18-13.49.35:278][  0]LogPakFile: Registered encryption key '00000000000000000000000000000000': 0 pak files mounted, 0 remain pending
[2018.12.18-13.49.35:278][  0]LogPakFile: Registered encryption key '00000000000000000000000000000000': 0 pak files mounted, 0 remain pending
[2018.12.18-13.49.35:279][  0]LogPakFile: Registered encryption key '00000000000000000000000000000000': 0 pak files mounted, 0 remain pending
[2018.12.18-13.49.35:280][  0]LogPakFile: Registered encryption key '00000000000000000000000000000000': 0 pak files mounted, 0 remain pending
[2018.12.18-13.49.35:281][  0]LogPakFile: Registered encryption key '00000000000000000000000000000000': 0 pak files mounted, 0 remain pending
[2018.12.18-13.49.35:281][  0]LogPakFile: Registered encryption key '00000000000000000000000000000000': 0 pak files mounted, 0 remain pending
[2018.12.18-13.49.35:282][  0]LogPakFile: Registered encryption key '00000000000000000000000000000000': 0 pak files mounted, 0 remain pending
[2018.12.18-13.49.35:283][  0]LogPakFile: Registered encryption key '00000000000000000000000000000000': 0 pak files mounted, 0 remain pending
[2018.12.18-13.49.35:283][  0]LogPakFile: Registered encryption key '00000000000000000000000000000000': 0 pak files mounted, 0 remain pending
[2018.12.18-13.49.35:284][  0]LogPakFile: Registered encryption key '00000000000000000000000000000000': 0 pak files mounted, 0 remain pending
[2018.12.18-13.49.35:285][  0]LogPakFile: Registered encryption key '00000000000000000000000000000000': 0 pak files mounted, 0 remain pending
[2018.12.18-13.49.35:286][  0]LogPakFile: Registered encryption key '00000000000000000000000000000000': 0 pak files mounted, 0 remain pending
[2018.12.18-13.49.35:287][  0]LogPakFile: Registered encryption key '00000000000000000000000000000000': 0 pak files mounted, 0 remain pending
[2018.12.18-13.49.35:287][  0]LogPakFile: Registered encryption key '00000000000000000000000000000000': 0 pak files mounted, 0 remain pending
[2018.12.18-13.49.35:288][  0]LogPakFile: Registered encryption key '00000000000000000000000000000000': 0 pak files mounted, 0 remain pending
[2018.12.18-13.49.35:289][  0]LogPakFile: Registered encryption key '00000000000000000000000000000000': 0 pak files mounted, 0 remain pending
[2018.12.18-13.49.35:290][  0]LogPakFile: Registered encryption key '00000000000000000000000000000000': 0 pak files mounted, 0 remain pending
[2018.12.18-13.49.35:290][  0]LogPakFile: Registered encryption key '00000000000000000000000000000000': 0 pak files mounted, 0 remain pending
[2018.12.18-13.49.35:291][  0]LogPakFile: Registered encryption key '00000000000000000000000000000000': 0 pak files mounted, 0 remain pending
[2018.12.18-13.49.35:292][  0]LogPakFile: Registered encryption key '00000000000000000000000000000000': 0 pak files mounted, 0 remain pending
[2018.12.18-13.49.35:293][  0]LogPakFile: Registered encryption key '00000000000000000000000000000000': 0 pak files mounted, 0 remain pending
[2018.12.18-13.49.35:337][  0]LogContentBrowser: Native class hierarchy updated for 'AddContentDialog' in 0.0004 seconds. Added 0 classes and 0 folders.
[2018.12.18-13.49.35:343][  0]LogContentBrowser: Native class hierarchy updated for 'SceneOutliner' in 0.0005 seconds. Added 1 classes and 2 folders.
[2018.12.18-13.49.35:356][  0]LogSlate: Took 0.000222 seconds to synchronously load lazily loaded font '../../../Engine/Content/Slate/Fonts/Roboto-Regular.ttf' (155K)
[2018.12.18-13.49.35:358][  0]LogSlate: Took 0.000214 seconds to synchronously load lazily loaded font '../../../Engine/Content/Slate/Fonts/Roboto-Bold.ttf' (160K)
[2018.12.18-13.49.35:363][  0]LogSlate: Took 0.000244 seconds to synchronously load lazily loaded font '../../../Engine/Content/Editor/Slate/Fonts/FontAwesome.ttf' (139K)
[2018.12.18-13.49.35:435][  0]LogRenderer: Reallocating scene render targets to support 1208x576 Format 10 NumSamples 1 (Frame:1).
[2018.12.18-13.49.35:577][  0]LogContentBrowser: Native class hierarchy updated for 'HierarchicalLODOutliner' in 0.0004 seconds. Added 0 classes and 0 folders.
[2018.12.18-13.49.35:578][  0]LogLoad: (Engine Initialization) Total time: 10.01 seconds
[2018.12.18-13.49.35:578][  0]LogLoad: (Engine Initialization) Total Blueprint compile time: 0.00 seconds
[2018.12.18-13.49.35:590][  0]LogWindowsTextInputMethodSystem: Display: IME system now deactivated.
[2018.12.18-13.49.35:637][  0]LogContentStreaming: Texture pool size now 1000 MB
[2018.12.18-13.49.35:649][  0]LogSlate: Took 0.000194 seconds to synchronously load lazily loaded font '../../../Engine/Content/Slate/Fonts/Roboto-Light.ttf' (167K)
[2018.12.18-13.49.35:717][  1]LogAssetRegistry: Asset discovery search completed in 5.5787 seconds
[2018.12.18-13.49.35:719][  1]LogCollectionManager: Rebuilt the object cache for 0 collections in 0.000000 seconds (found 0 objects)
[2018.12.18-13.49.35:719][  1]LogCollectionManager: Fixed up redirectors for 0 collections in 0.000119 seconds (updated 0 objects)
[2018.12.18-13.49.40:051][302]LogSlate: FSceneViewport::OnFocusLost() reason 0
[2018.12.18-13.49.40:252][302]LogTemp: Repeating last play command: Selected Viewport
[2018.12.18-13.49.40:261][302]LogBlueprintUserMessages: Early PlayInEditor Detection: Level '/Game/Maps/FirstPersonExampleMap.FirstPersonExampleMap:PersistentLevel' has LevelScriptBlueprint '/Game/Maps/FirstPersonExampleMap.FirstPersonExampleMap:PersistentLevel.FirstPersonExampleMap' with GeneratedClass '/Game/Maps/FirstPersonExampleMap.FirstPersonExampleMap_C' with ClassGeneratedBy '/Game/Maps/FirstPersonExampleMap.FirstPersonExampleMap:PersistentLevel.FirstPersonExampleMap'
[2018.12.18-13.49.40:261][302]LogPlayLevel: PlayLevel: No blueprints needed recompiling
[2018.12.18-13.49.40:261][302]PIE: New page: PIE session: FirstPersonExampleMap (18 Dec 2018 15:49:40)
[2018.12.18-13.49.40:274][302]LogPlayLevel: Creating play world package: /Game/Maps/UEDPIE_0_FirstPersonExampleMap
[2018.12.18-13.49.40:293][302]LogPlayLevel: PIE: StaticDuplicateObject took: (0.018551s)
[2018.12.18-13.49.40:294][302]LogAIModule: Creating AISystem for world FirstPersonExampleMap
[2018.12.18-13.49.40:294][302]LogPlayLevel: PIE: World Init took: (0.000733s)
[2018.12.18-13.49.40:294][302]LogPlayLevel: PIE: Created PIE world by copying editor world from /Game/Maps/FirstPersonExampleMap.FirstPersonExampleMap to /Game/Maps/UEDPIE_0_FirstPersonExampleMap.FirstPersonExampleMap (0.019843s)
[2018.12.18-13.49.40:325][302]LogInit: XAudio2 using 'Speakers (2- USB Audio Device)' : 2 channels at 48 kHz using 16 bits per sample (channel mask 0x3)
[2018.12.18-13.49.40:335][302]LogInit: FAudioDevice initialized.
[2018.12.18-13.49.40:385][302]LogLoad: Game class is 'BP_GameMode_C'
[2018.12.18-13.49.40:388][302]LogWorld: Bringing World /Game/Maps/UEDPIE_0_FirstPersonExampleMap.FirstPersonExampleMap up for play (max tick rate 0) at 2018.12.18-14.49.40
[2018.12.18-13.49.40:389][302]LogWorld: Bringing up level for play took: 0.002630
[2018.12.18-13.49.40:406][302]LogContentBrowser: Native class hierarchy updated for 'MovieSceneCapture' in 0.0004 seconds. Added 20 classes and 0 folders.
[2018.12.18-13.49.40:407][302]PIE: Play in editor start time for /Game/Maps/UEDPIE_0_FirstPersonExampleMap -0.438
[2018.12.18-13.49.40:408][302]LogBlueprintUserMessages: Late PlayInEditor Detection: Level '/Game/Maps/FirstPersonExampleMap.FirstPersonExampleMap:PersistentLevel' has LevelScriptBlueprint '/Game/Maps/FirstPersonExampleMap.FirstPersonExampleMap:PersistentLevel.FirstPersonExampleMap' with GeneratedClass '/Game/Maps/FirstPersonExampleMap.FirstPersonExampleMap_C' with ClassGeneratedBy '/Game/Maps/FirstPersonExampleMap.FirstPersonExampleMap:PersistentLevel.FirstPersonExampleMap'
[2018.12.18-13.49.47:706][175]LogBlueprintUserMessages: Early EndPlayMap Detection: Level '/Game/Maps/FirstPersonExampleMap.FirstPersonExampleMap:PersistentLevel' has LevelScriptBlueprint '/Game/Maps/FirstPersonExampleMap.FirstPersonExampleMap:PersistentLevel.FirstPersonExampleMap' with GeneratedClass '/Game/Maps/FirstPersonExampleMap.FirstPersonExampleMap_C' with ClassGeneratedBy '/Game/Maps/FirstPersonExampleMap.FirstPersonExampleMap:PersistentLevel.FirstPersonExampleMap'
[2018.12.18-13.49.47:706][175]LogSlate: Updating window title bar state: overlay mode, drag disabled, window buttons hidden, title bar hidden
[2018.12.18-13.49.47:751][175]LogPlayLevel: Display: Shutting down PIE online subsystems
[2018.12.18-13.49.47:751][175]LogBlueprintUserMessages: Late EndPlayMap Detection: Level '/Game/Maps/FirstPersonExampleMap.FirstPersonExampleMap:PersistentLevel' has LevelScriptBlueprint '/Game/Maps/FirstPersonExampleMap.FirstPersonExampleMap:PersistentLevel.FirstPersonExampleMap' with GeneratedClass '/Game/Maps/FirstPersonExampleMap.FirstPersonExampleMap_C' with ClassGeneratedBy '/Game/Maps/FirstPersonExampleMap.FirstPersonExampleMap:PersistentLevel.FirstPersonExampleMap'
[2018.12.18-13.49.47:772][175]LogSlate: Updating window title bar state: overlay mode, drag disabled, window buttons hidden, title bar hidden
[2018.12.18-13.49.47:806][178]LogPlayLevel: Display: Destroying online subsystem :Context_6
[2018.12.18-13.50.19:733][482]LogSlate: FSceneViewport::OnFocusLost() reason 0
[2018.12.18-13.50.26:772][262]LogSlate: Took 0.000259 seconds to synchronously load lazily loaded font '../../../Engine/Content/Slate/Fonts/Roboto-Light.ttf' (167K)
[2018.12.18-13.50.26:783][262]LogAssetEditorManager: Opening Asset editor for WidgetBlueprint /Game/UI/WBP_GuardState.WBP_GuardState
[2018.12.18-13.50.27:116][262]LogContentBrowser: Native class hierarchy updated for 'BlueprintGraph' in 0.0005 seconds. Added 117 classes and 0 folders.
[2018.12.18-13.50.27:670][262]LogSlate: Took 0.000224 seconds to synchronously load lazily loaded font '../../../Engine/Content/Slate/Fonts/Roboto-BoldCondensed.ttf' (158K)
[2018.12.18-13.50.30:286][564]LogSlate: Window 'WBP_GuardState' being destroyed
[2018.12.18-13.50.40:215][549]LogAssetEditorManager: Opening Asset editor for Blueprint /Game/Blueprints/BP_Guard.BP_Guard
[2018.12.18-13.50.58:523][ 54]LogSlate: Took 0.000242 seconds to synchronously load lazily loaded font '../../../Engine/Content/Slate/Fonts/Roboto-Italic.ttf' (157K)
[2018.12.18-13.52.28:177][112]LogSlate: Took 0.006551 seconds to synchronously load lazily loaded font '../../../Engine/Content/Slate/Fonts/Roboto-BoldCondensedItalic.ttf' (160K)
[2018.12.18-13.54.04:655][ 75]BlueprintLog: New page: Compile WBP_GuardState
[2018.12.18-13.54.04:806][ 75]Cmd: OBJ SAVEPACKAGE PACKAGE="/Game/UI/WBP_GuardState" FILE="../../../../../Games/StealthGame/UnrealStealthGame/StealthGame/Content/UI/WBP_GuardState.uasset" SILENT=true
[2018.12.18-13.54.04:816][ 75]LogSavePackage: Moving '../../../../../Games/StealthGame/UnrealStealthGame/StealthGame/Saved/WBP_GuardStateB5540E634C4A5D8270BF38804AF34F05.tmp' to '../../../../../Games/StealthGame/UnrealStealthGame/StealthGame/Content/UI/WBP_GuardState.uasset'
[2018.12.18-13.54.05:481][151]Cmd: OBJ SAVEPACKAGE PACKAGE="/Game/UI/WBP_GuardState" FILE="../../../../../Games/StealthGame/UnrealStealthGame/StealthGame/Content/UI/WBP_GuardState.uasset" SILENT=true
[2018.12.18-13.54.05:489][151]LogSavePackage: Moving '../../../../../Games/StealthGame/UnrealStealthGame/StealthGame/Saved/WBP_GuardStateF97EEFDF4878DBA8A2C00EB23CA73CCF.tmp' to '../../../../../Games/StealthGame/UnrealStealthGame/StealthGame/Content/UI/WBP_GuardState.uasset'
[2018.12.18-13.54.07:433][382]BlueprintLog: New page: Compile BP_Guard
[2018.12.18-13.54.07:582][382]Cmd: OBJ SAVEPACKAGE PACKAGE="/Game/Blueprints/BP_Guard" FILE="../../../../../Games/StealthGame/UnrealStealthGame/StealthGame/Content/Blueprints/BP_Guard.uasset" SILENT=true
[2018.12.18-13.54.07:601][382]LogSavePackage: Moving '../../../../../Games/StealthGame/UnrealStealthGame/StealthGame/Saved/BP_Guard75316DF646CB65462CB0A2964113E5A9.tmp' to '../../../../../Games/StealthGame/UnrealStealthGame/StealthGame/Content/Blueprints/BP_Guard.uasset'
[2018.12.18-13.54.44:738][198]BlueprintLog: New page: Compile BP_Guard
[2018.12.18-13.54.44:888][198]Cmd: OBJ SAVEPACKAGE PACKAGE="/Game/Blueprints/BP_Guard" FILE="../../../../../Games/StealthGame/UnrealStealthGame/StealthGame/Content/Blueprints/BP_Guard.uasset" SILENT=true
[2018.12.18-13.54.44:907][198]LogSavePackage: Moving '../../../../../Games/StealthGame/UnrealStealthGame/StealthGame/Saved/BP_GuardED77B0904C20691E23562E820B36AECD.tmp' to '../../../../../Games/StealthGame/UnrealStealthGame/StealthGame/Content/Blueprints/BP_Guard.uasset'
[2018.12.18-13.55.03:552][408]LogSavePackage: Moving '../../../../../Games/StealthGame/UnrealStealthGame/StealthGame/Saved/FirstPersonExampleMap3986034544698D02FA8916A162914687.tmp' to '../../../../../Games/StealthGame/UnrealStealthGame/StealthGame/Content/Maps/FirstPersonExampleMap.umap'
[2018.12.18-13.55.03:648][408]LogSavePackage: Moving '../../../../../Games/StealthGame/UnrealStealthGame/StealthGame/Saved/FirstPersonExampleMap_BuiltData4F88D2F74791F69743B5EB899DEC1870.tmp' to '../../../../../Games/StealthGame/UnrealStealthGame/StealthGame/Content/Maps/FirstPersonExampleMap_BuiltData.uasset'
[2018.12.18-13.56.03:842][412]BlueprintLog: New page: Compile WBP_GuardState
[2018.12.18-13.56.03:987][412]Cmd: OBJ SAVEPACKAGE PACKAGE="/Game/UI/WBP_GuardState" FILE="../../../../../Games/StealthGame/UnrealStealthGame/StealthGame/Content/UI/WBP_GuardState.uasset" SILENT=true
[2018.12.18-13.56.03:999][412]LogSavePackage: Moving '../../../../../Games/StealthGame/UnrealStealthGame/StealthGame/Saved/WBP_GuardStateFF732152489F40FC96360CB89B291738.tmp' to '../../../../../Games/StealthGame/UnrealStealthGame/StealthGame/Content/UI/WBP_GuardState.uasset'
[2018.12.18-13.56.14:628][652]LogSavePackage: Moving '../../../../../Games/StealthGame/UnrealStealthGame/StealthGame/Saved/FirstPersonExampleMapB5457263410810D9922D73AE7C1FBED3.tmp' to '../../../../../Games/StealthGame/UnrealStealthGame/StealthGame/Content/Maps/FirstPersonExampleMap.umap'
[2018.12.18-13.56.14:693][652]LogSavePackage: Moving '../../../../../Games/StealthGame/UnrealStealthGame/StealthGame/Saved/FirstPersonExampleMap_BuiltDataEE47005E499A516344E6DC9BEFD8ABEF.tmp' to '../../../../../Games/StealthGame/UnrealStealthGame/StealthGame/Content/Maps/FirstPersonExampleMap_BuiltData.uasset'
[2018.12.18-13.56.15:509][747]LogTemp: Repeating last play command: Selected Viewport
[2018.12.18-13.56.15:527][747]LogBlueprintUserMessages: Early PlayInEditor Detection: Level '/Game/Maps/FirstPersonExampleMap.FirstPersonExampleMap:PersistentLevel' has LevelScriptBlueprint '/Game/Maps/FirstPersonExampleMap.FirstPersonExampleMap:PersistentLevel.FirstPersonExampleMap' with GeneratedClass '/Game/Maps/FirstPersonExampleMap.FirstPersonExampleMap_C' with ClassGeneratedBy '/Game/Maps/FirstPersonExampleMap.FirstPersonExampleMap:PersistentLevel.FirstPersonExampleMap'
[2018.12.18-13.56.15:528][747]LogPlayLevel: PlayLevel: No blueprints needed recompiling
[2018.12.18-13.56.15:528][747]PIE: New page: PIE session: FirstPersonExampleMap (18 Dec 2018 15:56:15)
[2018.12.18-13.56.15:528][747]LogPlayLevel: Creating play world package: /Game/Maps/UEDPIE_0_FirstPersonExampleMap
[2018.12.18-13.56.15:541][747]LogPlayLevel: PIE: StaticDuplicateObject took: (0.012673s)
[2018.12.18-13.56.15:542][747]LogAIModule: Creating AISystem for world FirstPersonExampleMap
[2018.12.18-13.56.15:542][747]LogPlayLevel: PIE: World Init took: (0.000940s)
[2018.12.18-13.56.15:542][747]LogPlayLevel: PIE: Created PIE world by copying editor world from /Game/Maps/FirstPersonExampleMap.FirstPersonExampleMap to /Game/Maps/UEDPIE_0_FirstPersonExampleMap.FirstPersonExampleMap (0.014013s)
[2018.12.18-13.56.15:581][747]LogInit: XAudio2 using 'Speakers (2- USB Audio Device)' : 2 channels at 48 kHz using 16 bits per sample (channel mask 0x3)
[2018.12.18-13.56.15:591][747]LogInit: FAudioDevice initialized.
[2018.12.18-13.56.15:624][747]LogLoad: Game class is 'BP_GameMode_C'
[2018.12.18-13.56.15:626][747]LogWorld: Bringing World /Game/Maps/UEDPIE_0_FirstPersonExampleMap.FirstPersonExampleMap up for play (max tick rate 0) at 2018.12.18-14.56.15
[2018.12.18-13.56.15:627][747]LogWorld: Bringing up level for play took: 0.002102
[2018.12.18-13.56.15:641][747]PIE: Play in editor start time for /Game/Maps/UEDPIE_0_FirstPersonExampleMap 0.797
[2018.12.18-13.56.15:642][747]LogBlueprintUserMessages: Late PlayInEditor Detection: Level '/Game/Maps/FirstPersonExampleMap.FirstPersonExampleMap:PersistentLevel' has LevelScriptBlueprint '/Game/Maps/FirstPersonExampleMap.FirstPersonExampleMap:PersistentLevel.FirstPersonExampleMap' with GeneratedClass '/Game/Maps/FirstPersonExampleMap.FirstPersonExampleMap_C' with ClassGeneratedBy '/Game/Maps/FirstPersonExampleMap.FirstPersonExampleMap:PersistentLevel.FirstPersonExampleMap'
[2018.12.18-13.56.47:636][580]LogBlueprintUserMessages: Early EndPlayMap Detection: Level '/Game/Maps/FirstPersonExampleMap.FirstPersonExampleMap:PersistentLevel' has LevelScriptBlueprint '/Game/Maps/FirstPersonExampleMap.FirstPersonExampleMap:PersistentLevel.FirstPersonExampleMap' with GeneratedClass '/Game/Maps/FirstPersonExampleMap.FirstPersonExampleMap_C' with ClassGeneratedBy '/Game/Maps/FirstPersonExampleMap.FirstPersonExampleMap:PersistentLevel.FirstPersonExampleMap'
[2018.12.18-13.56.47:637][580]LogSlate: Updating window title bar state: overlay mode, drag disabled, window buttons hidden, title bar hidden
[2018.12.18-13.56.47:678][580]LogPlayLevel: Display: Shutting down PIE online subsystems
[2018.12.18-13.56.47:679][580]LogBlueprintUserMessages: Late EndPlayMap Detection: Level '/Game/Maps/FirstPersonExampleMap.FirstPersonExampleMap:PersistentLevel' has LevelScriptBlueprint '/Game/Maps/FirstPersonExampleMap.FirstPersonExampleMap:PersistentLevel.FirstPersonExampleMap' with GeneratedClass '/Game/Maps/FirstPersonExampleMap.FirstPersonExampleMap_C' with ClassGeneratedBy '/Game/Maps/FirstPersonExampleMap.FirstPersonExampleMap:PersistentLevel.FirstPersonExampleMap'
[2018.12.18-13.56.47:705][580]LogSlate: Updating window title bar state: overlay mode, drag disabled, window buttons hidden, title bar hidden
[2018.12.18-13.56.47:740][582]LogPlayLevel: Display: Destroying online subsystem :Context_11
[2018.12.18-13.59.58:076][416]LogSlate: FSceneViewport::OnFocusLost() reason 0
[2018.12.18-14.00.15:061][428]LogSlate: FSceneViewport::OnFocusLost() reason 0
[2018.12.18-14.00.37:829][253]LogEditorViewport: Clicking on Actor (LMB): NavMeshBoundsVolume (NavMeshBoundsVolume2)
[2018.12.18-14.00.38:665][350]Cmd: DELETE
[2018.12.18-14.00.38:665][350]Cmd: ACTOR DELETE
[2018.12.18-14.00.38:713][350]LogEditorActor: Deleted Actor: NavMeshBoundsVolume
[2018.12.18-14.00.38:738][350]LogEditorActor: Deleted 1 Actors (0.030 secs)
[2018.12.18-14.00.53:290][592]LogSlate: FSceneViewport::OnFocusLost() reason 0
[2018.12.18-14.00.55:364][791]LogSavePackage: Moving '../../../../../Games/StealthGame/UnrealStealthGame/StealthGame/Saved/FirstPersonExampleMap42B978E74CEC0D7BF4FA7CAD84967467.tmp' to '../../../../../Games/StealthGame/UnrealStealthGame/StealthGame/Content/Maps/FirstPersonExampleMap.umap'
[2018.12.18-14.00.55:431][791]LogSavePackage: Moving '../../../../../Games/StealthGame/UnrealStealthGame/StealthGame/Saved/FirstPersonExampleMap_BuiltDataCD80CCD3482B8D55FE924798B8A2FDC7.tmp' to '../../../../../Games/StealthGame/UnrealStealthGame/StealthGame/Content/Maps/FirstPersonExampleMap_BuiltData.uasset'
