Log file open, 11/22/18 21:52:06
LogWindows: Failed to load 'aqProf.dll' (GetLastError=126)
LogWindows: File 'aqProf.dll' does not exist
LogWindows: Failed to load 'VtuneApi.dll' (GetLastError=126)
LogWindows: File 'VtuneApi.dll' does not exist
LogWindows: Failed to load 'VtuneApi32e.dll' (GetLastError=126)
LogWindows: File 'VtuneApi32e.dll' does not exist
LogConsoleResponse: Display: Failed to find resolution value strings in scalability ini. Falling back to default.
LogInit: Display: Running engine for game: FPSGame
LogPakFile: Registered encryption key '00000000000000000000000000000000': 0 pak files mounted, 0 remain pending
LogPlatformFile: Not using cached read wrapper
LogTaskGraph: Started task graph with 5 named threads and 35 total threads with 3 sets of task threads.
LogStats: Stats thread started at 0.573410
LogD3D11RHI: Loaded GFSDK_Aftermath_Lib.x64.dll
LogICUInternationalization: ICU TimeZone Detection - Raw Offset: +1:00, Platform Override: ''
LogPluginManager: Mounting plugin Paper2D
LogPluginManager: Mounting plugin AISupport
LogPluginManager: Mounting plugin LightPropagationVolume
LogPluginManager: Mounting plugin ActorLayerUtilities
LogPluginManager: Mounting plugin CLionSourceCodeAccess
LogPluginManager: Mounting plugin CodeLiteSourceCodeAccess
LogPluginManager: Mounting plugin GitSourceControl
LogPluginManager: Mounting plugin KDevelopSourceCodeAccess
LogPluginManager: Mounting plugin NullSourceCodeAccess
LogPluginManager: Mounting plugin PerforceSourceControl
LogPluginManager: Mounting plugin SubversionSourceControl
LogPluginManager: Mounting plugin UObjectPlugin
LogPluginManager: Mounting plugin VisualStudioCodeSourceCodeAccess
LogPluginManager: Mounting plugin VisualStudioSourceCodeAccess
LogPluginManager: Mounting plugin XCodeSourceCodeAccess
LogPluginManager: Mounting plugin AssetManagerEditor
LogPluginManager: Mounting plugin CryptoKeys
LogPluginManager: Mounting plugin DataValidation
LogPluginManager: Mounting plugin FacialAnimation
LogPluginManager: Mounting plugin GameplayTagsEditor
LogPluginManager: Mounting plugin MacGraphicsSwitching
LogPluginManager: Mounting plugin MeshEditor
LogPluginManager: Mounting plugin MobileLauncherProfileWizard
LogPluginManager: Mounting plugin PluginBrowser
LogPluginManager: Mounting plugin SpeedTreeImporter
LogPluginManager: Mounting plugin DatasmithContent
LogPluginManager: Mounting plugin VariantManagerContent
LogPluginManager: Mounting plugin AlembicImporter
LogPluginManager: Mounting plugin AppleImageUtils
LogPluginManager: Mounting plugin AppleVision
LogPluginManager: Mounting plugin BackChannel
LogPluginManager: Mounting plugin CharacterAI
LogPluginManager: Mounting plugin GeometryCache
LogPluginManager: Mounting plugin HTML5Networking
LogPluginManager: Mounting plugin ProxyLODPlugin
LogPluginManager: Mounting plugin MagicLeap
LogPluginManager: Mounting plugin MagicLeapMedia
LogPluginManager: Mounting plugin AndroidMedia
LogPluginManager: Mounting plugin AvfMedia
LogPluginManager: Mounting plugin ImgMedia
LogPluginManager: Mounting plugin LinearTimecode
LogPluginManager: Mounting plugin MediaCompositing
LogPluginManager: Mounting plugin MediaPlayerEditor
LogPluginManager: Mounting plugin WebMMedia
LogPluginManager: Mounting plugin WmfMedia
LogPluginManager: Mounting plugin TcpMessaging
LogPluginManager: Mounting plugin UdpMessaging
LogPluginManager: Mounting plugin ActorSequence
LogPluginManager: Mounting plugin LevelSequenceEditor
LogPluginManager: Mounting plugin MatineeToLevelSequence
LogPluginManager: Mounting plugin NetcodeUnitTest
LogPluginManager: Mounting plugin NUTUnrealEngine4
LogPluginManager: Mounting plugin OnlineSubsystemGooglePlay
LogPluginManager: Mounting plugin OnlineSubsystemIOS
LogPluginManager: Mounting plugin OnlineSubsystem
LogPluginManager: Mounting plugin OnlineSubsystemNull
LogPluginManager: Mounting plugin OnlineSubsystemUtils
LogPluginManager: Mounting plugin LauncherChunkInstaller
LogPluginManager: Mounting plugin AndroidDeviceProfileSelector
LogPluginManager: Mounting plugin AndroidMoviePlayer
LogPluginManager: Mounting plugin AndroidPermission
LogPluginManager: Mounting plugin AppleMoviePlayer
LogPluginManager: Mounting plugin ArchVisCharacter
LogPluginManager: Mounting plugin AudioCapture
LogPluginManager: Mounting plugin CableComponent
LogPluginManager: Mounting plugin CustomMeshComponent
LogPluginManager: Mounting plugin EditableMesh
LogPluginManager: Mounting plugin ExampleDeviceProfileSelector
LogPluginManager: Mounting plugin Firebase
LogPluginManager: Mounting plugin GoogleCloudMessaging
LogPluginManager: Mounting plugin IOSDeviceProfileSelector
LogPluginManager: Mounting plugin LinuxDeviceProfileSelector
LogPluginManager: Mounting plugin LocationServicesBPLibrary
LogPluginManager: Mounting plugin MobilePatchingUtils
LogPluginManager: Mounting plugin OculusVR
LogPluginManager: Mounting plugin PhysXVehicles
LogPluginManager: Mounting plugin ProceduralMeshComponent
LogPluginManager: Mounting plugin RuntimePhysXCooking
LogPluginManager: Mounting plugin SteamVR
LogPluginManager: Mounting plugin WebMMoviePlayer
LogPluginManager: Mounting plugin WindowsMoviePlayer
LogStreaming: Display: Took  0.073s to configure plugins.
LogInit: Using libcurl 7.55.1-DEV
LogInit:  - built for x86_64-pc-win32
LogInit:  - supports SSL with OpenSSL/1.0.2h
LogInit:  - supports HTTP deflate (compression) using libz 1.2.8
LogInit:  - other features:
LogInit:      CURL_VERSION_SSL
LogInit:      CURL_VERSION_LIBZ
LogInit:      CURL_VERSION_IPV6
LogInit:      CURL_VERSION_ASYNCHDNS
LogInit:      CURL_VERSION_LARGEFILE
LogInit:      CURL_VERSION_IDN
LogInit:  CurlRequestOptions (configurable via config and command line):
LogInit:  - bVerifyPeer = true  - Libcurl will verify peer certificate
LogInit:  - bUseHttpProxy = false  - Libcurl will NOT use HTTP proxy
LogInit:  - bDontReuseConnections = false  - Libcurl will reuse connections
LogInit:  - MaxHostConnections = 16  - Libcurl will limit the number of connections to a host
LogInit:  - LocalHostAddr = Default
LogInit:  - BufferSize = 65536
LogInit: WinSock: version 1.1 (2.2), MaxSocks=32767, MaxUdp=65467
LogInit: Build: ++UE4+Release-4.21-CL-4541578
LogInit: Engine Version: 4.21.0-4541578+++UE4+Release-4.21
LogInit: Compatible Engine Version: 4.21.0-4541578+++UE4+Release-4.21
LogInit: Net CL: 4541578
LogInit: OS: Windows 10 (), CPU: Intel(R) Core(TM) i7-8700 CPU @ 3.20GHz, GPU: NVIDIA GeForce GTX 1050 Ti
LogInit: Compiled (64-bit): Nov  6 2018 02:04:24
LogInit: Compiled with Visual C++: 19.13.26129.00
LogInit: Build Configuration: Development
LogInit: Branch Name: ++UE4+Release-4.21
LogInit: Command Line:  -skipcompile
LogInit: Base Directory: D:/UnrealEngine/Engine/UE_4.21/Engine/Binaries/Win64/
LogInit: Installed Engine Build: 1
LogDevObjectVersion: Number of dev versions registered: 22
LogDevObjectVersion:   Dev-Blueprints (B0D832E4-1F89-4F0D-ACCF-7EB736FD4AA2): 10
LogDevObjectVersion:   Dev-Build (E1C64328-A22C-4D53-A36C-8E866417BD8C): 0
LogDevObjectVersion:   Dev-Core (375EC13C-06E4-48FB-B500-84F0262A717E): 2
LogDevObjectVersion:   Dev-Editor (E4B068ED-F494-42E9-A231-DA0B2E46BB41): 26
LogDevObjectVersion:   Dev-Framework (CFFC743F-43B0-4480-9391-14DF171D2073): 34
LogDevObjectVersion:   Dev-Mobile (B02B49B5-BB20-44E9-A304-32B752E40360): 2
LogDevObjectVersion:   Dev-Networking (A4E4105C-59A1-49B5-A7C5-40C4547EDFEE): 0
LogDevObjectVersion:   Dev-Online (39C831C9-5AE6-47DC-9A44-9C173E1C8E7C): 0
LogDevObjectVersion:   Dev-Physics (78F01B33-EBEA-4F98-B9B4-84EACCB95AA2): 0
LogDevObjectVersion:   Dev-Platform (6631380F-2D4D-43E0-8009-CF276956A95A): 0
LogDevObjectVersion:   Dev-Rendering (12F88B9F-8875-4AFC-A67C-D90C383ABD29): 27
LogDevObjectVersion:   Dev-Sequencer (7B5AE74C-D270-4C10-A958-57980B212A5A): 9
LogDevObjectVersion:   Dev-VR (D7296918-1DD6-4BDD-9DE2-64A83CC13884): 2
LogDevObjectVersion:   Dev-LoadTimes (C2A15278-BFE7-4AFE-6C17-90FF531DF755): 1
LogDevObjectVersion:   Private-Geometry (6EACA3D4-40EC-4CC1-B786-8BED09428FC5): 3
LogDevObjectVersion:   Dev-AnimPhys (29E575DD-E0A3-4627-9D10-D276232CDCEA): 17
LogDevObjectVersion:   Dev-Anim (AF43A65D-7FD3-4947-9873-3E8ED9C1BB05): 2
LogDevObjectVersion:   Dev-ReflectionCapture (6B266CEC-1EC7-4B8F-A30B-E4D90942FC07): 1
LogDevObjectVersion:   Dev-Automation (0DF73D61-A23F-47EA-B727-89E90C41499A): 1
LogDevObjectVersion:   FortniteMain (601D1886-AC64-4F84-AA16-D3DE0DEAC7D6): 17
LogDevObjectVersion:   Dev-Enterprise (9DFFBCD6-494F-0158-E221-12823C92A888): 4
LogDevObjectVersion:   Dev-Niagara (F2AED0AC-9AFE-416F-8664-AA7FFA26D6FC): 1
LogStreaming: Display: Took  0.001s to delete old logs.
LogInit: Presizing for max 8388607 objects, including 0 objects not considered by GC, pre-allocating 0 bytes for permanent pool.
LogInit: Object subsystem initialized
LogConfig: Setting CVar [[con.DebugEarlyDefault:1]]
LogConfig: Setting CVar [[r.setres:1280x720]]
[2018.11.22-20.52.06:310][  0]LogConfig: Setting CVar [[r.VSync:0]]
[2018.11.22-20.52.06:310][  0]LogConfig: Setting CVar [[r.RHICmdBypass:0]]
[2018.11.22-20.52.06:310][  0]LogConfig: Applying CVar settings from Section [/Script/Engine.RendererSettings] File [D:/UnrealEngine/Games/StealthGame/UnrealStealthGame/StealthGame/Saved/Config/Windows/Engine.ini]
[2018.11.22-20.52.06:310][  0]LogConfig: Setting CVar [[r.GPUCrashDebugging:0]]
[2018.11.22-20.52.06:310][  0]LogConfig: Applying CVar settings from Section [/Script/Engine.RendererOverrideSettings] File [D:/UnrealEngine/Games/StealthGame/UnrealStealthGame/StealthGame/Saved/Config/Windows/Engine.ini]
[2018.11.22-20.52.06:310][  0]LogConfig: Applying CVar settings from Section [/Script/Engine.StreamingSettings] File [D:/UnrealEngine/Games/StealthGame/UnrealStealthGame/StealthGame/Saved/Config/Windows/Engine.ini]
[2018.11.22-20.52.06:310][  0]LogConfig: Setting CVar [[s.MinBulkDataSizeForAsyncLoading:131072]]
[2018.11.22-20.52.06:310][  0]LogConfig: Setting CVar [[s.AsyncLoadingThreadEnabled:0]]
[2018.11.22-20.52.06:310][  0]LogConfig: Setting CVar [[s.EventDrivenLoaderEnabled:1]]
[2018.11.22-20.52.06:310][  0]LogConfig: Setting CVar [[s.WarnIfTimeLimitExceeded:0]]
[2018.11.22-20.52.06:311][  0]LogConfig: Setting CVar [[s.TimeLimitExceededMultiplier:1.5]]
[2018.11.22-20.52.06:311][  0]LogConfig: Setting CVar [[s.TimeLimitExceededMinTime:0.005]]
[2018.11.22-20.52.06:311][  0]LogConfig: Setting CVar [[s.UseBackgroundLevelStreaming:1]]
[2018.11.22-20.52.06:311][  0]LogConfig: Setting CVar [[s.PriorityAsyncLoadingExtraTime:15.0]]
[2018.11.22-20.52.06:311][  0]LogConfig: Setting CVar [[s.LevelStreamingActorsUpdateTimeLimit:5.0]]
[2018.11.22-20.52.06:311][  0]LogConfig: Setting CVar [[s.PriorityLevelStreamingActorsUpdateExtraTime:5.0]]
[2018.11.22-20.52.06:311][  0]LogConfig: Setting CVar [[s.LevelStreamingComponentsRegistrationGranularity:10]]
[2018.11.22-20.52.06:311][  0]LogConfig: Setting CVar [[s.UnregisterComponentsTimeLimit:1.0]]
[2018.11.22-20.52.06:311][  0]LogConfig: Setting CVar [[s.LevelStreamingComponentsUnregistrationGranularity:5]]
[2018.11.22-20.52.06:311][  0]LogConfig: Applying CVar settings from Section [/Script/Engine.GarbageCollectionSettings] File [D:/UnrealEngine/Games/StealthGame/UnrealStealthGame/StealthGame/Saved/Config/Windows/Engine.ini]
[2018.11.22-20.52.06:311][  0]LogConfig: Setting CVar [[gc.MaxObjectsNotConsideredByGC:1]]
[2018.11.22-20.52.06:311][  0]LogConfig: Setting CVar [[gc.SizeOfPermanentObjectPool:0]]
[2018.11.22-20.52.06:312][  0]LogConfig: Setting CVar [[gc.FlushStreamingOnGC:0]]
[2018.11.22-20.52.06:312][  0]LogConfig: Setting CVar [[gc.NumRetriesBeforeForcingGC:10]]
[2018.11.22-20.52.06:312][  0]LogConfig: Setting CVar [[gc.AllowParallelGC:1]]
[2018.11.22-20.52.06:312][  0]LogConfig: Setting CVar [[gc.TimeBetweenPurgingPendingKillObjects:61.1]]
[2018.11.22-20.52.06:312][  0]LogConfig: Setting CVar [[gc.MaxObjectsInEditor:8388607]]
[2018.11.22-20.52.06:312][  0]LogConfig: Setting CVar [[gc.IncrementalBeginDestroyEnabled:1]]
[2018.11.22-20.52.06:312][  0]LogConfig: Setting CVar [[gc.CreateGCClusters:1]]
[2018.11.22-20.52.06:312][  0]LogConfig: Setting CVar [[gc.MergeGCClusters:0]]
[2018.11.22-20.52.06:312][  0]LogConfig: Setting CVar [[gc.MinGCClusterSize:5]]
[2018.11.22-20.52.06:312][  0]LogConfig: Setting CVar [[gc.ActorClusteringEnabled:0]]
[2018.11.22-20.52.06:312][  0]LogConfig: Setting CVar [[gc.BlueprintClusteringEnabled:0]]
[2018.11.22-20.52.06:312][  0]LogConfig: Setting CVar [[gc.UseDisregardForGCOnDedicatedServers:0]]
[2018.11.22-20.52.06:312][  0]LogConfig: Applying CVar settings from Section [/Script/Engine.NetworkSettings] File [D:/UnrealEngine/Games/StealthGame/UnrealStealthGame/StealthGame/Saved/Config/Windows/Engine.ini]
[2018.11.22-20.52.06:312][  0]LogConfig: Applying CVar settings from Section [/Script/UnrealEd.CookerSettings] File [D:/UnrealEngine/Games/StealthGame/UnrealStealthGame/StealthGame/Saved/Config/Windows/Engine.ini]
[2018.11.22-20.52.06:383][  0]LogConfig: Applying CVar settings from Section [ViewDistanceQuality@3] File [D:/UnrealEngine/Games/StealthGame/UnrealStealthGame/StealthGame/Saved/Config/Windows/Scalability.ini]
[2018.11.22-20.52.06:383][  0]LogConfig: Setting CVar [[r.SkeletalMeshLODBias:0]]
[2018.11.22-20.52.06:383][  0]LogConfig: Setting CVar [[r.ViewDistanceScale:1.0]]
[2018.11.22-20.52.06:383][  0]LogConfig: Applying CVar settings from Section [AntiAliasingQuality@3] File [D:/UnrealEngine/Games/StealthGame/UnrealStealthGame/StealthGame/Saved/Config/Windows/Scalability.ini]
[2018.11.22-20.52.06:383][  0]LogConfig: Setting CVar [[r.PostProcessAAQuality:4]]
[2018.11.22-20.52.06:383][  0]LogConfig: Applying CVar settings from Section [ShadowQuality@3] File [D:/UnrealEngine/Games/StealthGame/UnrealStealthGame/StealthGame/Saved/Config/Windows/Scalability.ini]
[2018.11.22-20.52.06:383][  0]LogConfig: Setting CVar [[r.LightFunctionQuality:1]]
[2018.11.22-20.52.06:383][  0]LogConfig: Setting CVar [[r.ShadowQuality:5]]
[2018.11.22-20.52.06:384][  0]LogConfig: Setting CVar [[r.Shadow.CSM.MaxCascades:10]]
[2018.11.22-20.52.06:384][  0]LogConfig: Setting CVar [[r.Shadow.MaxResolution:2048]]
[2018.11.22-20.52.06:384][  0]LogConfig: Setting CVar [[r.Shadow.MaxCSMResolution:2048]]
[2018.11.22-20.52.06:384][  0]LogConfig: Setting CVar [[r.Shadow.RadiusThreshold:0.01]]
[2018.11.22-20.52.06:384][  0]LogConfig: Setting CVar [[r.Shadow.DistanceScale:1.0]]
[2018.11.22-20.52.06:384][  0]LogConfig: Setting CVar [[r.Shadow.CSM.TransitionScale:1.0]]
[2018.11.22-20.52.06:384][  0]LogConfig: Setting CVar [[r.Shadow.PreShadowResolutionFactor:1.0]]
[2018.11.22-20.52.06:384][  0]LogConfig: Setting CVar [[r.DistanceFieldShadowing:1]]
[2018.11.22-20.52.06:384][  0]LogConfig: Setting CVar [[r.DistanceFieldAO:1]]
[2018.11.22-20.52.06:384][  0]LogConfig: Setting CVar [[r.AOQuality:2]]
[2018.11.22-20.52.06:384][  0]LogConfig: Setting CVar [[r.VolumetricFog:1]]
[2018.11.22-20.52.06:384][  0]LogConfig: Setting CVar [[r.VolumetricFog.GridPixelSize:8]]
[2018.11.22-20.52.06:384][  0]LogConfig: Setting CVar [[r.VolumetricFog.GridSizeZ:128]]
[2018.11.22-20.52.06:385][  0]LogConfig: Setting CVar [[r.VolumetricFog.HistoryMissSupersampleCount:4]]
[2018.11.22-20.52.06:385][  0]LogConfig: Setting CVar [[r.LightMaxDrawDistanceScale:1]]
[2018.11.22-20.52.06:385][  0]LogConfig: Setting CVar [[r.CapsuleShadows:1]]
[2018.11.22-20.52.06:385][  0]LogConfig: Applying CVar settings from Section [PostProcessQuality@3] File [D:/UnrealEngine/Games/StealthGame/UnrealStealthGame/StealthGame/Saved/Config/Windows/Scalability.ini]
[2018.11.22-20.52.06:385][  0]LogConfig: Setting CVar [[r.MotionBlurQuality:4]]
[2018.11.22-20.52.06:385][  0]LogConfig: Setting CVar [[r.AmbientOcclusionMipLevelFactor:0.4]]
[2018.11.22-20.52.06:385][  0]LogConfig: Setting CVar [[r.AmbientOcclusionMaxQuality:100]]
[2018.11.22-20.52.06:385][  0]LogConfig: Setting CVar [[r.AmbientOcclusionLevels:-1]]
[2018.11.22-20.52.06:385][  0]LogConfig: Setting CVar [[r.AmbientOcclusionRadiusScale:1.0]]
[2018.11.22-20.52.06:385][  0]LogConfig: Setting CVar [[r.DepthOfFieldQuality:2]]
[2018.11.22-20.52.06:385][  0]LogConfig: Setting CVar [[r.RenderTargetPoolMin:400]]
[2018.11.22-20.52.06:385][  0]LogConfig: Setting CVar [[r.LensFlareQuality:2]]
[2018.11.22-20.52.06:385][  0]LogConfig: Setting CVar [[r.SceneColorFringeQuality:1]]
[2018.11.22-20.52.06:385][  0]LogConfig: Setting CVar [[r.EyeAdaptationQuality:2]]
[2018.11.22-20.52.06:386][  0]LogConfig: Setting CVar [[r.BloomQuality:5]]
[2018.11.22-20.52.06:386][  0]LogConfig: Setting CVar [[r.FastBlurThreshold:100]]
[2018.11.22-20.52.06:386][  0]LogConfig: Setting CVar [[r.Upscale.Quality:3]]
[2018.11.22-20.52.06:386][  0]LogConfig: Setting CVar [[r.Tonemapper.GrainQuantization:1]]
[2018.11.22-20.52.06:386][  0]LogConfig: Setting CVar [[r.LightShaftQuality:1]]
[2018.11.22-20.52.06:386][  0]LogConfig: Setting CVar [[r.Filter.SizeScale:1]]
[2018.11.22-20.52.06:386][  0]LogConfig: Setting CVar [[r.Tonemapper.Quality:5]]
[2018.11.22-20.52.06:386][  0]LogConfig: Setting CVar [[r.DOF.Gather.AccumulatorQuality:1        ; higher gathering accumulator quality]]
[2018.11.22-20.52.06:386][  0]LogConfig: Setting CVar [[r.DOF.Gather.PostfilterMethod:1          ; Median3x3 postfilering method]]
[2018.11.22-20.52.06:386][  0]LogConfig: Setting CVar [[r.DOF.Gather.EnableBokehSettings:0       ; no bokeh simulation when gathering]]
[2018.11.22-20.52.06:386][  0]LogConfig: Setting CVar [[r.DOF.Gather.RingCount:4                 ; medium number of samples when gathering]]
[2018.11.22-20.52.06:386][  0]LogConfig: Setting CVar [[r.DOF.Scatter.ForegroundCompositing:1    ; additive foreground scattering]]
[2018.11.22-20.52.06:386][  0]LogConfig: Setting CVar [[r.DOF.Scatter.BackgroundCompositing:2    ; additive background scattering]]
[2018.11.22-20.52.06:386][  0]LogConfig: Setting CVar [[r.DOF.Scatter.EnableBokehSettings:1      ; bokeh simulation when scattering]]
[2018.11.22-20.52.06:386][  0]LogConfig: Setting CVar [[r.DOF.Scatter.MaxSpriteRatio:0.1         ; only a maximum of 10% of scattered bokeh]]
[2018.11.22-20.52.06:386][  0]LogConfig: Setting CVar [[r.DOF.Recombine.Quality:1                ; cheap slight out of focus]]
[2018.11.22-20.52.06:386][  0]LogConfig: Setting CVar [[r.DOF.Recombine.EnableBokehSettings:0    ; no bokeh simulation on slight out of focus]]
[2018.11.22-20.52.06:387][  0]LogConfig: Setting CVar [[r.DOF.TemporalAAQuality:1                ; more stable temporal accumulation]]
[2018.11.22-20.52.06:387][  0]LogConfig: Setting CVar [[r.DOF.Kernel.MaxForegroundRadius:0.025]]
[2018.11.22-20.52.06:387][  0]LogConfig: Setting CVar [[r.DOF.Kernel.MaxBackgroundRadius:0.025]]
[2018.11.22-20.52.06:387][  0]LogConfig: Applying CVar settings from Section [TextureQuality@3] File [D:/UnrealEngine/Games/StealthGame/UnrealStealthGame/StealthGame/Saved/Config/Windows/Scalability.ini]
[2018.11.22-20.52.06:387][  0]LogConfig: Setting CVar [[r.Streaming.MipBias:0]]
[2018.11.22-20.52.06:387][  0]LogConfig: Setting CVar [[r.Streaming.AmortizeCPUToGPUCopy:0]]
[2018.11.22-20.52.06:387][  0]LogConfig: Setting CVar [[r.Streaming.MaxNumTexturesToStreamPerFrame:0]]
[2018.11.22-20.52.06:387][  0]LogConfig: Setting CVar [[r.Streaming.Boost:1]]
[2018.11.22-20.52.06:387][  0]LogConfig: Setting CVar [[r.MaxAnisotropy:8]]
[2018.11.22-20.52.06:387][  0]LogConfig: Setting CVar [[r.Streaming.LimitPoolSizeToVRAM:0]]
[2018.11.22-20.52.06:387][  0]LogConfig: Setting CVar [[r.Streaming.PoolSize:1000]]
[2018.11.22-20.52.06:387][  0]LogConfig: Setting CVar [[r.Streaming.MaxEffectiveScreenSize:0]]
[2018.11.22-20.52.06:387][  0]LogConfig: Applying CVar settings from Section [EffectsQuality@3] File [D:/UnrealEngine/Games/StealthGame/UnrealStealthGame/StealthGame/Saved/Config/Windows/Scalability.ini]
[2018.11.22-20.52.06:387][  0]LogConfig: Setting CVar [[r.TranslucencyLightingVolumeDim:64]]
[2018.11.22-20.52.06:387][  0]LogConfig: Setting CVar [[r.RefractionQuality:2]]
[2018.11.22-20.52.06:387][  0]LogConfig: Setting CVar [[r.SSR.Quality:3]]
[2018.11.22-20.52.06:387][  0]LogConfig: Setting CVar [[r.SceneColorFormat:4]]
[2018.11.22-20.52.06:388][  0]LogConfig: Setting CVar [[r.DetailMode:2]]
[2018.11.22-20.52.06:388][  0]LogConfig: Setting CVar [[r.TranslucencyVolumeBlur:1]]
[2018.11.22-20.52.06:388][  0]LogConfig: Setting CVar [[r.MaterialQualityLevel:1 ; High quality]]
[2018.11.22-20.52.06:388][  0]LogConfig: Setting CVar [[r.SSS.Scale:1]]
[2018.11.22-20.52.06:388][  0]LogConfig: Setting CVar [[r.SSS.SampleSet:2]]
[2018.11.22-20.52.06:388][  0]LogConfig: Setting CVar [[r.SSS.Quality:1]]
[2018.11.22-20.52.06:388][  0]LogConfig: Setting CVar [[r.SSS.HalfRes:1]]
[2018.11.22-20.52.06:388][  0]LogConfig: Setting CVar [[r.EmitterSpawnRateScale:1.0]]
[2018.11.22-20.52.06:388][  0]LogConfig: Setting CVar [[r.ParticleLightQuality:2]]
[2018.11.22-20.52.06:388][  0]LogConfig: Applying CVar settings from Section [FoliageQuality@3] File [D:/UnrealEngine/Games/StealthGame/UnrealStealthGame/StealthGame/Saved/Config/Windows/Scalability.ini]
[2018.11.22-20.52.06:388][  0]LogConfig: Setting CVar [[foliage.DensityScale:1.0]]
[2018.11.22-20.52.06:388][  0]LogConfig: Setting CVar [[grass.DensityScale:1.0]]
[2018.11.22-20.52.06:388][  0]LogInit: Selected Device Profile: [Windows]
[2018.11.22-20.52.06:388][  0]LogInit: Applying CVar settings loaded from the selected device profile: [Windows]
[2018.11.22-20.52.06:394][  0]LogHAL: Display: Platform has ~ 16 GB [17112002560 / 17179869184 / 16], which maps to Larger [LargestMinGB=32, LargerMinGB=12, DefaultMinGB=8, SmallerMinGB=6, SmallestMinGB=0)
[2018.11.22-20.52.06:395][  0]LogConfig: Setting CVar [[r.Vulkan.UseRealUBs:1]]
[2018.11.22-20.52.06:395][  0]LogInit: Going up to parent DeviceProfile []
[2018.11.22-20.52.06:395][  0]LogConfig: Applying CVar settings from Section [ViewDistanceQuality@3] File [D:/UnrealEngine/Games/StealthGame/UnrealStealthGame/StealthGame/Saved/Config/Windows/Scalability.ini]
[2018.11.22-20.52.06:395][  0]LogConfig: Setting CVar [[r.SkeletalMeshLODBias:0]]
[2018.11.22-20.52.06:395][  0]LogConfig: Setting CVar [[r.ViewDistanceScale:1.0]]
[2018.11.22-20.52.06:395][  0]LogConfig: Applying CVar settings from Section [AntiAliasingQuality@3] File [D:/UnrealEngine/Games/StealthGame/UnrealStealthGame/StealthGame/Saved/Config/Windows/Scalability.ini]
[2018.11.22-20.52.06:395][  0]LogConfig: Setting CVar [[r.PostProcessAAQuality:4]]
[2018.11.22-20.52.06:395][  0]LogConfig: Applying CVar settings from Section [ShadowQuality@3] File [D:/UnrealEngine/Games/StealthGame/UnrealStealthGame/StealthGame/Saved/Config/Windows/Scalability.ini]
[2018.11.22-20.52.06:395][  0]LogConfig: Setting CVar [[r.LightFunctionQuality:1]]
[2018.11.22-20.52.06:395][  0]LogConfig: Setting CVar [[r.ShadowQuality:5]]
[2018.11.22-20.52.06:395][  0]LogConfig: Setting CVar [[r.Shadow.CSM.MaxCascades:10]]
[2018.11.22-20.52.06:395][  0]LogConfig: Setting CVar [[r.Shadow.MaxResolution:2048]]
[2018.11.22-20.52.06:395][  0]LogConfig: Setting CVar [[r.Shadow.MaxCSMResolution:2048]]
[2018.11.22-20.52.06:395][  0]LogConfig: Setting CVar [[r.Shadow.RadiusThreshold:0.01]]
[2018.11.22-20.52.06:396][  0]LogConfig: Setting CVar [[r.Shadow.DistanceScale:1.0]]
[2018.11.22-20.52.06:396][  0]LogConfig: Setting CVar [[r.Shadow.CSM.TransitionScale:1.0]]
[2018.11.22-20.52.06:396][  0]LogConfig: Setting CVar [[r.Shadow.PreShadowResolutionFactor:1.0]]
[2018.11.22-20.52.06:396][  0]LogConfig: Setting CVar [[r.DistanceFieldShadowing:1]]
[2018.11.22-20.52.06:396][  0]LogConfig: Setting CVar [[r.DistanceFieldAO:1]]
[2018.11.22-20.52.06:396][  0]LogConfig: Setting CVar [[r.AOQuality:2]]
[2018.11.22-20.52.06:396][  0]LogConfig: Setting CVar [[r.VolumetricFog:1]]
[2018.11.22-20.52.06:396][  0]LogConfig: Setting CVar [[r.VolumetricFog.GridPixelSize:8]]
[2018.11.22-20.52.06:396][  0]LogConfig: Setting CVar [[r.VolumetricFog.GridSizeZ:128]]
[2018.11.22-20.52.06:396][  0]LogConfig: Setting CVar [[r.VolumetricFog.HistoryMissSupersampleCount:4]]
[2018.11.22-20.52.06:396][  0]LogConfig: Setting CVar [[r.LightMaxDrawDistanceScale:1]]
[2018.11.22-20.52.06:396][  0]LogConfig: Setting CVar [[r.CapsuleShadows:1]]
[2018.11.22-20.52.06:396][  0]LogConfig: Applying CVar settings from Section [PostProcessQuality@3] File [D:/UnrealEngine/Games/StealthGame/UnrealStealthGame/StealthGame/Saved/Config/Windows/Scalability.ini]
[2018.11.22-20.52.06:396][  0]LogConfig: Setting CVar [[r.MotionBlurQuality:4]]
[2018.11.22-20.52.06:396][  0]LogConfig: Setting CVar [[r.AmbientOcclusionMipLevelFactor:0.4]]
[2018.11.22-20.52.06:397][  0]LogConfig: Setting CVar [[r.AmbientOcclusionMaxQuality:100]]
[2018.11.22-20.52.06:397][  0]LogConfig: Setting CVar [[r.AmbientOcclusionLevels:-1]]
[2018.11.22-20.52.06:397][  0]LogConfig: Setting CVar [[r.AmbientOcclusionRadiusScale:1.0]]
[2018.11.22-20.52.06:397][  0]LogConfig: Setting CVar [[r.DepthOfFieldQuality:2]]
[2018.11.22-20.52.06:397][  0]LogConfig: Setting CVar [[r.RenderTargetPoolMin:400]]
[2018.11.22-20.52.06:397][  0]LogConfig: Setting CVar [[r.LensFlareQuality:2]]
[2018.11.22-20.52.06:397][  0]LogConfig: Setting CVar [[r.SceneColorFringeQuality:1]]
[2018.11.22-20.52.06:397][  0]LogConfig: Setting CVar [[r.EyeAdaptationQuality:2]]
[2018.11.22-20.52.06:397][  0]LogConfig: Setting CVar [[r.BloomQuality:5]]
[2018.11.22-20.52.06:397][  0]LogConfig: Setting CVar [[r.FastBlurThreshold:100]]
[2018.11.22-20.52.06:397][  0]LogConfig: Setting CVar [[r.Upscale.Quality:3]]
[2018.11.22-20.52.06:397][  0]LogConfig: Setting CVar [[r.Tonemapper.GrainQuantization:1]]
[2018.11.22-20.52.06:397][  0]LogConfig: Setting CVar [[r.LightShaftQuality:1]]
[2018.11.22-20.52.06:397][  0]LogConfig: Setting CVar [[r.Filter.SizeScale:1]]
[2018.11.22-20.52.06:397][  0]LogConfig: Setting CVar [[r.Tonemapper.Quality:5]]
[2018.11.22-20.52.06:397][  0]LogConfig: Setting CVar [[r.DOF.Gather.AccumulatorQuality:1        ; higher gathering accumulator quality]]
[2018.11.22-20.52.06:397][  0]LogConfig: Setting CVar [[r.DOF.Gather.PostfilterMethod:1          ; Median3x3 postfilering method]]
[2018.11.22-20.52.06:398][  0]LogConfig: Setting CVar [[r.DOF.Gather.EnableBokehSettings:0       ; no bokeh simulation when gathering]]
[2018.11.22-20.52.06:398][  0]LogConfig: Setting CVar [[r.DOF.Gather.RingCount:4                 ; medium number of samples when gathering]]
[2018.11.22-20.52.06:398][  0]LogConfig: Setting CVar [[r.DOF.Scatter.ForegroundCompositing:1    ; additive foreground scattering]]
[2018.11.22-20.52.06:398][  0]LogConfig: Setting CVar [[r.DOF.Scatter.BackgroundCompositing:2    ; additive background scattering]]
[2018.11.22-20.52.06:398][  0]LogConfig: Setting CVar [[r.DOF.Scatter.EnableBokehSettings:1      ; bokeh simulation when scattering]]
[2018.11.22-20.52.06:398][  0]LogConfig: Setting CVar [[r.DOF.Scatter.MaxSpriteRatio:0.1         ; only a maximum of 10% of scattered bokeh]]
[2018.11.22-20.52.06:398][  0]LogConfig: Setting CVar [[r.DOF.Recombine.Quality:1                ; cheap slight out of focus]]
[2018.11.22-20.52.06:398][  0]LogConfig: Setting CVar [[r.DOF.Recombine.EnableBokehSettings:0    ; no bokeh simulation on slight out of focus]]
[2018.11.22-20.52.06:398][  0]LogConfig: Setting CVar [[r.DOF.TemporalAAQuality:1                ; more stable temporal accumulation]]
[2018.11.22-20.52.06:398][  0]LogConfig: Setting CVar [[r.DOF.Kernel.MaxForegroundRadius:0.025]]
[2018.11.22-20.52.06:398][  0]LogConfig: Setting CVar [[r.DOF.Kernel.MaxBackgroundRadius:0.025]]
[2018.11.22-20.52.06:398][  0]LogConfig: Applying CVar settings from Section [TextureQuality@3] File [D:/UnrealEngine/Games/StealthGame/UnrealStealthGame/StealthGame/Saved/Config/Windows/Scalability.ini]
[2018.11.22-20.52.06:398][  0]LogConfig: Setting CVar [[r.Streaming.MipBias:0]]
[2018.11.22-20.52.06:398][  0]LogConfig: Setting CVar [[r.Streaming.AmortizeCPUToGPUCopy:0]]
[2018.11.22-20.52.06:398][  0]LogConfig: Setting CVar [[r.Streaming.MaxNumTexturesToStreamPerFrame:0]]
[2018.11.22-20.52.06:398][  0]LogConfig: Setting CVar [[r.Streaming.Boost:1]]
[2018.11.22-20.52.06:398][  0]LogConfig: Setting CVar [[r.MaxAnisotropy:8]]
[2018.11.22-20.52.06:399][  0]LogConfig: Setting CVar [[r.Streaming.LimitPoolSizeToVRAM:0]]
[2018.11.22-20.52.06:399][  0]LogConfig: Setting CVar [[r.Streaming.PoolSize:1000]]
[2018.11.22-20.52.06:399][  0]LogConfig: Setting CVar [[r.Streaming.MaxEffectiveScreenSize:0]]
[2018.11.22-20.52.06:399][  0]LogConfig: Applying CVar settings from Section [EffectsQuality@3] File [D:/UnrealEngine/Games/StealthGame/UnrealStealthGame/StealthGame/Saved/Config/Windows/Scalability.ini]
[2018.11.22-20.52.06:399][  0]LogConfig: Setting CVar [[r.TranslucencyLightingVolumeDim:64]]
[2018.11.22-20.52.06:399][  0]LogConfig: Setting CVar [[r.RefractionQuality:2]]
[2018.11.22-20.52.06:399][  0]LogConfig: Setting CVar [[r.SSR.Quality:3]]
[2018.11.22-20.52.06:399][  0]LogConfig: Setting CVar [[r.SceneColorFormat:4]]
[2018.11.22-20.52.06:399][  0]LogConfig: Setting CVar [[r.DetailMode:2]]
[2018.11.22-20.52.06:399][  0]LogConfig: Setting CVar [[r.TranslucencyVolumeBlur:1]]
[2018.11.22-20.52.06:399][  0]LogConfig: Setting CVar [[r.MaterialQualityLevel:1 ; High quality]]
[2018.11.22-20.52.06:399][  0]LogConfig: Setting CVar [[r.SSS.Scale:1]]
[2018.11.22-20.52.06:399][  0]LogConfig: Setting CVar [[r.SSS.SampleSet:2]]
[2018.11.22-20.52.06:399][  0]LogConfig: Setting CVar [[r.SSS.Quality:1]]
[2018.11.22-20.52.06:399][  0]LogConfig: Setting CVar [[r.SSS.HalfRes:1]]
[2018.11.22-20.52.06:399][  0]LogConfig: Setting CVar [[r.EmitterSpawnRateScale:1.0]]
[2018.11.22-20.52.06:400][  0]LogConfig: Setting CVar [[r.ParticleLightQuality:2]]
[2018.11.22-20.52.06:400][  0]LogConfig: Applying CVar settings from Section [FoliageQuality@3] File [D:/UnrealEngine/Games/StealthGame/UnrealStealthGame/StealthGame/Saved/Config/Windows/Scalability.ini]
[2018.11.22-20.52.06:400][  0]LogConfig: Setting CVar [[foliage.DensityScale:1.0]]
[2018.11.22-20.52.06:400][  0]LogConfig: Setting CVar [[grass.DensityScale:1.0]]
[2018.11.22-20.52.06:400][  0]LogConfig: Applying CVar settings from Section [Startup] File [../../../Engine/Config/ConsoleVariables.ini]
[2018.11.22-20.52.06:400][  0]LogConfig: Setting CVar [[net.UseAdaptiveNetUpdateFrequency:0]]
[2018.11.22-20.52.06:400][  0]LogConfig: Applying CVar settings from Section [ConsoleVariables] File [D:/UnrealEngine/Games/StealthGame/UnrealStealthGame/StealthGame/Saved/Config/Windows/Engine.ini]
[2018.11.22-20.52.06:400][  0]LogInit: Computer: GG00001
[2018.11.22-20.52.06:400][  0]LogInit: User: oibikunle
[2018.11.22-20.52.06:400][  0]LogInit: CPU Page size=4096, Cores=6
[2018.11.22-20.52.06:400][  0]LogInit: High frequency timer resolution =10.000000 MHz
[2018.11.22-20.52.06:401][  0]LogMemory: Memory total: Physical=15.9GB (16GB approx)
[2018.11.22-20.52.06:401][  0]LogMemory: Platform Memory Stats for Windows
[2018.11.22-20.52.06:401][  0]LogMemory: Process Physical Memory: 104.07 MB used, 104.07 MB peak
[2018.11.22-20.52.06:401][  0]LogMemory: Process Virtual Memory: 86.81 MB used, 86.81 MB peak
[2018.11.22-20.52.06:401][  0]LogMemory: Physical Memory: 10677.78 MB used,  5641.50 MB free, 16319.28 MB total
[2018.11.22-20.52.06:401][  0]LogMemory: Virtual Memory: 4646.91 MB used,  134213080.00 MB free, 134217728.00 MB total
[2018.11.22-20.52.06:504][  0]LogInit: Using OS detected language (en-GB).
[2018.11.22-20.52.06:504][  0]LogInit: Using OS detected locale (en-GB).
[2018.11.22-20.52.06:504][  0]LogTextLocalizationManager: No specific localization for 'en-GB' exists, so the 'en' localization will be used.
[2018.11.22-20.52.06:792][  0]LogStreaming: Display: Took  0.288s to InitEngineTextLocalization.
[2018.11.22-20.52.06:792][  0]LogInit: Setting process to per monitor DPI aware
[2018.11.22-20.52.06:897][  0]LogSlate: New Slate User Created.  User Index 0, Is Virtual User: 0
[2018.11.22-20.52.06:897][  0]LogSlate: Slate User Registered.  User Index 0, Is Virtual User: 0
[2018.11.22-20.52.07:096][  0]LogHMD: Failed to initialize OpenVR with code 110
[2018.11.22-20.52.07:096][  0]LogD3D11RHI: D3D11 adapters:
[2018.11.22-20.52.07:170][  0]LogD3D11RHI:    0. 'NVIDIA GeForce GTX 1050 Ti' (Feature Level 11_0)
[2018.11.22-20.52.07:170][  0]LogD3D11RHI:       4018/0/8159 MB DedicatedVideo/DedicatedSystem/SharedSystem, Outputs:3, VendorId:0x10de
[2018.11.22-20.52.07:175][  0]LogD3D11RHI:    1. 'Microsoft Basic Render Driver' (Feature Level 11_0)
[2018.11.22-20.52.07:175][  0]LogD3D11RHI:       0/0/8159 MB DedicatedVideo/DedicatedSystem/SharedSystem, Outputs:0, VendorId:0x1414
[2018.11.22-20.52.07:175][  0]LogD3D11RHI: Chosen D3D11 Adapter: 0
[2018.11.22-20.52.07:184][  0]LogD3D11RHI: Creating new Direct3DDevice
[2018.11.22-20.52.07:184][  0]LogD3D11RHI:     GPU DeviceId: 0x1c82 (for the marketing name, search the web for "GPU Device Id")
[2018.11.22-20.52.07:184][  0]LogWindows: EnumDisplayDevices:
[2018.11.22-20.52.07:184][  0]LogWindows:    0. 'NVIDIA GeForce GTX 1050 Ti' (P:0 D:1)
[2018.11.22-20.52.07:184][  0]LogWindows:    1. 'NVIDIA GeForce GTX 1050 Ti' (P:1 D:1)
[2018.11.22-20.52.07:185][  0]LogWindows:    2. 'NVIDIA GeForce GTX 1050 Ti' (P:0 D:1)
[2018.11.22-20.52.07:185][  0]LogWindows:    3. 'NVIDIA GeForce GTX 1050 Ti' (P:0 D:0)
[2018.11.22-20.52.07:185][  0]LogWindows:    4. 'NVIDIA GeForce GTX 1050 Ti' (P:0 D:0)
[2018.11.22-20.52.07:186][  0]LogWindows:    5. 'NVIDIA GeForce GTX 1050 Ti' (P:0 D:0)
[2018.11.22-20.52.07:186][  0]LogWindows:    6. 'NVIDIA GeForce GTX 1050 Ti' (P:0 D:0)
[2018.11.22-20.52.07:186][  0]LogWindows:    7. 'NVIDIA GeForce GTX 1050 Ti' (P:0 D:0)
[2018.11.22-20.52.07:187][  0]LogWindows:    8. 'NVIDIA GeForce GTX 1050 Ti' (P:0 D:0)
[2018.11.22-20.52.07:187][  0]LogWindows:    9. 'NVIDIA GeForce GTX 1050 Ti' (P:0 D:0)
[2018.11.22-20.52.07:187][  0]LogWindows:    10. 'NVIDIA GeForce GTX 1050 Ti' (P:0 D:0)
[2018.11.22-20.52.07:187][  0]LogWindows:    11. 'NVIDIA GeForce GTX 1050 Ti' (P:0 D:0)
[2018.11.22-20.52.07:188][  0]LogWindows: DebugString: FoundDriverCount:12 
[2018.11.22-20.52.07:188][  0]LogD3D11RHI:     Adapter Name: NVIDIA GeForce GTX 1050 Ti
[2018.11.22-20.52.07:188][  0]LogD3D11RHI:   Driver Version: 416.94 (internal:25.21.14.1694, unified:416.94)
[2018.11.22-20.52.07:188][  0]LogD3D11RHI:      Driver Date: 11-12-2018
[2018.11.22-20.52.07:188][  0]LogRHI: Texture pool is 2812 MB (70% of 4018 MB)
[2018.11.22-20.52.07:226][  0]LogD3D11RHI: Async texture creation enabled
[2018.11.22-20.52.07:242][  0]LogD3D11RHI: GPU Timing Frequency: 1000.000000 (Debug: 2 2)
[2018.11.22-20.52.07:547][  0]LogTemp: Display: Loaded TP AllDesktopTargetPlatform
[2018.11.22-20.52.07:557][  0]LogTemp: Display: Loaded TP MacClientTargetPlatform
[2018.11.22-20.52.07:568][  0]LogTemp: Display: Loaded TP MacNoEditorTargetPlatform
[2018.11.22-20.52.07:579][  0]LogTemp: Display: Loaded TP MacServerTargetPlatform
[2018.11.22-20.52.07:589][  0]LogTemp: Display: Loaded TP MacTargetPlatform
[2018.11.22-20.52.07:600][  0]LogTemp: Display: Loaded TP WindowsClientTargetPlatform
[2018.11.22-20.52.07:610][  0]LogTemp: Display: Loaded TP WindowsNoEditorTargetPlatform
[2018.11.22-20.52.07:621][  0]LogTemp: Display: Loaded TP WindowsServerTargetPlatform
[2018.11.22-20.52.07:627][  0]LogTemp: Display: Loaded TP WindowsTargetPlatform
[2018.11.22-20.52.07:688][  0]LogTemp: Display: Loaded TP AndroidTargetPlatform
[2018.11.22-20.52.07:688][  0]LogTemp: Display: Loaded TP AndroidTargetPlatform
[2018.11.22-20.52.07:688][  0]LogTemp: Display: Loaded TP AndroidTargetPlatform
[2018.11.22-20.52.07:688][  0]LogTemp: Display: Loaded TP AndroidTargetPlatform
[2018.11.22-20.52.07:688][  0]LogTemp: Display: Loaded TP AndroidTargetPlatform
[2018.11.22-20.52.07:688][  0]LogTemp: Display: Loaded TP AndroidTargetPlatform
[2018.11.22-20.52.07:688][  0]LogTemp: Display: Loaded TP AndroidTargetPlatform
[2018.11.22-20.52.07:689][  0]LogTemp: Display: Loaded TP AndroidTargetPlatform
[2018.11.22-20.52.07:689][  0]LogTemp: Display: Loaded TP AndroidTargetPlatform
[2018.11.22-20.52.07:689][  0]LogTemp: Display: Loaded TP AndroidTargetPlatform
[2018.11.22-20.52.07:689][  0]LogTemp: Display: Loaded TP AndroidTargetPlatform
[2018.11.22-20.52.07:689][  0]LogTemp: Display: Loaded TP AndroidTargetPlatform
[2018.11.22-20.52.07:689][  0]LogTemp: Display: Loaded TP AndroidTargetPlatform
[2018.11.22-20.52.07:689][  0]LogTemp: Display: Loaded TP AndroidTargetPlatform
[2018.11.22-20.52.07:689][  0]LogTemp: Display: Loaded TP AndroidTargetPlatform
[2018.11.22-20.52.07:689][  0]LogTemp: Display: Loaded TP AndroidTargetPlatform
[2018.11.22-20.52.07:689][  0]LogTemp: Display: Loaded TP AndroidTargetPlatform
[2018.11.22-20.52.07:689][  0]LogTemp: Display: Loaded TP AndroidTargetPlatform
[2018.11.22-20.52.07:693][  0]LogTemp: Display: Loaded TP HTML5TargetPlatform
[2018.11.22-20.52.07:754][  0]LogTemp: Display: Loaded TP IOSTargetPlatform
[2018.11.22-20.52.07:754][  0]LogTemp: Display: Loaded TP IOSTargetPlatform
[2018.11.22-20.52.07:773][  0]LogTemp: Display: Loaded TP TVOSTargetPlatform
[2018.11.22-20.52.07:773][  0]LogTemp: Display: Loaded TP TVOSTargetPlatform
[2018.11.22-20.52.07:784][  0]LogTemp: Display: Loaded TP LinuxClientTargetPlatform
[2018.11.22-20.52.07:794][  0]LogTemp: Display: Loaded TP LinuxNoEditorTargetPlatform
[2018.11.22-20.52.07:807][  0]LogTemp: Display: Loaded TP LinuxServerTargetPlatform
[2018.11.22-20.52.07:818][  0]LogTemp: Display: Loaded TP LinuxTargetPlatform
[2018.11.22-20.52.07:853][  0]LogTemp: Display: Loaded TP LuminTargetPlatform
[2018.11.22-20.52.07:853][  0]LogTemp: Display: Loaded TP LuminTargetPlatform
[2018.11.22-20.52.07:853][  0]LogTargetPlatformManager: Display: Building Assets For Windows
[2018.11.22-20.52.07:931][  0]LogShaderCompilers: Guid format shader working directory is -13 characters bigger than the processId version (../../../../../Games/StealthGame/UnrealStealthGame/StealthGame/Intermediate/Shaders/WorkingDirectory/46624/).
[2018.11.22-20.52.07:931][  0]LogShaderCompilers: Cleaned the shader compiler working directory 'C:/Users/oibikunle/AppData/Local/Temp/UnrealShaderWorkingDir/C0174D0144F827DA0149329167E93BF8/'.
[2018.11.22-20.52.07:932][  0]LogXGEController: Cleaning working directory: C:/Users/oibikunle/AppData/Local/Temp/UnrealXGEWorkingDir/
[2018.11.22-20.52.07:932][  0]LogXGEController: Cannot use XGE Controller as Incredibuild is not installed on this machine.
[2018.11.22-20.52.07:933][  0]LogShaderCompilers: Cannot use XGE Shader Compiler as Incredibuild is not installed on this machine.
[2018.11.22-20.52.07:933][  0]LogShaderCompilers: Display: Using Local Shader Compiler.
[2018.11.22-20.52.08:343][  0]LogDerivedDataCache: Display: Max Cache Size: 512 MB
[2018.11.22-20.52.08:386][  0]LogDerivedDataCache: Loaded boot cache 0.04s 73MB C:/Users/oibikunle/AppData/Local/UnrealEngine/4.21/DerivedDataCache/Boot.ddc.
[2018.11.22-20.52.08:386][  0]LogDerivedDataCache: Display: Loaded Boot cache: C:/Users/oibikunle/AppData/Local/UnrealEngine/4.21/DerivedDataCache/Boot.ddc
[2018.11.22-20.52.08:386][  0]LogDerivedDataCache: FDerivedDataBackendGraph:  Pak pak cache file ../../../../../Games/StealthGame/UnrealStealthGame/StealthGame/DerivedDataCache/DDC.ddp not found, will not use a pak cache.
[2018.11.22-20.52.08:386][  0]LogDerivedDataCache: Unable to find inner node Pak for hierarchical cache Hierarchy.
[2018.11.22-20.52.08:386][  0]LogDerivedDataCache: FDerivedDataBackendGraph:  CompressedPak pak cache file ../../../../../Games/StealthGame/UnrealStealthGame/StealthGame/DerivedDataCache/Compressed.ddp not found, will not use a pak cache.
[2018.11.22-20.52.08:386][  0]LogDerivedDataCache: Unable to find inner node CompressedPak for hierarchical cache Hierarchy.
[2018.11.22-20.52.08:396][  0]LogDerivedDataCache: Display: Pak cache opened for reading ../../../Engine/DerivedDataCache/Compressed.ddp.
[2018.11.22-20.52.08:397][  0]LogDerivedDataCache: FDerivedDataBackendGraph:  EnterprisePak pak cache file ../../../Enterprise/DerivedDataCache/Compressed.ddp not found, will not use a pak cache.
[2018.11.22-20.52.08:397][  0]LogDerivedDataCache: Unable to find inner node EnterprisePak for hierarchical cache Hierarchy.
[2018.11.22-20.52.08:409][  0]LogDerivedDataCache: Using Local data cache path C:/Users/oibikunle/AppData/Local/UnrealEngine/Common/DerivedDataCache: Writable
[2018.11.22-20.52.08:409][  0]LogDerivedDataCache: Shared data cache path not found in *engine.ini, will not use an Shared cache.
[2018.11.22-20.52.08:409][  0]LogDerivedDataCache: Unable to find inner node Shared for hierarchical cache Hierarchy.
[2018.11.22-20.52.08:426][  0]LogMaterial: Verifying Global Shaders for PCD3D_SM5
[2018.11.22-20.52.08:428][  0]LogSlate: Using FreeType 2.6.0
[2018.11.22-20.52.08:428][  0]LogSlate: SlateFontServices - WITH_FREETYPE: 1, WITH_HARFBUZZ: 1
[2018.11.22-20.52.08:496][  0]LogAssetRegistry: FAssetRegistry took 0.0323 seconds to start up
[2018.11.22-20.52.08:728][  0]LogInit: Selected Device Profile: [Windows]
[2018.11.22-20.52.08:850][  0]LogSimplygon: Simplygon DLL not present - disabling.
[2018.11.22-20.52.08:856][  0]LogMeshReduction: Using SimplygonSwarm for distributed automatic mesh merging
[2018.11.22-20.52.08:856][  0]LogMeshReduction: Using ProxyLODMeshReduction for automatic mesh merging
[2018.11.22-20.52.08:856][  0]LogMeshReduction: Using QuadricMeshReduction for automatic static mesh reduction
[2018.11.22-20.52.08:856][  0]LogMeshReduction: No automatic skeletal mesh reduction module available
[2018.11.22-20.52.08:872][  0]LogNetVersion: FPSGame 1.0.0, NetCL: 4541578, EngineNetVer: 5, GameNetVer: 0 (Checksum: 267577011)
[2018.11.22-20.52.09:310][  0]LogPackageLocalizationCache: Processed 11 localized package path(s) for 2 prioritized culture(s) in 0.061590 seconds
[2018.11.22-20.52.09:315][  0]LogUObjectArray: 39775 objects as part of root set at end of initial load.
[2018.11.22-20.52.09:315][  0]LogUObjectAllocator: 6914656 out of 0 bytes used by permanent object pool.
[2018.11.22-20.52.09:316][  0]LogUObjectArray: CloseDisregardForGC: 0/0 objects in disregard for GC pool
[2018.11.22-20.52.10:038][  0]LogTcpMessaging: Initializing TcpMessaging bridge
[2018.11.22-20.52.10:053][  0]LogUdpMessaging: Initializing bridge on interface 0.0.0.0:0 to multicast group 230.0.0.1:6666.
[2018.11.22-20.52.10:721][  0]SourceControl: Source control is disabled
[2018.11.22-20.52.10:721][  0]SourceControl: Source control is disabled
[2018.11.22-20.52.10:724][  0]SourceControl: Source control is disabled
[2018.11.22-20.52.10:727][  0]SourceControl: Source control is disabled
[2018.11.22-20.52.10:940][  0]LogAndroidPermission: UAndroidPermissionCallbackProxy::GetInstance
[2018.11.22-20.52.11:033][  0]LogOcInput: OculusInput pre-init called
[2018.11.22-20.52.11:164][  0]LogEngine: Initializing Engine...
[2018.11.22-20.52.11:165][  0]LogHMD: Failed to initialize OpenVR with code 110
[2018.11.22-20.52.11:166][  0]LogStats: UGameplayTagsManager::ConstructGameplayTagTree: ImportINI prefixes -  0.000 s
[2018.11.22-20.52.11:166][  0]LogStats: UGameplayTagsManager::ConstructGameplayTagTree: Construct from data asset -  0.000 s
[2018.11.22-20.52.11:166][  0]LogStats: UGameplayTagsManager::ConstructGameplayTagTree: ImportINI -  0.000 s
[2018.11.22-20.52.11:166][  0]LogStats: UGameplayTagsManager::ConstructGameplayTagTree: GameplayTagTreeChangedEvent.Broadcast -  0.000 s
[2018.11.22-20.52.11:341][  0]LogInit: Initializing FReadOnlyCVARCache
[2018.11.22-20.52.11:352][  0]LogAIModule: Creating AISystem for world Untitled
[2018.11.22-20.52.11:426][  0]LogInit: XAudio2 using 'Headset Earphone (HyperX 7.1 Audio)' : 2 channels at 48 kHz using 16 bits per sample (channel mask 0x3)
[2018.11.22-20.52.11:444][  0]LogInit: FAudioDevice initialized.
[2018.11.22-20.52.11:444][  0]LogNetVersion: Set ProjectVersion to 1.0.0.0. Version Checksum will be recalculated on next use.
[2018.11.22-20.52.11:483][  0]LogDerivedDataCache: Saved boot cache 0.04s 73MB C:/Users/oibikunle/AppData/Local/UnrealEngine/4.21/DerivedDataCache/Boot.ddc.
[2018.11.22-20.52.11:483][  0]LogInit: Texture streaming: Enabled
[2018.11.22-20.52.11:502][  0]LogEngineSessionManager: EngineSessionManager initialized
[2018.11.22-20.52.11:509][  0]LogInit: Transaction tracking system initialized
[2018.11.22-20.52.11:532][  0]BlueprintLog: New page: Editor Load
[2018.11.22-20.52.11:646][  0]LocalizationService: Localization service is disabled
[2018.11.22-20.52.12:050][  0]LogFileCache: Scanning file cache for directory 'D:/UnrealEngine/Games/StealthGame/UnrealStealthGame/StealthGame/Content/' took 0.01s
[2018.11.22-20.52.12:050][  0]LogCook: Display: Max memory allowance for cook 16384mb min free memory 0mb
[2018.11.22-20.52.12:051][  0]LogCook: Display: Mobile HDR setting 1
[2018.11.22-20.52.12:051][  0]LogGameplayTags: Display: UGameplayTagsManager::DoneAddingNativeTags. DelegateIsBound: 0
[2018.11.22-20.52.12:051][  0]LogStats: UGameplayTagsManager::ConstructGameplayTagTree: ImportINI prefixes -  0.000 s
[2018.11.22-20.52.12:051][  0]LogStats: UGameplayTagsManager::ConstructGameplayTagTree: Construct from data asset -  0.000 s
[2018.11.22-20.52.12:051][  0]LogStats: UGameplayTagsManager::ConstructGameplayTagTree: ImportINI -  0.000 s
[2018.11.22-20.52.12:051][  0]LogStats: UGameplayTagsManager::ConstructGameplayTagTree: GameplayTagTreeChangedEvent.Broadcast -  0.000 s
[2018.11.22-20.52.12:185][  0]SourceControl: Source control is disabled
[2018.11.22-20.52.12:186][  0]Cmd: MAP LOAD FILE="../../../../../Games/StealthGame/UnrealStealthGame/StealthGame/Content/Maps/FirstPersonExampleMap.umap" TEMPLATE=0 SHOWPROGRESS=1 FEATURELEVEL=3
[2018.11.22-20.52.12:186][  0]LightingResults: New page: Lighting Build
[2018.11.22-20.52.12:187][  0]MapCheck: New page: Map Check
[2018.11.22-20.52.12:188][  0]LightingResults: New page: Lighting Build
[2018.11.22-20.52.12:328][  0]LogAIModule: Creating AISystem for world FirstPersonExampleMap
[2018.11.22-20.52.12:336][  0]LogEditorServer: Finished looking for orphan Actors (0.000 secs)
[2018.11.22-20.52.12:362][  0]Cmd: MAP CHECKDEP NOCLEARLOG
[2018.11.22-20.52.12:362][  0]MapCheck: Map check complete: 0 Error(s), 0 Warning(s), took 0.101ms to complete.
[2018.11.22-20.52.12:362][  0]LogFileHelpers: Loading map 'FirstPersonExampleMap' took 0.177
[2018.11.22-20.52.12:538][  0]LogSlate: Updating window title bar state: overlay mode, drag disabled, window buttons hidden, title bar hidden
[2018.11.22-20.52.12:544][  0]LogSlate: Updating window title bar state: overlay mode, drag disabled, window buttons hidden, title bar hidden
[2018.11.22-20.52.12:550][  0]LogSlate: Updating window title bar state: overlay mode, drag disabled, window buttons hidden, title bar hidden
[2018.11.22-20.52.12:555][  0]LogSlate: Updating window title bar state: overlay mode, drag disabled, window buttons hidden, title bar hidden
[2018.11.22-20.52.12:560][  0]LogCollectionManager: Loaded 0 collections in 0.000954 seconds
[2018.11.22-20.52.12:576][  0]LogFileCache: Scanning file cache for directory 'D:/UnrealEngine/Games/StealthGame/UnrealStealthGame/StealthGame/Saved/Collections/' took 0.01s
[2018.11.22-20.52.12:577][  0]LogFileCache: Scanning file cache for directory 'D:/UnrealEngine/Games/StealthGame/UnrealStealthGame/StealthGame/Content/Developers/oibikunle/Collections/' took 0.00s
[2018.11.22-20.52.12:577][  0]LogFileCache: Scanning file cache for directory 'D:/UnrealEngine/Games/StealthGame/UnrealStealthGame/StealthGame/Content/Collections/' took 0.00s
[2018.11.22-20.52.12:577][  0]LogCollectionManager: Rebuilt the GUID cache for 0 collections in 0.000000 seconds
[2018.11.22-20.52.12:584][  0]LogContentBrowser: Native class hierarchy populated in 0.0067 seconds. Added 2658 classes and 624 folders.
[2018.11.22-20.52.12:588][  0]LogContentBrowser: Native class hierarchy updated for 'WidgetCarousel' in 0.0002 seconds. Added 0 classes and 0 folders.
[2018.11.22-20.52.12:589][  0]LogPakFile: Registered encryption key '00000000000000000000000000000000': 0 pak files mounted, 0 remain pending
[2018.11.22-20.52.12:590][  0]LogPakFile: Registered encryption key '00000000000000000000000000000000': 0 pak files mounted, 0 remain pending
[2018.11.22-20.52.12:590][  0]LogPakFile: Registered encryption key '00000000000000000000000000000000': 0 pak files mounted, 0 remain pending
[2018.11.22-20.52.12:590][  0]LogPakFile: Registered encryption key '00000000000000000000000000000000': 0 pak files mounted, 0 remain pending
[2018.11.22-20.52.12:591][  0]LogPakFile: Registered encryption key '00000000000000000000000000000000': 0 pak files mounted, 0 remain pending
[2018.11.22-20.52.12:591][  0]LogPakFile: Registered encryption key '00000000000000000000000000000000': 0 pak files mounted, 0 remain pending
[2018.11.22-20.52.12:592][  0]LogPakFile: Registered encryption key '00000000000000000000000000000000': 0 pak files mounted, 0 remain pending
[2018.11.22-20.52.12:592][  0]LogPakFile: Registered encryption key '00000000000000000000000000000000': 0 pak files mounted, 0 remain pending
[2018.11.22-20.52.12:592][  0]LogPakFile: Registered encryption key '00000000000000000000000000000000': 0 pak files mounted, 0 remain pending
[2018.11.22-20.52.12:593][  0]LogPakFile: Registered encryption key '00000000000000000000000000000000': 0 pak files mounted, 0 remain pending
[2018.11.22-20.52.12:593][  0]LogPakFile: Registered encryption key '00000000000000000000000000000000': 0 pak files mounted, 0 remain pending
[2018.11.22-20.52.12:594][  0]LogPakFile: Registered encryption key '00000000000000000000000000000000': 0 pak files mounted, 0 remain pending
[2018.11.22-20.52.12:594][  0]LogPakFile: Registered encryption key '00000000000000000000000000000000': 0 pak files mounted, 0 remain pending
[2018.11.22-20.52.12:594][  0]LogPakFile: Registered encryption key '00000000000000000000000000000000': 0 pak files mounted, 0 remain pending
[2018.11.22-20.52.12:595][  0]LogPakFile: Registered encryption key '00000000000000000000000000000000': 0 pak files mounted, 0 remain pending
[2018.11.22-20.52.12:595][  0]LogPakFile: Registered encryption key '00000000000000000000000000000000': 0 pak files mounted, 0 remain pending
[2018.11.22-20.52.12:596][  0]LogPakFile: Registered encryption key '00000000000000000000000000000000': 0 pak files mounted, 0 remain pending
[2018.11.22-20.52.12:596][  0]LogPakFile: Registered encryption key '00000000000000000000000000000000': 0 pak files mounted, 0 remain pending
[2018.11.22-20.52.12:596][  0]LogPakFile: Registered encryption key '00000000000000000000000000000000': 0 pak files mounted, 0 remain pending
[2018.11.22-20.52.12:597][  0]LogPakFile: Registered encryption key '00000000000000000000000000000000': 0 pak files mounted, 0 remain pending
[2018.11.22-20.52.12:597][  0]LogPakFile: Registered encryption key '00000000000000000000000000000000': 0 pak files mounted, 0 remain pending
[2018.11.22-20.52.12:597][  0]LogPakFile: Registered encryption key '00000000000000000000000000000000': 0 pak files mounted, 0 remain pending
[2018.11.22-20.52.12:598][  0]LogPakFile: Registered encryption key '00000000000000000000000000000000': 0 pak files mounted, 0 remain pending
[2018.11.22-20.52.12:598][  0]LogPakFile: Registered encryption key '00000000000000000000000000000000': 0 pak files mounted, 0 remain pending
[2018.11.22-20.52.12:598][  0]LogPakFile: Registered encryption key '00000000000000000000000000000000': 0 pak files mounted, 0 remain pending
[2018.11.22-20.52.12:599][  0]LogPakFile: Registered encryption key '00000000000000000000000000000000': 0 pak files mounted, 0 remain pending
[2018.11.22-20.52.12:616][  0]LogContentBrowser: Native class hierarchy updated for 'AddContentDialog' in 0.0002 seconds. Added 0 classes and 0 folders.
[2018.11.22-20.52.12:621][  0]LogContentBrowser: Native class hierarchy updated for 'SceneOutliner' in 0.0003 seconds. Added 1 classes and 2 folders.
[2018.11.22-20.52.12:636][  0]LogSlate: Took 0.000107 seconds to synchronously load lazily loaded font '../../../Engine/Content/Slate/Fonts/Roboto-Regular.ttf' (155K)
[2018.11.22-20.52.12:638][  0]LogSlate: Took 0.000105 seconds to synchronously load lazily loaded font '../../../Engine/Content/Slate/Fonts/Roboto-Bold.ttf' (160K)
[2018.11.22-20.52.12:643][  0]LogSlate: Took 0.000120 seconds to synchronously load lazily loaded font '../../../Engine/Content/Editor/Slate/Fonts/FontAwesome.ttf' (139K)
[2018.11.22-20.52.12:702][  0]LogRenderer: Reallocating scene render targets to support 1208x576 Format 10 NumSamples 1 (Frame:1).
[2018.11.22-20.52.12:847][  0]LogContentBrowser: Native class hierarchy updated for 'HierarchicalLODOutliner' in 0.0003 seconds. Added 0 classes and 0 folders.
[2018.11.22-20.52.12:848][  0]LogLoad: (Engine Initialization) Total time: 8.21 seconds
[2018.11.22-20.52.12:848][  0]LogLoad: (Engine Initialization) Total Blueprint compile time: 0.00 seconds
[2018.11.22-20.52.12:860][  0]LogWindowsTextInputMethodSystem: Display: IME system now deactivated.
[2018.11.22-20.52.12:906][  0]LogContentStreaming: Texture pool size now 1000 MB
[2018.11.22-20.52.12:978][  0]LogSlate: Took 0.000089 seconds to synchronously load lazily loaded font '../../../Engine/Content/Slate/Fonts/Roboto-Light.ttf' (167K)
[2018.11.22-20.52.12:998][  1]LogAssetRegistry: Asset discovery search completed in 4.5260 seconds
[2018.11.22-20.52.13:000][  1]LogCollectionManager: Rebuilt the object cache for 0 collections in 0.000000 seconds (found 0 objects)
[2018.11.22-20.52.13:000][  1]LogCollectionManager: Fixed up redirectors for 0 collections in 0.000197 seconds (updated 0 objects)
[2018.11.22-20.52.22:809][169]LogEditorViewport: Clicking on Actor (LMB): FPSExtractionZone (FPSExtractionZone1)
[2018.11.22-20.52.24:507][365]LogSlate: Took 0.000125 seconds to synchronously load lazily loaded font '../../../Engine/Content/Slate/Fonts/Roboto-Italic.ttf' (157K)
[2018.11.22-20.52.28:167][802]LogEditorViewport: Clicking Background
[2018.11.22-20.52.29:217][926]LogEditorViewport: Clicking on Actor (LMB): FPSExtractionZone (FPSExtractionZone1)
[2018.11.22-20.52.32:573][319]LogEditorViewport: Clicking Background
[2018.11.22-20.52.35:617][682]LogEditorViewport: Clicking on Actor (LMB): FPSExtractionZone (FPSExtractionZone1)
[2018.11.22-20.52.43:699][938]LogEditorViewport: Clicking Background
[2018.11.22-20.52.45:160][108]LogEditorViewport: Clicking Background
[2018.11.22-20.52.47:772][421]LogEditorViewport: Clicking on Actor (LMB): PostProcessVolume (PostProcessVolume)
[2018.11.22-20.52.50:731][769]LogEditorViewport: Clicking on Actor (LMB): FPSExtractionZone (FPSExtractionZone1)
[2018.11.22-20.52.52:077][925]LogSlate: FSceneViewport::OnFocusLost() reason 0
[2018.11.22-20.53.48:977][174]LogSlate: FSceneViewport::OnFocusLost() reason 0
[2018.11.22-20.54.02:785][781]LogSlate: Took 0.000114 seconds to synchronously load lazily loaded font '../../../Engine/Content/Slate/Fonts/Roboto-Light.ttf' (167K)
[2018.11.22-20.54.02:801][781]LogAssetEditorManager: Opening Asset editor for MaterialInstanceConstant /Game/Materials/SpawnBox_M_Inst.SpawnBox_M_Inst
[2018.11.22-20.54.22:156][507]LogSlate: Window 'Color Picker' being destroyed
[2018.11.22-20.54.24:639][780]LogRenderer: Reallocating scene render targets to support 1336x924 Format 10 NumSamples 1 (Frame:52).
[2018.11.22-20.54.24:770][794]LogSlate: Window 'SpawnBox_M_Inst*' being destroyed
[2018.11.22-20.54.25:741][907]Cmd: OBJ SAVEPACKAGE PACKAGE="/Game/Materials/SpawnBox_M_Inst" FILE="../../../../../Games/StealthGame/UnrealStealthGame/StealthGame/Content/Materials/SpawnBox_M_Inst.uasset" SILENT=true
[2018.11.22-20.54.25:777][907]TextureStreamingBuild: Display: Compiling optional shaders took 0.011 seconds.
[2018.11.22-20.54.25:820][907]LogSavePackage: Moving '../../../../../Games/StealthGame/UnrealStealthGame/StealthGame/Saved/SpawnBox_M_InstB115355741D4C466CA412B9806A15253.tmp' to '../../../../../Games/StealthGame/UnrealStealthGame/StealthGame/Content/Materials/SpawnBox_M_Inst.uasset'
[2018.11.22-20.54.37:367][284]LogEditorViewport: Clicking on Component (LMB): BoxComponent (OverLapCom)
[2018.11.22-20.54.39:661][554]LogSlate: FSceneViewport::OnFocusLost() reason 0
[2018.11.22-20.55.09:629][219]LogSlate: FSceneViewport::OnFocusLost() reason 0
[2018.11.22-20.55.22:256][ 54]LogSlate: Window 'Pick Parent Class' being destroyed
[2018.11.22-20.55.37:629][670]LogSlate: FSceneViewport::OnFocusLost() reason 0
[2018.11.22-20.55.39:869][936]LogEditorActor: Deleted Actor: FPSExtractionZone
[2018.11.22-20.55.39:889][936]LogEditorActor: Deleted 1 Actors (0.023 secs)
[2018.11.22-20.55.44:997][524]Cmd: TRANSACTION UNDO
[2018.11.22-20.55.44:997][524]LogEditorTransaction: Undo Move Actors
[2018.11.22-20.55.47:373][794]LogSlate: FSceneViewport::OnFocusLost() reason 0
[2018.11.22-20.55.49:750][ 74]LogAssetEditorManager: Opening Asset editor for Blueprint /Game/Blueprints/BP_ExtractionZone.BP_ExtractionZone
[2018.11.22-20.55.50:084][ 74]LogContentBrowser: Native class hierarchy updated for 'BlueprintGraph' in 0.0005 seconds. Added 117 classes and 0 folders.
[2018.11.22-20.55.53:717][430]TextureStreamingBuild: Display: Compiling optional shaders took 0.000 seconds.
[2018.11.22-20.56.02:504][451]LogSlate: FSceneViewport::OnFocusLost() reason 0
[2018.11.22-20.56.12:803][678]LogSlate: FSceneViewport::OnFocusLost() reason 0
[2018.11.22-20.56.34:745][291]LogSlate: FSceneViewport::OnFocusLost() reason 0
[2018.11.22-20.56.41:708][121]LogSlate: FSceneViewport::OnFocusLost() reason 0
[2018.11.22-20.56.51:322][268]LogSlate: FSceneViewport::OnFocusLost() reason 0
[2018.11.22-20.56.56:209][853]Cmd: TRANSACTION UNDO
[2018.11.22-20.56.56:209][853]LogEditorTransaction: Undo Modify Component(s)
[2018.11.22-20.56.58:889][166]LogSlate: FSceneViewport::OnFocusLost() reason 0
[2018.11.22-20.57.02:985][657]Cmd: TRANSACTION UNDO
[2018.11.22-20.57.02:985][657]LogEditorTransaction: Undo Modify Component(s)
[2018.11.22-20.57.07:233][155]LogEditorViewport: Clicking Background
[2018.11.22-20.57.09:889][472]LogSlate: FSceneViewport::OnFocusLost() reason 0
[2018.11.22-20.57.42:370][135]LogSlate: FSceneViewport::OnFocusLost() reason 0
[2018.11.22-20.58.18:078][346]LogSlate: FSceneViewport::OnFocusLost() reason 0
[2018.11.22-20.58.39:112][346]LogSlate: FSceneViewport::OnFocusLost() reason 0
[2018.11.22-20.59.05:603][309]BlueprintLog: New page: Compile BP_ExtractionZone
[2018.11.22-20.59.05:747][309]Cmd: OBJ SAVEPACKAGE PACKAGE="/Game/Blueprints/BP_ExtractionZone" FILE="../../../../../Games/StealthGame/UnrealStealthGame/StealthGame/Content/Blueprints/BP_ExtractionZone.uasset" SILENT=true
[2018.11.22-20.59.05:761][309]LogSavePackage: Moving '../../../../../Games/StealthGame/UnrealStealthGame/StealthGame/Saved/BP_ExtractionZone1387FFBA49085099416FE48F26CB8CD8.tmp' to '../../../../../Games/StealthGame/UnrealStealthGame/StealthGame/Content/Blueprints/BP_ExtractionZone.uasset'
[2018.11.22-20.59.09:079][670]LogSavePackage: Moving '../../../../../Games/StealthGame/UnrealStealthGame/StealthGame/Saved/FirstPersonExampleMap88A38E674FFD9D84556D94A23F02E89F.tmp' to '../../../../../Games/StealthGame/UnrealStealthGame/StealthGame/Content/Maps/FirstPersonExampleMap.umap'
[2018.11.22-20.59.09:168][670]LogSavePackage: Moving '../../../../../Games/StealthGame/UnrealStealthGame/StealthGame/Saved/FirstPersonExampleMap_BuiltData9A5B52CF451D677296708D8CEF8B8D69.tmp' to '../../../../../Games/StealthGame/UnrealStealthGame/StealthGame/Content/Maps/FirstPersonExampleMap_BuiltData.uasset'
[2018.11.22-20.59.14:397][293]LogSlate: FSceneViewport::OnFocusLost() reason 0
[2018.11.22-20.59.14:646][303]LogSavePackage: Moving '../../../../../Games/StealthGame/UnrealStealthGame/StealthGame/Saved/FirstPersonExampleMap45D4F1714F3F8A921BECD0AEB8DAED43.tmp' to '../../../../../Games/StealthGame/UnrealStealthGame/StealthGame/Content/Maps/FirstPersonExampleMap.umap'
[2018.11.22-20.59.14:704][303]LogSavePackage: Moving '../../../../../Games/StealthGame/UnrealStealthGame/StealthGame/Saved/FirstPersonExampleMap_BuiltData500153CA42A49D90FDF102946A19AA02.tmp' to '../../../../../Games/StealthGame/UnrealStealthGame/StealthGame/Content/Maps/FirstPersonExampleMap_BuiltData.uasset'
[2018.11.22-20.59.39:989][329]LogAssetEditorManager: Opening Asset editor for MaterialInstanceConstant /Game/Materials/SpawnBox_M_Inst.SpawnBox_M_Inst
[2018.11.22-20.59.56:430][ 49]LogAssetEditorManager: Opening Asset editor for Material /Game/Materials/SpawnBox_M.SpawnBox_M
[2018.11.22-20.59.56:458][ 49]LogMaterial: Display: Missing cached shader map for material SpawnBox_M, compiling. 
[2018.11.22-20.59.56:613][ 49]LogMaterial: Display: Missing cached shader map for material SpawnBox_M, compiling. 
[2018.11.22-20.59.56:646][ 49]LogShaderCompilers: Display: Shaders left to compile 32
[2018.11.22-20.59.56:646][ 49]LogShaderCompilers: Display: Shaders left to compile 31
[2018.11.22-20.59.56:646][ 49]LogShaderCompilers: Display: Shaders left to compile 30
[2018.11.22-20.59.56:646][ 49]LogShaderCompilers: Display: Shaders left to compile 29
[2018.11.22-20.59.56:646][ 49]LogShaderCompilers: Display: Shaders left to compile 28
[2018.11.22-20.59.56:647][ 49]LogShaderCompilers: Display: Shaders left to compile 27
[2018.11.22-20.59.56:647][ 49]LogShaderCompilers: Display: Shaders left to compile 26
[2018.11.22-20.59.56:647][ 49]LogShaderCompilers: Display: Shaders left to compile 25
[2018.11.22-20.59.56:666][ 49]LogMaterial: Display: Missing cached shader map for material FMatExpressionPreview MaterialExpressionVectorParameter_0, compiling. 
[2018.11.22-20.59.56:675][ 49]LogMaterial: Display: Missing cached shader map for material FMatExpressionPreview MaterialExpressionTextureSample_0, compiling. 
[2018.11.22-20.59.56:679][ 49]LogMaterial: Display: Missing cached shader map for material FMatExpressionPreview MaterialExpressionTextureSample_2, compiling. 
[2018.11.22-20.59.56:684][ 49]LogMaterial: Display: Missing cached shader map for material FMatExpressionPreview MaterialExpressionTextureSample_3, compiling. 
[2018.11.22-20.59.56:725][ 49]LogSlate: Took 0.000144 seconds to synchronously load lazily loaded font '../../../Engine/Content/Slate/Fonts/Roboto-BoldCondensed.ttf' (158K)
[2018.11.22-20.59.56:951][ 56]LogShaderCompilers: Display: Shaders left to compile 32
[2018.11.22-20.59.57:016][ 62]LogShaderCompilers: Display: Shaders left to compile 31
[2018.11.22-20.59.57:074][ 69]LogShaderCompilers: Display: Shaders left to compile 30
[2018.11.22-20.59.57:090][ 71]LogShaderCompilers: Display: Shaders left to compile 29
[2018.11.22-20.59.57:108][ 73]LogShaderCompilers: Display: Shaders left to compile 28
[2018.11.22-20.59.57:116][ 74]LogShaderCompilers: Display: Shaders left to compile 27
[2018.11.22-20.59.57:116][ 74]LogShaderCompilers: Display: Shaders left to compile 26
[2018.11.22-20.59.57:116][ 74]LogShaderCompilers: Display: Shaders left to compile 25
[2018.11.22-20.59.57:310][ 93]LogShaderCompilers: Display: Shaders left to compile 24
[2018.11.22-20.59.57:508][113]LogShaderCompilers: Display: Shaders left to compile 23
[2018.11.22-20.59.57:542][116]LogShaderCompilers: Display: Shaders left to compile 22
[2018.11.22-20.59.57:562][118]LogShaderCompilers: Display: Shaders left to compile 21
[2018.11.22-20.59.57:572][119]LogShaderCompilers: Display: Shaders left to compile 20
[2018.11.22-20.59.57:698][128]LogShaderCompilers: Display: Shaders left to compile 19
[2018.11.22-20.59.57:761][135]LogShaderCompilers: Display: Shaders left to compile 18
[2018.11.22-20.59.57:896][151]LogShaderCompilers: Display: Shaders left to compile 17
[2018.11.22-20.59.57:964][159]LogShaderCompilers: Display: Shaders left to compile 16
[2018.11.22-20.59.58:017][165]LogShaderCompilers: Display: Shaders left to compile 15
[2018.11.22-20.59.58:078][172]LogShaderCompilers: Display: Shaders left to compile 14
[2018.11.22-20.59.58:169][182]LogShaderCompilers: Display: Shaders left to compile 13
[2018.11.22-20.59.58:223][188]LogShaderCompilers: Display: Shaders left to compile 12
[2018.11.22-20.59.58:464][214]LogShaderCompilers: Display: Shaders left to compile 11
[2018.11.22-20.59.58:499][217]LogShaderCompilers: Display: Shaders left to compile 10
[2018.11.22-20.59.58:523][219]LogShaderCompilers: Display: Shaders left to compile 9
[2018.11.22-20.59.58:550][222]LogShaderCompilers: Display: Shaders left to compile 8
[2018.11.22-20.59.58:608][229]LogShaderCompilers: Display: Shaders left to compile 7
[2018.11.22-20.59.58:625][231]LogShaderCompilers: Display: Shaders left to compile 6
[2018.11.22-20.59.58:625][231]LogShaderCompilers: Display: Shaders left to compile 5
[2018.11.22-20.59.58:779][248]LogShaderCompilers: Display: Shaders left to compile 4
[2018.11.22-20.59.58:809][251]LogShaderCompilers: Display: Shaders left to compile 3
[2018.11.22-20.59.58:846][255]LogShaderCompilers: Display: Shaders left to compile 2
[2018.11.22-20.59.58:864][257]LogShaderCompilers: Display: Shaders left to compile 1
[2018.11.22-20.59.59:100][284]MaterialEditorStats: Base pass shader: 74 instructions
[2018.11.22-20.59.59:100][284]MaterialEditorStats: Base pass shader with Volumetric Lightmap: 101 instructions
[2018.11.22-20.59.59:100][284]MaterialEditorStats: Base pass vertex shader: 111 instructions
[2018.11.22-20.59.59:100][284]MaterialEditorStats: Texture samplers: 3/16
[2018.11.22-20.59.59:100][284]MaterialEditorStats: Texture Lookups (Est.): VS(0), PS(2)
[2018.11.22-20.59.59:100][284]MaterialEditorStats: User interpolators: 2/4 Scalars (1/4 Vectors) (TexCoords: 2, Custom: 0)
[2018.11.22-21.00.16:611][438]LogMaterial: Display: Missing cached shader map for material SpawnBox_M, compiling. 
[2018.11.22-21.00.16:633][438]LogMaterial: Display: Missing cached shader map for material SpawnBox_M, compiling. 
[2018.11.22-21.00.16:678][439]LogShaderCompilers: Display: Shaders left to compile 32
[2018.11.22-21.00.16:678][439]LogShaderCompilers: Display: Shaders left to compile 31
[2018.11.22-21.00.16:678][439]LogShaderCompilers: Display: Shaders left to compile 30
[2018.11.22-21.00.16:678][439]LogShaderCompilers: Display: Shaders left to compile 29
[2018.11.22-21.00.16:678][439]LogShaderCompilers: Display: Shaders left to compile 28
[2018.11.22-21.00.16:678][439]LogShaderCompilers: Display: Shaders left to compile 27
[2018.11.22-21.00.16:679][439]LogShaderCompilers: Display: Shaders left to compile 26
[2018.11.22-21.00.16:679][439]LogShaderCompilers: Display: Shaders left to compile 25
[2018.11.22-21.00.16:815][453]LogShaderCompilers: Display: Shaders left to compile 24
[2018.11.22-21.00.16:835][455]LogShaderCompilers: Display: Shaders left to compile 23
[2018.11.22-21.00.16:845][456]LogShaderCompilers: Display: Shaders left to compile 22
[2018.11.22-21.00.16:845][456]LogShaderCompilers: Display: Shaders left to compile 21
[2018.11.22-21.00.16:854][457]LogShaderCompilers: Display: Shaders left to compile 20
[2018.11.22-21.00.16:854][457]LogShaderCompilers: Display: Shaders left to compile 19
[2018.11.22-21.00.16:863][458]LogShaderCompilers: Display: Shaders left to compile 18
[2018.11.22-21.00.16:863][458]LogShaderCompilers: Display: Shaders left to compile 17
[2018.11.22-21.00.17:204][488]LogShaderCompilers: Display: Shaders left to compile 16
[2018.11.22-21.00.17:230][490]LogShaderCompilers: Display: Shaders left to compile 15
[2018.11.22-21.00.17:263][493]LogShaderCompilers: Display: Shaders left to compile 14
[2018.11.22-21.00.17:304][496]LogShaderCompilers: Display: Shaders left to compile 13
[2018.11.22-21.00.17:314][497]LogShaderCompilers: Display: Shaders left to compile 12
[2018.11.22-21.00.17:376][504]LogShaderCompilers: Display: Shaders left to compile 11
[2018.11.22-21.00.17:597][526]LogShaderCompilers: Display: Shaders left to compile 10
[2018.11.22-21.00.17:629][529]LogShaderCompilers: Display: Shaders left to compile 9
[2018.11.22-21.00.17:630][529]LogShaderCompilers: Display: Shaders left to compile 8
[2018.11.22-21.00.17:659][532]LogShaderCompilers: Display: Shaders left to compile 7
[2018.11.22-21.00.17:703][537]LogShaderCompilers: Display: Shaders left to compile 6
[2018.11.22-21.00.17:799][548]LogShaderCompilers: Display: Shaders left to compile 5
[2018.11.22-21.00.17:836][552]LogMaterialEditor: Saving and Compiling material SpawnBox_M
[2018.11.22-21.00.18:242][552]LogShaderCompilers: Display: Shaders left to compile 4
[2018.11.22-21.00.18:242][552]LogShaderCompilers: Display: Shaders left to compile 3
[2018.11.22-21.00.18:242][552]LogShaderCompilers: Display: Shaders left to compile 2
[2018.11.22-21.00.18:242][552]LogShaderCompilers: Display: Shaders left to compile 1
[2018.11.22-21.00.18:256][552]LogMaterial: Display: Missing cached shader map for material SpawnBox_M, compiling. 
[2018.11.22-21.00.18:323][552]LogShaderCompilers: Display: Shaders left to compile 32
[2018.11.22-21.00.18:323][552]LogShaderCompilers: Display: Shaders left to compile 31
[2018.11.22-21.00.18:323][552]LogShaderCompilers: Display: Shaders left to compile 30
[2018.11.22-21.00.18:323][552]LogShaderCompilers: Display: Shaders left to compile 29
[2018.11.22-21.00.18:323][552]LogShaderCompilers: Display: Shaders left to compile 28
[2018.11.22-21.00.18:323][552]LogShaderCompilers: Display: Shaders left to compile 27
[2018.11.22-21.00.18:323][552]LogShaderCompilers: Display: Shaders left to compile 26
[2018.11.22-21.00.18:360][552]LogMaterial: Display: Missing cached shader map for material SpawnBox_M, compiling. 
[2018.11.22-21.00.18:391][552]LogMaterial: Display: Missing cached shader map for material SpawnBox_M, compiling. 
[2018.11.22-21.00.18:480][552]TextureStreamingBuild: Display: Compiling optional shaders took 0.000 seconds.
[2018.11.22-21.00.18:524][552]LogShaderCompilers: Display: Shaders left to compile 59
[2018.11.22-21.00.18:526][552]LogShaderCompilers: Display: Shaders left to compile 58
[2018.11.22-21.00.22:182][552]LogShaderCompilers: Display: Shaders left to compile 57
[2018.11.22-21.00.22:182][552]LogShaderCompilers: Display: Shaders left to compile 56
[2018.11.22-21.00.22:182][552]LogShaderCompilers: Display: Shaders left to compile 55
[2018.11.22-21.00.22:182][552]LogShaderCompilers: Display: Shaders left to compile 54
[2018.11.22-21.00.22:182][552]LogShaderCompilers: Display: Shaders left to compile 53
[2018.11.22-21.00.22:183][552]LogShaderCompilers: Display: Shaders left to compile 52
[2018.11.22-21.00.22:183][552]LogShaderCompilers: Display: Shaders left to compile 51
[2018.11.22-21.00.22:183][552]LogShaderCompilers: Display: Shaders left to compile 50
[2018.11.22-21.00.22:183][552]LogShaderCompilers: Display: Shaders left to compile 49
[2018.11.22-21.00.22:183][552]LogShaderCompilers: Display: Shaders left to compile 48
[2018.11.22-21.00.22:183][552]LogShaderCompilers: Display: Shaders left to compile 47
[2018.11.22-21.00.22:183][552]LogShaderCompilers: Display: Shaders left to compile 46
[2018.11.22-21.00.22:183][552]LogShaderCompilers: Display: Shaders left to compile 45
[2018.11.22-21.00.22:183][552]LogShaderCompilers: Display: Shaders left to compile 44
[2018.11.22-21.00.22:183][552]LogShaderCompilers: Display: Shaders left to compile 43
[2018.11.22-21.00.22:184][552]LogShaderCompilers: Display: Shaders left to compile 42
[2018.11.22-21.00.22:184][552]LogShaderCompilers: Display: Shaders left to compile 41
[2018.11.22-21.00.22:184][552]LogShaderCompilers: Display: Shaders left to compile 40
[2018.11.22-21.00.22:184][552]LogShaderCompilers: Display: Shaders left to compile 39
[2018.11.22-21.00.22:184][552]LogShaderCompilers: Display: Shaders left to compile 38
[2018.11.22-21.00.22:184][552]LogShaderCompilers: Display: Shaders left to compile 37
[2018.11.22-21.00.22:184][552]LogShaderCompilers: Display: Shaders left to compile 36
[2018.11.22-21.00.22:184][552]LogShaderCompilers: Display: Shaders left to compile 35
[2018.11.22-21.00.22:184][552]LogShaderCompilers: Display: Shaders left to compile 34
[2018.11.22-21.00.22:184][552]LogShaderCompilers: Display: Shaders left to compile 24
[2018.11.22-21.00.22:185][552]LogShaderCompilers: Display: Shaders left to compile 14
[2018.11.22-21.00.22:185][552]LogShaderCompilers: Display: Shaders left to compile 4
[2018.11.22-21.00.22:217][552]Cmd: OBJ SAVEPACKAGE PACKAGE="/Game/Materials/SpawnBox_M" FILE="../../../../../Games/StealthGame/UnrealStealthGame/StealthGame/Content/Materials/SpawnBox_M.uasset" SILENT=true
[2018.11.22-21.00.22:260][552]LogSavePackage: Moving '../../../../../Games/StealthGame/UnrealStealthGame/StealthGame/Saved/SpawnBox_M2AC1B481402BE4FC17416AB2D5C5B9B4.tmp' to '../../../../../Games/StealthGame/UnrealStealthGame/StealthGame/Content/Materials/SpawnBox_M.uasset'
[2018.11.22-21.00.22:273][552]MaterialEditorStats: Base pass shader: 74 instructions
[2018.11.22-21.00.22:273][552]MaterialEditorStats: Base pass shader with Volumetric Lightmap: 101 instructions
[2018.11.22-21.00.22:273][552]MaterialEditorStats: Base pass vertex shader: 111 instructions
[2018.11.22-21.00.22:273][552]MaterialEditorStats: Texture samplers: 3/16
[2018.11.22-21.00.22:273][552]MaterialEditorStats: Texture Lookups (Est.): VS(0), PS(2)
[2018.11.22-21.00.22:273][552]MaterialEditorStats: User interpolators: 2/4 Scalars (1/4 Vectors) (TexCoords: 2, Custom: 0)
[2018.11.22-21.00.24:135][773]Cmd: OBJ SAVEPACKAGE PACKAGE="/Game/Materials/SpawnBox_M_Inst" FILE="../../../../../Games/StealthGame/UnrealStealthGame/StealthGame/Content/Materials/SpawnBox_M_Inst.uasset" SILENT=true
[2018.11.22-21.00.24:156][773]TextureStreamingBuild: Display: Compiling optional shaders took 0.000 seconds.
[2018.11.22-21.00.24:188][773]LogSavePackage: Moving '../../../../../Games/StealthGame/UnrealStealthGame/StealthGame/Saved/SpawnBox_M_Inst76808EF145692E21E4614BB88FA3AD1B.tmp' to '../../../../../Games/StealthGame/UnrealStealthGame/StealthGame/Content/Materials/SpawnBox_M_Inst.uasset'
[2018.11.22-21.00.28:459][246]LogSavePackage: Moving '../../../../../Games/StealthGame/UnrealStealthGame/StealthGame/Saved/FirstPersonExampleMap63ED3E4E492D78A5F69102A72F1B1AEC.tmp' to '../../../../../Games/StealthGame/UnrealStealthGame/StealthGame/Content/Maps/FirstPersonExampleMap.umap'
[2018.11.22-21.00.28:517][246]LogSavePackage: Moving '../../../../../Games/StealthGame/UnrealStealthGame/StealthGame/Saved/FirstPersonExampleMap_BuiltDataB62067CC453E43E0F74ABDB51E349E55.tmp' to '../../../../../Games/StealthGame/UnrealStealthGame/StealthGame/Content/Maps/FirstPersonExampleMap_BuiltData.uasset'
[2018.11.22-21.00.38:401][421]LogSlate: FSceneViewport::OnFocusLost() reason 0
[2018.11.22-21.00.38:586][442]LogAssetEditorManager: Opening Asset editor for MaterialInstanceConstant /Game/Materials/SpawnBox_M_Inst.SpawnBox_M_Inst
