Log file open, 11/22/18 22:39:03
LogWindows: Failed to load 'aqProf.dll' (GetLastError=126)
LogWindows: File 'aqProf.dll' does not exist
LogWindows: Failed to load 'VtuneApi.dll' (GetLastError=126)
LogWindows: File 'VtuneApi.dll' does not exist
LogWindows: Failed to load 'VtuneApi32e.dll' (GetLastError=126)
LogWindows: File 'VtuneApi32e.dll' does not exist
LogConsoleResponse: Display: Failed to find resolution value strings in scalability ini. Falling back to default.
LogInit: Display: Running engine for game: FPSGame
LogPakFile: Registered encryption key '00000000000000000000000000000000': 0 pak files mounted, 0 remain pending
LogPlatformFile: Not using cached read wrapper
LogTaskGraph: Started task graph with 5 named threads and 35 total threads with 3 sets of task threads.
LogStats: Stats thread started at 0.505239
LogD3D11RHI: Loaded GFSDK_Aftermath_Lib.x64.dll
LogICUInternationalization: ICU TimeZone Detection - Raw Offset: +1:00, Platform Override: ''
LogPluginManager: Mounting plugin Paper2D
LogPluginManager: Mounting plugin AISupport
LogPluginManager: Mounting plugin LightPropagationVolume
LogPluginManager: Mounting plugin ActorLayerUtilities
LogPluginManager: Mounting plugin CLionSourceCodeAccess
LogPluginManager: Mounting plugin CodeLiteSourceCodeAccess
LogPluginManager: Mounting plugin GitSourceControl
LogPluginManager: Mounting plugin KDevelopSourceCodeAccess
LogPluginManager: Mounting plugin NullSourceCodeAccess
LogPluginManager: Mounting plugin PerforceSourceControl
LogPluginManager: Mounting plugin SubversionSourceControl
LogPluginManager: Mounting plugin UObjectPlugin
LogPluginManager: Mounting plugin VisualStudioCodeSourceCodeAccess
LogPluginManager: Mounting plugin VisualStudioSourceCodeAccess
LogPluginManager: Mounting plugin XCodeSourceCodeAccess
LogPluginManager: Mounting plugin AssetManagerEditor
LogPluginManager: Mounting plugin CryptoKeys
LogPluginManager: Mounting plugin DataValidation
LogPluginManager: Mounting plugin FacialAnimation
LogPluginManager: Mounting plugin GameplayTagsEditor
LogPluginManager: Mounting plugin MacGraphicsSwitching
LogPluginManager: Mounting plugin MeshEditor
LogPluginManager: Mounting plugin MobileLauncherProfileWizard
LogPluginManager: Mounting plugin PluginBrowser
LogPluginManager: Mounting plugin SpeedTreeImporter
LogPluginManager: Mounting plugin DatasmithContent
LogPluginManager: Mounting plugin VariantManagerContent
LogPluginManager: Mounting plugin AlembicImporter
LogPluginManager: Mounting plugin AppleImageUtils
LogPluginManager: Mounting plugin AppleVision
LogPluginManager: Mounting plugin BackChannel
LogPluginManager: Mounting plugin CharacterAI
LogPluginManager: Mounting plugin GeometryCache
LogPluginManager: Mounting plugin HTML5Networking
LogPluginManager: Mounting plugin ProxyLODPlugin
LogPluginManager: Mounting plugin MagicLeap
LogPluginManager: Mounting plugin MagicLeapMedia
LogPluginManager: Mounting plugin AndroidMedia
LogPluginManager: Mounting plugin AvfMedia
LogPluginManager: Mounting plugin ImgMedia
LogPluginManager: Mounting plugin LinearTimecode
LogPluginManager: Mounting plugin MediaCompositing
LogPluginManager: Mounting plugin MediaPlayerEditor
LogPluginManager: Mounting plugin WebMMedia
LogPluginManager: Mounting plugin WmfMedia
LogPluginManager: Mounting plugin TcpMessaging
LogPluginManager: Mounting plugin UdpMessaging
LogPluginManager: Mounting plugin ActorSequence
LogPluginManager: Mounting plugin LevelSequenceEditor
LogPluginManager: Mounting plugin MatineeToLevelSequence
LogPluginManager: Mounting plugin NetcodeUnitTest
LogPluginManager: Mounting plugin NUTUnrealEngine4
LogPluginManager: Mounting plugin OnlineSubsystemGooglePlay
LogPluginManager: Mounting plugin OnlineSubsystemIOS
LogPluginManager: Mounting plugin OnlineSubsystem
LogPluginManager: Mounting plugin OnlineSubsystemNull
LogPluginManager: Mounting plugin OnlineSubsystemUtils
LogPluginManager: Mounting plugin LauncherChunkInstaller
LogPluginManager: Mounting plugin AndroidDeviceProfileSelector
LogPluginManager: Mounting plugin AndroidMoviePlayer
LogPluginManager: Mounting plugin AndroidPermission
LogPluginManager: Mounting plugin AppleMoviePlayer
LogPluginManager: Mounting plugin ArchVisCharacter
LogPluginManager: Mounting plugin AudioCapture
LogPluginManager: Mounting plugin CableComponent
LogPluginManager: Mounting plugin CustomMeshComponent
LogPluginManager: Mounting plugin EditableMesh
LogPluginManager: Mounting plugin ExampleDeviceProfileSelector
LogPluginManager: Mounting plugin Firebase
LogPluginManager: Mounting plugin GoogleCloudMessaging
LogPluginManager: Mounting plugin IOSDeviceProfileSelector
LogPluginManager: Mounting plugin LinuxDeviceProfileSelector
LogPluginManager: Mounting plugin LocationServicesBPLibrary
LogPluginManager: Mounting plugin MobilePatchingUtils
LogPluginManager: Mounting plugin OculusVR
LogPluginManager: Mounting plugin PhysXVehicles
LogPluginManager: Mounting plugin ProceduralMeshComponent
LogPluginManager: Mounting plugin RuntimePhysXCooking
LogPluginManager: Mounting plugin SteamVR
LogPluginManager: Mounting plugin WebMMoviePlayer
LogPluginManager: Mounting plugin WindowsMoviePlayer
LogStreaming: Display: Took  0.071s to configure plugins.
LogInit: Using libcurl 7.55.1-DEV
LogInit:  - built for x86_64-pc-win32
LogInit:  - supports SSL with OpenSSL/1.0.2h
LogInit:  - supports HTTP deflate (compression) using libz 1.2.8
LogInit:  - other features:
LogInit:      CURL_VERSION_SSL
LogInit:      CURL_VERSION_LIBZ
LogInit:      CURL_VERSION_IPV6
LogInit:      CURL_VERSION_ASYNCHDNS
LogInit:      CURL_VERSION_LARGEFILE
LogInit:      CURL_VERSION_IDN
LogInit:  CurlRequestOptions (configurable via config and command line):
LogInit:  - bVerifyPeer = true  - Libcurl will verify peer certificate
LogInit:  - bUseHttpProxy = false  - Libcurl will NOT use HTTP proxy
LogInit:  - bDontReuseConnections = false  - Libcurl will reuse connections
LogInit:  - MaxHostConnections = 16  - Libcurl will limit the number of connections to a host
LogInit:  - LocalHostAddr = Default
LogInit:  - BufferSize = 65536
LogInit: WinSock: version 1.1 (2.2), MaxSocks=32767, MaxUdp=65467
LogInit: Build: ++UE4+Release-4.21-CL-4541578
LogInit: Engine Version: 4.21.0-4541578+++UE4+Release-4.21
LogInit: Compatible Engine Version: 4.21.0-4541578+++UE4+Release-4.21
LogInit: Net CL: 4541578
LogInit: OS: Windows 10 (), CPU: Intel(R) Core(TM) i7-8700 CPU @ 3.20GHz, GPU: NVIDIA GeForce GTX 1050 Ti
LogInit: Compiled (64-bit): Nov  6 2018 02:04:24
LogInit: Compiled with Visual C++: 19.13.26129.00
LogInit: Build Configuration: Development
LogInit: Branch Name: ++UE4+Release-4.21
LogInit: Command Line:  -skipcompile
LogInit: Base Directory: D:/UnrealEngine/Engine/UE_4.21/Engine/Binaries/Win64/
LogInit: Installed Engine Build: 1
LogDevObjectVersion: Number of dev versions registered: 22
LogDevObjectVersion:   Dev-Blueprints (B0D832E4-1F89-4F0D-ACCF-7EB736FD4AA2): 10
LogDevObjectVersion:   Dev-Build (E1C64328-A22C-4D53-A36C-8E866417BD8C): 0
LogDevObjectVersion:   Dev-Core (375EC13C-06E4-48FB-B500-84F0262A717E): 2
LogDevObjectVersion:   Dev-Editor (E4B068ED-F494-42E9-A231-DA0B2E46BB41): 26
LogDevObjectVersion:   Dev-Framework (CFFC743F-43B0-4480-9391-14DF171D2073): 34
LogDevObjectVersion:   Dev-Mobile (B02B49B5-BB20-44E9-A304-32B752E40360): 2
LogDevObjectVersion:   Dev-Networking (A4E4105C-59A1-49B5-A7C5-40C4547EDFEE): 0
LogDevObjectVersion:   Dev-Online (39C831C9-5AE6-47DC-9A44-9C173E1C8E7C): 0
LogDevObjectVersion:   Dev-Physics (78F01B33-EBEA-4F98-B9B4-84EACCB95AA2): 0
LogDevObjectVersion:   Dev-Platform (6631380F-2D4D-43E0-8009-CF276956A95A): 0
LogDevObjectVersion:   Dev-Rendering (12F88B9F-8875-4AFC-A67C-D90C383ABD29): 27
LogDevObjectVersion:   Dev-Sequencer (7B5AE74C-D270-4C10-A958-57980B212A5A): 9
LogDevObjectVersion:   Dev-VR (D7296918-1DD6-4BDD-9DE2-64A83CC13884): 2
LogDevObjectVersion:   Dev-LoadTimes (C2A15278-BFE7-4AFE-6C17-90FF531DF755): 1
LogDevObjectVersion:   Private-Geometry (6EACA3D4-40EC-4CC1-B786-8BED09428FC5): 3
LogDevObjectVersion:   Dev-AnimPhys (29E575DD-E0A3-4627-9D10-D276232CDCEA): 17
LogDevObjectVersion:   Dev-Anim (AF43A65D-7FD3-4947-9873-3E8ED9C1BB05): 2
LogDevObjectVersion:   Dev-ReflectionCapture (6B266CEC-1EC7-4B8F-A30B-E4D90942FC07): 1
LogDevObjectVersion:   Dev-Automation (0DF73D61-A23F-47EA-B727-89E90C41499A): 1
LogDevObjectVersion:   FortniteMain (601D1886-AC64-4F84-AA16-D3DE0DEAC7D6): 17
LogDevObjectVersion:   Dev-Enterprise (9DFFBCD6-494F-0158-E221-12823C92A888): 4
LogDevObjectVersion:   Dev-Niagara (F2AED0AC-9AFE-416F-8664-AA7FFA26D6FC): 1
LogStreaming: Display: Took  0.001s to delete old logs.
LogInit: Presizing for max 8388607 objects, including 0 objects not considered by GC, pre-allocating 0 bytes for permanent pool.
LogInit: Object subsystem initialized
LogConfig: Setting CVar [[con.DebugEarlyDefault:1]]
LogConfig: Setting CVar [[r.setres:1280x720]]
[2018.11.22-21.39.03:764][  0]LogConfig: Setting CVar [[r.VSync:0]]
[2018.11.22-21.39.03:764][  0]LogConfig: Setting CVar [[r.RHICmdBypass:0]]
[2018.11.22-21.39.03:764][  0]LogConfig: Applying CVar settings from Section [/Script/Engine.RendererSettings] File [D:/UnrealEngine/Games/StealthGame/UnrealStealthGame/StealthGame/Saved/Config/Windows/Engine.ini]
[2018.11.22-21.39.03:764][  0]LogConfig: Setting CVar [[r.GPUCrashDebugging:0]]
[2018.11.22-21.39.03:764][  0]LogConfig: Applying CVar settings from Section [/Script/Engine.RendererOverrideSettings] File [D:/UnrealEngine/Games/StealthGame/UnrealStealthGame/StealthGame/Saved/Config/Windows/Engine.ini]
[2018.11.22-21.39.03:764][  0]LogConfig: Applying CVar settings from Section [/Script/Engine.StreamingSettings] File [D:/UnrealEngine/Games/StealthGame/UnrealStealthGame/StealthGame/Saved/Config/Windows/Engine.ini]
[2018.11.22-21.39.03:764][  0]LogConfig: Setting CVar [[s.MinBulkDataSizeForAsyncLoading:131072]]
[2018.11.22-21.39.03:764][  0]LogConfig: Setting CVar [[s.AsyncLoadingThreadEnabled:0]]
[2018.11.22-21.39.03:764][  0]LogConfig: Setting CVar [[s.EventDrivenLoaderEnabled:1]]
[2018.11.22-21.39.03:764][  0]LogConfig: Setting CVar [[s.WarnIfTimeLimitExceeded:0]]
[2018.11.22-21.39.03:765][  0]LogConfig: Setting CVar [[s.TimeLimitExceededMultiplier:1.5]]
[2018.11.22-21.39.03:765][  0]LogConfig: Setting CVar [[s.TimeLimitExceededMinTime:0.005]]
[2018.11.22-21.39.03:765][  0]LogConfig: Setting CVar [[s.UseBackgroundLevelStreaming:1]]
[2018.11.22-21.39.03:765][  0]LogConfig: Setting CVar [[s.PriorityAsyncLoadingExtraTime:15.0]]
[2018.11.22-21.39.03:765][  0]LogConfig: Setting CVar [[s.LevelStreamingActorsUpdateTimeLimit:5.0]]
[2018.11.22-21.39.03:765][  0]LogConfig: Setting CVar [[s.PriorityLevelStreamingActorsUpdateExtraTime:5.0]]
[2018.11.22-21.39.03:765][  0]LogConfig: Setting CVar [[s.LevelStreamingComponentsRegistrationGranularity:10]]
[2018.11.22-21.39.03:765][  0]LogConfig: Setting CVar [[s.UnregisterComponentsTimeLimit:1.0]]
[2018.11.22-21.39.03:765][  0]LogConfig: Setting CVar [[s.LevelStreamingComponentsUnregistrationGranularity:5]]
[2018.11.22-21.39.03:765][  0]LogConfig: Applying CVar settings from Section [/Script/Engine.GarbageCollectionSettings] File [D:/UnrealEngine/Games/StealthGame/UnrealStealthGame/StealthGame/Saved/Config/Windows/Engine.ini]
[2018.11.22-21.39.03:765][  0]LogConfig: Setting CVar [[gc.MaxObjectsNotConsideredByGC:1]]
[2018.11.22-21.39.03:765][  0]LogConfig: Setting CVar [[gc.SizeOfPermanentObjectPool:0]]
[2018.11.22-21.39.03:765][  0]LogConfig: Setting CVar [[gc.FlushStreamingOnGC:0]]
[2018.11.22-21.39.03:765][  0]LogConfig: Setting CVar [[gc.NumRetriesBeforeForcingGC:10]]
[2018.11.22-21.39.03:765][  0]LogConfig: Setting CVar [[gc.AllowParallelGC:1]]
[2018.11.22-21.39.03:766][  0]LogConfig: Setting CVar [[gc.TimeBetweenPurgingPendingKillObjects:61.1]]
[2018.11.22-21.39.03:766][  0]LogConfig: Setting CVar [[gc.MaxObjectsInEditor:8388607]]
[2018.11.22-21.39.03:766][  0]LogConfig: Setting CVar [[gc.IncrementalBeginDestroyEnabled:1]]
[2018.11.22-21.39.03:766][  0]LogConfig: Setting CVar [[gc.CreateGCClusters:1]]
[2018.11.22-21.39.03:766][  0]LogConfig: Setting CVar [[gc.MergeGCClusters:0]]
[2018.11.22-21.39.03:766][  0]LogConfig: Setting CVar [[gc.MinGCClusterSize:5]]
[2018.11.22-21.39.03:766][  0]LogConfig: Setting CVar [[gc.ActorClusteringEnabled:0]]
[2018.11.22-21.39.03:766][  0]LogConfig: Setting CVar [[gc.BlueprintClusteringEnabled:0]]
[2018.11.22-21.39.03:766][  0]LogConfig: Setting CVar [[gc.UseDisregardForGCOnDedicatedServers:0]]
[2018.11.22-21.39.03:766][  0]LogConfig: Applying CVar settings from Section [/Script/Engine.NetworkSettings] File [D:/UnrealEngine/Games/StealthGame/UnrealStealthGame/StealthGame/Saved/Config/Windows/Engine.ini]
[2018.11.22-21.39.03:766][  0]LogConfig: Applying CVar settings from Section [/Script/UnrealEd.CookerSettings] File [D:/UnrealEngine/Games/StealthGame/UnrealStealthGame/StealthGame/Saved/Config/Windows/Engine.ini]
[2018.11.22-21.39.03:837][  0]LogConfig: Applying CVar settings from Section [ViewDistanceQuality@3] File [D:/UnrealEngine/Games/StealthGame/UnrealStealthGame/StealthGame/Saved/Config/Windows/Scalability.ini]
[2018.11.22-21.39.03:837][  0]LogConfig: Setting CVar [[r.SkeletalMeshLODBias:0]]
[2018.11.22-21.39.03:837][  0]LogConfig: Setting CVar [[r.ViewDistanceScale:1.0]]
[2018.11.22-21.39.03:837][  0]LogConfig: Applying CVar settings from Section [AntiAliasingQuality@3] File [D:/UnrealEngine/Games/StealthGame/UnrealStealthGame/StealthGame/Saved/Config/Windows/Scalability.ini]
[2018.11.22-21.39.03:837][  0]LogConfig: Setting CVar [[r.PostProcessAAQuality:4]]
[2018.11.22-21.39.03:837][  0]LogConfig: Applying CVar settings from Section [ShadowQuality@3] File [D:/UnrealEngine/Games/StealthGame/UnrealStealthGame/StealthGame/Saved/Config/Windows/Scalability.ini]
[2018.11.22-21.39.03:837][  0]LogConfig: Setting CVar [[r.LightFunctionQuality:1]]
[2018.11.22-21.39.03:837][  0]LogConfig: Setting CVar [[r.ShadowQuality:5]]
[2018.11.22-21.39.03:837][  0]LogConfig: Setting CVar [[r.Shadow.CSM.MaxCascades:10]]
[2018.11.22-21.39.03:837][  0]LogConfig: Setting CVar [[r.Shadow.MaxResolution:2048]]
[2018.11.22-21.39.03:837][  0]LogConfig: Setting CVar [[r.Shadow.MaxCSMResolution:2048]]
[2018.11.22-21.39.03:838][  0]LogConfig: Setting CVar [[r.Shadow.RadiusThreshold:0.01]]
[2018.11.22-21.39.03:838][  0]LogConfig: Setting CVar [[r.Shadow.DistanceScale:1.0]]
[2018.11.22-21.39.03:838][  0]LogConfig: Setting CVar [[r.Shadow.CSM.TransitionScale:1.0]]
[2018.11.22-21.39.03:838][  0]LogConfig: Setting CVar [[r.Shadow.PreShadowResolutionFactor:1.0]]
[2018.11.22-21.39.03:838][  0]LogConfig: Setting CVar [[r.DistanceFieldShadowing:1]]
[2018.11.22-21.39.03:838][  0]LogConfig: Setting CVar [[r.DistanceFieldAO:1]]
[2018.11.22-21.39.03:838][  0]LogConfig: Setting CVar [[r.AOQuality:2]]
[2018.11.22-21.39.03:838][  0]LogConfig: Setting CVar [[r.VolumetricFog:1]]
[2018.11.22-21.39.03:838][  0]LogConfig: Setting CVar [[r.VolumetricFog.GridPixelSize:8]]
[2018.11.22-21.39.03:838][  0]LogConfig: Setting CVar [[r.VolumetricFog.GridSizeZ:128]]
[2018.11.22-21.39.03:838][  0]LogConfig: Setting CVar [[r.VolumetricFog.HistoryMissSupersampleCount:4]]
[2018.11.22-21.39.03:838][  0]LogConfig: Setting CVar [[r.LightMaxDrawDistanceScale:1]]
[2018.11.22-21.39.03:838][  0]LogConfig: Setting CVar [[r.CapsuleShadows:1]]
[2018.11.22-21.39.03:838][  0]LogConfig: Applying CVar settings from Section [PostProcessQuality@3] File [D:/UnrealEngine/Games/StealthGame/UnrealStealthGame/StealthGame/Saved/Config/Windows/Scalability.ini]
[2018.11.22-21.39.03:839][  0]LogConfig: Setting CVar [[r.MotionBlurQuality:4]]
[2018.11.22-21.39.03:839][  0]LogConfig: Setting CVar [[r.AmbientOcclusionMipLevelFactor:0.4]]
[2018.11.22-21.39.03:839][  0]LogConfig: Setting CVar [[r.AmbientOcclusionMaxQuality:100]]
[2018.11.22-21.39.03:839][  0]LogConfig: Setting CVar [[r.AmbientOcclusionLevels:-1]]
[2018.11.22-21.39.03:839][  0]LogConfig: Setting CVar [[r.AmbientOcclusionRadiusScale:1.0]]
[2018.11.22-21.39.03:839][  0]LogConfig: Setting CVar [[r.DepthOfFieldQuality:2]]
[2018.11.22-21.39.03:839][  0]LogConfig: Setting CVar [[r.RenderTargetPoolMin:400]]
[2018.11.22-21.39.03:839][  0]LogConfig: Setting CVar [[r.LensFlareQuality:2]]
[2018.11.22-21.39.03:839][  0]LogConfig: Setting CVar [[r.SceneColorFringeQuality:1]]
[2018.11.22-21.39.03:839][  0]LogConfig: Setting CVar [[r.EyeAdaptationQuality:2]]
[2018.11.22-21.39.03:839][  0]LogConfig: Setting CVar [[r.BloomQuality:5]]
[2018.11.22-21.39.03:839][  0]LogConfig: Setting CVar [[r.FastBlurThreshold:100]]
[2018.11.22-21.39.03:839][  0]LogConfig: Setting CVar [[r.Upscale.Quality:3]]
[2018.11.22-21.39.03:840][  0]LogConfig: Setting CVar [[r.Tonemapper.GrainQuantization:1]]
[2018.11.22-21.39.03:840][  0]LogConfig: Setting CVar [[r.LightShaftQuality:1]]
[2018.11.22-21.39.03:840][  0]LogConfig: Setting CVar [[r.Filter.SizeScale:1]]
[2018.11.22-21.39.03:840][  0]LogConfig: Setting CVar [[r.Tonemapper.Quality:5]]
[2018.11.22-21.39.03:840][  0]LogConfig: Setting CVar [[r.DOF.Gather.AccumulatorQuality:1        ; higher gathering accumulator quality]]
[2018.11.22-21.39.03:840][  0]LogConfig: Setting CVar [[r.DOF.Gather.PostfilterMethod:1          ; Median3x3 postfilering method]]
[2018.11.22-21.39.03:840][  0]LogConfig: Setting CVar [[r.DOF.Gather.EnableBokehSettings:0       ; no bokeh simulation when gathering]]
[2018.11.22-21.39.03:840][  0]LogConfig: Setting CVar [[r.DOF.Gather.RingCount:4                 ; medium number of samples when gathering]]
[2018.11.22-21.39.03:840][  0]LogConfig: Setting CVar [[r.DOF.Scatter.ForegroundCompositing:1    ; additive foreground scattering]]
[2018.11.22-21.39.03:840][  0]LogConfig: Setting CVar [[r.DOF.Scatter.BackgroundCompositing:2    ; additive background scattering]]
[2018.11.22-21.39.03:840][  0]LogConfig: Setting CVar [[r.DOF.Scatter.EnableBokehSettings:1      ; bokeh simulation when scattering]]
[2018.11.22-21.39.03:840][  0]LogConfig: Setting CVar [[r.DOF.Scatter.MaxSpriteRatio:0.1         ; only a maximum of 10% of scattered bokeh]]
[2018.11.22-21.39.03:840][  0]LogConfig: Setting CVar [[r.DOF.Recombine.Quality:1                ; cheap slight out of focus]]
[2018.11.22-21.39.03:841][  0]LogConfig: Setting CVar [[r.DOF.Recombine.EnableBokehSettings:0    ; no bokeh simulation on slight out of focus]]
[2018.11.22-21.39.03:841][  0]LogConfig: Setting CVar [[r.DOF.TemporalAAQuality:1                ; more stable temporal accumulation]]
[2018.11.22-21.39.03:841][  0]LogConfig: Setting CVar [[r.DOF.Kernel.MaxForegroundRadius:0.025]]
[2018.11.22-21.39.03:841][  0]LogConfig: Setting CVar [[r.DOF.Kernel.MaxBackgroundRadius:0.025]]
[2018.11.22-21.39.03:841][  0]LogConfig: Applying CVar settings from Section [TextureQuality@3] File [D:/UnrealEngine/Games/StealthGame/UnrealStealthGame/StealthGame/Saved/Config/Windows/Scalability.ini]
[2018.11.22-21.39.03:841][  0]LogConfig: Setting CVar [[r.Streaming.MipBias:0]]
[2018.11.22-21.39.03:841][  0]LogConfig: Setting CVar [[r.Streaming.AmortizeCPUToGPUCopy:0]]
[2018.11.22-21.39.03:841][  0]LogConfig: Setting CVar [[r.Streaming.MaxNumTexturesToStreamPerFrame:0]]
[2018.11.22-21.39.03:841][  0]LogConfig: Setting CVar [[r.Streaming.Boost:1]]
[2018.11.22-21.39.03:841][  0]LogConfig: Setting CVar [[r.MaxAnisotropy:8]]
[2018.11.22-21.39.03:841][  0]LogConfig: Setting CVar [[r.Streaming.LimitPoolSizeToVRAM:0]]
[2018.11.22-21.39.03:842][  0]LogConfig: Setting CVar [[r.Streaming.PoolSize:1000]]
[2018.11.22-21.39.03:842][  0]LogConfig: Setting CVar [[r.Streaming.MaxEffectiveScreenSize:0]]
[2018.11.22-21.39.03:842][  0]LogConfig: Applying CVar settings from Section [EffectsQuality@3] File [D:/UnrealEngine/Games/StealthGame/UnrealStealthGame/StealthGame/Saved/Config/Windows/Scalability.ini]
[2018.11.22-21.39.03:842][  0]LogConfig: Setting CVar [[r.TranslucencyLightingVolumeDim:64]]
[2018.11.22-21.39.03:842][  0]LogConfig: Setting CVar [[r.RefractionQuality:2]]
[2018.11.22-21.39.03:842][  0]LogConfig: Setting CVar [[r.SSR.Quality:3]]
[2018.11.22-21.39.03:842][  0]LogConfig: Setting CVar [[r.SceneColorFormat:4]]
[2018.11.22-21.39.03:842][  0]LogConfig: Setting CVar [[r.DetailMode:2]]
[2018.11.22-21.39.03:842][  0]LogConfig: Setting CVar [[r.TranslucencyVolumeBlur:1]]
[2018.11.22-21.39.03:842][  0]LogConfig: Setting CVar [[r.MaterialQualityLevel:1 ; High quality]]
[2018.11.22-21.39.03:842][  0]LogConfig: Setting CVar [[r.SSS.Scale:1]]
[2018.11.22-21.39.03:842][  0]LogConfig: Setting CVar [[r.SSS.SampleSet:2]]
[2018.11.22-21.39.03:843][  0]LogConfig: Setting CVar [[r.SSS.Quality:1]]
[2018.11.22-21.39.03:843][  0]LogConfig: Setting CVar [[r.SSS.HalfRes:1]]
[2018.11.22-21.39.03:843][  0]LogConfig: Setting CVar [[r.EmitterSpawnRateScale:1.0]]
[2018.11.22-21.39.03:843][  0]LogConfig: Setting CVar [[r.ParticleLightQuality:2]]
[2018.11.22-21.39.03:843][  0]LogConfig: Applying CVar settings from Section [FoliageQuality@3] File [D:/UnrealEngine/Games/StealthGame/UnrealStealthGame/StealthGame/Saved/Config/Windows/Scalability.ini]
[2018.11.22-21.39.03:843][  0]LogConfig: Setting CVar [[foliage.DensityScale:1.0]]
[2018.11.22-21.39.03:843][  0]LogConfig: Setting CVar [[grass.DensityScale:1.0]]
[2018.11.22-21.39.03:843][  0]LogInit: Selected Device Profile: [Windows]
[2018.11.22-21.39.03:843][  0]LogInit: Applying CVar settings loaded from the selected device profile: [Windows]
[2018.11.22-21.39.03:849][  0]LogHAL: Display: Platform has ~ 16 GB [17112002560 / 17179869184 / 16], which maps to Larger [LargestMinGB=32, LargerMinGB=12, DefaultMinGB=8, SmallerMinGB=6, SmallestMinGB=0)
[2018.11.22-21.39.03:849][  0]LogConfig: Setting CVar [[r.Vulkan.UseRealUBs:1]]
[2018.11.22-21.39.03:849][  0]LogInit: Going up to parent DeviceProfile []
[2018.11.22-21.39.03:849][  0]LogConfig: Applying CVar settings from Section [ViewDistanceQuality@3] File [D:/UnrealEngine/Games/StealthGame/UnrealStealthGame/StealthGame/Saved/Config/Windows/Scalability.ini]
[2018.11.22-21.39.03:850][  0]LogConfig: Setting CVar [[r.SkeletalMeshLODBias:0]]
[2018.11.22-21.39.03:850][  0]LogConfig: Setting CVar [[r.ViewDistanceScale:1.0]]
[2018.11.22-21.39.03:850][  0]LogConfig: Applying CVar settings from Section [AntiAliasingQuality@3] File [D:/UnrealEngine/Games/StealthGame/UnrealStealthGame/StealthGame/Saved/Config/Windows/Scalability.ini]
[2018.11.22-21.39.03:850][  0]LogConfig: Setting CVar [[r.PostProcessAAQuality:4]]
[2018.11.22-21.39.03:850][  0]LogConfig: Applying CVar settings from Section [ShadowQuality@3] File [D:/UnrealEngine/Games/StealthGame/UnrealStealthGame/StealthGame/Saved/Config/Windows/Scalability.ini]
[2018.11.22-21.39.03:850][  0]LogConfig: Setting CVar [[r.LightFunctionQuality:1]]
[2018.11.22-21.39.03:850][  0]LogConfig: Setting CVar [[r.ShadowQuality:5]]
[2018.11.22-21.39.03:850][  0]LogConfig: Setting CVar [[r.Shadow.CSM.MaxCascades:10]]
[2018.11.22-21.39.03:850][  0]LogConfig: Setting CVar [[r.Shadow.MaxResolution:2048]]
[2018.11.22-21.39.03:850][  0]LogConfig: Setting CVar [[r.Shadow.MaxCSMResolution:2048]]
[2018.11.22-21.39.03:850][  0]LogConfig: Setting CVar [[r.Shadow.RadiusThreshold:0.01]]
[2018.11.22-21.39.03:850][  0]LogConfig: Setting CVar [[r.Shadow.DistanceScale:1.0]]
[2018.11.22-21.39.03:850][  0]LogConfig: Setting CVar [[r.Shadow.CSM.TransitionScale:1.0]]
[2018.11.22-21.39.03:850][  0]LogConfig: Setting CVar [[r.Shadow.PreShadowResolutionFactor:1.0]]
[2018.11.22-21.39.03:850][  0]LogConfig: Setting CVar [[r.DistanceFieldShadowing:1]]
[2018.11.22-21.39.03:850][  0]LogConfig: Setting CVar [[r.DistanceFieldAO:1]]
[2018.11.22-21.39.03:851][  0]LogConfig: Setting CVar [[r.AOQuality:2]]
[2018.11.22-21.39.03:851][  0]LogConfig: Setting CVar [[r.VolumetricFog:1]]
[2018.11.22-21.39.03:851][  0]LogConfig: Setting CVar [[r.VolumetricFog.GridPixelSize:8]]
[2018.11.22-21.39.03:851][  0]LogConfig: Setting CVar [[r.VolumetricFog.GridSizeZ:128]]
[2018.11.22-21.39.03:851][  0]LogConfig: Setting CVar [[r.VolumetricFog.HistoryMissSupersampleCount:4]]
[2018.11.22-21.39.03:851][  0]LogConfig: Setting CVar [[r.LightMaxDrawDistanceScale:1]]
[2018.11.22-21.39.03:851][  0]LogConfig: Setting CVar [[r.CapsuleShadows:1]]
[2018.11.22-21.39.03:851][  0]LogConfig: Applying CVar settings from Section [PostProcessQuality@3] File [D:/UnrealEngine/Games/StealthGame/UnrealStealthGame/StealthGame/Saved/Config/Windows/Scalability.ini]
[2018.11.22-21.39.03:851][  0]LogConfig: Setting CVar [[r.MotionBlurQuality:4]]
[2018.11.22-21.39.03:851][  0]LogConfig: Setting CVar [[r.AmbientOcclusionMipLevelFactor:0.4]]
[2018.11.22-21.39.03:851][  0]LogConfig: Setting CVar [[r.AmbientOcclusionMaxQuality:100]]
[2018.11.22-21.39.03:851][  0]LogConfig: Setting CVar [[r.AmbientOcclusionLevels:-1]]
[2018.11.22-21.39.03:851][  0]LogConfig: Setting CVar [[r.AmbientOcclusionRadiusScale:1.0]]
[2018.11.22-21.39.03:851][  0]LogConfig: Setting CVar [[r.DepthOfFieldQuality:2]]
[2018.11.22-21.39.03:851][  0]LogConfig: Setting CVar [[r.RenderTargetPoolMin:400]]
[2018.11.22-21.39.03:851][  0]LogConfig: Setting CVar [[r.LensFlareQuality:2]]
[2018.11.22-21.39.03:852][  0]LogConfig: Setting CVar [[r.SceneColorFringeQuality:1]]
[2018.11.22-21.39.03:852][  0]LogConfig: Setting CVar [[r.EyeAdaptationQuality:2]]
[2018.11.22-21.39.03:852][  0]LogConfig: Setting CVar [[r.BloomQuality:5]]
[2018.11.22-21.39.03:852][  0]LogConfig: Setting CVar [[r.FastBlurThreshold:100]]
[2018.11.22-21.39.03:852][  0]LogConfig: Setting CVar [[r.Upscale.Quality:3]]
[2018.11.22-21.39.03:852][  0]LogConfig: Setting CVar [[r.Tonemapper.GrainQuantization:1]]
[2018.11.22-21.39.03:852][  0]LogConfig: Setting CVar [[r.LightShaftQuality:1]]
[2018.11.22-21.39.03:852][  0]LogConfig: Setting CVar [[r.Filter.SizeScale:1]]
[2018.11.22-21.39.03:852][  0]LogConfig: Setting CVar [[r.Tonemapper.Quality:5]]
[2018.11.22-21.39.03:852][  0]LogConfig: Setting CVar [[r.DOF.Gather.AccumulatorQuality:1        ; higher gathering accumulator quality]]
[2018.11.22-21.39.03:852][  0]LogConfig: Setting CVar [[r.DOF.Gather.PostfilterMethod:1          ; Median3x3 postfilering method]]
[2018.11.22-21.39.03:852][  0]LogConfig: Setting CVar [[r.DOF.Gather.EnableBokehSettings:0       ; no bokeh simulation when gathering]]
[2018.11.22-21.39.03:852][  0]LogConfig: Setting CVar [[r.DOF.Gather.RingCount:4                 ; medium number of samples when gathering]]
[2018.11.22-21.39.03:852][  0]LogConfig: Setting CVar [[r.DOF.Scatter.ForegroundCompositing:1    ; additive foreground scattering]]
[2018.11.22-21.39.03:852][  0]LogConfig: Setting CVar [[r.DOF.Scatter.BackgroundCompositing:2    ; additive background scattering]]
[2018.11.22-21.39.03:852][  0]LogConfig: Setting CVar [[r.DOF.Scatter.EnableBokehSettings:1      ; bokeh simulation when scattering]]
[2018.11.22-21.39.03:852][  0]LogConfig: Setting CVar [[r.DOF.Scatter.MaxSpriteRatio:0.1         ; only a maximum of 10% of scattered bokeh]]
[2018.11.22-21.39.03:853][  0]LogConfig: Setting CVar [[r.DOF.Recombine.Quality:1                ; cheap slight out of focus]]
[2018.11.22-21.39.03:853][  0]LogConfig: Setting CVar [[r.DOF.Recombine.EnableBokehSettings:0    ; no bokeh simulation on slight out of focus]]
[2018.11.22-21.39.03:853][  0]LogConfig: Setting CVar [[r.DOF.TemporalAAQuality:1                ; more stable temporal accumulation]]
[2018.11.22-21.39.03:853][  0]LogConfig: Setting CVar [[r.DOF.Kernel.MaxForegroundRadius:0.025]]
[2018.11.22-21.39.03:853][  0]LogConfig: Setting CVar [[r.DOF.Kernel.MaxBackgroundRadius:0.025]]
[2018.11.22-21.39.03:853][  0]LogConfig: Applying CVar settings from Section [TextureQuality@3] File [D:/UnrealEngine/Games/StealthGame/UnrealStealthGame/StealthGame/Saved/Config/Windows/Scalability.ini]
[2018.11.22-21.39.03:853][  0]LogConfig: Setting CVar [[r.Streaming.MipBias:0]]
[2018.11.22-21.39.03:853][  0]LogConfig: Setting CVar [[r.Streaming.AmortizeCPUToGPUCopy:0]]
[2018.11.22-21.39.03:853][  0]LogConfig: Setting CVar [[r.Streaming.MaxNumTexturesToStreamPerFrame:0]]
[2018.11.22-21.39.03:853][  0]LogConfig: Setting CVar [[r.Streaming.Boost:1]]
[2018.11.22-21.39.03:853][  0]LogConfig: Setting CVar [[r.MaxAnisotropy:8]]
[2018.11.22-21.39.03:853][  0]LogConfig: Setting CVar [[r.Streaming.LimitPoolSizeToVRAM:0]]
[2018.11.22-21.39.03:853][  0]LogConfig: Setting CVar [[r.Streaming.PoolSize:1000]]
[2018.11.22-21.39.03:853][  0]LogConfig: Setting CVar [[r.Streaming.MaxEffectiveScreenSize:0]]
[2018.11.22-21.39.03:853][  0]LogConfig: Applying CVar settings from Section [EffectsQuality@3] File [D:/UnrealEngine/Games/StealthGame/UnrealStealthGame/StealthGame/Saved/Config/Windows/Scalability.ini]
[2018.11.22-21.39.03:853][  0]LogConfig: Setting CVar [[r.TranslucencyLightingVolumeDim:64]]
[2018.11.22-21.39.03:853][  0]LogConfig: Setting CVar [[r.RefractionQuality:2]]
[2018.11.22-21.39.03:854][  0]LogConfig: Setting CVar [[r.SSR.Quality:3]]
[2018.11.22-21.39.03:854][  0]LogConfig: Setting CVar [[r.SceneColorFormat:4]]
[2018.11.22-21.39.03:854][  0]LogConfig: Setting CVar [[r.DetailMode:2]]
[2018.11.22-21.39.03:854][  0]LogConfig: Setting CVar [[r.TranslucencyVolumeBlur:1]]
[2018.11.22-21.39.03:854][  0]LogConfig: Setting CVar [[r.MaterialQualityLevel:1 ; High quality]]
[2018.11.22-21.39.03:854][  0]LogConfig: Setting CVar [[r.SSS.Scale:1]]
[2018.11.22-21.39.03:854][  0]LogConfig: Setting CVar [[r.SSS.SampleSet:2]]
[2018.11.22-21.39.03:854][  0]LogConfig: Setting CVar [[r.SSS.Quality:1]]
[2018.11.22-21.39.03:854][  0]LogConfig: Setting CVar [[r.SSS.HalfRes:1]]
[2018.11.22-21.39.03:854][  0]LogConfig: Setting CVar [[r.EmitterSpawnRateScale:1.0]]
[2018.11.22-21.39.03:854][  0]LogConfig: Setting CVar [[r.ParticleLightQuality:2]]
[2018.11.22-21.39.03:854][  0]LogConfig: Applying CVar settings from Section [FoliageQuality@3] File [D:/UnrealEngine/Games/StealthGame/UnrealStealthGame/StealthGame/Saved/Config/Windows/Scalability.ini]
[2018.11.22-21.39.03:854][  0]LogConfig: Setting CVar [[foliage.DensityScale:1.0]]
[2018.11.22-21.39.03:854][  0]LogConfig: Setting CVar [[grass.DensityScale:1.0]]
[2018.11.22-21.39.03:854][  0]LogConfig: Applying CVar settings from Section [Startup] File [../../../Engine/Config/ConsoleVariables.ini]
[2018.11.22-21.39.03:855][  0]LogConfig: Setting CVar [[net.UseAdaptiveNetUpdateFrequency:0]]
[2018.11.22-21.39.03:855][  0]LogConfig: Applying CVar settings from Section [ConsoleVariables] File [D:/UnrealEngine/Games/StealthGame/UnrealStealthGame/StealthGame/Saved/Config/Windows/Engine.ini]
[2018.11.22-21.39.03:855][  0]LogInit: Computer: GG00001
[2018.11.22-21.39.03:855][  0]LogInit: User: oibikunle
[2018.11.22-21.39.03:855][  0]LogInit: CPU Page size=4096, Cores=6
[2018.11.22-21.39.03:855][  0]LogInit: High frequency timer resolution =10.000000 MHz
[2018.11.22-21.39.03:855][  0]LogMemory: Memory total: Physical=15.9GB (16GB approx)
[2018.11.22-21.39.03:855][  0]LogMemory: Platform Memory Stats for Windows
[2018.11.22-21.39.03:855][  0]LogMemory: Process Physical Memory: 104.05 MB used, 104.05 MB peak
[2018.11.22-21.39.03:855][  0]LogMemory: Process Virtual Memory: 86.79 MB used, 86.79 MB peak
[2018.11.22-21.39.03:856][  0]LogMemory: Physical Memory: 11063.08 MB used,  5256.20 MB free, 16319.28 MB total
[2018.11.22-21.39.03:856][  0]LogMemory: Virtual Memory: 4646.91 MB used,  134213080.00 MB free, 134217728.00 MB total
[2018.11.22-21.39.03:969][  0]LogInit: Using OS detected language (en-GB).
[2018.11.22-21.39.03:969][  0]LogInit: Using OS detected locale (en-GB).
[2018.11.22-21.39.03:970][  0]LogTextLocalizationManager: No specific localization for 'en-GB' exists, so the 'en' localization will be used.
[2018.11.22-21.39.04:249][  0]LogStreaming: Display: Took  0.281s to InitEngineTextLocalization.
[2018.11.22-21.39.04:250][  0]LogInit: Setting process to per monitor DPI aware
[2018.11.22-21.39.04:354][  0]LogSlate: New Slate User Created.  User Index 0, Is Virtual User: 0
[2018.11.22-21.39.04:355][  0]LogSlate: Slate User Registered.  User Index 0, Is Virtual User: 0
[2018.11.22-21.39.04:551][  0]LogHMD: Failed to initialize OpenVR with code 110
[2018.11.22-21.39.04:551][  0]LogD3D11RHI: D3D11 adapters:
[2018.11.22-21.39.04:633][  0]LogD3D11RHI:    0. 'NVIDIA GeForce GTX 1050 Ti' (Feature Level 11_0)
[2018.11.22-21.39.04:633][  0]LogD3D11RHI:       4018/0/8159 MB DedicatedVideo/DedicatedSystem/SharedSystem, Outputs:3, VendorId:0x10de
[2018.11.22-21.39.04:639][  0]LogD3D11RHI:    1. 'Microsoft Basic Render Driver' (Feature Level 11_0)
[2018.11.22-21.39.04:639][  0]LogD3D11RHI:       0/0/8159 MB DedicatedVideo/DedicatedSystem/SharedSystem, Outputs:0, VendorId:0x1414
[2018.11.22-21.39.04:639][  0]LogD3D11RHI: Chosen D3D11 Adapter: 0
[2018.11.22-21.39.04:648][  0]LogD3D11RHI: Creating new Direct3DDevice
[2018.11.22-21.39.04:649][  0]LogD3D11RHI:     GPU DeviceId: 0x1c82 (for the marketing name, search the web for "GPU Device Id")
[2018.11.22-21.39.04:649][  0]LogWindows: EnumDisplayDevices:
[2018.11.22-21.39.04:649][  0]LogWindows:    0. 'NVIDIA GeForce GTX 1050 Ti' (P:0 D:1)
[2018.11.22-21.39.04:649][  0]LogWindows:    1. 'NVIDIA GeForce GTX 1050 Ti' (P:1 D:1)
[2018.11.22-21.39.04:650][  0]LogWindows:    2. 'NVIDIA GeForce GTX 1050 Ti' (P:0 D:1)
[2018.11.22-21.39.04:650][  0]LogWindows:    3. 'NVIDIA GeForce GTX 1050 Ti' (P:0 D:0)
[2018.11.22-21.39.04:651][  0]LogWindows:    4. 'NVIDIA GeForce GTX 1050 Ti' (P:0 D:0)
[2018.11.22-21.39.04:651][  0]LogWindows:    5. 'NVIDIA GeForce GTX 1050 Ti' (P:0 D:0)
[2018.11.22-21.39.04:652][  0]LogWindows:    6. 'NVIDIA GeForce GTX 1050 Ti' (P:0 D:0)
[2018.11.22-21.39.04:652][  0]LogWindows:    7. 'NVIDIA GeForce GTX 1050 Ti' (P:0 D:0)
[2018.11.22-21.39.04:652][  0]LogWindows:    8. 'NVIDIA GeForce GTX 1050 Ti' (P:0 D:0)
[2018.11.22-21.39.04:652][  0]LogWindows:    9. 'NVIDIA GeForce GTX 1050 Ti' (P:0 D:0)
[2018.11.22-21.39.04:653][  0]LogWindows:    10. 'NVIDIA GeForce GTX 1050 Ti' (P:0 D:0)
[2018.11.22-21.39.04:653][  0]LogWindows:    11. 'NVIDIA GeForce GTX 1050 Ti' (P:0 D:0)
[2018.11.22-21.39.04:653][  0]LogWindows: DebugString: FoundDriverCount:12 
[2018.11.22-21.39.04:653][  0]LogD3D11RHI:     Adapter Name: NVIDIA GeForce GTX 1050 Ti
[2018.11.22-21.39.04:653][  0]LogD3D11RHI:   Driver Version: 416.94 (internal:25.21.14.1694, unified:416.94)
[2018.11.22-21.39.04:653][  0]LogD3D11RHI:      Driver Date: 11-12-2018
[2018.11.22-21.39.04:653][  0]LogRHI: Texture pool is 2812 MB (70% of 4018 MB)
[2018.11.22-21.39.04:691][  0]LogD3D11RHI: Async texture creation enabled
[2018.11.22-21.39.04:708][  0]LogD3D11RHI: GPU Timing Frequency: 1000.000000 (Debug: 2 2)
[2018.11.22-21.39.05:034][  0]LogTemp: Display: Loaded TP AllDesktopTargetPlatform
[2018.11.22-21.39.05:049][  0]LogTemp: Display: Loaded TP MacClientTargetPlatform
[2018.11.22-21.39.05:059][  0]LogTemp: Display: Loaded TP MacNoEditorTargetPlatform
[2018.11.22-21.39.05:070][  0]LogTemp: Display: Loaded TP MacServerTargetPlatform
[2018.11.22-21.39.05:081][  0]LogTemp: Display: Loaded TP MacTargetPlatform
[2018.11.22-21.39.05:091][  0]LogTemp: Display: Loaded TP WindowsClientTargetPlatform
[2018.11.22-21.39.05:102][  0]LogTemp: Display: Loaded TP WindowsNoEditorTargetPlatform
[2018.11.22-21.39.05:112][  0]LogTemp: Display: Loaded TP WindowsServerTargetPlatform
[2018.11.22-21.39.05:120][  0]LogTemp: Display: Loaded TP WindowsTargetPlatform
[2018.11.22-21.39.05:174][  0]LogTemp: Display: Loaded TP AndroidTargetPlatform
[2018.11.22-21.39.05:174][  0]LogTemp: Display: Loaded TP AndroidTargetPlatform
[2018.11.22-21.39.05:174][  0]LogTemp: Display: Loaded TP AndroidTargetPlatform
[2018.11.22-21.39.05:174][  0]LogTemp: Display: Loaded TP AndroidTargetPlatform
[2018.11.22-21.39.05:174][  0]LogTemp: Display: Loaded TP AndroidTargetPlatform
[2018.11.22-21.39.05:174][  0]LogTemp: Display: Loaded TP AndroidTargetPlatform
[2018.11.22-21.39.05:174][  0]LogTemp: Display: Loaded TP AndroidTargetPlatform
[2018.11.22-21.39.05:175][  0]LogTemp: Display: Loaded TP AndroidTargetPlatform
[2018.11.22-21.39.05:175][  0]LogTemp: Display: Loaded TP AndroidTargetPlatform
[2018.11.22-21.39.05:175][  0]LogTemp: Display: Loaded TP AndroidTargetPlatform
[2018.11.22-21.39.05:175][  0]LogTemp: Display: Loaded TP AndroidTargetPlatform
[2018.11.22-21.39.05:175][  0]LogTemp: Display: Loaded TP AndroidTargetPlatform
[2018.11.22-21.39.05:175][  0]LogTemp: Display: Loaded TP AndroidTargetPlatform
[2018.11.22-21.39.05:175][  0]LogTemp: Display: Loaded TP AndroidTargetPlatform
[2018.11.22-21.39.05:175][  0]LogTemp: Display: Loaded TP AndroidTargetPlatform
[2018.11.22-21.39.05:175][  0]LogTemp: Display: Loaded TP AndroidTargetPlatform
[2018.11.22-21.39.05:176][  0]LogTemp: Display: Loaded TP AndroidTargetPlatform
[2018.11.22-21.39.05:176][  0]LogTemp: Display: Loaded TP AndroidTargetPlatform
[2018.11.22-21.39.05:178][  0]LogTemp: Display: Loaded TP HTML5TargetPlatform
[2018.11.22-21.39.05:238][  0]LogTemp: Display: Loaded TP IOSTargetPlatform
[2018.11.22-21.39.05:238][  0]LogTemp: Display: Loaded TP IOSTargetPlatform
[2018.11.22-21.39.05:259][  0]LogTemp: Display: Loaded TP TVOSTargetPlatform
[2018.11.22-21.39.05:259][  0]LogTemp: Display: Loaded TP TVOSTargetPlatform
[2018.11.22-21.39.05:270][  0]LogTemp: Display: Loaded TP LinuxClientTargetPlatform
[2018.11.22-21.39.05:280][  0]LogTemp: Display: Loaded TP LinuxNoEditorTargetPlatform
[2018.11.22-21.39.05:290][  0]LogTemp: Display: Loaded TP LinuxServerTargetPlatform
[2018.11.22-21.39.05:301][  0]LogTemp: Display: Loaded TP LinuxTargetPlatform
[2018.11.22-21.39.05:344][  0]LogTemp: Display: Loaded TP LuminTargetPlatform
[2018.11.22-21.39.05:344][  0]LogTemp: Display: Loaded TP LuminTargetPlatform
[2018.11.22-21.39.05:344][  0]LogTargetPlatformManager: Display: Building Assets For Windows
[2018.11.22-21.39.05:422][  0]LogShaderCompilers: Guid format shader working directory is -13 characters bigger than the processId version (../../../../../Games/StealthGame/UnrealStealthGame/StealthGame/Intermediate/Shaders/WorkingDirectory/45344/).
[2018.11.22-21.39.05:422][  0]LogShaderCompilers: Cleaned the shader compiler working directory 'C:/Users/oibikunle/AppData/Local/Temp/UnrealShaderWorkingDir/6B7DF06F448DC99386C944A2DE562C9E/'.
[2018.11.22-21.39.05:423][  0]LogXGEController: Cleaning working directory: C:/Users/oibikunle/AppData/Local/Temp/UnrealXGEWorkingDir/
[2018.11.22-21.39.05:424][  0]LogXGEController: Cannot use XGE Controller as Incredibuild is not installed on this machine.
[2018.11.22-21.39.05:424][  0]LogShaderCompilers: Cannot use XGE Shader Compiler as Incredibuild is not installed on this machine.
[2018.11.22-21.39.05:424][  0]LogShaderCompilers: Display: Using Local Shader Compiler.
[2018.11.22-21.39.05:819][  0]LogDerivedDataCache: Display: Max Cache Size: 512 MB
[2018.11.22-21.39.05:861][  0]LogDerivedDataCache: Loaded boot cache 0.04s 73MB C:/Users/oibikunle/AppData/Local/UnrealEngine/4.21/DerivedDataCache/Boot.ddc.
[2018.11.22-21.39.05:861][  0]LogDerivedDataCache: Display: Loaded Boot cache: C:/Users/oibikunle/AppData/Local/UnrealEngine/4.21/DerivedDataCache/Boot.ddc
[2018.11.22-21.39.05:862][  0]LogDerivedDataCache: FDerivedDataBackendGraph:  Pak pak cache file ../../../../../Games/StealthGame/UnrealStealthGame/StealthGame/DerivedDataCache/DDC.ddp not found, will not use a pak cache.
[2018.11.22-21.39.05:862][  0]LogDerivedDataCache: Unable to find inner node Pak for hierarchical cache Hierarchy.
[2018.11.22-21.39.05:862][  0]LogDerivedDataCache: FDerivedDataBackendGraph:  CompressedPak pak cache file ../../../../../Games/StealthGame/UnrealStealthGame/StealthGame/DerivedDataCache/Compressed.ddp not found, will not use a pak cache.
[2018.11.22-21.39.05:862][  0]LogDerivedDataCache: Unable to find inner node CompressedPak for hierarchical cache Hierarchy.
[2018.11.22-21.39.05:872][  0]LogDerivedDataCache: Display: Pak cache opened for reading ../../../Engine/DerivedDataCache/Compressed.ddp.
[2018.11.22-21.39.05:872][  0]LogDerivedDataCache: FDerivedDataBackendGraph:  EnterprisePak pak cache file ../../../Enterprise/DerivedDataCache/Compressed.ddp not found, will not use a pak cache.
[2018.11.22-21.39.05:872][  0]LogDerivedDataCache: Unable to find inner node EnterprisePak for hierarchical cache Hierarchy.
[2018.11.22-21.39.05:885][  0]LogDerivedDataCache: Using Local data cache path C:/Users/oibikunle/AppData/Local/UnrealEngine/Common/DerivedDataCache: Writable
[2018.11.22-21.39.05:885][  0]LogDerivedDataCache: Shared data cache path not found in *engine.ini, will not use an Shared cache.
[2018.11.22-21.39.05:885][  0]LogDerivedDataCache: Unable to find inner node Shared for hierarchical cache Hierarchy.
[2018.11.22-21.39.05:904][  0]LogMaterial: Verifying Global Shaders for PCD3D_SM5
[2018.11.22-21.39.05:905][  0]LogSlate: Using FreeType 2.6.0
[2018.11.22-21.39.05:906][  0]LogSlate: SlateFontServices - WITH_FREETYPE: 1, WITH_HARFBUZZ: 1
[2018.11.22-21.39.05:978][  0]LogAssetRegistry: FAssetRegistry took 0.0350 seconds to start up
[2018.11.22-21.39.06:219][  0]LogInit: Selected Device Profile: [Windows]
[2018.11.22-21.39.06:347][  0]LogSimplygon: Simplygon DLL not present - disabling.
[2018.11.22-21.39.06:354][  0]LogMeshReduction: Using SimplygonSwarm for distributed automatic mesh merging
[2018.11.22-21.39.06:354][  0]LogMeshReduction: Using ProxyLODMeshReduction for automatic mesh merging
[2018.11.22-21.39.06:354][  0]LogMeshReduction: Using QuadricMeshReduction for automatic static mesh reduction
[2018.11.22-21.39.06:354][  0]LogMeshReduction: No automatic skeletal mesh reduction module available
[2018.11.22-21.39.06:366][  0]LogNetVersion: FPSGame 1.0.0, NetCL: 4541578, EngineNetVer: 5, GameNetVer: 0 (Checksum: 267577011)
[2018.11.22-21.39.06:777][  0]LogPackageLocalizationCache: Processed 11 localized package path(s) for 2 prioritized culture(s) in 0.055400 seconds
[2018.11.22-21.39.06:782][  0]LogUObjectArray: 39775 objects as part of root set at end of initial load.
[2018.11.22-21.39.06:782][  0]LogUObjectAllocator: 6914664 out of 0 bytes used by permanent object pool.
[2018.11.22-21.39.06:782][  0]LogUObjectArray: CloseDisregardForGC: 0/0 objects in disregard for GC pool
[2018.11.22-21.39.07:495][  0]LogTcpMessaging: Initializing TcpMessaging bridge
[2018.11.22-21.39.07:511][  0]LogUdpMessaging: Initializing bridge on interface 0.0.0.0:0 to multicast group 230.0.0.1:6666.
[2018.11.22-21.39.08:154][  0]SourceControl: Source control is disabled
[2018.11.22-21.39.08:154][  0]SourceControl: Source control is disabled
[2018.11.22-21.39.08:157][  0]SourceControl: Source control is disabled
[2018.11.22-21.39.08:159][  0]SourceControl: Source control is disabled
[2018.11.22-21.39.08:384][  0]LogAndroidPermission: UAndroidPermissionCallbackProxy::GetInstance
[2018.11.22-21.39.08:473][  0]LogOcInput: OculusInput pre-init called
[2018.11.22-21.39.08:607][  0]LogEngine: Initializing Engine...
[2018.11.22-21.39.08:607][  0]LogHMD: Failed to initialize OpenVR with code 110
[2018.11.22-21.39.08:609][  0]LogStats: UGameplayTagsManager::ConstructGameplayTagTree: ImportINI prefixes -  0.000 s
[2018.11.22-21.39.08:609][  0]LogStats: UGameplayTagsManager::ConstructGameplayTagTree: Construct from data asset -  0.000 s
[2018.11.22-21.39.08:609][  0]LogStats: UGameplayTagsManager::ConstructGameplayTagTree: ImportINI -  0.000 s
[2018.11.22-21.39.08:609][  0]LogStats: UGameplayTagsManager::ConstructGameplayTagTree: GameplayTagTreeChangedEvent.Broadcast -  0.000 s
[2018.11.22-21.39.08:784][  0]LogInit: Initializing FReadOnlyCVARCache
[2018.11.22-21.39.08:792][  0]LogAIModule: Creating AISystem for world Untitled
[2018.11.22-21.39.08:862][  0]LogInit: XAudio2 using 'Headset Earphone (HyperX 7.1 Audio)' : 2 channels at 48 kHz using 16 bits per sample (channel mask 0x3)
[2018.11.22-21.39.08:879][  0]LogInit: FAudioDevice initialized.
[2018.11.22-21.39.08:880][  0]LogNetVersion: Set ProjectVersion to 1.0.0.0. Version Checksum will be recalculated on next use.
[2018.11.22-21.39.08:920][  0]LogDerivedDataCache: Saved boot cache 0.04s 73MB C:/Users/oibikunle/AppData/Local/UnrealEngine/4.21/DerivedDataCache/Boot.ddc.
[2018.11.22-21.39.08:926][  0]LogInit: Texture streaming: Enabled
[2018.11.22-21.39.08:945][  0]LogEngineSessionManager: EngineSessionManager initialized
[2018.11.22-21.39.08:952][  0]LogInit: Transaction tracking system initialized
[2018.11.22-21.39.08:973][  0]BlueprintLog: New page: Editor Load
[2018.11.22-21.39.09:078][  0]LocalizationService: Localization service is disabled
[2018.11.22-21.39.09:459][  0]LogFileCache: Scanning file cache for directory 'D:/UnrealEngine/Games/StealthGame/UnrealStealthGame/StealthGame/Content/' took 0.01s
[2018.11.22-21.39.09:459][  0]LogCook: Display: Max memory allowance for cook 16384mb min free memory 0mb
[2018.11.22-21.39.09:459][  0]LogCook: Display: Mobile HDR setting 1
[2018.11.22-21.39.09:459][  0]LogGameplayTags: Display: UGameplayTagsManager::DoneAddingNativeTags. DelegateIsBound: 0
[2018.11.22-21.39.09:460][  0]LogStats: UGameplayTagsManager::ConstructGameplayTagTree: ImportINI prefixes -  0.000 s
[2018.11.22-21.39.09:460][  0]LogStats: UGameplayTagsManager::ConstructGameplayTagTree: Construct from data asset -  0.000 s
[2018.11.22-21.39.09:460][  0]LogStats: UGameplayTagsManager::ConstructGameplayTagTree: ImportINI -  0.000 s
[2018.11.22-21.39.09:460][  0]LogStats: UGameplayTagsManager::ConstructGameplayTagTree: GameplayTagTreeChangedEvent.Broadcast -  0.000 s
[2018.11.22-21.39.09:603][  0]SourceControl: Source control is disabled
[2018.11.22-21.39.09:603][  0]Cmd: MAP LOAD FILE="../../../../../Games/StealthGame/UnrealStealthGame/StealthGame/Content/Maps/FirstPersonExampleMap.umap" TEMPLATE=0 SHOWPROGRESS=1 FEATURELEVEL=3
[2018.11.22-21.39.09:603][  0]LightingResults: New page: Lighting Build
[2018.11.22-21.39.09:604][  0]MapCheck: New page: Map Check
[2018.11.22-21.39.09:605][  0]LightingResults: New page: Lighting Build
[2018.11.22-21.39.09:743][  0]LogAIModule: Creating AISystem for world FirstPersonExampleMap
[2018.11.22-21.39.09:750][  0]LogEditorServer: Finished looking for orphan Actors (0.000 secs)
[2018.11.22-21.39.09:773][  0]Cmd: MAP CHECKDEP NOCLEARLOG
[2018.11.22-21.39.09:774][  0]MapCheck: Map check complete: 0 Error(s), 0 Warning(s), took 0.126ms to complete.
[2018.11.22-21.39.09:774][  0]LogFileHelpers: Loading map 'FirstPersonExampleMap' took 0.171
[2018.11.22-21.39.09:950][  0]LogSlate: Updating window title bar state: overlay mode, drag disabled, window buttons hidden, title bar hidden
[2018.11.22-21.39.09:956][  0]LogSlate: Updating window title bar state: overlay mode, drag disabled, window buttons hidden, title bar hidden
[2018.11.22-21.39.09:962][  0]LogSlate: Updating window title bar state: overlay mode, drag disabled, window buttons hidden, title bar hidden
[2018.11.22-21.39.09:967][  0]LogSlate: Updating window title bar state: overlay mode, drag disabled, window buttons hidden, title bar hidden
[2018.11.22-21.39.09:972][  0]LogCollectionManager: Loaded 0 collections in 0.000907 seconds
[2018.11.22-21.39.09:989][  0]LogFileCache: Scanning file cache for directory 'D:/UnrealEngine/Games/StealthGame/UnrealStealthGame/StealthGame/Saved/Collections/' took 0.01s
[2018.11.22-21.39.09:989][  0]LogFileCache: Scanning file cache for directory 'D:/UnrealEngine/Games/StealthGame/UnrealStealthGame/StealthGame/Content/Developers/oibikunle/Collections/' took 0.00s
[2018.11.22-21.39.09:989][  0]LogFileCache: Scanning file cache for directory 'D:/UnrealEngine/Games/StealthGame/UnrealStealthGame/StealthGame/Content/Collections/' took 0.00s
[2018.11.22-21.39.09:989][  0]LogCollectionManager: Rebuilt the GUID cache for 0 collections in 0.000001 seconds
[2018.11.22-21.39.09:996][  0]LogContentBrowser: Native class hierarchy populated in 0.0065 seconds. Added 2658 classes and 624 folders.
[2018.11.22-21.39.10:000][  0]LogContentBrowser: Native class hierarchy updated for 'WidgetCarousel' in 0.0002 seconds. Added 0 classes and 0 folders.
[2018.11.22-21.39.10:001][  0]LogPakFile: Registered encryption key '00000000000000000000000000000000': 0 pak files mounted, 0 remain pending
[2018.11.22-21.39.10:002][  0]LogPakFile: Registered encryption key '00000000000000000000000000000000': 0 pak files mounted, 0 remain pending
[2018.11.22-21.39.10:002][  0]LogPakFile: Registered encryption key '00000000000000000000000000000000': 0 pak files mounted, 0 remain pending
[2018.11.22-21.39.10:003][  0]LogPakFile: Registered encryption key '00000000000000000000000000000000': 0 pak files mounted, 0 remain pending
[2018.11.22-21.39.10:003][  0]LogPakFile: Registered encryption key '00000000000000000000000000000000': 0 pak files mounted, 0 remain pending
[2018.11.22-21.39.10:004][  0]LogPakFile: Registered encryption key '00000000000000000000000000000000': 0 pak files mounted, 0 remain pending
[2018.11.22-21.39.10:004][  0]LogPakFile: Registered encryption key '00000000000000000000000000000000': 0 pak files mounted, 0 remain pending
[2018.11.22-21.39.10:005][  0]LogPakFile: Registered encryption key '00000000000000000000000000000000': 0 pak files mounted, 0 remain pending
[2018.11.22-21.39.10:005][  0]LogPakFile: Registered encryption key '00000000000000000000000000000000': 0 pak files mounted, 0 remain pending
[2018.11.22-21.39.10:006][  0]LogPakFile: Registered encryption key '00000000000000000000000000000000': 0 pak files mounted, 0 remain pending
[2018.11.22-21.39.10:006][  0]LogPakFile: Registered encryption key '00000000000000000000000000000000': 0 pak files mounted, 0 remain pending
[2018.11.22-21.39.10:006][  0]LogPakFile: Registered encryption key '00000000000000000000000000000000': 0 pak files mounted, 0 remain pending
[2018.11.22-21.39.10:007][  0]LogPakFile: Registered encryption key '00000000000000000000000000000000': 0 pak files mounted, 0 remain pending
[2018.11.22-21.39.10:007][  0]LogPakFile: Registered encryption key '00000000000000000000000000000000': 0 pak files mounted, 0 remain pending
[2018.11.22-21.39.10:007][  0]LogPakFile: Registered encryption key '00000000000000000000000000000000': 0 pak files mounted, 0 remain pending
[2018.11.22-21.39.10:008][  0]LogPakFile: Registered encryption key '00000000000000000000000000000000': 0 pak files mounted, 0 remain pending
[2018.11.22-21.39.10:008][  0]LogPakFile: Registered encryption key '00000000000000000000000000000000': 0 pak files mounted, 0 remain pending
[2018.11.22-21.39.10:008][  0]LogPakFile: Registered encryption key '00000000000000000000000000000000': 0 pak files mounted, 0 remain pending
[2018.11.22-21.39.10:009][  0]LogPakFile: Registered encryption key '00000000000000000000000000000000': 0 pak files mounted, 0 remain pending
[2018.11.22-21.39.10:009][  0]LogPakFile: Registered encryption key '00000000000000000000000000000000': 0 pak files mounted, 0 remain pending
[2018.11.22-21.39.10:010][  0]LogPakFile: Registered encryption key '00000000000000000000000000000000': 0 pak files mounted, 0 remain pending
[2018.11.22-21.39.10:011][  0]LogPakFile: Registered encryption key '00000000000000000000000000000000': 0 pak files mounted, 0 remain pending
[2018.11.22-21.39.10:011][  0]LogPakFile: Registered encryption key '00000000000000000000000000000000': 0 pak files mounted, 0 remain pending
[2018.11.22-21.39.10:011][  0]LogPakFile: Registered encryption key '00000000000000000000000000000000': 0 pak files mounted, 0 remain pending
[2018.11.22-21.39.10:012][  0]LogPakFile: Registered encryption key '00000000000000000000000000000000': 0 pak files mounted, 0 remain pending
[2018.11.22-21.39.10:012][  0]LogPakFile: Registered encryption key '00000000000000000000000000000000': 0 pak files mounted, 0 remain pending
[2018.11.22-21.39.10:029][  0]LogContentBrowser: Native class hierarchy updated for 'AddContentDialog' in 0.0003 seconds. Added 0 classes and 0 folders.
[2018.11.22-21.39.10:033][  0]LogContentBrowser: Native class hierarchy updated for 'SceneOutliner' in 0.0003 seconds. Added 1 classes and 2 folders.
[2018.11.22-21.39.10:045][  0]LogSlate: Took 0.000110 seconds to synchronously load lazily loaded font '../../../Engine/Content/Slate/Fonts/Roboto-Regular.ttf' (155K)
[2018.11.22-21.39.10:047][  0]LogSlate: Took 0.000123 seconds to synchronously load lazily loaded font '../../../Engine/Content/Slate/Fonts/Roboto-Bold.ttf' (160K)
[2018.11.22-21.39.10:051][  0]LogSlate: Took 0.000130 seconds to synchronously load lazily loaded font '../../../Engine/Content/Editor/Slate/Fonts/FontAwesome.ttf' (139K)
[2018.11.22-21.39.10:113][  0]LogRenderer: Reallocating scene render targets to support 1208x576 Format 10 NumSamples 1 (Frame:1).
[2018.11.22-21.39.10:253][  0]LogContentBrowser: Native class hierarchy updated for 'HierarchicalLODOutliner' in 0.0003 seconds. Added 0 classes and 0 folders.
[2018.11.22-21.39.10:253][  0]LogLoad: (Engine Initialization) Total time: 8.13 seconds
[2018.11.22-21.39.10:254][  0]LogLoad: (Engine Initialization) Total Blueprint compile time: 0.00 seconds
[2018.11.22-21.39.10:264][  0]LogWindowsTextInputMethodSystem: Display: IME system now deactivated.
[2018.11.22-21.39.10:309][  0]LogContentStreaming: Texture pool size now 1000 MB
[2018.11.22-21.39.10:397][  0]LogSlate: Took 0.000089 seconds to synchronously load lazily loaded font '../../../Engine/Content/Slate/Fonts/Roboto-Light.ttf' (167K)
[2018.11.22-21.39.10:411][  1]LogAssetRegistry: Asset discovery search completed in 4.4578 seconds
[2018.11.22-21.39.10:413][  1]LogCollectionManager: Rebuilt the object cache for 0 collections in 0.000000 seconds (found 0 objects)
[2018.11.22-21.39.10:413][  1]LogCollectionManager: Fixed up redirectors for 0 collections in 0.000158 seconds (updated 0 objects)
[2018.11.22-21.39.19:109][ 40]LogSlate: FSceneViewport::OnFocusLost() reason 0
[2018.11.22-21.39.23:241][507]LogSlate: Took 0.000114 seconds to synchronously load lazily loaded font '../../../Engine/Content/Slate/Fonts/Roboto-Light.ttf' (167K)
[2018.11.22-21.39.23:251][507]LogAssetEditorManager: Opening Asset editor for Blueprint /Game/Blueprints/BP_ExtractionZone.BP_ExtractionZone
[2018.11.22-21.39.23:579][507]LogContentBrowser: Native class hierarchy updated for 'BlueprintGraph' in 0.0005 seconds. Added 117 classes and 0 folders.
[2018.11.22-21.39.24:895][596]LogSlate: Window 'BP_ExtractionZone' being destroyed
[2018.11.22-21.39.24:958][596]LogAssetEditorManager: Opening Asset editor for Blueprint /Game/Blueprints/BP_ExtractionZone.BP_ExtractionZone
[2018.11.22-21.39.25:163][596]LogSlate: Took 0.000088 seconds to synchronously load lazily loaded font '../../../Engine/Content/Slate/Fonts/Roboto-BoldCondensed.ttf' (158K)
[2018.11.22-21.39.26:241][713]LogSlate: Window 'BP_ExtractionZone' being destroyed
[2018.11.22-21.39.44:490][891]BlueprintLog: New page: Compile BP_ExtractionZone
[2018.11.22-21.39.44:619][891]Cmd: OBJ SAVEPACKAGE PACKAGE="/Game/Blueprints/BP_ExtractionZone" FILE="../../../../../Games/StealthGame/UnrealStealthGame/StealthGame/Content/Blueprints/BP_ExtractionZone.uasset" SILENT=true
[2018.11.22-21.39.44:625][891]LogSavePackage: Moving '../../../../../Games/StealthGame/UnrealStealthGame/StealthGame/Saved/BP_ExtractionZone2DCB87734C18514B9E72EBAB156413DD.tmp' to '../../../../../Games/StealthGame/UnrealStealthGame/StealthGame/Content/Blueprints/BP_ExtractionZone.uasset'
[2018.11.22-21.39.46:825][131]LogSavePackage: Moving '../../../../../Games/StealthGame/UnrealStealthGame/StealthGame/Saved/FirstPersonExampleMap176C209F48809E74607648A8CCDB14BC.tmp' to '../../../../../Games/StealthGame/UnrealStealthGame/StealthGame/Content/Maps/FirstPersonExampleMap.umap'
[2018.11.22-21.39.46:908][131]LogSavePackage: Moving '../../../../../Games/StealthGame/UnrealStealthGame/StealthGame/Saved/FirstPersonExampleMap_BuiltDataEE8C45A24AF61F001F0B2EAAC372E97E.tmp' to '../../../../../Games/StealthGame/UnrealStealthGame/StealthGame/Content/Maps/FirstPersonExampleMap_BuiltData.uasset'
[2018.11.22-21.39.48:097][271]LogTemp: Repeating last play command: Selected Viewport
[2018.11.22-21.39.48:106][271]LogBlueprintUserMessages: Early PlayInEditor Detection: Level '/Game/Maps/FirstPersonExampleMap.FirstPersonExampleMap:PersistentLevel' has LevelScriptBlueprint '/Game/Maps/FirstPersonExampleMap.FirstPersonExampleMap:PersistentLevel.FirstPersonExampleMap' with GeneratedClass '/Game/Maps/FirstPersonExampleMap.FirstPersonExampleMap_C' with ClassGeneratedBy '/Game/Maps/FirstPersonExampleMap.FirstPersonExampleMap:PersistentLevel.FirstPersonExampleMap'
[2018.11.22-21.39.48:107][271]LogPlayLevel: PlayLevel: No blueprints needed recompiling
[2018.11.22-21.39.48:107][271]PIE: New page: PIE session: FirstPersonExampleMap (22 Nov 2018 23:39:48)
[2018.11.22-21.39.48:121][271]LogPlayLevel: Creating play world package: /Game/Maps/UEDPIE_0_FirstPersonExampleMap
[2018.11.22-21.39.48:132][271]LogPlayLevel: PIE: StaticDuplicateObject took: (0.010727s)
[2018.11.22-21.39.48:133][271]LogAIModule: Creating AISystem for world FirstPersonExampleMap
[2018.11.22-21.39.48:133][271]LogPlayLevel: PIE: World Init took: (0.000721s)
[2018.11.22-21.39.48:133][271]LogPlayLevel: PIE: Created PIE world by copying editor world from /Game/Maps/FirstPersonExampleMap.FirstPersonExampleMap to /Game/Maps/UEDPIE_0_FirstPersonExampleMap.FirstPersonExampleMap (0.011947s)
[2018.11.22-21.39.48:168][271]LogInit: XAudio2 using 'Headset Earphone (HyperX 7.1 Audio)' : 2 channels at 48 kHz using 16 bits per sample (channel mask 0x3)
[2018.11.22-21.39.48:179][271]LogInit: FAudioDevice initialized.
[2018.11.22-21.39.48:228][271]LogLoad: Game class is 'BP_GameMode_C'
[2018.11.22-21.39.48:231][271]LogWorld: Bringing World /Game/Maps/UEDPIE_0_FirstPersonExampleMap.FirstPersonExampleMap up for play (max tick rate 0) at 2018.11.22-22.39.48
[2018.11.22-21.39.48:231][271]LogWorld: Bringing up level for play took: 0.001542
[2018.11.22-21.39.48:247][271]LogContentBrowser: Native class hierarchy updated for 'MovieSceneCapture' in 0.0003 seconds. Added 20 classes and 0 folders.
[2018.11.22-21.39.48:248][271]PIE: Play in editor start time for /Game/Maps/UEDPIE_0_FirstPersonExampleMap -0.083
[2018.11.22-21.39.48:249][271]LogBlueprintUserMessages: Late PlayInEditor Detection: Level '/Game/Maps/FirstPersonExampleMap.FirstPersonExampleMap:PersistentLevel' has LevelScriptBlueprint '/Game/Maps/FirstPersonExampleMap.FirstPersonExampleMap:PersistentLevel.FirstPersonExampleMap' with GeneratedClass '/Game/Maps/FirstPersonExampleMap.FirstPersonExampleMap_C' with ClassGeneratedBy '/Game/Maps/FirstPersonExampleMap.FirstPersonExampleMap:PersistentLevel.FirstPersonExampleMap'
[2018.11.22-21.39.50:416][528]LogTemp: Overlapped with extraction zone!
[2018.11.22-21.39.53:492][897]LogTemp: Overlapped with extraction zone!
[2018.11.22-21.39.58:659][517]LogTemp: Overlapped with extraction zone!
[2018.11.22-21.40.05:743][367]LogBlueprintUserMessages: Early EndPlayMap Detection: Level '/Game/Maps/FirstPersonExampleMap.FirstPersonExampleMap:PersistentLevel' has LevelScriptBlueprint '/Game/Maps/FirstPersonExampleMap.FirstPersonExampleMap:PersistentLevel.FirstPersonExampleMap' with GeneratedClass '/Game/Maps/FirstPersonExampleMap.FirstPersonExampleMap_C' with ClassGeneratedBy '/Game/Maps/FirstPersonExampleMap.FirstPersonExampleMap:PersistentLevel.FirstPersonExampleMap'
[2018.11.22-21.40.05:743][367]LogSlate: Updating window title bar state: overlay mode, drag disabled, window buttons hidden, title bar hidden
[2018.11.22-21.40.05:784][367]LogPlayLevel: Display: Shutting down PIE online subsystems
[2018.11.22-21.40.05:785][367]LogBlueprintUserMessages: Late EndPlayMap Detection: Level '/Game/Maps/FirstPersonExampleMap.FirstPersonExampleMap:PersistentLevel' has LevelScriptBlueprint '/Game/Maps/FirstPersonExampleMap.FirstPersonExampleMap:PersistentLevel.FirstPersonExampleMap' with GeneratedClass '/Game/Maps/FirstPersonExampleMap.FirstPersonExampleMap_C' with ClassGeneratedBy '/Game/Maps/FirstPersonExampleMap.FirstPersonExampleMap:PersistentLevel.FirstPersonExampleMap'
[2018.11.22-21.40.05:807][367]LogSlate: Updating window title bar state: overlay mode, drag disabled, window buttons hidden, title bar hidden
[2018.11.22-21.40.05:851][371]LogPlayLevel: Display: Destroying online subsystem :Context_7
[2018.11.22-21.40.47:761][751]LogSlate: FSceneViewport::OnFocusLost() reason 0
[2018.11.22-21.40.48:822][875]LogTemp: Repeating last play command: Selected Viewport
[2018.11.22-21.40.48:827][875]LogBlueprintUserMessages: Early PlayInEditor Detection: Level '/Game/Maps/FirstPersonExampleMap.FirstPersonExampleMap:PersistentLevel' has LevelScriptBlueprint '/Game/Maps/FirstPersonExampleMap.FirstPersonExampleMap:PersistentLevel.FirstPersonExampleMap' with GeneratedClass '/Game/Maps/FirstPersonExampleMap.FirstPersonExampleMap_C' with ClassGeneratedBy '/Game/Maps/FirstPersonExampleMap.FirstPersonExampleMap:PersistentLevel.FirstPersonExampleMap'
[2018.11.22-21.40.48:827][875]LogPlayLevel: PlayLevel: No blueprints needed recompiling
[2018.11.22-21.40.48:827][875]PIE: New page: PIE session: FirstPersonExampleMap (22 Nov 2018 23:40:48)
[2018.11.22-21.40.48:828][875]LogPlayLevel: Creating play world package: /Game/Maps/UEDPIE_0_FirstPersonExampleMap
[2018.11.22-21.40.48:839][875]LogPlayLevel: PIE: StaticDuplicateObject took: (0.010870s)
[2018.11.22-21.40.48:839][875]LogAIModule: Creating AISystem for world FirstPersonExampleMap
[2018.11.22-21.40.48:839][875]LogPlayLevel: PIE: World Init took: (0.000704s)
[2018.11.22-21.40.48:840][875]LogPlayLevel: PIE: Created PIE world by copying editor world from /Game/Maps/FirstPersonExampleMap.FirstPersonExampleMap to /Game/Maps/UEDPIE_0_FirstPersonExampleMap.FirstPersonExampleMap (0.012081s)
[2018.11.22-21.40.48:877][875]LogInit: XAudio2 using 'Headset Earphone (HyperX 7.1 Audio)' : 2 channels at 48 kHz using 16 bits per sample (channel mask 0x3)
[2018.11.22-21.40.48:888][875]LogInit: FAudioDevice initialized.
[2018.11.22-21.40.48:932][875]LogLoad: Game class is 'BP_GameMode_C'
[2018.11.22-21.40.48:934][875]LogWorld: Bringing World /Game/Maps/UEDPIE_0_FirstPersonExampleMap.FirstPersonExampleMap up for play (max tick rate 0) at 2018.11.22-22.40.48
[2018.11.22-21.40.48:935][875]LogWorld: Bringing up level for play took: 0.001460
[2018.11.22-21.40.48:948][875]PIE: Play in editor start time for /Game/Maps/UEDPIE_0_FirstPersonExampleMap 0.617
[2018.11.22-21.40.48:953][875]LogBlueprintUserMessages: Late PlayInEditor Detection: Level '/Game/Maps/FirstPersonExampleMap.FirstPersonExampleMap:PersistentLevel' has LevelScriptBlueprint '/Game/Maps/FirstPersonExampleMap.FirstPersonExampleMap:PersistentLevel.FirstPersonExampleMap' with GeneratedClass '/Game/Maps/FirstPersonExampleMap.FirstPersonExampleMap_C' with ClassGeneratedBy '/Game/Maps/FirstPersonExampleMap.FirstPersonExampleMap:PersistentLevel.FirstPersonExampleMap'
[2018.11.22-21.40.50:287][ 32]LogBlueprintUserMessages: Early EndPlayMap Detection: Level '/Game/Maps/FirstPersonExampleMap.FirstPersonExampleMap:PersistentLevel' has LevelScriptBlueprint '/Game/Maps/FirstPersonExampleMap.FirstPersonExampleMap:PersistentLevel.FirstPersonExampleMap' with GeneratedClass '/Game/Maps/FirstPersonExampleMap.FirstPersonExampleMap_C' with ClassGeneratedBy '/Game/Maps/FirstPersonExampleMap.FirstPersonExampleMap:PersistentLevel.FirstPersonExampleMap'
[2018.11.22-21.40.50:288][ 32]LogSlate: Updating window title bar state: overlay mode, drag disabled, window buttons hidden, title bar hidden
[2018.11.22-21.40.50:324][ 32]LogPlayLevel: Display: Shutting down PIE online subsystems
[2018.11.22-21.40.50:325][ 32]LogBlueprintUserMessages: Late EndPlayMap Detection: Level '/Game/Maps/FirstPersonExampleMap.FirstPersonExampleMap:PersistentLevel' has LevelScriptBlueprint '/Game/Maps/FirstPersonExampleMap.FirstPersonExampleMap:PersistentLevel.FirstPersonExampleMap' with GeneratedClass '/Game/Maps/FirstPersonExampleMap.FirstPersonExampleMap_C' with ClassGeneratedBy '/Game/Maps/FirstPersonExampleMap.FirstPersonExampleMap:PersistentLevel.FirstPersonExampleMap'
[2018.11.22-21.40.50:350][ 32]LogSlate: Updating window title bar state: overlay mode, drag disabled, window buttons hidden, title bar hidden
[2018.11.22-21.40.50:394][ 35]LogPlayLevel: Display: Destroying online subsystem :Context_8
[2018.11.22-21.40.54:552][503]LogAssetEditorManager: Opening Asset editor for Blueprint /Game/Blueprints/BP_GameMode.BP_GameMode
[2018.11.22-21.40.54:775][504]LogSlate: Took 0.000146 seconds to synchronously load lazily loaded font '../../../Engine/Content/Slate/Fonts/Roboto-Italic.ttf' (157K)
[2018.11.22-21.44.39:954][243]BlueprintLog: New page: Compile BP_GameMode
[2018.11.22-21.44.40:084][243]Cmd: OBJ SAVEPACKAGE PACKAGE="/Game/Blueprints/BP_GameMode" FILE="../../../../../Games/StealthGame/UnrealStealthGame/StealthGame/Content/Blueprints/BP_GameMode.uasset" SILENT=true
[2018.11.22-21.44.40:101][243]LogSavePackage: Moving '../../../../../Games/StealthGame/UnrealStealthGame/StealthGame/Saved/BP_GameMode36ECFD8D4F0EF249CEAB69A833549DE7.tmp' to '../../../../../Games/StealthGame/UnrealStealthGame/StealthGame/Content/Blueprints/BP_GameMode.uasset'
[2018.11.22-21.44.51:984][264]LogSlate: Window 'Pick Parent Class' being destroyed
[2018.11.22-21.45.06:743][828]LogAssetEditorManager: Opening Asset editor for Blueprint /Game/Blueprints/BP_SpectatingViewPoint.BP_SpectatingViewPoint
[2018.11.22-21.45.06:975][829]LogRenderer: Reallocating scene render targets to support 1208x712 Format 10 NumSamples 1 (Frame:1).
[2018.11.22-21.46.14:721][699]BlueprintLog: New page: Compile BP_SpectatingViewPoint
[2018.11.22-21.46.14:849][699]Cmd: OBJ SAVEPACKAGE PACKAGE="/Game/Blueprints/BP_SpectatingViewPoint" FILE="../../../../../Games/StealthGame/UnrealStealthGame/StealthGame/Content/Blueprints/BP_SpectatingViewPoint.uasset" SILENT=true
[2018.11.22-21.46.14:855][699]LogSavePackage: Moving '../../../../../Games/StealthGame/UnrealStealthGame/StealthGame/Saved/BP_SpectatingViewPointDDE2C58741E6D1C6DE3FF78E92EC746C.tmp' to '../../../../../Games/StealthGame/UnrealStealthGame/StealthGame/Content/Blueprints/BP_SpectatingViewPoint.uasset'
[2018.11.22-21.46.28:291][ 64]LogEditorViewport: Clicking on Actor (LMB): StaticMeshActor (EditorCube11)
[2018.11.22-21.46.45:643][ 98]LogSlate: FSceneViewport::OnFocusLost() reason 0
[2018.11.22-21.47.31:509][463]LogSlate: FSceneViewport::OnFocusLost() reason 0
[2018.11.22-21.47.41:778][164]LogEditorViewport: Clicking on Actor (context menu): BP_SpectatingViewPoint_C (BP_SpectatingViewPoint)
[2018.11.22-21.47.41:821][164]LogSlate: FSceneViewport::OnFocusLost() reason 2
[2018.11.22-21.48.15:997][258]LogEditorViewport: Clicking on Actor (LMB): TextRenderActor (TemplateLabel)
[2018.11.22-21.48.20:922][839]LogSlate: FSceneViewport::OnFocusLost() reason 0
[2018.11.22-21.48.31:625][120]LogEditorViewport: Clicking Background
[2018.11.22-21.48.37:002][748]LogSlate: FSceneViewport::OnFocusLost() reason 0
[2018.11.22-21.48.45:375][738]LogSlate: FSceneViewport::OnFocusLost() reason 0
[2018.11.22-21.48.54:882][866]LogSlate: FSceneViewport::OnFocusLost() reason 2
[2018.11.22-21.48.55:878][985]LogEditorViewport: Clicking Background
[2018.11.22-21.48.56:537][ 61]LogBlueprintUserMessages: Early PlayInEditor Detection: Level '/Game/Maps/FirstPersonExampleMap.FirstPersonExampleMap:PersistentLevel' has LevelScriptBlueprint '/Game/Maps/FirstPersonExampleMap.FirstPersonExampleMap:PersistentLevel.FirstPersonExampleMap' with GeneratedClass '/Game/Maps/FirstPersonExampleMap.FirstPersonExampleMap_C' with ClassGeneratedBy '/Game/Maps/FirstPersonExampleMap.FirstPersonExampleMap:PersistentLevel.FirstPersonExampleMap'
[2018.11.22-21.48.56:537][ 61]LogPlayLevel: PlayLevel: No blueprints needed recompiling
[2018.11.22-21.48.56:538][ 61]PIE: New page: SIE session: FirstPersonExampleMap (22 Nov 2018 23:48:56)
[2018.11.22-21.48.56:538][ 61]LogPlayLevel: Creating play world package: /Game/Maps/UEDPIE_0_FirstPersonExampleMap
[2018.11.22-21.48.56:550][ 61]LogPlayLevel: PIE: StaticDuplicateObject took: (0.012296s)
[2018.11.22-21.48.56:551][ 61]LogAIModule: Creating AISystem for world FirstPersonExampleMap
[2018.11.22-21.48.56:551][ 61]LogPlayLevel: PIE: World Init took: (0.000713s)
[2018.11.22-21.48.56:551][ 61]LogPlayLevel: PIE: Created PIE world by copying editor world from /Game/Maps/FirstPersonExampleMap.FirstPersonExampleMap to /Game/Maps/UEDPIE_0_FirstPersonExampleMap.FirstPersonExampleMap (0.013508s)
[2018.11.22-21.48.56:611][ 61]LogInit: XAudio2 using 'Headset Earphone (HyperX 7.1 Audio)' : 2 channels at 48 kHz using 16 bits per sample (channel mask 0x3)
[2018.11.22-21.48.56:621][ 61]LogInit: FAudioDevice initialized.
[2018.11.22-21.48.56:621][ 61]LogSlate: FSceneViewport::OnFocusLost() reason 2
[2018.11.22-21.48.56:652][ 61]LogLoad: Game class is 'BP_GameMode_C'
[2018.11.22-21.48.56:655][ 61]LogWorld: Bringing World /Game/Maps/UEDPIE_0_FirstPersonExampleMap.FirstPersonExampleMap up for play (max tick rate 0) at 2018.11.22-22.48.56
[2018.11.22-21.48.56:655][ 61]LogWorld: Bringing up level for play took: 0.001974
[2018.11.22-21.48.56:668][ 61]LogGameMode: FindPlayerStart: PATHS NOT DEFINED or NO PLAYERSTART with positive rating
[2018.11.22-21.48.56:684][ 61]PIE: Play in editor start time for /Game/Maps/UEDPIE_0_FirstPersonExampleMap 0.353
[2018.11.22-21.48.56:722][ 61]LogBlueprintUserMessages: Late PlayInEditor Detection: Level '/Game/Maps/FirstPersonExampleMap.FirstPersonExampleMap:PersistentLevel' has LevelScriptBlueprint '/Game/Maps/FirstPersonExampleMap.FirstPersonExampleMap:PersistentLevel.FirstPersonExampleMap' with GeneratedClass '/Game/Maps/FirstPersonExampleMap.FirstPersonExampleMap_C' with ClassGeneratedBy '/Game/Maps/FirstPersonExampleMap.FirstPersonExampleMap:PersistentLevel.FirstPersonExampleMap'
[2018.11.22-21.48.59:750][387]LogBlueprintUserMessages: Early EndPlayMap Detection: Level '/Game/Maps/FirstPersonExampleMap.FirstPersonExampleMap:PersistentLevel' has LevelScriptBlueprint '/Game/Maps/FirstPersonExampleMap.FirstPersonExampleMap:PersistentLevel.FirstPersonExampleMap' with GeneratedClass '/Game/Maps/FirstPersonExampleMap.FirstPersonExampleMap_C' with ClassGeneratedBy '/Game/Maps/FirstPersonExampleMap.FirstPersonExampleMap:PersistentLevel.FirstPersonExampleMap'
[2018.11.22-21.48.59:751][387]LogSlate: Updating window title bar state: overlay mode, drag disabled, window buttons hidden, title bar hidden
[2018.11.22-21.48.59:788][387]LogPlayLevel: Display: Shutting down PIE online subsystems
[2018.11.22-21.48.59:789][387]LogBlueprintUserMessages: Late EndPlayMap Detection: Level '/Game/Maps/FirstPersonExampleMap.FirstPersonExampleMap:PersistentLevel' has LevelScriptBlueprint '/Game/Maps/FirstPersonExampleMap.FirstPersonExampleMap:PersistentLevel.FirstPersonExampleMap' with GeneratedClass '/Game/Maps/FirstPersonExampleMap.FirstPersonExampleMap_C' with ClassGeneratedBy '/Game/Maps/FirstPersonExampleMap.FirstPersonExampleMap:PersistentLevel.FirstPersonExampleMap'
[2018.11.22-21.48.59:817][387]LogSlate: Updating window title bar state: overlay mode, drag disabled, window buttons hidden, title bar hidden
[2018.11.22-21.48.59:853][391]LogPlayLevel: Display: Destroying online subsystem :Context_13
[2018.11.22-21.49.28:199][722]LogSlate: FSceneViewport::OnFocusLost() reason 0
[2018.11.22-21.49.41:187][259]LogSlate: Prevented a slow task dialog from being summoned while a context menu was open
[2018.11.22-21.50.56:733][843]BlueprintLog: New page: Compile BP_GameMode
[2018.11.22-21.50.56:865][843]Cmd: OBJ SAVEPACKAGE PACKAGE="/Game/Blueprints/BP_GameMode" FILE="../../../../../Games/StealthGame/UnrealStealthGame/StealthGame/Content/Blueprints/BP_GameMode.uasset" SILENT=true
[2018.11.22-21.50.56:889][843]LogSavePackage: Moving '../../../../../Games/StealthGame/UnrealStealthGame/StealthGame/Saved/BP_GameMode74B01DEE464C58563A1690A98C7B7586.tmp' to '../../../../../Games/StealthGame/UnrealStealthGame/StealthGame/Content/Blueprints/BP_GameMode.uasset'
[2018.11.22-21.51.06:806][ 30]LogTemp: Repeating last play command: Simulate
[2018.11.22-21.51.06:813][ 30]LogBlueprintUserMessages: Early PlayInEditor Detection: Level '/Game/Maps/FirstPersonExampleMap.FirstPersonExampleMap:PersistentLevel' has LevelScriptBlueprint '/Game/Maps/FirstPersonExampleMap.FirstPersonExampleMap:PersistentLevel.FirstPersonExampleMap' with GeneratedClass '/Game/Maps/FirstPersonExampleMap.FirstPersonExampleMap_C' with ClassGeneratedBy '/Game/Maps/FirstPersonExampleMap.FirstPersonExampleMap:PersistentLevel.FirstPersonExampleMap'
[2018.11.22-21.51.06:813][ 30]LogPlayLevel: PlayLevel: No blueprints needed recompiling
[2018.11.22-21.51.06:813][ 30]PIE: New page: SIE session: FirstPersonExampleMap (22 Nov 2018 23:51:06)
[2018.11.22-21.51.06:814][ 30]LogPlayLevel: Creating play world package: /Game/Maps/UEDPIE_0_FirstPersonExampleMap
[2018.11.22-21.51.06:826][ 30]LogPlayLevel: PIE: StaticDuplicateObject took: (0.012313s)
[2018.11.22-21.51.06:827][ 30]LogAIModule: Creating AISystem for world FirstPersonExampleMap
[2018.11.22-21.51.06:827][ 30]LogPlayLevel: PIE: World Init took: (0.000690s)
[2018.11.22-21.51.06:827][ 30]LogPlayLevel: PIE: Created PIE world by copying editor world from /Game/Maps/FirstPersonExampleMap.FirstPersonExampleMap to /Game/Maps/UEDPIE_0_FirstPersonExampleMap.FirstPersonExampleMap (0.013459s)
[2018.11.22-21.51.06:885][ 30]LogInit: XAudio2 using 'Headset Earphone (HyperX 7.1 Audio)' : 2 channels at 48 kHz using 16 bits per sample (channel mask 0x3)
[2018.11.22-21.51.06:895][ 30]LogInit: FAudioDevice initialized.
[2018.11.22-21.51.06:927][ 30]LogLoad: Game class is 'BP_GameMode_C'
[2018.11.22-21.51.06:929][ 30]LogWorld: Bringing World /Game/Maps/UEDPIE_0_FirstPersonExampleMap.FirstPersonExampleMap up for play (max tick rate 0) at 2018.11.22-22.51.06
[2018.11.22-21.51.06:929][ 30]LogWorld: Bringing up level for play took: 0.001540
[2018.11.22-21.51.06:943][ 30]LogGameMode: FindPlayerStart: PATHS NOT DEFINED or NO PLAYERSTART with positive rating
[2018.11.22-21.51.06:943][ 30]PIE: Play in editor start time for /Game/Maps/UEDPIE_0_FirstPersonExampleMap 0.613
[2018.11.22-21.51.06:945][ 30]LogBlueprintUserMessages: Late PlayInEditor Detection: Level '/Game/Maps/FirstPersonExampleMap.FirstPersonExampleMap:PersistentLevel' has LevelScriptBlueprint '/Game/Maps/FirstPersonExampleMap.FirstPersonExampleMap:PersistentLevel.FirstPersonExampleMap' with GeneratedClass '/Game/Maps/FirstPersonExampleMap.FirstPersonExampleMap_C' with ClassGeneratedBy '/Game/Maps/FirstPersonExampleMap.FirstPersonExampleMap:PersistentLevel.FirstPersonExampleMap'
[2018.11.22-21.51.15:656][927]LogBlueprintUserMessages: Early EndPlayMap Detection: Level '/Game/Maps/FirstPersonExampleMap.FirstPersonExampleMap:PersistentLevel' has LevelScriptBlueprint '/Game/Maps/FirstPersonExampleMap.FirstPersonExampleMap:PersistentLevel.FirstPersonExampleMap' with GeneratedClass '/Game/Maps/FirstPersonExampleMap.FirstPersonExampleMap_C' with ClassGeneratedBy '/Game/Maps/FirstPersonExampleMap.FirstPersonExampleMap:PersistentLevel.FirstPersonExampleMap'
[2018.11.22-21.51.15:656][927]LogSlate: Updating window title bar state: overlay mode, drag disabled, window buttons hidden, title bar hidden
[2018.11.22-21.51.15:690][927]LogPlayLevel: Display: Shutting down PIE online subsystems
[2018.11.22-21.51.15:691][927]LogBlueprintUserMessages: Late EndPlayMap Detection: Level '/Game/Maps/FirstPersonExampleMap.FirstPersonExampleMap:PersistentLevel' has LevelScriptBlueprint '/Game/Maps/FirstPersonExampleMap.FirstPersonExampleMap:PersistentLevel.FirstPersonExampleMap' with GeneratedClass '/Game/Maps/FirstPersonExampleMap.FirstPersonExampleMap_C' with ClassGeneratedBy '/Game/Maps/FirstPersonExampleMap.FirstPersonExampleMap:PersistentLevel.FirstPersonExampleMap'
[2018.11.22-21.51.15:717][927]LogSlate: Updating window title bar state: overlay mode, drag disabled, window buttons hidden, title bar hidden
[2018.11.22-21.51.15:760][932]LogPlayLevel: Display: Destroying online subsystem :Context_14
[2018.11.22-21.51.18:663][278]LogBlueprintUserMessages: Early PlayInEditor Detection: Level '/Game/Maps/FirstPersonExampleMap.FirstPersonExampleMap:PersistentLevel' has LevelScriptBlueprint '/Game/Maps/FirstPersonExampleMap.FirstPersonExampleMap:PersistentLevel.FirstPersonExampleMap' with GeneratedClass '/Game/Maps/FirstPersonExampleMap.FirstPersonExampleMap_C' with ClassGeneratedBy '/Game/Maps/FirstPersonExampleMap.FirstPersonExampleMap:PersistentLevel.FirstPersonExampleMap'
[2018.11.22-21.51.18:663][278]LogPlayLevel: PlayLevel: No blueprints needed recompiling
[2018.11.22-21.51.18:663][278]PIE: New page: PIE session: FirstPersonExampleMap (22 Nov 2018 23:51:18)
[2018.11.22-21.51.18:663][278]LogPlayLevel: Creating play world package: /Game/Maps/UEDPIE_0_FirstPersonExampleMap
[2018.11.22-21.51.18:676][278]LogPlayLevel: PIE: StaticDuplicateObject took: (0.012104s)
[2018.11.22-21.51.18:676][278]LogAIModule: Creating AISystem for world FirstPersonExampleMap
[2018.11.22-21.51.18:677][278]LogPlayLevel: PIE: World Init took: (0.000794s)
[2018.11.22-21.51.18:677][278]LogPlayLevel: PIE: Created PIE world by copying editor world from /Game/Maps/FirstPersonExampleMap.FirstPersonExampleMap to /Game/Maps/UEDPIE_0_FirstPersonExampleMap.FirstPersonExampleMap (0.013360s)
[2018.11.22-21.51.18:715][278]LogInit: XAudio2 using 'Headset Earphone (HyperX 7.1 Audio)' : 2 channels at 48 kHz using 16 bits per sample (channel mask 0x3)
[2018.11.22-21.51.18:726][278]LogInit: FAudioDevice initialized.
[2018.11.22-21.51.18:758][278]LogLoad: Game class is 'BP_GameMode_C'
[2018.11.22-21.51.18:761][278]LogWorld: Bringing World /Game/Maps/UEDPIE_0_FirstPersonExampleMap.FirstPersonExampleMap up for play (max tick rate 0) at 2018.11.22-22.51.18
[2018.11.22-21.51.18:761][278]LogWorld: Bringing up level for play took: 0.001683
[2018.11.22-21.51.18:774][278]PIE: Play in editor start time for /Game/Maps/UEDPIE_0_FirstPersonExampleMap 0.443
[2018.11.22-21.51.18:774][278]LogBlueprintUserMessages: Late PlayInEditor Detection: Level '/Game/Maps/FirstPersonExampleMap.FirstPersonExampleMap:PersistentLevel' has LevelScriptBlueprint '/Game/Maps/FirstPersonExampleMap.FirstPersonExampleMap:PersistentLevel.FirstPersonExampleMap' with GeneratedClass '/Game/Maps/FirstPersonExampleMap.FirstPersonExampleMap_C' with ClassGeneratedBy '/Game/Maps/FirstPersonExampleMap.FirstPersonExampleMap:PersistentLevel.FirstPersonExampleMap'
[2018.11.22-21.51.26:331][ 59]LogTemp: Overlapped with extraction zone!
[2018.11.22-21.51.33:720][946]LogBlueprintUserMessages: Early EndPlayMap Detection: Level '/Game/Maps/FirstPersonExampleMap.FirstPersonExampleMap:PersistentLevel' has LevelScriptBlueprint '/Game/Maps/FirstPersonExampleMap.FirstPersonExampleMap:PersistentLevel.FirstPersonExampleMap' with GeneratedClass '/Game/Maps/FirstPersonExampleMap.FirstPersonExampleMap_C' with ClassGeneratedBy '/Game/Maps/FirstPersonExampleMap.FirstPersonExampleMap:PersistentLevel.FirstPersonExampleMap'
[2018.11.22-21.51.33:721][946]LogSlate: Updating window title bar state: overlay mode, drag disabled, window buttons hidden, title bar hidden
[2018.11.22-21.51.33:757][946]LogPlayLevel: Display: Shutting down PIE online subsystems
[2018.11.22-21.51.33:757][946]LogBlueprintUserMessages: Late EndPlayMap Detection: Level '/Game/Maps/FirstPersonExampleMap.FirstPersonExampleMap:PersistentLevel' has LevelScriptBlueprint '/Game/Maps/FirstPersonExampleMap.FirstPersonExampleMap:PersistentLevel.FirstPersonExampleMap' with GeneratedClass '/Game/Maps/FirstPersonExampleMap.FirstPersonExampleMap_C' with ClassGeneratedBy '/Game/Maps/FirstPersonExampleMap.FirstPersonExampleMap:PersistentLevel.FirstPersonExampleMap'
[2018.11.22-21.51.33:783][946]LogSlate: Updating window title bar state: overlay mode, drag disabled, window buttons hidden, title bar hidden
[2018.11.22-21.51.33:825][951]LogPlayLevel: Display: Destroying online subsystem :Context_15
[2018.11.22-21.51.40:875][ 55]LogSlate: FSceneViewport::OnFocusLost() reason 0
[2018.11.22-21.51.48:829][  4]BlueprintLog: New page: Compile BP_GameMode
[2018.11.22-21.51.48:957][  4]Cmd: OBJ SAVEPACKAGE PACKAGE="/Game/Blueprints/BP_GameMode" FILE="../../../../../Games/StealthGame/UnrealStealthGame/StealthGame/Content/Blueprints/BP_GameMode.uasset" SILENT=true
[2018.11.22-21.51.48:966][  4]LogSavePackage: Moving '../../../../../Games/StealthGame/UnrealStealthGame/StealthGame/Saved/BP_GameMode0AA6452A4B579030069DD99E4B57CA65.tmp' to '../../../../../Games/StealthGame/UnrealStealthGame/StealthGame/Content/Blueprints/BP_GameMode.uasset'
[2018.11.22-21.51.53:284][498]LogSavePackage: Moving '../../../../../Games/StealthGame/UnrealStealthGame/StealthGame/Saved/FirstPersonExampleMapB8C982C743E3B4EFCBA667B8119D312E.tmp' to '../../../../../Games/StealthGame/UnrealStealthGame/StealthGame/Content/Maps/FirstPersonExampleMap.umap'
[2018.11.22-21.51.53:348][498]LogSavePackage: Moving '../../../../../Games/StealthGame/UnrealStealthGame/StealthGame/Saved/FirstPersonExampleMap_BuiltDataC540879B41875E01C14043AF0283DFE7.tmp' to '../../../../../Games/StealthGame/UnrealStealthGame/StealthGame/Content/Maps/FirstPersonExampleMap_BuiltData.uasset'
[2018.11.22-21.51.54:015][576]LogTemp: Repeating last play command: Selected Viewport
[2018.11.22-21.51.54:024][576]LogBlueprintUserMessages: Early PlayInEditor Detection: Level '/Game/Maps/FirstPersonExampleMap.FirstPersonExampleMap:PersistentLevel' has LevelScriptBlueprint '/Game/Maps/FirstPersonExampleMap.FirstPersonExampleMap:PersistentLevel.FirstPersonExampleMap' with GeneratedClass '/Game/Maps/FirstPersonExampleMap.FirstPersonExampleMap_C' with ClassGeneratedBy '/Game/Maps/FirstPersonExampleMap.FirstPersonExampleMap:PersistentLevel.FirstPersonExampleMap'
[2018.11.22-21.51.54:024][576]LogPlayLevel: PlayLevel: No blueprints needed recompiling
[2018.11.22-21.51.54:024][576]PIE: New page: PIE session: FirstPersonExampleMap (22 Nov 2018 23:51:54)
[2018.11.22-21.51.54:025][576]LogPlayLevel: Creating play world package: /Game/Maps/UEDPIE_0_FirstPersonExampleMap
[2018.11.22-21.51.54:036][576]LogPlayLevel: PIE: StaticDuplicateObject took: (0.011456s)
[2018.11.22-21.51.54:037][576]LogAIModule: Creating AISystem for world FirstPersonExampleMap
[2018.11.22-21.51.54:037][576]LogPlayLevel: PIE: World Init took: (0.000630s)
[2018.11.22-21.51.54:037][576]LogPlayLevel: PIE: Created PIE world by copying editor world from /Game/Maps/FirstPersonExampleMap.FirstPersonExampleMap to /Game/Maps/UEDPIE_0_FirstPersonExampleMap.FirstPersonExampleMap (0.012574s)
[2018.11.22-21.51.54:074][576]LogInit: XAudio2 using 'Headset Earphone (HyperX 7.1 Audio)' : 2 channels at 48 kHz using 16 bits per sample (channel mask 0x3)
[2018.11.22-21.51.54:083][576]LogInit: FAudioDevice initialized.
[2018.11.22-21.51.54:115][576]LogLoad: Game class is 'BP_GameMode_C'
[2018.11.22-21.51.54:117][576]LogWorld: Bringing World /Game/Maps/UEDPIE_0_FirstPersonExampleMap.FirstPersonExampleMap up for play (max tick rate 0) at 2018.11.22-22.51.54
[2018.11.22-21.51.54:118][576]LogWorld: Bringing up level for play took: 0.001522
[2018.11.22-21.51.54:144][576]PIE: Play in editor start time for /Game/Maps/UEDPIE_0_FirstPersonExampleMap -0.187
[2018.11.22-21.51.54:144][576]LogBlueprintUserMessages: Late PlayInEditor Detection: Level '/Game/Maps/FirstPersonExampleMap.FirstPersonExampleMap:PersistentLevel' has LevelScriptBlueprint '/Game/Maps/FirstPersonExampleMap.FirstPersonExampleMap:PersistentLevel.FirstPersonExampleMap' with GeneratedClass '/Game/Maps/FirstPersonExampleMap.FirstPersonExampleMap_C' with ClassGeneratedBy '/Game/Maps/FirstPersonExampleMap.FirstPersonExampleMap:PersistentLevel.FirstPersonExampleMap'
[2018.11.22-21.51.58:261][ 68]LogTemp: Overlapped with extraction zone!
[2018.11.22-21.52.02:955][631]LogBlueprintUserMessages: Early EndPlayMap Detection: Level '/Game/Maps/FirstPersonExampleMap.FirstPersonExampleMap:PersistentLevel' has LevelScriptBlueprint '/Game/Maps/FirstPersonExampleMap.FirstPersonExampleMap:PersistentLevel.FirstPersonExampleMap' with GeneratedClass '/Game/Maps/FirstPersonExampleMap.FirstPersonExampleMap_C' with ClassGeneratedBy '/Game/Maps/FirstPersonExampleMap.FirstPersonExampleMap:PersistentLevel.FirstPersonExampleMap'
[2018.11.22-21.52.02:955][631]LogSlate: Updating window title bar state: overlay mode, drag disabled, window buttons hidden, title bar hidden
[2018.11.22-21.52.03:000][631]LogPlayLevel: Display: Shutting down PIE online subsystems
[2018.11.22-21.52.03:001][631]LogBlueprintUserMessages: Late EndPlayMap Detection: Level '/Game/Maps/FirstPersonExampleMap.FirstPersonExampleMap:PersistentLevel' has LevelScriptBlueprint '/Game/Maps/FirstPersonExampleMap.FirstPersonExampleMap:PersistentLevel.FirstPersonExampleMap' with GeneratedClass '/Game/Maps/FirstPersonExampleMap.FirstPersonExampleMap_C' with ClassGeneratedBy '/Game/Maps/FirstPersonExampleMap.FirstPersonExampleMap:PersistentLevel.FirstPersonExampleMap'
[2018.11.22-21.52.03:029][631]LogSlate: Updating window title bar state: overlay mode, drag disabled, window buttons hidden, title bar hidden
[2018.11.22-21.52.03:053][633]LogPlayLevel: Display: Destroying online subsystem :Context_16
[2018.11.22-21.52.15:267][896]LogSlate: FSceneViewport::OnFocusLost() reason 0
[2018.11.22-21.52.26:119][156]BlueprintLog: New page: Compile BP_GameMode
[2018.11.22-21.52.26:251][156]Cmd: OBJ SAVEPACKAGE PACKAGE="/Game/Blueprints/BP_GameMode" FILE="../../../../../Games/StealthGame/UnrealStealthGame/StealthGame/Content/Blueprints/BP_GameMode.uasset" SILENT=true
[2018.11.22-21.52.26:259][156]LogSavePackage: Moving '../../../../../Games/StealthGame/UnrealStealthGame/StealthGame/Saved/BP_GameModeD5A46E3E4617927EB39C2C995888B145.tmp' to '../../../../../Games/StealthGame/UnrealStealthGame/StealthGame/Content/Blueprints/BP_GameMode.uasset'
