Log file open, 11/22/18 21:12:44
LogWindows: Failed to load 'aqProf.dll' (GetLastError=126)
LogWindows: File 'aqProf.dll' does not exist
LogWindows: Failed to load 'VtuneApi.dll' (GetLastError=126)
LogWindows: File 'VtuneApi.dll' does not exist
LogWindows: Failed to load 'VtuneApi32e.dll' (GetLastError=126)
LogWindows: File 'VtuneApi32e.dll' does not exist
LogConsoleResponse: Display: Failed to find resolution value strings in scalability ini. Falling back to default.
LogInit: Display: Running engine for game: FPSGame
LogPakFile: Registered encryption key '00000000000000000000000000000000': 0 pak files mounted, 0 remain pending
LogPlatformFile: Not using cached read wrapper
LogTaskGraph: Started task graph with 5 named threads and 35 total threads with 3 sets of task threads.
LogStats: Stats thread started at 0.503241
LogD3D11RHI: Loaded GFSDK_Aftermath_Lib.x64.dll
LogICUInternationalization: ICU TimeZone Detection - Raw Offset: +1:00, Platform Override: ''
LogPluginManager: Mounting plugin Paper2D
LogPluginManager: Mounting plugin AISupport
LogPluginManager: Mounting plugin LightPropagationVolume
LogPluginManager: Mounting plugin ActorLayerUtilities
LogPluginManager: Mounting plugin CLionSourceCodeAccess
LogPluginManager: Mounting plugin CodeLiteSourceCodeAccess
LogPluginManager: Mounting plugin GitSourceControl
LogPluginManager: Mounting plugin KDevelopSourceCodeAccess
LogPluginManager: Mounting plugin NullSourceCodeAccess
LogPluginManager: Mounting plugin PerforceSourceControl
LogPluginManager: Mounting plugin SubversionSourceControl
LogPluginManager: Mounting plugin UObjectPlugin
LogPluginManager: Mounting plugin VisualStudioCodeSourceCodeAccess
LogPluginManager: Mounting plugin VisualStudioSourceCodeAccess
LogPluginManager: Mounting plugin XCodeSourceCodeAccess
LogPluginManager: Mounting plugin AssetManagerEditor
LogPluginManager: Mounting plugin CryptoKeys
LogPluginManager: Mounting plugin DataValidation
LogPluginManager: Mounting plugin FacialAnimation
LogPluginManager: Mounting plugin GameplayTagsEditor
LogPluginManager: Mounting plugin MacGraphicsSwitching
LogPluginManager: Mounting plugin MeshEditor
LogPluginManager: Mounting plugin MobileLauncherProfileWizard
LogPluginManager: Mounting plugin PluginBrowser
LogPluginManager: Mounting plugin SpeedTreeImporter
LogPluginManager: Mounting plugin DatasmithContent
LogPluginManager: Mounting plugin VariantManagerContent
LogPluginManager: Mounting plugin AlembicImporter
LogPluginManager: Mounting plugin AppleImageUtils
LogPluginManager: Mounting plugin AppleVision
LogPluginManager: Mounting plugin BackChannel
LogPluginManager: Mounting plugin CharacterAI
LogPluginManager: Mounting plugin GeometryCache
LogPluginManager: Mounting plugin HTML5Networking
LogPluginManager: Mounting plugin ProxyLODPlugin
LogPluginManager: Mounting plugin MagicLeap
LogPluginManager: Mounting plugin MagicLeapMedia
LogPluginManager: Mounting plugin AndroidMedia
LogPluginManager: Mounting plugin AvfMedia
LogPluginManager: Mounting plugin ImgMedia
LogPluginManager: Mounting plugin LinearTimecode
LogPluginManager: Mounting plugin MediaCompositing
LogPluginManager: Mounting plugin MediaPlayerEditor
LogPluginManager: Mounting plugin WebMMedia
LogPluginManager: Mounting plugin WmfMedia
LogPluginManager: Mounting plugin TcpMessaging
LogPluginManager: Mounting plugin UdpMessaging
LogPluginManager: Mounting plugin ActorSequence
LogPluginManager: Mounting plugin LevelSequenceEditor
LogPluginManager: Mounting plugin MatineeToLevelSequence
LogPluginManager: Mounting plugin NetcodeUnitTest
LogPluginManager: Mounting plugin NUTUnrealEngine4
LogPluginManager: Mounting plugin OnlineSubsystemGooglePlay
LogPluginManager: Mounting plugin OnlineSubsystemIOS
LogPluginManager: Mounting plugin OnlineSubsystem
LogPluginManager: Mounting plugin OnlineSubsystemNull
LogPluginManager: Mounting plugin OnlineSubsystemUtils
LogPluginManager: Mounting plugin LauncherChunkInstaller
LogPluginManager: Mounting plugin AndroidDeviceProfileSelector
LogPluginManager: Mounting plugin AndroidMoviePlayer
LogPluginManager: Mounting plugin AndroidPermission
LogPluginManager: Mounting plugin AppleMoviePlayer
LogPluginManager: Mounting plugin ArchVisCharacter
LogPluginManager: Mounting plugin AudioCapture
LogPluginManager: Mounting plugin CableComponent
LogPluginManager: Mounting plugin CustomMeshComponent
LogPluginManager: Mounting plugin EditableMesh
LogPluginManager: Mounting plugin ExampleDeviceProfileSelector
LogPluginManager: Mounting plugin Firebase
LogPluginManager: Mounting plugin GoogleCloudMessaging
LogPluginManager: Mounting plugin IOSDeviceProfileSelector
LogPluginManager: Mounting plugin LinuxDeviceProfileSelector
LogPluginManager: Mounting plugin LocationServicesBPLibrary
LogPluginManager: Mounting plugin MobilePatchingUtils
LogPluginManager: Mounting plugin OculusVR
LogPluginManager: Mounting plugin PhysXVehicles
LogPluginManager: Mounting plugin ProceduralMeshComponent
LogPluginManager: Mounting plugin RuntimePhysXCooking
LogPluginManager: Mounting plugin SteamVR
LogPluginManager: Mounting plugin WebMMoviePlayer
LogPluginManager: Mounting plugin WindowsMoviePlayer
LogStreaming: Display: Took  0.070s to configure plugins.
LogInit: Using libcurl 7.55.1-DEV
LogInit:  - built for x86_64-pc-win32
LogInit:  - supports SSL with OpenSSL/1.0.2h
LogInit:  - supports HTTP deflate (compression) using libz 1.2.8
LogInit:  - other features:
LogInit:      CURL_VERSION_SSL
LogInit:      CURL_VERSION_LIBZ
LogInit:      CURL_VERSION_IPV6
LogInit:      CURL_VERSION_ASYNCHDNS
LogInit:      CURL_VERSION_LARGEFILE
LogInit:      CURL_VERSION_IDN
LogInit:  CurlRequestOptions (configurable via config and command line):
LogInit:  - bVerifyPeer = true  - Libcurl will verify peer certificate
LogInit:  - bUseHttpProxy = false  - Libcurl will NOT use HTTP proxy
LogInit:  - bDontReuseConnections = false  - Libcurl will reuse connections
LogInit:  - MaxHostConnections = 16  - Libcurl will limit the number of connections to a host
LogInit:  - LocalHostAddr = Default
LogInit:  - BufferSize = 65536
LogInit: WinSock: version 1.1 (2.2), MaxSocks=32767, MaxUdp=65467
LogInit: Build: ++UE4+Release-4.21-CL-4541578
LogInit: Engine Version: 4.21.0-4541578+++UE4+Release-4.21
LogInit: Compatible Engine Version: 4.21.0-4541578+++UE4+Release-4.21
LogInit: Net CL: 4541578
LogInit: OS: Windows 10 (), CPU: Intel(R) Core(TM) i7-8700 CPU @ 3.20GHz, GPU: NVIDIA GeForce GTX 1050 Ti
LogInit: Compiled (64-bit): Nov  6 2018 02:04:24
LogInit: Compiled with Visual C++: 19.13.26129.00
LogInit: Build Configuration: Development
LogInit: Branch Name: ++UE4+Release-4.21
LogInit: Command Line:  -skipcompile
LogInit: Base Directory: D:/UnrealEngine/Engine/UE_4.21/Engine/Binaries/Win64/
LogInit: Installed Engine Build: 1
LogDevObjectVersion: Number of dev versions registered: 22
LogDevObjectVersion:   Dev-Blueprints (B0D832E4-1F89-4F0D-ACCF-7EB736FD4AA2): 10
LogDevObjectVersion:   Dev-Build (E1C64328-A22C-4D53-A36C-8E866417BD8C): 0
LogDevObjectVersion:   Dev-Core (375EC13C-06E4-48FB-B500-84F0262A717E): 2
LogDevObjectVersion:   Dev-Editor (E4B068ED-F494-42E9-A231-DA0B2E46BB41): 26
LogDevObjectVersion:   Dev-Framework (CFFC743F-43B0-4480-9391-14DF171D2073): 34
LogDevObjectVersion:   Dev-Mobile (B02B49B5-BB20-44E9-A304-32B752E40360): 2
LogDevObjectVersion:   Dev-Networking (A4E4105C-59A1-49B5-A7C5-40C4547EDFEE): 0
LogDevObjectVersion:   Dev-Online (39C831C9-5AE6-47DC-9A44-9C173E1C8E7C): 0
LogDevObjectVersion:   Dev-Physics (78F01B33-EBEA-4F98-B9B4-84EACCB95AA2): 0
LogDevObjectVersion:   Dev-Platform (6631380F-2D4D-43E0-8009-CF276956A95A): 0
LogDevObjectVersion:   Dev-Rendering (12F88B9F-8875-4AFC-A67C-D90C383ABD29): 27
LogDevObjectVersion:   Dev-Sequencer (7B5AE74C-D270-4C10-A958-57980B212A5A): 9
LogDevObjectVersion:   Dev-VR (D7296918-1DD6-4BDD-9DE2-64A83CC13884): 2
LogDevObjectVersion:   Dev-LoadTimes (C2A15278-BFE7-4AFE-6C17-90FF531DF755): 1
LogDevObjectVersion:   Private-Geometry (6EACA3D4-40EC-4CC1-B786-8BED09428FC5): 3
LogDevObjectVersion:   Dev-AnimPhys (29E575DD-E0A3-4627-9D10-D276232CDCEA): 17
LogDevObjectVersion:   Dev-Anim (AF43A65D-7FD3-4947-9873-3E8ED9C1BB05): 2
LogDevObjectVersion:   Dev-ReflectionCapture (6B266CEC-1EC7-4B8F-A30B-E4D90942FC07): 1
LogDevObjectVersion:   Dev-Automation (0DF73D61-A23F-47EA-B727-89E90C41499A): 1
LogDevObjectVersion:   FortniteMain (601D1886-AC64-4F84-AA16-D3DE0DEAC7D6): 17
LogDevObjectVersion:   Dev-Enterprise (9DFFBCD6-494F-0158-E221-12823C92A888): 4
LogDevObjectVersion:   Dev-Niagara (F2AED0AC-9AFE-416F-8664-AA7FFA26D6FC): 1
LogStreaming: Display: Took  0.001s to delete old logs.
LogInit: Presizing for max 8388607 objects, including 0 objects not considered by GC, pre-allocating 0 bytes for permanent pool.
LogInit: Object subsystem initialized
LogConfig: Setting CVar [[con.DebugEarlyDefault:1]]
LogConfig: Setting CVar [[r.setres:1280x720]]
[2018.11.22-20.12.44:804][  0]LogConfig: Setting CVar [[r.VSync:0]]
[2018.11.22-20.12.44:804][  0]LogConfig: Setting CVar [[r.RHICmdBypass:0]]
[2018.11.22-20.12.44:804][  0]LogConfig: Applying CVar settings from Section [/Script/Engine.RendererSettings] File [D:/UnrealEngine/Games/StealthGame/UnrealStealthGame/StealthGame/Saved/Config/Windows/Engine.ini]
[2018.11.22-20.12.44:804][  0]LogConfig: Setting CVar [[r.GPUCrashDebugging:0]]
[2018.11.22-20.12.44:804][  0]LogConfig: Applying CVar settings from Section [/Script/Engine.RendererOverrideSettings] File [D:/UnrealEngine/Games/StealthGame/UnrealStealthGame/StealthGame/Saved/Config/Windows/Engine.ini]
[2018.11.22-20.12.44:804][  0]LogConfig: Applying CVar settings from Section [/Script/Engine.StreamingSettings] File [D:/UnrealEngine/Games/StealthGame/UnrealStealthGame/StealthGame/Saved/Config/Windows/Engine.ini]
[2018.11.22-20.12.44:804][  0]LogConfig: Setting CVar [[s.MinBulkDataSizeForAsyncLoading:131072]]
[2018.11.22-20.12.44:804][  0]LogConfig: Setting CVar [[s.AsyncLoadingThreadEnabled:0]]
[2018.11.22-20.12.44:804][  0]LogConfig: Setting CVar [[s.EventDrivenLoaderEnabled:1]]
[2018.11.22-20.12.44:805][  0]LogConfig: Setting CVar [[s.WarnIfTimeLimitExceeded:0]]
[2018.11.22-20.12.44:805][  0]LogConfig: Setting CVar [[s.TimeLimitExceededMultiplier:1.5]]
[2018.11.22-20.12.44:805][  0]LogConfig: Setting CVar [[s.TimeLimitExceededMinTime:0.005]]
[2018.11.22-20.12.44:805][  0]LogConfig: Setting CVar [[s.UseBackgroundLevelStreaming:1]]
[2018.11.22-20.12.44:805][  0]LogConfig: Setting CVar [[s.PriorityAsyncLoadingExtraTime:15.0]]
[2018.11.22-20.12.44:805][  0]LogConfig: Setting CVar [[s.LevelStreamingActorsUpdateTimeLimit:5.0]]
[2018.11.22-20.12.44:805][  0]LogConfig: Setting CVar [[s.PriorityLevelStreamingActorsUpdateExtraTime:5.0]]
[2018.11.22-20.12.44:805][  0]LogConfig: Setting CVar [[s.LevelStreamingComponentsRegistrationGranularity:10]]
[2018.11.22-20.12.44:805][  0]LogConfig: Setting CVar [[s.UnregisterComponentsTimeLimit:1.0]]
[2018.11.22-20.12.44:805][  0]LogConfig: Setting CVar [[s.LevelStreamingComponentsUnregistrationGranularity:5]]
[2018.11.22-20.12.44:805][  0]LogConfig: Applying CVar settings from Section [/Script/Engine.GarbageCollectionSettings] File [D:/UnrealEngine/Games/StealthGame/UnrealStealthGame/StealthGame/Saved/Config/Windows/Engine.ini]
[2018.11.22-20.12.44:805][  0]LogConfig: Setting CVar [[gc.MaxObjectsNotConsideredByGC:1]]
[2018.11.22-20.12.44:805][  0]LogConfig: Setting CVar [[gc.SizeOfPermanentObjectPool:0]]
[2018.11.22-20.12.44:805][  0]LogConfig: Setting CVar [[gc.FlushStreamingOnGC:0]]
[2018.11.22-20.12.44:805][  0]LogConfig: Setting CVar [[gc.NumRetriesBeforeForcingGC:10]]
[2018.11.22-20.12.44:806][  0]LogConfig: Setting CVar [[gc.AllowParallelGC:1]]
[2018.11.22-20.12.44:806][  0]LogConfig: Setting CVar [[gc.TimeBetweenPurgingPendingKillObjects:61.1]]
[2018.11.22-20.12.44:806][  0]LogConfig: Setting CVar [[gc.MaxObjectsInEditor:8388607]]
[2018.11.22-20.12.44:806][  0]LogConfig: Setting CVar [[gc.IncrementalBeginDestroyEnabled:1]]
[2018.11.22-20.12.44:806][  0]LogConfig: Setting CVar [[gc.CreateGCClusters:1]]
[2018.11.22-20.12.44:806][  0]LogConfig: Setting CVar [[gc.MergeGCClusters:0]]
[2018.11.22-20.12.44:806][  0]LogConfig: Setting CVar [[gc.MinGCClusterSize:5]]
[2018.11.22-20.12.44:806][  0]LogConfig: Setting CVar [[gc.ActorClusteringEnabled:0]]
[2018.11.22-20.12.44:806][  0]LogConfig: Setting CVar [[gc.BlueprintClusteringEnabled:0]]
[2018.11.22-20.12.44:806][  0]LogConfig: Setting CVar [[gc.UseDisregardForGCOnDedicatedServers:0]]
[2018.11.22-20.12.44:806][  0]LogConfig: Applying CVar settings from Section [/Script/Engine.NetworkSettings] File [D:/UnrealEngine/Games/StealthGame/UnrealStealthGame/StealthGame/Saved/Config/Windows/Engine.ini]
[2018.11.22-20.12.44:806][  0]LogConfig: Applying CVar settings from Section [/Script/UnrealEd.CookerSettings] File [D:/UnrealEngine/Games/StealthGame/UnrealStealthGame/StealthGame/Saved/Config/Windows/Engine.ini]
[2018.11.22-20.12.44:877][  0]LogConfig: Applying CVar settings from Section [ViewDistanceQuality@3] File [D:/UnrealEngine/Games/StealthGame/UnrealStealthGame/StealthGame/Saved/Config/Windows/Scalability.ini]
[2018.11.22-20.12.44:877][  0]LogConfig: Setting CVar [[r.SkeletalMeshLODBias:0]]
[2018.11.22-20.12.44:877][  0]LogConfig: Setting CVar [[r.ViewDistanceScale:1.0]]
[2018.11.22-20.12.44:877][  0]LogConfig: Applying CVar settings from Section [AntiAliasingQuality@3] File [D:/UnrealEngine/Games/StealthGame/UnrealStealthGame/StealthGame/Saved/Config/Windows/Scalability.ini]
[2018.11.22-20.12.44:877][  0]LogConfig: Setting CVar [[r.PostProcessAAQuality:4]]
[2018.11.22-20.12.44:877][  0]LogConfig: Applying CVar settings from Section [ShadowQuality@3] File [D:/UnrealEngine/Games/StealthGame/UnrealStealthGame/StealthGame/Saved/Config/Windows/Scalability.ini]
[2018.11.22-20.12.44:877][  0]LogConfig: Setting CVar [[r.LightFunctionQuality:1]]
[2018.11.22-20.12.44:877][  0]LogConfig: Setting CVar [[r.ShadowQuality:5]]
[2018.11.22-20.12.44:877][  0]LogConfig: Setting CVar [[r.Shadow.CSM.MaxCascades:10]]
[2018.11.22-20.12.44:877][  0]LogConfig: Setting CVar [[r.Shadow.MaxResolution:2048]]
[2018.11.22-20.12.44:877][  0]LogConfig: Setting CVar [[r.Shadow.MaxCSMResolution:2048]]
[2018.11.22-20.12.44:877][  0]LogConfig: Setting CVar [[r.Shadow.RadiusThreshold:0.01]]
[2018.11.22-20.12.44:877][  0]LogConfig: Setting CVar [[r.Shadow.DistanceScale:1.0]]
[2018.11.22-20.12.44:877][  0]LogConfig: Setting CVar [[r.Shadow.CSM.TransitionScale:1.0]]
[2018.11.22-20.12.44:877][  0]LogConfig: Setting CVar [[r.Shadow.PreShadowResolutionFactor:1.0]]
[2018.11.22-20.12.44:877][  0]LogConfig: Setting CVar [[r.DistanceFieldShadowing:1]]
[2018.11.22-20.12.44:877][  0]LogConfig: Setting CVar [[r.DistanceFieldAO:1]]
[2018.11.22-20.12.44:878][  0]LogConfig: Setting CVar [[r.AOQuality:2]]
[2018.11.22-20.12.44:878][  0]LogConfig: Setting CVar [[r.VolumetricFog:1]]
[2018.11.22-20.12.44:878][  0]LogConfig: Setting CVar [[r.VolumetricFog.GridPixelSize:8]]
[2018.11.22-20.12.44:878][  0]LogConfig: Setting CVar [[r.VolumetricFog.GridSizeZ:128]]
[2018.11.22-20.12.44:878][  0]LogConfig: Setting CVar [[r.VolumetricFog.HistoryMissSupersampleCount:4]]
[2018.11.22-20.12.44:878][  0]LogConfig: Setting CVar [[r.LightMaxDrawDistanceScale:1]]
[2018.11.22-20.12.44:878][  0]LogConfig: Setting CVar [[r.CapsuleShadows:1]]
[2018.11.22-20.12.44:878][  0]LogConfig: Applying CVar settings from Section [PostProcessQuality@3] File [D:/UnrealEngine/Games/StealthGame/UnrealStealthGame/StealthGame/Saved/Config/Windows/Scalability.ini]
[2018.11.22-20.12.44:878][  0]LogConfig: Setting CVar [[r.MotionBlurQuality:4]]
[2018.11.22-20.12.44:878][  0]LogConfig: Setting CVar [[r.AmbientOcclusionMipLevelFactor:0.4]]
[2018.11.22-20.12.44:878][  0]LogConfig: Setting CVar [[r.AmbientOcclusionMaxQuality:100]]
[2018.11.22-20.12.44:878][  0]LogConfig: Setting CVar [[r.AmbientOcclusionLevels:-1]]
[2018.11.22-20.12.44:878][  0]LogConfig: Setting CVar [[r.AmbientOcclusionRadiusScale:1.0]]
[2018.11.22-20.12.44:878][  0]LogConfig: Setting CVar [[r.DepthOfFieldQuality:2]]
[2018.11.22-20.12.44:878][  0]LogConfig: Setting CVar [[r.RenderTargetPoolMin:400]]
[2018.11.22-20.12.44:878][  0]LogConfig: Setting CVar [[r.LensFlareQuality:2]]
[2018.11.22-20.12.44:878][  0]LogConfig: Setting CVar [[r.SceneColorFringeQuality:1]]
[2018.11.22-20.12.44:878][  0]LogConfig: Setting CVar [[r.EyeAdaptationQuality:2]]
[2018.11.22-20.12.44:879][  0]LogConfig: Setting CVar [[r.BloomQuality:5]]
[2018.11.22-20.12.44:879][  0]LogConfig: Setting CVar [[r.FastBlurThreshold:100]]
[2018.11.22-20.12.44:879][  0]LogConfig: Setting CVar [[r.Upscale.Quality:3]]
[2018.11.22-20.12.44:879][  0]LogConfig: Setting CVar [[r.Tonemapper.GrainQuantization:1]]
[2018.11.22-20.12.44:879][  0]LogConfig: Setting CVar [[r.LightShaftQuality:1]]
[2018.11.22-20.12.44:879][  0]LogConfig: Setting CVar [[r.Filter.SizeScale:1]]
[2018.11.22-20.12.44:879][  0]LogConfig: Setting CVar [[r.Tonemapper.Quality:5]]
[2018.11.22-20.12.44:879][  0]LogConfig: Setting CVar [[r.DOF.Gather.AccumulatorQuality:1        ; higher gathering accumulator quality]]
[2018.11.22-20.12.44:879][  0]LogConfig: Setting CVar [[r.DOF.Gather.PostfilterMethod:1          ; Median3x3 postfilering method]]
[2018.11.22-20.12.44:879][  0]LogConfig: Setting CVar [[r.DOF.Gather.EnableBokehSettings:0       ; no bokeh simulation when gathering]]
[2018.11.22-20.12.44:879][  0]LogConfig: Setting CVar [[r.DOF.Gather.RingCount:4                 ; medium number of samples when gathering]]
[2018.11.22-20.12.44:879][  0]LogConfig: Setting CVar [[r.DOF.Scatter.ForegroundCompositing:1    ; additive foreground scattering]]
[2018.11.22-20.12.44:879][  0]LogConfig: Setting CVar [[r.DOF.Scatter.BackgroundCompositing:2    ; additive background scattering]]
[2018.11.22-20.12.44:879][  0]LogConfig: Setting CVar [[r.DOF.Scatter.EnableBokehSettings:1      ; bokeh simulation when scattering]]
[2018.11.22-20.12.44:879][  0]LogConfig: Setting CVar [[r.DOF.Scatter.MaxSpriteRatio:0.1         ; only a maximum of 10% of scattered bokeh]]
[2018.11.22-20.12.44:879][  0]LogConfig: Setting CVar [[r.DOF.Recombine.Quality:1                ; cheap slight out of focus]]
[2018.11.22-20.12.44:879][  0]LogConfig: Setting CVar [[r.DOF.Recombine.EnableBokehSettings:0    ; no bokeh simulation on slight out of focus]]
[2018.11.22-20.12.44:879][  0]LogConfig: Setting CVar [[r.DOF.TemporalAAQuality:1                ; more stable temporal accumulation]]
[2018.11.22-20.12.44:880][  0]LogConfig: Setting CVar [[r.DOF.Kernel.MaxForegroundRadius:0.025]]
[2018.11.22-20.12.44:880][  0]LogConfig: Setting CVar [[r.DOF.Kernel.MaxBackgroundRadius:0.025]]
[2018.11.22-20.12.44:880][  0]LogConfig: Applying CVar settings from Section [TextureQuality@3] File [D:/UnrealEngine/Games/StealthGame/UnrealStealthGame/StealthGame/Saved/Config/Windows/Scalability.ini]
[2018.11.22-20.12.44:880][  0]LogConfig: Setting CVar [[r.Streaming.MipBias:0]]
[2018.11.22-20.12.44:880][  0]LogConfig: Setting CVar [[r.Streaming.AmortizeCPUToGPUCopy:0]]
[2018.11.22-20.12.44:880][  0]LogConfig: Setting CVar [[r.Streaming.MaxNumTexturesToStreamPerFrame:0]]
[2018.11.22-20.12.44:880][  0]LogConfig: Setting CVar [[r.Streaming.Boost:1]]
[2018.11.22-20.12.44:880][  0]LogConfig: Setting CVar [[r.MaxAnisotropy:8]]
[2018.11.22-20.12.44:880][  0]LogConfig: Setting CVar [[r.Streaming.LimitPoolSizeToVRAM:0]]
[2018.11.22-20.12.44:880][  0]LogConfig: Setting CVar [[r.Streaming.PoolSize:1000]]
[2018.11.22-20.12.44:880][  0]LogConfig: Setting CVar [[r.Streaming.MaxEffectiveScreenSize:0]]
[2018.11.22-20.12.44:880][  0]LogConfig: Applying CVar settings from Section [EffectsQuality@3] File [D:/UnrealEngine/Games/StealthGame/UnrealStealthGame/StealthGame/Saved/Config/Windows/Scalability.ini]
[2018.11.22-20.12.44:880][  0]LogConfig: Setting CVar [[r.TranslucencyLightingVolumeDim:64]]
[2018.11.22-20.12.44:880][  0]LogConfig: Setting CVar [[r.RefractionQuality:2]]
[2018.11.22-20.12.44:880][  0]LogConfig: Setting CVar [[r.SSR.Quality:3]]
[2018.11.22-20.12.44:880][  0]LogConfig: Setting CVar [[r.SceneColorFormat:4]]
[2018.11.22-20.12.44:880][  0]LogConfig: Setting CVar [[r.DetailMode:2]]
[2018.11.22-20.12.44:880][  0]LogConfig: Setting CVar [[r.TranslucencyVolumeBlur:1]]
[2018.11.22-20.12.44:881][  0]LogConfig: Setting CVar [[r.MaterialQualityLevel:1 ; High quality]]
[2018.11.22-20.12.44:881][  0]LogConfig: Setting CVar [[r.SSS.Scale:1]]
[2018.11.22-20.12.44:881][  0]LogConfig: Setting CVar [[r.SSS.SampleSet:2]]
[2018.11.22-20.12.44:881][  0]LogConfig: Setting CVar [[r.SSS.Quality:1]]
[2018.11.22-20.12.44:881][  0]LogConfig: Setting CVar [[r.SSS.HalfRes:1]]
[2018.11.22-20.12.44:881][  0]LogConfig: Setting CVar [[r.EmitterSpawnRateScale:1.0]]
[2018.11.22-20.12.44:881][  0]LogConfig: Setting CVar [[r.ParticleLightQuality:2]]
[2018.11.22-20.12.44:881][  0]LogConfig: Applying CVar settings from Section [FoliageQuality@3] File [D:/UnrealEngine/Games/StealthGame/UnrealStealthGame/StealthGame/Saved/Config/Windows/Scalability.ini]
[2018.11.22-20.12.44:881][  0]LogConfig: Setting CVar [[foliage.DensityScale:1.0]]
[2018.11.22-20.12.44:881][  0]LogConfig: Setting CVar [[grass.DensityScale:1.0]]
[2018.11.22-20.12.44:881][  0]LogInit: Selected Device Profile: [Windows]
[2018.11.22-20.12.44:881][  0]LogInit: Applying CVar settings loaded from the selected device profile: [Windows]
[2018.11.22-20.12.44:888][  0]LogHAL: Display: Platform has ~ 16 GB [17112002560 / 17179869184 / 16], which maps to Larger [LargestMinGB=32, LargerMinGB=12, DefaultMinGB=8, SmallerMinGB=6, SmallestMinGB=0)
[2018.11.22-20.12.44:888][  0]LogConfig: Setting CVar [[r.Vulkan.UseRealUBs:1]]
[2018.11.22-20.12.44:888][  0]LogInit: Going up to parent DeviceProfile []
[2018.11.22-20.12.44:889][  0]LogConfig: Applying CVar settings from Section [ViewDistanceQuality@3] File [D:/UnrealEngine/Games/StealthGame/UnrealStealthGame/StealthGame/Saved/Config/Windows/Scalability.ini]
[2018.11.22-20.12.44:889][  0]LogConfig: Setting CVar [[r.SkeletalMeshLODBias:0]]
[2018.11.22-20.12.44:889][  0]LogConfig: Setting CVar [[r.ViewDistanceScale:1.0]]
[2018.11.22-20.12.44:889][  0]LogConfig: Applying CVar settings from Section [AntiAliasingQuality@3] File [D:/UnrealEngine/Games/StealthGame/UnrealStealthGame/StealthGame/Saved/Config/Windows/Scalability.ini]
[2018.11.22-20.12.44:889][  0]LogConfig: Setting CVar [[r.PostProcessAAQuality:4]]
[2018.11.22-20.12.44:889][  0]LogConfig: Applying CVar settings from Section [ShadowQuality@3] File [D:/UnrealEngine/Games/StealthGame/UnrealStealthGame/StealthGame/Saved/Config/Windows/Scalability.ini]
[2018.11.22-20.12.44:889][  0]LogConfig: Setting CVar [[r.LightFunctionQuality:1]]
[2018.11.22-20.12.44:889][  0]LogConfig: Setting CVar [[r.ShadowQuality:5]]
[2018.11.22-20.12.44:889][  0]LogConfig: Setting CVar [[r.Shadow.CSM.MaxCascades:10]]
[2018.11.22-20.12.44:889][  0]LogConfig: Setting CVar [[r.Shadow.MaxResolution:2048]]
[2018.11.22-20.12.44:889][  0]LogConfig: Setting CVar [[r.Shadow.MaxCSMResolution:2048]]
[2018.11.22-20.12.44:890][  0]LogConfig: Setting CVar [[r.Shadow.RadiusThreshold:0.01]]
[2018.11.22-20.12.44:890][  0]LogConfig: Setting CVar [[r.Shadow.DistanceScale:1.0]]
[2018.11.22-20.12.44:890][  0]LogConfig: Setting CVar [[r.Shadow.CSM.TransitionScale:1.0]]
[2018.11.22-20.12.44:890][  0]LogConfig: Setting CVar [[r.Shadow.PreShadowResolutionFactor:1.0]]
[2018.11.22-20.12.44:890][  0]LogConfig: Setting CVar [[r.DistanceFieldShadowing:1]]
[2018.11.22-20.12.44:890][  0]LogConfig: Setting CVar [[r.DistanceFieldAO:1]]
[2018.11.22-20.12.44:890][  0]LogConfig: Setting CVar [[r.AOQuality:2]]
[2018.11.22-20.12.44:890][  0]LogConfig: Setting CVar [[r.VolumetricFog:1]]
[2018.11.22-20.12.44:890][  0]LogConfig: Setting CVar [[r.VolumetricFog.GridPixelSize:8]]
[2018.11.22-20.12.44:890][  0]LogConfig: Setting CVar [[r.VolumetricFog.GridSizeZ:128]]
[2018.11.22-20.12.44:890][  0]LogConfig: Setting CVar [[r.VolumetricFog.HistoryMissSupersampleCount:4]]
[2018.11.22-20.12.44:890][  0]LogConfig: Setting CVar [[r.LightMaxDrawDistanceScale:1]]
[2018.11.22-20.12.44:890][  0]LogConfig: Setting CVar [[r.CapsuleShadows:1]]
[2018.11.22-20.12.44:891][  0]LogConfig: Applying CVar settings from Section [PostProcessQuality@3] File [D:/UnrealEngine/Games/StealthGame/UnrealStealthGame/StealthGame/Saved/Config/Windows/Scalability.ini]
[2018.11.22-20.12.44:891][  0]LogConfig: Setting CVar [[r.MotionBlurQuality:4]]
[2018.11.22-20.12.44:891][  0]LogConfig: Setting CVar [[r.AmbientOcclusionMipLevelFactor:0.4]]
[2018.11.22-20.12.44:891][  0]LogConfig: Setting CVar [[r.AmbientOcclusionMaxQuality:100]]
[2018.11.22-20.12.44:891][  0]LogConfig: Setting CVar [[r.AmbientOcclusionLevels:-1]]
[2018.11.22-20.12.44:891][  0]LogConfig: Setting CVar [[r.AmbientOcclusionRadiusScale:1.0]]
[2018.11.22-20.12.44:891][  0]LogConfig: Setting CVar [[r.DepthOfFieldQuality:2]]
[2018.11.22-20.12.44:891][  0]LogConfig: Setting CVar [[r.RenderTargetPoolMin:400]]
[2018.11.22-20.12.44:891][  0]LogConfig: Setting CVar [[r.LensFlareQuality:2]]
[2018.11.22-20.12.44:891][  0]LogConfig: Setting CVar [[r.SceneColorFringeQuality:1]]
[2018.11.22-20.12.44:891][  0]LogConfig: Setting CVar [[r.EyeAdaptationQuality:2]]
[2018.11.22-20.12.44:891][  0]LogConfig: Setting CVar [[r.BloomQuality:5]]
[2018.11.22-20.12.44:891][  0]LogConfig: Setting CVar [[r.FastBlurThreshold:100]]
[2018.11.22-20.12.44:891][  0]LogConfig: Setting CVar [[r.Upscale.Quality:3]]
[2018.11.22-20.12.44:892][  0]LogConfig: Setting CVar [[r.Tonemapper.GrainQuantization:1]]
[2018.11.22-20.12.44:892][  0]LogConfig: Setting CVar [[r.LightShaftQuality:1]]
[2018.11.22-20.12.44:892][  0]LogConfig: Setting CVar [[r.Filter.SizeScale:1]]
[2018.11.22-20.12.44:892][  0]LogConfig: Setting CVar [[r.Tonemapper.Quality:5]]
[2018.11.22-20.12.44:892][  0]LogConfig: Setting CVar [[r.DOF.Gather.AccumulatorQuality:1        ; higher gathering accumulator quality]]
[2018.11.22-20.12.44:892][  0]LogConfig: Setting CVar [[r.DOF.Gather.PostfilterMethod:1          ; Median3x3 postfilering method]]
[2018.11.22-20.12.44:892][  0]LogConfig: Setting CVar [[r.DOF.Gather.EnableBokehSettings:0       ; no bokeh simulation when gathering]]
[2018.11.22-20.12.44:892][  0]LogConfig: Setting CVar [[r.DOF.Gather.RingCount:4                 ; medium number of samples when gathering]]
[2018.11.22-20.12.44:892][  0]LogConfig: Setting CVar [[r.DOF.Scatter.ForegroundCompositing:1    ; additive foreground scattering]]
[2018.11.22-20.12.44:892][  0]LogConfig: Setting CVar [[r.DOF.Scatter.BackgroundCompositing:2    ; additive background scattering]]
[2018.11.22-20.12.44:892][  0]LogConfig: Setting CVar [[r.DOF.Scatter.EnableBokehSettings:1      ; bokeh simulation when scattering]]
[2018.11.22-20.12.44:892][  0]LogConfig: Setting CVar [[r.DOF.Scatter.MaxSpriteRatio:0.1         ; only a maximum of 10% of scattered bokeh]]
[2018.11.22-20.12.44:892][  0]LogConfig: Setting CVar [[r.DOF.Recombine.Quality:1                ; cheap slight out of focus]]
[2018.11.22-20.12.44:892][  0]LogConfig: Setting CVar [[r.DOF.Recombine.EnableBokehSettings:0    ; no bokeh simulation on slight out of focus]]
[2018.11.22-20.12.44:892][  0]LogConfig: Setting CVar [[r.DOF.TemporalAAQuality:1                ; more stable temporal accumulation]]
[2018.11.22-20.12.44:893][  0]LogConfig: Setting CVar [[r.DOF.Kernel.MaxForegroundRadius:0.025]]
[2018.11.22-20.12.44:893][  0]LogConfig: Setting CVar [[r.DOF.Kernel.MaxBackgroundRadius:0.025]]
[2018.11.22-20.12.44:893][  0]LogConfig: Applying CVar settings from Section [TextureQuality@3] File [D:/UnrealEngine/Games/StealthGame/UnrealStealthGame/StealthGame/Saved/Config/Windows/Scalability.ini]
[2018.11.22-20.12.44:893][  0]LogConfig: Setting CVar [[r.Streaming.MipBias:0]]
[2018.11.22-20.12.44:893][  0]LogConfig: Setting CVar [[r.Streaming.AmortizeCPUToGPUCopy:0]]
[2018.11.22-20.12.44:893][  0]LogConfig: Setting CVar [[r.Streaming.MaxNumTexturesToStreamPerFrame:0]]
[2018.11.22-20.12.44:893][  0]LogConfig: Setting CVar [[r.Streaming.Boost:1]]
[2018.11.22-20.12.44:893][  0]LogConfig: Setting CVar [[r.MaxAnisotropy:8]]
[2018.11.22-20.12.44:893][  0]LogConfig: Setting CVar [[r.Streaming.LimitPoolSizeToVRAM:0]]
[2018.11.22-20.12.44:893][  0]LogConfig: Setting CVar [[r.Streaming.PoolSize:1000]]
[2018.11.22-20.12.44:893][  0]LogConfig: Setting CVar [[r.Streaming.MaxEffectiveScreenSize:0]]
[2018.11.22-20.12.44:893][  0]LogConfig: Applying CVar settings from Section [EffectsQuality@3] File [D:/UnrealEngine/Games/StealthGame/UnrealStealthGame/StealthGame/Saved/Config/Windows/Scalability.ini]
[2018.11.22-20.12.44:893][  0]LogConfig: Setting CVar [[r.TranslucencyLightingVolumeDim:64]]
[2018.11.22-20.12.44:893][  0]LogConfig: Setting CVar [[r.RefractionQuality:2]]
[2018.11.22-20.12.44:893][  0]LogConfig: Setting CVar [[r.SSR.Quality:3]]
[2018.11.22-20.12.44:893][  0]LogConfig: Setting CVar [[r.SceneColorFormat:4]]
[2018.11.22-20.12.44:894][  0]LogConfig: Setting CVar [[r.DetailMode:2]]
[2018.11.22-20.12.44:894][  0]LogConfig: Setting CVar [[r.TranslucencyVolumeBlur:1]]
[2018.11.22-20.12.44:894][  0]LogConfig: Setting CVar [[r.MaterialQualityLevel:1 ; High quality]]
[2018.11.22-20.12.44:894][  0]LogConfig: Setting CVar [[r.SSS.Scale:1]]
[2018.11.22-20.12.44:894][  0]LogConfig: Setting CVar [[r.SSS.SampleSet:2]]
[2018.11.22-20.12.44:894][  0]LogConfig: Setting CVar [[r.SSS.Quality:1]]
[2018.11.22-20.12.44:894][  0]LogConfig: Setting CVar [[r.SSS.HalfRes:1]]
[2018.11.22-20.12.44:894][  0]LogConfig: Setting CVar [[r.EmitterSpawnRateScale:1.0]]
[2018.11.22-20.12.44:894][  0]LogConfig: Setting CVar [[r.ParticleLightQuality:2]]
[2018.11.22-20.12.44:894][  0]LogConfig: Applying CVar settings from Section [FoliageQuality@3] File [D:/UnrealEngine/Games/StealthGame/UnrealStealthGame/StealthGame/Saved/Config/Windows/Scalability.ini]
[2018.11.22-20.12.44:894][  0]LogConfig: Setting CVar [[foliage.DensityScale:1.0]]
[2018.11.22-20.12.44:894][  0]LogConfig: Setting CVar [[grass.DensityScale:1.0]]
[2018.11.22-20.12.44:894][  0]LogConfig: Applying CVar settings from Section [Startup] File [../../../Engine/Config/ConsoleVariables.ini]
[2018.11.22-20.12.44:894][  0]LogConfig: Setting CVar [[net.UseAdaptiveNetUpdateFrequency:0]]
[2018.11.22-20.12.44:894][  0]LogConfig: Applying CVar settings from Section [ConsoleVariables] File [D:/UnrealEngine/Games/StealthGame/UnrealStealthGame/StealthGame/Saved/Config/Windows/Engine.ini]
[2018.11.22-20.12.44:895][  0]LogInit: Computer: GG00001
[2018.11.22-20.12.44:895][  0]LogInit: User: oibikunle
[2018.11.22-20.12.44:895][  0]LogInit: CPU Page size=4096, Cores=6
[2018.11.22-20.12.44:895][  0]LogInit: High frequency timer resolution =10.000000 MHz
[2018.11.22-20.12.44:895][  0]LogMemory: Memory total: Physical=15.9GB (16GB approx)
[2018.11.22-20.12.44:895][  0]LogMemory: Platform Memory Stats for Windows
[2018.11.22-20.12.44:895][  0]LogMemory: Process Physical Memory: 104.04 MB used, 104.04 MB peak
[2018.11.22-20.12.44:895][  0]LogMemory: Process Virtual Memory: 86.74 MB used, 86.74 MB peak
[2018.11.22-20.12.44:895][  0]LogMemory: Physical Memory: 10905.54 MB used,  5413.73 MB free, 16319.28 MB total
[2018.11.22-20.12.44:895][  0]LogMemory: Virtual Memory: 4646.91 MB used,  134213080.00 MB free, 134217728.00 MB total
[2018.11.22-20.12.44:988][  0]LogInit: Using OS detected language (en-GB).
[2018.11.22-20.12.44:988][  0]LogInit: Using OS detected locale (en-GB).
[2018.11.22-20.12.44:989][  0]LogTextLocalizationManager: No specific localization for 'en-GB' exists, so the 'en' localization will be used.
[2018.11.22-20.12.45:269][  0]LogStreaming: Display: Took  0.281s to InitEngineTextLocalization.
[2018.11.22-20.12.45:269][  0]LogInit: Setting process to per monitor DPI aware
[2018.11.22-20.12.45:387][  0]LogSlate: New Slate User Created.  User Index 0, Is Virtual User: 0
[2018.11.22-20.12.45:387][  0]LogSlate: Slate User Registered.  User Index 0, Is Virtual User: 0
[2018.11.22-20.12.45:573][  0]LogHMD: Failed to initialize OpenVR with code 110
[2018.11.22-20.12.45:573][  0]LogD3D11RHI: D3D11 adapters:
[2018.11.22-20.12.45:647][  0]LogD3D11RHI:    0. 'NVIDIA GeForce GTX 1050 Ti' (Feature Level 11_0)
[2018.11.22-20.12.45:647][  0]LogD3D11RHI:       4018/0/8159 MB DedicatedVideo/DedicatedSystem/SharedSystem, Outputs:3, VendorId:0x10de
[2018.11.22-20.12.45:652][  0]LogD3D11RHI:    1. 'Microsoft Basic Render Driver' (Feature Level 11_0)
[2018.11.22-20.12.45:652][  0]LogD3D11RHI:       0/0/8159 MB DedicatedVideo/DedicatedSystem/SharedSystem, Outputs:0, VendorId:0x1414
[2018.11.22-20.12.45:652][  0]LogD3D11RHI: Chosen D3D11 Adapter: 0
[2018.11.22-20.12.45:661][  0]LogD3D11RHI: Creating new Direct3DDevice
[2018.11.22-20.12.45:661][  0]LogD3D11RHI:     GPU DeviceId: 0x1c82 (for the marketing name, search the web for "GPU Device Id")
[2018.11.22-20.12.45:661][  0]LogWindows: EnumDisplayDevices:
[2018.11.22-20.12.45:662][  0]LogWindows:    0. 'NVIDIA GeForce GTX 1050 Ti' (P:0 D:1)
[2018.11.22-20.12.45:662][  0]LogWindows:    1. 'NVIDIA GeForce GTX 1050 Ti' (P:1 D:1)
[2018.11.22-20.12.45:662][  0]LogWindows:    2. 'NVIDIA GeForce GTX 1050 Ti' (P:0 D:1)
[2018.11.22-20.12.45:663][  0]LogWindows:    3. 'NVIDIA GeForce GTX 1050 Ti' (P:0 D:0)
[2018.11.22-20.12.45:663][  0]LogWindows:    4. 'NVIDIA GeForce GTX 1050 Ti' (P:0 D:0)
[2018.11.22-20.12.45:663][  0]LogWindows:    5. 'NVIDIA GeForce GTX 1050 Ti' (P:0 D:0)
[2018.11.22-20.12.45:664][  0]LogWindows:    6. 'NVIDIA GeForce GTX 1050 Ti' (P:0 D:0)
[2018.11.22-20.12.45:664][  0]LogWindows:    7. 'NVIDIA GeForce GTX 1050 Ti' (P:0 D:0)
[2018.11.22-20.12.45:664][  0]LogWindows:    8. 'NVIDIA GeForce GTX 1050 Ti' (P:0 D:0)
[2018.11.22-20.12.45:664][  0]LogWindows:    9. 'NVIDIA GeForce GTX 1050 Ti' (P:0 D:0)
[2018.11.22-20.12.45:665][  0]LogWindows:    10. 'NVIDIA GeForce GTX 1050 Ti' (P:0 D:0)
[2018.11.22-20.12.45:665][  0]LogWindows:    11. 'NVIDIA GeForce GTX 1050 Ti' (P:0 D:0)
[2018.11.22-20.12.45:665][  0]LogWindows: DebugString: FoundDriverCount:12 
[2018.11.22-20.12.45:665][  0]LogD3D11RHI:     Adapter Name: NVIDIA GeForce GTX 1050 Ti
[2018.11.22-20.12.45:665][  0]LogD3D11RHI:   Driver Version: 416.94 (internal:25.21.14.1694, unified:416.94)
[2018.11.22-20.12.45:665][  0]LogD3D11RHI:      Driver Date: 11-12-2018
[2018.11.22-20.12.45:665][  0]LogRHI: Texture pool is 2812 MB (70% of 4018 MB)
[2018.11.22-20.12.45:704][  0]LogD3D11RHI: Async texture creation enabled
[2018.11.22-20.12.45:720][  0]LogD3D11RHI: GPU Timing Frequency: 1000.000000 (Debug: 2 2)
[2018.11.22-20.12.46:003][  0]LogTemp: Display: Loaded TP AllDesktopTargetPlatform
[2018.11.22-20.12.46:013][  0]LogTemp: Display: Loaded TP MacClientTargetPlatform
[2018.11.22-20.12.46:025][  0]LogTemp: Display: Loaded TP MacNoEditorTargetPlatform
[2018.11.22-20.12.46:035][  0]LogTemp: Display: Loaded TP MacServerTargetPlatform
[2018.11.22-20.12.46:047][  0]LogTemp: Display: Loaded TP MacTargetPlatform
[2018.11.22-20.12.46:058][  0]LogTemp: Display: Loaded TP WindowsClientTargetPlatform
[2018.11.22-20.12.46:069][  0]LogTemp: Display: Loaded TP WindowsNoEditorTargetPlatform
[2018.11.22-20.12.46:081][  0]LogTemp: Display: Loaded TP WindowsServerTargetPlatform
[2018.11.22-20.12.46:087][  0]LogTemp: Display: Loaded TP WindowsTargetPlatform
[2018.11.22-20.12.46:143][  0]LogTemp: Display: Loaded TP AndroidTargetPlatform
[2018.11.22-20.12.46:143][  0]LogTemp: Display: Loaded TP AndroidTargetPlatform
[2018.11.22-20.12.46:143][  0]LogTemp: Display: Loaded TP AndroidTargetPlatform
[2018.11.22-20.12.46:143][  0]LogTemp: Display: Loaded TP AndroidTargetPlatform
[2018.11.22-20.12.46:144][  0]LogTemp: Display: Loaded TP AndroidTargetPlatform
[2018.11.22-20.12.46:144][  0]LogTemp: Display: Loaded TP AndroidTargetPlatform
[2018.11.22-20.12.46:144][  0]LogTemp: Display: Loaded TP AndroidTargetPlatform
[2018.11.22-20.12.46:144][  0]LogTemp: Display: Loaded TP AndroidTargetPlatform
[2018.11.22-20.12.46:144][  0]LogTemp: Display: Loaded TP AndroidTargetPlatform
[2018.11.22-20.12.46:144][  0]LogTemp: Display: Loaded TP AndroidTargetPlatform
[2018.11.22-20.12.46:144][  0]LogTemp: Display: Loaded TP AndroidTargetPlatform
[2018.11.22-20.12.46:144][  0]LogTemp: Display: Loaded TP AndroidTargetPlatform
[2018.11.22-20.12.46:144][  0]LogTemp: Display: Loaded TP AndroidTargetPlatform
[2018.11.22-20.12.46:144][  0]LogTemp: Display: Loaded TP AndroidTargetPlatform
[2018.11.22-20.12.46:144][  0]LogTemp: Display: Loaded TP AndroidTargetPlatform
[2018.11.22-20.12.46:144][  0]LogTemp: Display: Loaded TP AndroidTargetPlatform
[2018.11.22-20.12.46:144][  0]LogTemp: Display: Loaded TP AndroidTargetPlatform
[2018.11.22-20.12.46:144][  0]LogTemp: Display: Loaded TP AndroidTargetPlatform
[2018.11.22-20.12.46:147][  0]LogTemp: Display: Loaded TP HTML5TargetPlatform
[2018.11.22-20.12.46:207][  0]LogTemp: Display: Loaded TP IOSTargetPlatform
[2018.11.22-20.12.46:207][  0]LogTemp: Display: Loaded TP IOSTargetPlatform
[2018.11.22-20.12.46:226][  0]LogTemp: Display: Loaded TP TVOSTargetPlatform
[2018.11.22-20.12.46:227][  0]LogTemp: Display: Loaded TP TVOSTargetPlatform
[2018.11.22-20.12.46:237][  0]LogTemp: Display: Loaded TP LinuxClientTargetPlatform
[2018.11.22-20.12.46:249][  0]LogTemp: Display: Loaded TP LinuxNoEditorTargetPlatform
[2018.11.22-20.12.46:263][  0]LogTemp: Display: Loaded TP LinuxServerTargetPlatform
[2018.11.22-20.12.46:273][  0]LogTemp: Display: Loaded TP LinuxTargetPlatform
[2018.11.22-20.12.46:308][  0]LogTemp: Display: Loaded TP LuminTargetPlatform
[2018.11.22-20.12.46:308][  0]LogTemp: Display: Loaded TP LuminTargetPlatform
[2018.11.22-20.12.46:308][  0]LogTargetPlatformManager: Display: Building Assets For Windows
[2018.11.22-20.12.46:400][  0]LogShaderCompilers: Guid format shader working directory is -13 characters bigger than the processId version (../../../../../Games/StealthGame/UnrealStealthGame/StealthGame/Intermediate/Shaders/WorkingDirectory/44724/).
[2018.11.22-20.12.46:400][  0]LogShaderCompilers: Cleaned the shader compiler working directory 'C:/Users/oibikunle/AppData/Local/Temp/UnrealShaderWorkingDir/EA83B77144AC01CE0B2CD8AFDB15C14A/'.
[2018.11.22-20.12.46:401][  0]LogXGEController: Cleaning working directory: C:/Users/oibikunle/AppData/Local/Temp/UnrealXGEWorkingDir/
[2018.11.22-20.12.46:401][  0]LogXGEController: Cannot use XGE Controller as Incredibuild is not installed on this machine.
[2018.11.22-20.12.46:402][  0]LogShaderCompilers: Cannot use XGE Shader Compiler as Incredibuild is not installed on this machine.
[2018.11.22-20.12.46:402][  0]LogShaderCompilers: Display: Using Local Shader Compiler.
[2018.11.22-20.12.46:789][  0]LogDerivedDataCache: Display: Max Cache Size: 512 MB
[2018.11.22-20.12.46:830][  0]LogDerivedDataCache: Loaded boot cache 0.04s 73MB C:/Users/oibikunle/AppData/Local/UnrealEngine/4.21/DerivedDataCache/Boot.ddc.
[2018.11.22-20.12.46:830][  0]LogDerivedDataCache: Display: Loaded Boot cache: C:/Users/oibikunle/AppData/Local/UnrealEngine/4.21/DerivedDataCache/Boot.ddc
[2018.11.22-20.12.46:830][  0]LogDerivedDataCache: FDerivedDataBackendGraph:  Pak pak cache file ../../../../../Games/StealthGame/UnrealStealthGame/StealthGame/DerivedDataCache/DDC.ddp not found, will not use a pak cache.
[2018.11.22-20.12.46:830][  0]LogDerivedDataCache: Unable to find inner node Pak for hierarchical cache Hierarchy.
[2018.11.22-20.12.46:830][  0]LogDerivedDataCache: FDerivedDataBackendGraph:  CompressedPak pak cache file ../../../../../Games/StealthGame/UnrealStealthGame/StealthGame/DerivedDataCache/Compressed.ddp not found, will not use a pak cache.
[2018.11.22-20.12.46:830][  0]LogDerivedDataCache: Unable to find inner node CompressedPak for hierarchical cache Hierarchy.
[2018.11.22-20.12.46:841][  0]LogDerivedDataCache: Display: Pak cache opened for reading ../../../Engine/DerivedDataCache/Compressed.ddp.
[2018.11.22-20.12.46:841][  0]LogDerivedDataCache: FDerivedDataBackendGraph:  EnterprisePak pak cache file ../../../Enterprise/DerivedDataCache/Compressed.ddp not found, will not use a pak cache.
[2018.11.22-20.12.46:841][  0]LogDerivedDataCache: Unable to find inner node EnterprisePak for hierarchical cache Hierarchy.
[2018.11.22-20.12.46:854][  0]LogDerivedDataCache: Using Local data cache path C:/Users/oibikunle/AppData/Local/UnrealEngine/Common/DerivedDataCache: Writable
[2018.11.22-20.12.46:854][  0]LogDerivedDataCache: Shared data cache path not found in *engine.ini, will not use an Shared cache.
[2018.11.22-20.12.46:854][  0]LogDerivedDataCache: Unable to find inner node Shared for hierarchical cache Hierarchy.
[2018.11.22-20.12.46:872][  0]LogMaterial: Verifying Global Shaders for PCD3D_SM5
[2018.11.22-20.12.46:873][  0]LogSlate: Using FreeType 2.6.0
[2018.11.22-20.12.46:873][  0]LogSlate: SlateFontServices - WITH_FREETYPE: 1, WITH_HARFBUZZ: 1
[2018.11.22-20.12.46:944][  0]LogAssetRegistry: FAssetRegistry took 0.0321 seconds to start up
[2018.11.22-20.12.47:188][  0]LogInit: Selected Device Profile: [Windows]
[2018.11.22-20.12.47:319][  0]LogSimplygon: Simplygon DLL not present - disabling.
[2018.11.22-20.12.47:325][  0]LogMeshReduction: Using SimplygonSwarm for distributed automatic mesh merging
[2018.11.22-20.12.47:326][  0]LogMeshReduction: Using ProxyLODMeshReduction for automatic mesh merging
[2018.11.22-20.12.47:326][  0]LogMeshReduction: Using QuadricMeshReduction for automatic static mesh reduction
[2018.11.22-20.12.47:326][  0]LogMeshReduction: No automatic skeletal mesh reduction module available
[2018.11.22-20.12.47:338][  0]LogNetVersion: FPSGame 1.0.0, NetCL: 4541578, EngineNetVer: 5, GameNetVer: 0 (Checksum: 267577011)
[2018.11.22-20.12.47:760][  0]LogPackageLocalizationCache: Processed 11 localized package path(s) for 2 prioritized culture(s) in 0.058676 seconds
[2018.11.22-20.12.47:766][  0]LogUObjectArray: 39775 objects as part of root set at end of initial load.
[2018.11.22-20.12.47:766][  0]LogUObjectAllocator: 6914664 out of 0 bytes used by permanent object pool.
[2018.11.22-20.12.47:766][  0]LogUObjectArray: CloseDisregardForGC: 0/0 objects in disregard for GC pool
[2018.11.22-20.12.48:476][  0]LogTcpMessaging: Initializing TcpMessaging bridge
[2018.11.22-20.12.48:493][  0]LogUdpMessaging: Initializing bridge on interface 0.0.0.0:0 to multicast group 230.0.0.1:6666.
[2018.11.22-20.12.49:153][  0]SourceControl: Source control is disabled
[2018.11.22-20.12.49:154][  0]SourceControl: Source control is disabled
[2018.11.22-20.12.49:157][  0]SourceControl: Source control is disabled
[2018.11.22-20.12.49:160][  0]SourceControl: Source control is disabled
[2018.11.22-20.12.49:374][  0]LogAndroidPermission: UAndroidPermissionCallbackProxy::GetInstance
[2018.11.22-20.12.49:468][  0]LogOcInput: OculusInput pre-init called
[2018.11.22-20.12.49:602][  0]LogEngine: Initializing Engine...
[2018.11.22-20.12.49:603][  0]LogHMD: Failed to initialize OpenVR with code 110
[2018.11.22-20.12.49:604][  0]LogStats: UGameplayTagsManager::ConstructGameplayTagTree: ImportINI prefixes -  0.000 s
[2018.11.22-20.12.49:604][  0]LogStats: UGameplayTagsManager::ConstructGameplayTagTree: Construct from data asset -  0.000 s
[2018.11.22-20.12.49:605][  0]LogStats: UGameplayTagsManager::ConstructGameplayTagTree: ImportINI -  0.000 s
[2018.11.22-20.12.49:605][  0]LogStats: UGameplayTagsManager::ConstructGameplayTagTree: GameplayTagTreeChangedEvent.Broadcast -  0.000 s
[2018.11.22-20.12.49:775][  0]LogInit: Initializing FReadOnlyCVARCache
[2018.11.22-20.12.49:786][  0]LogAIModule: Creating AISystem for world Untitled
[2018.11.22-20.12.49:862][  0]LogInit: XAudio2 using 'Headset Earphone (HyperX 7.1 Audio)' : 2 channels at 48 kHz using 16 bits per sample (channel mask 0x3)
[2018.11.22-20.12.49:881][  0]LogInit: FAudioDevice initialized.
[2018.11.22-20.12.49:881][  0]LogNetVersion: Set ProjectVersion to 1.0.0.0. Version Checksum will be recalculated on next use.
[2018.11.22-20.12.49:927][  0]LogDerivedDataCache: Saved boot cache 0.05s 73MB C:/Users/oibikunle/AppData/Local/UnrealEngine/4.21/DerivedDataCache/Boot.ddc.
[2018.11.22-20.12.49:927][  0]LogInit: Texture streaming: Enabled
[2018.11.22-20.12.49:946][  0]LogEngineSessionManager: EngineSessionManager initialized
[2018.11.22-20.12.49:952][  0]LogInit: Transaction tracking system initialized
[2018.11.22-20.12.49:976][  0]BlueprintLog: New page: Editor Load
[2018.11.22-20.12.50:082][  0]LocalizationService: Localization service is disabled
[2018.11.22-20.12.50:465][  0]LogFileCache: Scanning file cache for directory 'D:/UnrealEngine/Games/StealthGame/UnrealStealthGame/StealthGame/Content/' took 0.01s
[2018.11.22-20.12.50:465][  0]LogCook: Display: Max memory allowance for cook 16384mb min free memory 0mb
[2018.11.22-20.12.50:465][  0]LogCook: Display: Mobile HDR setting 1
[2018.11.22-20.12.50:466][  0]LogGameplayTags: Display: UGameplayTagsManager::DoneAddingNativeTags. DelegateIsBound: 0
[2018.11.22-20.12.50:466][  0]LogStats: UGameplayTagsManager::ConstructGameplayTagTree: ImportINI prefixes -  0.000 s
[2018.11.22-20.12.50:466][  0]LogStats: UGameplayTagsManager::ConstructGameplayTagTree: Construct from data asset -  0.000 s
[2018.11.22-20.12.50:466][  0]LogStats: UGameplayTagsManager::ConstructGameplayTagTree: ImportINI -  0.000 s
[2018.11.22-20.12.50:466][  0]LogStats: UGameplayTagsManager::ConstructGameplayTagTree: GameplayTagTreeChangedEvent.Broadcast -  0.000 s
[2018.11.22-20.12.50:615][  0]SourceControl: Source control is disabled
[2018.11.22-20.12.50:616][  0]Cmd: MAP LOAD FILE="../../../../../Games/StealthGame/UnrealStealthGame/StealthGame/Content/Maps/FirstPersonExampleMap.umap" TEMPLATE=0 SHOWPROGRESS=1 FEATURELEVEL=3
[2018.11.22-20.12.50:616][  0]LightingResults: New page: Lighting Build
[2018.11.22-20.12.50:617][  0]MapCheck: New page: Map Check
[2018.11.22-20.12.50:618][  0]LightingResults: New page: Lighting Build
[2018.11.22-20.12.50:742][  0]LogAIModule: Creating AISystem for world FirstPersonExampleMap
[2018.11.22-20.12.50:749][  0]LogEditorServer: Finished looking for orphan Actors (0.000 secs)
[2018.11.22-20.12.50:770][  0]Cmd: MAP CHECKDEP NOCLEARLOG
[2018.11.22-20.12.50:771][  0]MapCheck: Map check complete: 0 Error(s), 0 Warning(s), took 0.114ms to complete.
[2018.11.22-20.12.50:771][  0]LogFileHelpers: Loading map 'FirstPersonExampleMap' took 0.155
[2018.11.22-20.12.50:945][  0]LogSlate: Updating window title bar state: overlay mode, drag disabled, window buttons hidden, title bar hidden
[2018.11.22-20.12.50:951][  0]LogSlate: Updating window title bar state: overlay mode, drag disabled, window buttons hidden, title bar hidden
[2018.11.22-20.12.50:957][  0]LogSlate: Updating window title bar state: overlay mode, drag disabled, window buttons hidden, title bar hidden
[2018.11.22-20.12.50:962][  0]LogSlate: Updating window title bar state: overlay mode, drag disabled, window buttons hidden, title bar hidden
[2018.11.22-20.12.50:967][  0]LogCollectionManager: Loaded 0 collections in 0.000583 seconds
[2018.11.22-20.12.50:986][  0]LogFileCache: Scanning file cache for directory 'D:/UnrealEngine/Games/StealthGame/UnrealStealthGame/StealthGame/Saved/Collections/' took 0.01s
[2018.11.22-20.12.50:986][  0]LogFileCache: Scanning file cache for directory 'D:/UnrealEngine/Games/StealthGame/UnrealStealthGame/StealthGame/Content/Developers/oibikunle/Collections/' took 0.00s
[2018.11.22-20.12.50:986][  0]LogFileCache: Scanning file cache for directory 'D:/UnrealEngine/Games/StealthGame/UnrealStealthGame/StealthGame/Content/Collections/' took 0.00s
[2018.11.22-20.12.50:987][  0]LogCollectionManager: Rebuilt the GUID cache for 0 collections in 0.000000 seconds
[2018.11.22-20.12.50:994][  0]LogContentBrowser: Native class hierarchy populated in 0.0068 seconds. Added 2658 classes and 624 folders.
[2018.11.22-20.12.50:998][  0]LogContentBrowser: Native class hierarchy updated for 'WidgetCarousel' in 0.0002 seconds. Added 0 classes and 0 folders.
[2018.11.22-20.12.50:999][  0]LogPakFile: Registered encryption key '00000000000000000000000000000000': 0 pak files mounted, 0 remain pending
[2018.11.22-20.12.51:000][  0]LogPakFile: Registered encryption key '00000000000000000000000000000000': 0 pak files mounted, 0 remain pending
[2018.11.22-20.12.51:000][  0]LogPakFile: Registered encryption key '00000000000000000000000000000000': 0 pak files mounted, 0 remain pending
[2018.11.22-20.12.51:000][  0]LogPakFile: Registered encryption key '00000000000000000000000000000000': 0 pak files mounted, 0 remain pending
[2018.11.22-20.12.51:001][  0]LogPakFile: Registered encryption key '00000000000000000000000000000000': 0 pak files mounted, 0 remain pending
[2018.11.22-20.12.51:001][  0]LogPakFile: Registered encryption key '00000000000000000000000000000000': 0 pak files mounted, 0 remain pending
[2018.11.22-20.12.51:002][  0]LogPakFile: Registered encryption key '00000000000000000000000000000000': 0 pak files mounted, 0 remain pending
[2018.11.22-20.12.51:002][  0]LogPakFile: Registered encryption key '00000000000000000000000000000000': 0 pak files mounted, 0 remain pending
[2018.11.22-20.12.51:003][  0]LogPakFile: Registered encryption key '00000000000000000000000000000000': 0 pak files mounted, 0 remain pending
[2018.11.22-20.12.51:003][  0]LogPakFile: Registered encryption key '00000000000000000000000000000000': 0 pak files mounted, 0 remain pending
[2018.11.22-20.12.51:004][  0]LogPakFile: Registered encryption key '00000000000000000000000000000000': 0 pak files mounted, 0 remain pending
[2018.11.22-20.12.51:004][  0]LogPakFile: Registered encryption key '00000000000000000000000000000000': 0 pak files mounted, 0 remain pending
[2018.11.22-20.12.51:004][  0]LogPakFile: Registered encryption key '00000000000000000000000000000000': 0 pak files mounted, 0 remain pending
[2018.11.22-20.12.51:005][  0]LogPakFile: Registered encryption key '00000000000000000000000000000000': 0 pak files mounted, 0 remain pending
[2018.11.22-20.12.51:005][  0]LogPakFile: Registered encryption key '00000000000000000000000000000000': 0 pak files mounted, 0 remain pending
[2018.11.22-20.12.51:006][  0]LogPakFile: Registered encryption key '00000000000000000000000000000000': 0 pak files mounted, 0 remain pending
[2018.11.22-20.12.51:006][  0]LogPakFile: Registered encryption key '00000000000000000000000000000000': 0 pak files mounted, 0 remain pending
[2018.11.22-20.12.51:006][  0]LogPakFile: Registered encryption key '00000000000000000000000000000000': 0 pak files mounted, 0 remain pending
[2018.11.22-20.12.51:007][  0]LogPakFile: Registered encryption key '00000000000000000000000000000000': 0 pak files mounted, 0 remain pending
[2018.11.22-20.12.51:007][  0]LogPakFile: Registered encryption key '00000000000000000000000000000000': 0 pak files mounted, 0 remain pending
[2018.11.22-20.12.51:007][  0]LogPakFile: Registered encryption key '00000000000000000000000000000000': 0 pak files mounted, 0 remain pending
[2018.11.22-20.12.51:008][  0]LogPakFile: Registered encryption key '00000000000000000000000000000000': 0 pak files mounted, 0 remain pending
[2018.11.22-20.12.51:008][  0]LogPakFile: Registered encryption key '00000000000000000000000000000000': 0 pak files mounted, 0 remain pending
[2018.11.22-20.12.51:008][  0]LogPakFile: Registered encryption key '00000000000000000000000000000000': 0 pak files mounted, 0 remain pending
[2018.11.22-20.12.51:009][  0]LogPakFile: Registered encryption key '00000000000000000000000000000000': 0 pak files mounted, 0 remain pending
[2018.11.22-20.12.51:009][  0]LogPakFile: Registered encryption key '00000000000000000000000000000000': 0 pak files mounted, 0 remain pending
[2018.11.22-20.12.51:026][  0]LogContentBrowser: Native class hierarchy updated for 'AddContentDialog' in 0.0002 seconds. Added 0 classes and 0 folders.
[2018.11.22-20.12.51:030][  0]LogContentBrowser: Native class hierarchy updated for 'SceneOutliner' in 0.0003 seconds. Added 1 classes and 2 folders.
[2018.11.22-20.12.51:044][  0]LogSlate: Took 0.000087 seconds to synchronously load lazily loaded font '../../../Engine/Content/Slate/Fonts/Roboto-Regular.ttf' (155K)
[2018.11.22-20.12.51:046][  0]LogSlate: Took 0.000110 seconds to synchronously load lazily loaded font '../../../Engine/Content/Slate/Fonts/Roboto-Bold.ttf' (160K)
[2018.11.22-20.12.51:051][  0]LogSlate: Took 0.000112 seconds to synchronously load lazily loaded font '../../../Engine/Content/Editor/Slate/Fonts/FontAwesome.ttf' (139K)
[2018.11.22-20.12.51:112][  0]LogRenderer: Reallocating scene render targets to support 1208x576 Format 10 NumSamples 1 (Frame:1).
[2018.11.22-20.12.51:249][  0]LogContentBrowser: Native class hierarchy updated for 'HierarchicalLODOutliner' in 0.0003 seconds. Added 0 classes and 0 folders.
[2018.11.22-20.12.51:249][  0]LogLoad: (Engine Initialization) Total time: 8.01 seconds
[2018.11.22-20.12.51:249][  0]LogLoad: (Engine Initialization) Total Blueprint compile time: 0.00 seconds
[2018.11.22-20.12.51:260][  0]LogWindowsTextInputMethodSystem: Display: IME system now deactivated.
[2018.11.22-20.12.51:305][  0]LogContentStreaming: Texture pool size now 1000 MB
[2018.11.22-20.12.51:390][  0]LogSlate: Took 0.000089 seconds to synchronously load lazily loaded font '../../../Engine/Content/Slate/Fonts/Roboto-Light.ttf' (167K)
[2018.11.22-20.12.51:401][  1]LogAssetRegistry: Asset discovery search completed in 4.4807 seconds
[2018.11.22-20.12.51:403][  1]LogCollectionManager: Rebuilt the object cache for 0 collections in 0.000000 seconds (found 0 objects)
[2018.11.22-20.12.51:403][  1]LogCollectionManager: Fixed up redirectors for 0 collections in 0.000186 seconds (updated 0 objects)
[2018.11.22-20.13.09:927][608]LogSlate: FSceneViewport::OnFocusLost() reason 2
[2018.11.22-20.13.14:326][ 92]LogSlate: Took 0.009884 seconds to synchronously load lazily loaded font '../../../Engine/Content/Slate/Fonts/DroidSansMono.ttf' (77K)
[2018.11.22-20.13.17:460][454]LogSlate: FSceneViewport::OnFocusLost() reason 0
[2018.11.22-20.13.17:551][465]LogTemp: Repeating last play command: Selected Viewport
[2018.11.22-20.13.17:555][465]LogBlueprintUserMessages: Early PlayInEditor Detection: Level '/Game/Maps/FirstPersonExampleMap.FirstPersonExampleMap:PersistentLevel' has LevelScriptBlueprint '/Game/Maps/FirstPersonExampleMap.FirstPersonExampleMap:PersistentLevel.FirstPersonExampleMap' with GeneratedClass '/Game/Maps/FirstPersonExampleMap.FirstPersonExampleMap_C' with ClassGeneratedBy '/Game/Maps/FirstPersonExampleMap.FirstPersonExampleMap:PersistentLevel.FirstPersonExampleMap'
[2018.11.22-20.13.17:556][465]LogPlayLevel: PlayLevel: No blueprints needed recompiling
[2018.11.22-20.13.17:557][465]PIE: New page: PIE session: FirstPersonExampleMap (22 Nov 2018 22:13:17)
[2018.11.22-20.13.17:570][465]LogPlayLevel: Creating play world package: /Game/Maps/UEDPIE_0_FirstPersonExampleMap
[2018.11.22-20.13.17:587][465]LogPlayLevel: PIE: StaticDuplicateObject took: (0.016565s)
[2018.11.22-20.13.17:588][465]LogAIModule: Creating AISystem for world FirstPersonExampleMap
[2018.11.22-20.13.17:588][465]LogPlayLevel: PIE: World Init took: (0.000944s)
[2018.11.22-20.13.17:589][465]LogPlayLevel: PIE: Created PIE world by copying editor world from /Game/Maps/FirstPersonExampleMap.FirstPersonExampleMap to /Game/Maps/UEDPIE_0_FirstPersonExampleMap.FirstPersonExampleMap (0.018399s)
[2018.11.22-20.13.17:626][465]LogInit: XAudio2 using 'Headset Earphone (HyperX 7.1 Audio)' : 2 channels at 48 kHz using 16 bits per sample (channel mask 0x3)
[2018.11.22-20.13.17:642][465]LogInit: FAudioDevice initialized.
[2018.11.22-20.13.17:694][465]LogLoad: Game class is 'BP_GameMode_C'
[2018.11.22-20.13.17:697][465]LogWorld: Bringing World /Game/Maps/UEDPIE_0_FirstPersonExampleMap.FirstPersonExampleMap up for play (max tick rate 0) at 2018.11.22-21.13.17
[2018.11.22-20.13.17:697][465]LogWorld: Bringing up level for play took: 0.001845
[2018.11.22-20.13.17:713][465]LogContentBrowser: Native class hierarchy updated for 'MovieSceneCapture' in 0.0003 seconds. Added 20 classes and 0 folders.
[2018.11.22-20.13.17:714][465]PIE: Play in editor start time for /Game/Maps/UEDPIE_0_FirstPersonExampleMap -0.639
[2018.11.22-20.13.17:721][465]LogBlueprintUserMessages: Late PlayInEditor Detection: Level '/Game/Maps/FirstPersonExampleMap.FirstPersonExampleMap:PersistentLevel' has LevelScriptBlueprint '/Game/Maps/FirstPersonExampleMap.FirstPersonExampleMap:PersistentLevel.FirstPersonExampleMap' with GeneratedClass '/Game/Maps/FirstPersonExampleMap.FirstPersonExampleMap_C' with ClassGeneratedBy '/Game/Maps/FirstPersonExampleMap.FirstPersonExampleMap:PersistentLevel.FirstPersonExampleMap'
[2018.11.22-20.13.23:848][196]LogTemp: Overlapped with extraction zone!
[2018.11.22-20.13.31:498][113]LogTemp: Overlapped with extraction zone!
[2018.11.22-20.13.46:073][861]LogBlueprintUserMessages: Early EndPlayMap Detection: Level '/Game/Maps/FirstPersonExampleMap.FirstPersonExampleMap:PersistentLevel' has LevelScriptBlueprint '/Game/Maps/FirstPersonExampleMap.FirstPersonExampleMap:PersistentLevel.FirstPersonExampleMap' with GeneratedClass '/Game/Maps/FirstPersonExampleMap.FirstPersonExampleMap_C' with ClassGeneratedBy '/Game/Maps/FirstPersonExampleMap.FirstPersonExampleMap:PersistentLevel.FirstPersonExampleMap'
[2018.11.22-20.13.46:074][861]LogSlate: Updating window title bar state: overlay mode, drag disabled, window buttons hidden, title bar hidden
[2018.11.22-20.13.46:110][861]LogPlayLevel: Display: Shutting down PIE online subsystems
[2018.11.22-20.13.46:111][861]LogBlueprintUserMessages: Late EndPlayMap Detection: Level '/Game/Maps/FirstPersonExampleMap.FirstPersonExampleMap:PersistentLevel' has LevelScriptBlueprint '/Game/Maps/FirstPersonExampleMap.FirstPersonExampleMap:PersistentLevel.FirstPersonExampleMap' with GeneratedClass '/Game/Maps/FirstPersonExampleMap.FirstPersonExampleMap_C' with ClassGeneratedBy '/Game/Maps/FirstPersonExampleMap.FirstPersonExampleMap:PersistentLevel.FirstPersonExampleMap'
[2018.11.22-20.13.46:133][861]LogSlate: Updating window title bar state: overlay mode, drag disabled, window buttons hidden, title bar hidden
[2018.11.22-20.13.46:173][865]LogPlayLevel: Display: Destroying online subsystem :Context_2
[2018.11.22-20.13.48:575][153]LogSlate: FSceneViewport::OnFocusLost() reason 0
