Log file open, 12/18/18 11:18:23
LogWindows: Failed to load 'aqProf.dll' (GetLastError=126)
LogWindows: File 'aqProf.dll' does not exist
LogWindows: Failed to load 'VtuneApi.dll' (GetLastError=126)
LogWindows: File 'VtuneApi.dll' does not exist
LogWindows: Failed to load 'VtuneApi32e.dll' (GetLastError=126)
LogWindows: File 'VtuneApi32e.dll' does not exist
LogConsoleResponse: Display: Failed to find resolution value strings in scalability ini. Falling back to default.
LogInit: Display: Running engine for game: FPSGame
LogPakFile: Registered encryption key '00000000000000000000000000000000': 0 pak files mounted, 0 remain pending
LogPlatformFile: Not using cached read wrapper
LogTaskGraph: Started task graph with 5 named threads and 35 total threads with 3 sets of task threads.
LogStats: Stats thread started at 6.074534
LogD3D11RHI: Loaded GFSDK_Aftermath_Lib.x64.dll
LogICUInternationalization: ICU TimeZone Detection - Raw Offset: +1:00, Platform Override: ''
LogPluginManager: Mounting plugin Paper2D
LogPluginManager: Mounting plugin AISupport
LogPluginManager: Mounting plugin LightPropagationVolume
LogPluginManager: Mounting plugin ActorLayerUtilities
LogPluginManager: Mounting plugin CLionSourceCodeAccess
LogPluginManager: Mounting plugin CodeLiteSourceCodeAccess
LogPluginManager: Mounting plugin GitSourceControl
LogPluginManager: Mounting plugin KDevelopSourceCodeAccess
LogPluginManager: Mounting plugin NullSourceCodeAccess
LogPluginManager: Mounting plugin PerforceSourceControl
LogPluginManager: Mounting plugin SubversionSourceControl
LogPluginManager: Mounting plugin UObjectPlugin
LogPluginManager: Mounting plugin VisualStudioCodeSourceCodeAccess
LogPluginManager: Mounting plugin VisualStudioSourceCodeAccess
LogPluginManager: Mounting plugin XCodeSourceCodeAccess
LogPluginManager: Mounting plugin AssetManagerEditor
LogPluginManager: Mounting plugin CryptoKeys
LogPluginManager: Mounting plugin DataValidation
LogPluginManager: Mounting plugin FacialAnimation
LogPluginManager: Mounting plugin GameplayTagsEditor
LogPluginManager: Mounting plugin MacGraphicsSwitching
LogPluginManager: Mounting plugin MeshEditor
LogPluginManager: Mounting plugin MobileLauncherProfileWizard
LogPluginManager: Mounting plugin PluginBrowser
LogPluginManager: Mounting plugin SpeedTreeImporter
LogPluginManager: Mounting plugin DatasmithContent
LogPluginManager: Mounting plugin VariantManagerContent
LogPluginManager: Mounting plugin AlembicImporter
LogPluginManager: Mounting plugin AppleImageUtils
LogPluginManager: Mounting plugin AppleVision
LogPluginManager: Mounting plugin BackChannel
LogPluginManager: Mounting plugin CharacterAI
LogPluginManager: Mounting plugin GeometryCache
LogPluginManager: Mounting plugin HTML5Networking
LogPluginManager: Mounting plugin ProxyLODPlugin
LogPluginManager: Mounting plugin MagicLeap
LogPluginManager: Mounting plugin MagicLeapMedia
LogPluginManager: Mounting plugin AndroidMedia
LogPluginManager: Mounting plugin AvfMedia
LogPluginManager: Mounting plugin ImgMedia
LogPluginManager: Mounting plugin LinearTimecode
LogPluginManager: Mounting plugin MediaCompositing
LogPluginManager: Mounting plugin MediaPlayerEditor
LogPluginManager: Mounting plugin WebMMedia
LogPluginManager: Mounting plugin WmfMedia
LogPluginManager: Mounting plugin TcpMessaging
LogPluginManager: Mounting plugin UdpMessaging
LogPluginManager: Mounting plugin ActorSequence
LogPluginManager: Mounting plugin LevelSequenceEditor
LogPluginManager: Mounting plugin MatineeToLevelSequence
LogPluginManager: Mounting plugin NetcodeUnitTest
LogPluginManager: Mounting plugin NUTUnrealEngine4
LogPluginManager: Mounting plugin OnlineSubsystemGooglePlay
LogPluginManager: Mounting plugin OnlineSubsystemIOS
LogPluginManager: Mounting plugin OnlineSubsystem
LogPluginManager: Mounting plugin OnlineSubsystemNull
LogPluginManager: Mounting plugin OnlineSubsystemUtils
LogPluginManager: Mounting plugin LauncherChunkInstaller
LogPluginManager: Mounting plugin AndroidDeviceProfileSelector
LogPluginManager: Mounting plugin AndroidMoviePlayer
LogPluginManager: Mounting plugin AndroidPermission
LogPluginManager: Mounting plugin AppleMoviePlayer
LogPluginManager: Mounting plugin ArchVisCharacter
LogPluginManager: Mounting plugin AudioCapture
LogPluginManager: Mounting plugin CableComponent
LogPluginManager: Mounting plugin CustomMeshComponent
LogPluginManager: Mounting plugin EditableMesh
LogPluginManager: Mounting plugin ExampleDeviceProfileSelector
LogPluginManager: Mounting plugin Firebase
LogPluginManager: Mounting plugin GoogleCloudMessaging
LogPluginManager: Mounting plugin IOSDeviceProfileSelector
LogPluginManager: Mounting plugin LinuxDeviceProfileSelector
LogPluginManager: Mounting plugin LocationServicesBPLibrary
LogPluginManager: Mounting plugin MobilePatchingUtils
LogPluginManager: Mounting plugin OculusVR
LogPluginManager: Mounting plugin PhysXVehicles
LogPluginManager: Mounting plugin ProceduralMeshComponent
LogPluginManager: Mounting plugin RuntimePhysXCooking
LogPluginManager: Mounting plugin SteamVR
LogPluginManager: Mounting plugin WebMMoviePlayer
LogPluginManager: Mounting plugin WindowsMoviePlayer
LogStreaming: Display: Took  1.126s to configure plugins.
LogInit: Using libcurl 7.55.1-DEV
LogInit:  - built for x86_64-pc-win32
LogInit:  - supports SSL with OpenSSL/1.0.2h
LogInit:  - supports HTTP deflate (compression) using libz 1.2.8
LogInit:  - other features:
LogInit:      CURL_VERSION_SSL
LogInit:      CURL_VERSION_LIBZ
LogInit:      CURL_VERSION_IPV6
LogInit:      CURL_VERSION_ASYNCHDNS
LogInit:      CURL_VERSION_LARGEFILE
LogInit:      CURL_VERSION_IDN
LogInit:  CurlRequestOptions (configurable via config and command line):
LogInit:  - bVerifyPeer = true  - Libcurl will verify peer certificate
LogInit:  - bUseHttpProxy = false  - Libcurl will NOT use HTTP proxy
LogInit:  - bDontReuseConnections = false  - Libcurl will reuse connections
LogInit:  - MaxHostConnections = 16  - Libcurl will limit the number of connections to a host
LogInit:  - LocalHostAddr = Default
LogInit:  - BufferSize = 65536
LogInit: WinSock: version 1.1 (2.2), MaxSocks=32767, MaxUdp=65467
LogInit: Build: ++UE4+Release-4.21-CL-4613538
LogInit: Engine Version: 4.21.1-4613538+++UE4+Release-4.21
LogInit: Compatible Engine Version: 4.21.0-4541578+++UE4+Release-4.21
LogInit: Net CL: 4541578
LogInit: OS: Windows 10 (), CPU: Intel(R) Core(TM) i7-8700 CPU @ 3.20GHz, GPU: NVIDIA GeForce GTX 1050 Ti
LogInit: Compiled (64-bit): Nov 30 2018 04:13:25
LogInit: Compiled with Visual C++: 19.13.26129.00
LogInit: Build Configuration: Development
LogInit: Branch Name: ++UE4+Release-4.21
LogInit: Command Line:  -skipcompile
LogInit: Base Directory: D:/UnrealEngine/Engine/UE_4.21/Engine/Binaries/Win64/
LogInit: Installed Engine Build: 1
LogDevObjectVersion: Number of dev versions registered: 22
LogDevObjectVersion:   Dev-Blueprints (B0D832E4-1F89-4F0D-ACCF-7EB736FD4AA2): 10
LogDevObjectVersion:   Dev-Build (E1C64328-A22C-4D53-A36C-8E866417BD8C): 0
LogDevObjectVersion:   Dev-Core (375EC13C-06E4-48FB-B500-84F0262A717E): 2
LogDevObjectVersion:   Dev-Editor (E4B068ED-F494-42E9-A231-DA0B2E46BB41): 26
LogDevObjectVersion:   Dev-Framework (CFFC743F-43B0-4480-9391-14DF171D2073): 34
LogDevObjectVersion:   Dev-Mobile (B02B49B5-BB20-44E9-A304-32B752E40360): 2
LogDevObjectVersion:   Dev-Networking (A4E4105C-59A1-49B5-A7C5-40C4547EDFEE): 0
LogDevObjectVersion:   Dev-Online (39C831C9-5AE6-47DC-9A44-9C173E1C8E7C): 0
LogDevObjectVersion:   Dev-Physics (78F01B33-EBEA-4F98-B9B4-84EACCB95AA2): 0
LogDevObjectVersion:   Dev-Platform (6631380F-2D4D-43E0-8009-CF276956A95A): 0
LogDevObjectVersion:   Dev-Rendering (12F88B9F-8875-4AFC-A67C-D90C383ABD29): 27
LogDevObjectVersion:   Dev-Sequencer (7B5AE74C-D270-4C10-A958-57980B212A5A): 9
LogDevObjectVersion:   Dev-VR (D7296918-1DD6-4BDD-9DE2-64A83CC13884): 2
LogDevObjectVersion:   Dev-LoadTimes (C2A15278-BFE7-4AFE-6C17-90FF531DF755): 1
LogDevObjectVersion:   Private-Geometry (6EACA3D4-40EC-4CC1-B786-8BED09428FC5): 3
LogDevObjectVersion:   Dev-AnimPhys (29E575DD-E0A3-4627-9D10-D276232CDCEA): 17
LogDevObjectVersion:   Dev-Anim (AF43A65D-7FD3-4947-9873-3E8ED9C1BB05): 2
LogDevObjectVersion:   Dev-ReflectionCapture (6B266CEC-1EC7-4B8F-A30B-E4D90942FC07): 1
LogDevObjectVersion:   Dev-Automation (0DF73D61-A23F-47EA-B727-89E90C41499A): 1
LogDevObjectVersion:   FortniteMain (601D1886-AC64-4F84-AA16-D3DE0DEAC7D6): 17
LogDevObjectVersion:   Dev-Enterprise (9DFFBCD6-494F-0158-E221-12823C92A888): 4
LogDevObjectVersion:   Dev-Niagara (F2AED0AC-9AFE-416F-8664-AA7FFA26D6FC): 1
LogStreaming: Display: Took  0.000s to delete old logs.
LogInit: Presizing for max 8388607 objects, including 0 objects not considered by GC, pre-allocating 0 bytes for permanent pool.
LogInit: Object subsystem initialized
LogConfig: Setting CVar [[con.DebugEarlyDefault:1]]
LogConfig: Setting CVar [[r.setres:1280x720]]
[2018.12.18-10.18.26:846][  0]LogConfig: Setting CVar [[r.VSync:0]]
[2018.12.18-10.18.26:846][  0]LogConfig: Setting CVar [[r.RHICmdBypass:0]]
[2018.12.18-10.18.26:846][  0]LogConfig: Applying CVar settings from Section [/Script/Engine.RendererSettings] File [D:/UnrealEngine/Games/StealthGame/UnrealStealthGame/StealthGame/Saved/Config/Windows/Engine.ini]
[2018.12.18-10.18.26:846][  0]LogConfig: Setting CVar [[r.GPUCrashDebugging:0]]
[2018.12.18-10.18.26:846][  0]LogConfig: Applying CVar settings from Section [/Script/Engine.RendererOverrideSettings] File [D:/UnrealEngine/Games/StealthGame/UnrealStealthGame/StealthGame/Saved/Config/Windows/Engine.ini]
[2018.12.18-10.18.26:846][  0]LogConfig: Applying CVar settings from Section [/Script/Engine.StreamingSettings] File [D:/UnrealEngine/Games/StealthGame/UnrealStealthGame/StealthGame/Saved/Config/Windows/Engine.ini]
[2018.12.18-10.18.26:846][  0]LogConfig: Setting CVar [[s.MinBulkDataSizeForAsyncLoading:131072]]
[2018.12.18-10.18.26:847][  0]LogConfig: Setting CVar [[s.AsyncLoadingThreadEnabled:0]]
[2018.12.18-10.18.26:847][  0]LogConfig: Setting CVar [[s.EventDrivenLoaderEnabled:1]]
[2018.12.18-10.18.26:847][  0]LogConfig: Setting CVar [[s.WarnIfTimeLimitExceeded:0]]
[2018.12.18-10.18.26:847][  0]LogConfig: Setting CVar [[s.TimeLimitExceededMultiplier:1.5]]
[2018.12.18-10.18.26:847][  0]LogConfig: Setting CVar [[s.TimeLimitExceededMinTime:0.005]]
[2018.12.18-10.18.26:847][  0]LogConfig: Setting CVar [[s.UseBackgroundLevelStreaming:1]]
[2018.12.18-10.18.26:847][  0]LogConfig: Setting CVar [[s.PriorityAsyncLoadingExtraTime:15.0]]
[2018.12.18-10.18.26:847][  0]LogConfig: Setting CVar [[s.LevelStreamingActorsUpdateTimeLimit:5.0]]
[2018.12.18-10.18.26:847][  0]LogConfig: Setting CVar [[s.PriorityLevelStreamingActorsUpdateExtraTime:5.0]]
[2018.12.18-10.18.26:847][  0]LogConfig: Setting CVar [[s.LevelStreamingComponentsRegistrationGranularity:10]]
[2018.12.18-10.18.26:847][  0]LogConfig: Setting CVar [[s.UnregisterComponentsTimeLimit:1.0]]
[2018.12.18-10.18.26:847][  0]LogConfig: Setting CVar [[s.LevelStreamingComponentsUnregistrationGranularity:5]]
[2018.12.18-10.18.26:848][  0]LogConfig: Applying CVar settings from Section [/Script/Engine.GarbageCollectionSettings] File [D:/UnrealEngine/Games/StealthGame/UnrealStealthGame/StealthGame/Saved/Config/Windows/Engine.ini]
[2018.12.18-10.18.26:848][  0]LogConfig: Setting CVar [[gc.MaxObjectsNotConsideredByGC:1]]
[2018.12.18-10.18.26:848][  0]LogConfig: Setting CVar [[gc.SizeOfPermanentObjectPool:0]]
[2018.12.18-10.18.26:848][  0]LogConfig: Setting CVar [[gc.FlushStreamingOnGC:0]]
[2018.12.18-10.18.26:848][  0]LogConfig: Setting CVar [[gc.NumRetriesBeforeForcingGC:10]]
[2018.12.18-10.18.26:848][  0]LogConfig: Setting CVar [[gc.AllowParallelGC:1]]
[2018.12.18-10.18.26:848][  0]LogConfig: Setting CVar [[gc.TimeBetweenPurgingPendingKillObjects:61.1]]
[2018.12.18-10.18.26:848][  0]LogConfig: Setting CVar [[gc.MaxObjectsInEditor:8388607]]
[2018.12.18-10.18.26:848][  0]LogConfig: Setting CVar [[gc.IncrementalBeginDestroyEnabled:1]]
[2018.12.18-10.18.26:848][  0]LogConfig: Setting CVar [[gc.CreateGCClusters:1]]
[2018.12.18-10.18.26:848][  0]LogConfig: Setting CVar [[gc.MergeGCClusters:0]]
[2018.12.18-10.18.26:848][  0]LogConfig: Setting CVar [[gc.MinGCClusterSize:5]]
[2018.12.18-10.18.26:848][  0]LogConfig: Setting CVar [[gc.ActorClusteringEnabled:0]]
[2018.12.18-10.18.26:848][  0]LogConfig: Setting CVar [[gc.BlueprintClusteringEnabled:0]]
[2018.12.18-10.18.26:848][  0]LogConfig: Setting CVar [[gc.UseDisregardForGCOnDedicatedServers:0]]
[2018.12.18-10.18.26:848][  0]LogConfig: Applying CVar settings from Section [/Script/Engine.NetworkSettings] File [D:/UnrealEngine/Games/StealthGame/UnrealStealthGame/StealthGame/Saved/Config/Windows/Engine.ini]
[2018.12.18-10.18.26:849][  0]LogConfig: Applying CVar settings from Section [/Script/UnrealEd.CookerSettings] File [D:/UnrealEngine/Games/StealthGame/UnrealStealthGame/StealthGame/Saved/Config/Windows/Engine.ini]
[2018.12.18-10.18.27:094][  0]LogConfig: Applying CVar settings from Section [ViewDistanceQuality@3] File [D:/UnrealEngine/Games/StealthGame/UnrealStealthGame/StealthGame/Saved/Config/Windows/Scalability.ini]
[2018.12.18-10.18.27:095][  0]LogConfig: Setting CVar [[r.SkeletalMeshLODBias:0]]
[2018.12.18-10.18.27:095][  0]LogConfig: Setting CVar [[r.ViewDistanceScale:1.0]]
[2018.12.18-10.18.27:095][  0]LogConfig: Applying CVar settings from Section [AntiAliasingQuality@3] File [D:/UnrealEngine/Games/StealthGame/UnrealStealthGame/StealthGame/Saved/Config/Windows/Scalability.ini]
[2018.12.18-10.18.27:095][  0]LogConfig: Setting CVar [[r.PostProcessAAQuality:4]]
[2018.12.18-10.18.27:095][  0]LogConfig: Applying CVar settings from Section [ShadowQuality@3] File [D:/UnrealEngine/Games/StealthGame/UnrealStealthGame/StealthGame/Saved/Config/Windows/Scalability.ini]
[2018.12.18-10.18.27:095][  0]LogConfig: Setting CVar [[r.LightFunctionQuality:1]]
[2018.12.18-10.18.27:095][  0]LogConfig: Setting CVar [[r.ShadowQuality:5]]
[2018.12.18-10.18.27:095][  0]LogConfig: Setting CVar [[r.Shadow.CSM.MaxCascades:10]]
[2018.12.18-10.18.27:095][  0]LogConfig: Setting CVar [[r.Shadow.MaxResolution:2048]]
[2018.12.18-10.18.27:095][  0]LogConfig: Setting CVar [[r.Shadow.MaxCSMResolution:2048]]
[2018.12.18-10.18.27:095][  0]LogConfig: Setting CVar [[r.Shadow.RadiusThreshold:0.01]]
[2018.12.18-10.18.27:096][  0]LogConfig: Setting CVar [[r.Shadow.DistanceScale:1.0]]
[2018.12.18-10.18.27:096][  0]LogConfig: Setting CVar [[r.Shadow.CSM.TransitionScale:1.0]]
[2018.12.18-10.18.27:096][  0]LogConfig: Setting CVar [[r.Shadow.PreShadowResolutionFactor:1.0]]
[2018.12.18-10.18.27:096][  0]LogConfig: Setting CVar [[r.DistanceFieldShadowing:1]]
[2018.12.18-10.18.27:096][  0]LogConfig: Setting CVar [[r.DistanceFieldAO:1]]
[2018.12.18-10.18.27:096][  0]LogConfig: Setting CVar [[r.AOQuality:2]]
[2018.12.18-10.18.27:096][  0]LogConfig: Setting CVar [[r.VolumetricFog:1]]
[2018.12.18-10.18.27:096][  0]LogConfig: Setting CVar [[r.VolumetricFog.GridPixelSize:8]]
[2018.12.18-10.18.27:096][  0]LogConfig: Setting CVar [[r.VolumetricFog.GridSizeZ:128]]
[2018.12.18-10.18.27:096][  0]LogConfig: Setting CVar [[r.VolumetricFog.HistoryMissSupersampleCount:4]]
[2018.12.18-10.18.27:096][  0]LogConfig: Setting CVar [[r.LightMaxDrawDistanceScale:1]]
[2018.12.18-10.18.27:096][  0]LogConfig: Setting CVar [[r.CapsuleShadows:1]]
[2018.12.18-10.18.27:097][  0]LogConfig: Applying CVar settings from Section [PostProcessQuality@3] File [D:/UnrealEngine/Games/StealthGame/UnrealStealthGame/StealthGame/Saved/Config/Windows/Scalability.ini]
[2018.12.18-10.18.27:097][  0]LogConfig: Setting CVar [[r.MotionBlurQuality:4]]
[2018.12.18-10.18.27:097][  0]LogConfig: Setting CVar [[r.AmbientOcclusionMipLevelFactor:0.4]]
[2018.12.18-10.18.27:097][  0]LogConfig: Setting CVar [[r.AmbientOcclusionMaxQuality:100]]
[2018.12.18-10.18.27:097][  0]LogConfig: Setting CVar [[r.AmbientOcclusionLevels:-1]]
[2018.12.18-10.18.27:097][  0]LogConfig: Setting CVar [[r.AmbientOcclusionRadiusScale:1.0]]
[2018.12.18-10.18.27:097][  0]LogConfig: Setting CVar [[r.DepthOfFieldQuality:2]]
[2018.12.18-10.18.27:097][  0]LogConfig: Setting CVar [[r.RenderTargetPoolMin:400]]
[2018.12.18-10.18.27:097][  0]LogConfig: Setting CVar [[r.LensFlareQuality:2]]
[2018.12.18-10.18.27:097][  0]LogConfig: Setting CVar [[r.SceneColorFringeQuality:1]]
[2018.12.18-10.18.27:097][  0]LogConfig: Setting CVar [[r.EyeAdaptationQuality:2]]
[2018.12.18-10.18.27:097][  0]LogConfig: Setting CVar [[r.BloomQuality:5]]
[2018.12.18-10.18.27:097][  0]LogConfig: Setting CVar [[r.FastBlurThreshold:100]]
[2018.12.18-10.18.27:097][  0]LogConfig: Setting CVar [[r.Upscale.Quality:3]]
[2018.12.18-10.18.27:097][  0]LogConfig: Setting CVar [[r.Tonemapper.GrainQuantization:1]]
[2018.12.18-10.18.27:097][  0]LogConfig: Setting CVar [[r.LightShaftQuality:1]]
[2018.12.18-10.18.27:098][  0]LogConfig: Setting CVar [[r.Filter.SizeScale:1]]
[2018.12.18-10.18.27:098][  0]LogConfig: Setting CVar [[r.Tonemapper.Quality:5]]
[2018.12.18-10.18.27:098][  0]LogConfig: Setting CVar [[r.DOF.Gather.AccumulatorQuality:1        ; higher gathering accumulator quality]]
[2018.12.18-10.18.27:098][  0]LogConfig: Setting CVar [[r.DOF.Gather.PostfilterMethod:1          ; Median3x3 postfilering method]]
[2018.12.18-10.18.27:098][  0]LogConfig: Setting CVar [[r.DOF.Gather.EnableBokehSettings:0       ; no bokeh simulation when gathering]]
[2018.12.18-10.18.27:098][  0]LogConfig: Setting CVar [[r.DOF.Gather.RingCount:4                 ; medium number of samples when gathering]]
[2018.12.18-10.18.27:098][  0]LogConfig: Setting CVar [[r.DOF.Scatter.ForegroundCompositing:1    ; additive foreground scattering]]
[2018.12.18-10.18.27:098][  0]LogConfig: Setting CVar [[r.DOF.Scatter.BackgroundCompositing:2    ; additive background scattering]]
[2018.12.18-10.18.27:098][  0]LogConfig: Setting CVar [[r.DOF.Scatter.EnableBokehSettings:1      ; bokeh simulation when scattering]]
[2018.12.18-10.18.27:098][  0]LogConfig: Setting CVar [[r.DOF.Scatter.MaxSpriteRatio:0.1         ; only a maximum of 10% of scattered bokeh]]
[2018.12.18-10.18.27:098][  0]LogConfig: Setting CVar [[r.DOF.Recombine.Quality:1                ; cheap slight out of focus]]
[2018.12.18-10.18.27:098][  0]LogConfig: Setting CVar [[r.DOF.Recombine.EnableBokehSettings:0    ; no bokeh simulation on slight out of focus]]
[2018.12.18-10.18.27:098][  0]LogConfig: Setting CVar [[r.DOF.TemporalAAQuality:1                ; more stable temporal accumulation]]
[2018.12.18-10.18.27:098][  0]LogConfig: Setting CVar [[r.DOF.Kernel.MaxForegroundRadius:0.025]]
[2018.12.18-10.18.27:098][  0]LogConfig: Setting CVar [[r.DOF.Kernel.MaxBackgroundRadius:0.025]]
[2018.12.18-10.18.27:098][  0]LogConfig: Applying CVar settings from Section [TextureQuality@3] File [D:/UnrealEngine/Games/StealthGame/UnrealStealthGame/StealthGame/Saved/Config/Windows/Scalability.ini]
[2018.12.18-10.18.27:099][  0]LogConfig: Setting CVar [[r.Streaming.MipBias:0]]
[2018.12.18-10.18.27:099][  0]LogConfig: Setting CVar [[r.Streaming.AmortizeCPUToGPUCopy:0]]
[2018.12.18-10.18.27:099][  0]LogConfig: Setting CVar [[r.Streaming.MaxNumTexturesToStreamPerFrame:0]]
[2018.12.18-10.18.27:099][  0]LogConfig: Setting CVar [[r.Streaming.Boost:1]]
[2018.12.18-10.18.27:099][  0]LogConfig: Setting CVar [[r.MaxAnisotropy:8]]
[2018.12.18-10.18.27:099][  0]LogConfig: Setting CVar [[r.Streaming.LimitPoolSizeToVRAM:0]]
[2018.12.18-10.18.27:099][  0]LogConfig: Setting CVar [[r.Streaming.PoolSize:1000]]
[2018.12.18-10.18.27:099][  0]LogConfig: Setting CVar [[r.Streaming.MaxEffectiveScreenSize:0]]
[2018.12.18-10.18.27:099][  0]LogConfig: Applying CVar settings from Section [EffectsQuality@3] File [D:/UnrealEngine/Games/StealthGame/UnrealStealthGame/StealthGame/Saved/Config/Windows/Scalability.ini]
[2018.12.18-10.18.27:099][  0]LogConfig: Setting CVar [[r.TranslucencyLightingVolumeDim:64]]
[2018.12.18-10.18.27:099][  0]LogConfig: Setting CVar [[r.RefractionQuality:2]]
[2018.12.18-10.18.27:099][  0]LogConfig: Setting CVar [[r.SSR.Quality:3]]
[2018.12.18-10.18.27:099][  0]LogConfig: Setting CVar [[r.SceneColorFormat:4]]
[2018.12.18-10.18.27:099][  0]LogConfig: Setting CVar [[r.DetailMode:2]]
[2018.12.18-10.18.27:099][  0]LogConfig: Setting CVar [[r.TranslucencyVolumeBlur:1]]
[2018.12.18-10.18.27:099][  0]LogConfig: Setting CVar [[r.MaterialQualityLevel:1 ; High quality]]
[2018.12.18-10.18.27:099][  0]LogConfig: Setting CVar [[r.SSS.Scale:1]]
[2018.12.18-10.18.27:100][  0]LogConfig: Setting CVar [[r.SSS.SampleSet:2]]
[2018.12.18-10.18.27:100][  0]LogConfig: Setting CVar [[r.SSS.Quality:1]]
[2018.12.18-10.18.27:100][  0]LogConfig: Setting CVar [[r.SSS.HalfRes:1]]
[2018.12.18-10.18.27:100][  0]LogConfig: Setting CVar [[r.EmitterSpawnRateScale:1.0]]
[2018.12.18-10.18.27:100][  0]LogConfig: Setting CVar [[r.ParticleLightQuality:2]]
[2018.12.18-10.18.27:100][  0]LogConfig: Applying CVar settings from Section [FoliageQuality@3] File [D:/UnrealEngine/Games/StealthGame/UnrealStealthGame/StealthGame/Saved/Config/Windows/Scalability.ini]
[2018.12.18-10.18.27:100][  0]LogConfig: Setting CVar [[foliage.DensityScale:1.0]]
[2018.12.18-10.18.27:100][  0]LogConfig: Setting CVar [[grass.DensityScale:1.0]]
[2018.12.18-10.18.27:131][  0]LogInit: Selected Device Profile: [Windows]
[2018.12.18-10.18.27:132][  0]LogInit: Applying CVar settings loaded from the selected device profile: [Windows]
[2018.12.18-10.18.27:250][  0]LogHAL: Display: Platform has ~ 16 GB [17112002560 / 17179869184 / 16], which maps to Larger [LargestMinGB=32, LargerMinGB=12, DefaultMinGB=8, SmallerMinGB=6, SmallestMinGB=0)
[2018.12.18-10.18.27:298][  0]LogConfig: Setting CVar [[r.Vulkan.UseRealUBs:1]]
[2018.12.18-10.18.27:298][  0]LogInit: Going up to parent DeviceProfile []
[2018.12.18-10.18.27:302][  0]LogConfig: Applying CVar settings from Section [ViewDistanceQuality@3] File [D:/UnrealEngine/Games/StealthGame/UnrealStealthGame/StealthGame/Saved/Config/Windows/Scalability.ini]
[2018.12.18-10.18.27:302][  0]LogConfig: Setting CVar [[r.SkeletalMeshLODBias:0]]
[2018.12.18-10.18.27:302][  0]LogConfig: Setting CVar [[r.ViewDistanceScale:1.0]]
[2018.12.18-10.18.27:302][  0]LogConfig: Applying CVar settings from Section [AntiAliasingQuality@3] File [D:/UnrealEngine/Games/StealthGame/UnrealStealthGame/StealthGame/Saved/Config/Windows/Scalability.ini]
[2018.12.18-10.18.27:302][  0]LogConfig: Setting CVar [[r.PostProcessAAQuality:4]]
[2018.12.18-10.18.27:302][  0]LogConfig: Applying CVar settings from Section [ShadowQuality@3] File [D:/UnrealEngine/Games/StealthGame/UnrealStealthGame/StealthGame/Saved/Config/Windows/Scalability.ini]
[2018.12.18-10.18.27:302][  0]LogConfig: Setting CVar [[r.LightFunctionQuality:1]]
[2018.12.18-10.18.27:303][  0]LogConfig: Setting CVar [[r.ShadowQuality:5]]
[2018.12.18-10.18.27:303][  0]LogConfig: Setting CVar [[r.Shadow.CSM.MaxCascades:10]]
[2018.12.18-10.18.27:303][  0]LogConfig: Setting CVar [[r.Shadow.MaxResolution:2048]]
[2018.12.18-10.18.27:303][  0]LogConfig: Setting CVar [[r.Shadow.MaxCSMResolution:2048]]
[2018.12.18-10.18.27:303][  0]LogConfig: Setting CVar [[r.Shadow.RadiusThreshold:0.01]]
[2018.12.18-10.18.27:303][  0]LogConfig: Setting CVar [[r.Shadow.DistanceScale:1.0]]
[2018.12.18-10.18.27:303][  0]LogConfig: Setting CVar [[r.Shadow.CSM.TransitionScale:1.0]]
[2018.12.18-10.18.27:303][  0]LogConfig: Setting CVar [[r.Shadow.PreShadowResolutionFactor:1.0]]
[2018.12.18-10.18.27:303][  0]LogConfig: Setting CVar [[r.DistanceFieldShadowing:1]]
[2018.12.18-10.18.27:303][  0]LogConfig: Setting CVar [[r.DistanceFieldAO:1]]
[2018.12.18-10.18.27:303][  0]LogConfig: Setting CVar [[r.AOQuality:2]]
[2018.12.18-10.18.27:303][  0]LogConfig: Setting CVar [[r.VolumetricFog:1]]
[2018.12.18-10.18.27:303][  0]LogConfig: Setting CVar [[r.VolumetricFog.GridPixelSize:8]]
[2018.12.18-10.18.27:303][  0]LogConfig: Setting CVar [[r.VolumetricFog.GridSizeZ:128]]
[2018.12.18-10.18.27:304][  0]LogConfig: Setting CVar [[r.VolumetricFog.HistoryMissSupersampleCount:4]]
[2018.12.18-10.18.27:304][  0]LogConfig: Setting CVar [[r.LightMaxDrawDistanceScale:1]]
[2018.12.18-10.18.27:304][  0]LogConfig: Setting CVar [[r.CapsuleShadows:1]]
[2018.12.18-10.18.27:304][  0]LogConfig: Applying CVar settings from Section [PostProcessQuality@3] File [D:/UnrealEngine/Games/StealthGame/UnrealStealthGame/StealthGame/Saved/Config/Windows/Scalability.ini]
[2018.12.18-10.18.27:304][  0]LogConfig: Setting CVar [[r.MotionBlurQuality:4]]
[2018.12.18-10.18.27:304][  0]LogConfig: Setting CVar [[r.AmbientOcclusionMipLevelFactor:0.4]]
[2018.12.18-10.18.27:304][  0]LogConfig: Setting CVar [[r.AmbientOcclusionMaxQuality:100]]
[2018.12.18-10.18.27:304][  0]LogConfig: Setting CVar [[r.AmbientOcclusionLevels:-1]]
[2018.12.18-10.18.27:304][  0]LogConfig: Setting CVar [[r.AmbientOcclusionRadiusScale:1.0]]
[2018.12.18-10.18.27:304][  0]LogConfig: Setting CVar [[r.DepthOfFieldQuality:2]]
[2018.12.18-10.18.27:304][  0]LogConfig: Setting CVar [[r.RenderTargetPoolMin:400]]
[2018.12.18-10.18.27:304][  0]LogConfig: Setting CVar [[r.LensFlareQuality:2]]
[2018.12.18-10.18.27:304][  0]LogConfig: Setting CVar [[r.SceneColorFringeQuality:1]]
[2018.12.18-10.18.27:304][  0]LogConfig: Setting CVar [[r.EyeAdaptationQuality:2]]
[2018.12.18-10.18.27:304][  0]LogConfig: Setting CVar [[r.BloomQuality:5]]
[2018.12.18-10.18.27:304][  0]LogConfig: Setting CVar [[r.FastBlurThreshold:100]]
[2018.12.18-10.18.27:305][  0]LogConfig: Setting CVar [[r.Upscale.Quality:3]]
[2018.12.18-10.18.27:305][  0]LogConfig: Setting CVar [[r.Tonemapper.GrainQuantization:1]]
[2018.12.18-10.18.27:305][  0]LogConfig: Setting CVar [[r.LightShaftQuality:1]]
[2018.12.18-10.18.27:305][  0]LogConfig: Setting CVar [[r.Filter.SizeScale:1]]
[2018.12.18-10.18.27:305][  0]LogConfig: Setting CVar [[r.Tonemapper.Quality:5]]
[2018.12.18-10.18.27:305][  0]LogConfig: Setting CVar [[r.DOF.Gather.AccumulatorQuality:1        ; higher gathering accumulator quality]]
[2018.12.18-10.18.27:305][  0]LogConfig: Setting CVar [[r.DOF.Gather.PostfilterMethod:1          ; Median3x3 postfilering method]]
[2018.12.18-10.18.27:305][  0]LogConfig: Setting CVar [[r.DOF.Gather.EnableBokehSettings:0       ; no bokeh simulation when gathering]]
[2018.12.18-10.18.27:305][  0]LogConfig: Setting CVar [[r.DOF.Gather.RingCount:4                 ; medium number of samples when gathering]]
[2018.12.18-10.18.27:305][  0]LogConfig: Setting CVar [[r.DOF.Scatter.ForegroundCompositing:1    ; additive foreground scattering]]
[2018.12.18-10.18.27:305][  0]LogConfig: Setting CVar [[r.DOF.Scatter.BackgroundCompositing:2    ; additive background scattering]]
[2018.12.18-10.18.27:305][  0]LogConfig: Setting CVar [[r.DOF.Scatter.EnableBokehSettings:1      ; bokeh simulation when scattering]]
[2018.12.18-10.18.27:305][  0]LogConfig: Setting CVar [[r.DOF.Scatter.MaxSpriteRatio:0.1         ; only a maximum of 10% of scattered bokeh]]
[2018.12.18-10.18.27:305][  0]LogConfig: Setting CVar [[r.DOF.Recombine.Quality:1                ; cheap slight out of focus]]
[2018.12.18-10.18.27:305][  0]LogConfig: Setting CVar [[r.DOF.Recombine.EnableBokehSettings:0    ; no bokeh simulation on slight out of focus]]
[2018.12.18-10.18.27:305][  0]LogConfig: Setting CVar [[r.DOF.TemporalAAQuality:1                ; more stable temporal accumulation]]
[2018.12.18-10.18.27:306][  0]LogConfig: Setting CVar [[r.DOF.Kernel.MaxForegroundRadius:0.025]]
[2018.12.18-10.18.27:306][  0]LogConfig: Setting CVar [[r.DOF.Kernel.MaxBackgroundRadius:0.025]]
[2018.12.18-10.18.27:306][  0]LogConfig: Applying CVar settings from Section [TextureQuality@3] File [D:/UnrealEngine/Games/StealthGame/UnrealStealthGame/StealthGame/Saved/Config/Windows/Scalability.ini]
[2018.12.18-10.18.27:306][  0]LogConfig: Setting CVar [[r.Streaming.MipBias:0]]
[2018.12.18-10.18.27:306][  0]LogConfig: Setting CVar [[r.Streaming.AmortizeCPUToGPUCopy:0]]
[2018.12.18-10.18.27:306][  0]LogConfig: Setting CVar [[r.Streaming.MaxNumTexturesToStreamPerFrame:0]]
[2018.12.18-10.18.27:306][  0]LogConfig: Setting CVar [[r.Streaming.Boost:1]]
[2018.12.18-10.18.27:306][  0]LogConfig: Setting CVar [[r.MaxAnisotropy:8]]
[2018.12.18-10.18.27:306][  0]LogConfig: Setting CVar [[r.Streaming.LimitPoolSizeToVRAM:0]]
[2018.12.18-10.18.27:306][  0]LogConfig: Setting CVar [[r.Streaming.PoolSize:1000]]
[2018.12.18-10.18.27:306][  0]LogConfig: Setting CVar [[r.Streaming.MaxEffectiveScreenSize:0]]
[2018.12.18-10.18.27:306][  0]LogConfig: Applying CVar settings from Section [EffectsQuality@3] File [D:/UnrealEngine/Games/StealthGame/UnrealStealthGame/StealthGame/Saved/Config/Windows/Scalability.ini]
[2018.12.18-10.18.27:306][  0]LogConfig: Setting CVar [[r.TranslucencyLightingVolumeDim:64]]
[2018.12.18-10.18.27:306][  0]LogConfig: Setting CVar [[r.RefractionQuality:2]]
[2018.12.18-10.18.27:306][  0]LogConfig: Setting CVar [[r.SSR.Quality:3]]
[2018.12.18-10.18.27:306][  0]LogConfig: Setting CVar [[r.SceneColorFormat:4]]
[2018.12.18-10.18.27:307][  0]LogConfig: Setting CVar [[r.DetailMode:2]]
[2018.12.18-10.18.27:307][  0]LogConfig: Setting CVar [[r.TranslucencyVolumeBlur:1]]
[2018.12.18-10.18.27:307][  0]LogConfig: Setting CVar [[r.MaterialQualityLevel:1 ; High quality]]
[2018.12.18-10.18.27:307][  0]LogConfig: Setting CVar [[r.SSS.Scale:1]]
[2018.12.18-10.18.27:307][  0]LogConfig: Setting CVar [[r.SSS.SampleSet:2]]
[2018.12.18-10.18.27:307][  0]LogConfig: Setting CVar [[r.SSS.Quality:1]]
[2018.12.18-10.18.27:307][  0]LogConfig: Setting CVar [[r.SSS.HalfRes:1]]
[2018.12.18-10.18.27:307][  0]LogConfig: Setting CVar [[r.EmitterSpawnRateScale:1.0]]
[2018.12.18-10.18.27:307][  0]LogConfig: Setting CVar [[r.ParticleLightQuality:2]]
[2018.12.18-10.18.27:307][  0]LogConfig: Applying CVar settings from Section [FoliageQuality@3] File [D:/UnrealEngine/Games/StealthGame/UnrealStealthGame/StealthGame/Saved/Config/Windows/Scalability.ini]
[2018.12.18-10.18.27:307][  0]LogConfig: Setting CVar [[foliage.DensityScale:1.0]]
[2018.12.18-10.18.27:307][  0]LogConfig: Setting CVar [[grass.DensityScale:1.0]]
[2018.12.18-10.18.27:307][  0]LogConfig: Applying CVar settings from Section [Startup] File [../../../Engine/Config/ConsoleVariables.ini]
[2018.12.18-10.18.27:325][  0]LogConfig: Setting CVar [[net.UseAdaptiveNetUpdateFrequency:0]]
[2018.12.18-10.18.27:325][  0]LogConfig: Applying CVar settings from Section [ConsoleVariables] File [D:/UnrealEngine/Games/StealthGame/UnrealStealthGame/StealthGame/Saved/Config/Windows/Engine.ini]
[2018.12.18-10.18.27:362][  0]LogInit: Computer: GG00001
[2018.12.18-10.18.27:362][  0]LogInit: User: oibikunle
[2018.12.18-10.18.27:362][  0]LogInit: CPU Page size=4096, Cores=6
[2018.12.18-10.18.27:362][  0]LogInit: High frequency timer resolution =10.000000 MHz
[2018.12.18-10.18.27:363][  0]LogMemory: Memory total: Physical=15.9GB (16GB approx)
[2018.12.18-10.18.27:363][  0]LogMemory: Platform Memory Stats for Windows
[2018.12.18-10.18.27:363][  0]LogMemory: Process Physical Memory: 103.73 MB used, 103.73 MB peak
[2018.12.18-10.18.27:363][  0]LogMemory: Process Virtual Memory: 86.34 MB used, 86.34 MB peak
[2018.12.18-10.18.27:363][  0]LogMemory: Physical Memory: 8668.74 MB used,  7650.54 MB free, 16319.28 MB total
[2018.12.18-10.18.27:363][  0]LogMemory: Virtual Memory: 4660.11 MB used,  134213064.00 MB free, 134217728.00 MB total
[2018.12.18-10.18.29:359][  0]LogInit: Using OS detected language (en-GB).
[2018.12.18-10.18.29:360][  0]LogInit: Using OS detected locale (en-GB).
[2018.12.18-10.18.29:403][  0]LogTextLocalizationManager: No specific localization for 'en-GB' exists, so the 'en' localization will be used.
[2018.12.18-10.18.30:320][  0]LogStreaming: Display: Took  0.965s to InitEngineTextLocalization.
[2018.12.18-10.18.30:351][  0]LogInit: Setting process to per monitor DPI aware
[2018.12.18-10.18.31:332][  0]LogSlate: New Slate User Created.  User Index 0, Is Virtual User: 0
[2018.12.18-10.18.31:333][  0]LogSlate: Slate User Registered.  User Index 0, Is Virtual User: 0
[2018.12.18-10.18.32:470][  0]LogHMD: Failed to initialize OpenVR with code 110
[2018.12.18-10.18.32:470][  0]LogD3D11RHI: D3D11 adapters:
[2018.12.18-10.18.32:576][  0]LogD3D11RHI:    0. 'NVIDIA GeForce GTX 1050 Ti' (Feature Level 11_0)
[2018.12.18-10.18.32:576][  0]LogD3D11RHI:       4018/0/8159 MB DedicatedVideo/DedicatedSystem/SharedSystem, Outputs:3, VendorId:0x10de
[2018.12.18-10.18.32:584][  0]LogD3D11RHI:    1. 'Microsoft Basic Render Driver' (Feature Level 11_0)
[2018.12.18-10.18.32:584][  0]LogD3D11RHI:       0/0/8159 MB DedicatedVideo/DedicatedSystem/SharedSystem, Outputs:0, VendorId:0x1414
[2018.12.18-10.18.32:584][  0]LogD3D11RHI: Chosen D3D11 Adapter: 0
[2018.12.18-10.18.32:618][  0]LogD3D11RHI: Creating new Direct3DDevice
[2018.12.18-10.18.32:619][  0]LogD3D11RHI:     GPU DeviceId: 0x1c82 (for the marketing name, search the web for "GPU Device Id")
[2018.12.18-10.18.32:619][  0]LogWindows: EnumDisplayDevices:
[2018.12.18-10.18.32:619][  0]LogWindows:    0. 'NVIDIA GeForce GTX 1050 Ti' (P:0 D:1)
[2018.12.18-10.18.32:640][  0]LogWindows:    1. 'NVIDIA GeForce GTX 1050 Ti' (P:0 D:1)
[2018.12.18-10.18.32:641][  0]LogWindows:    2. 'NVIDIA GeForce GTX 1050 Ti' (P:1 D:1)
[2018.12.18-10.18.32:641][  0]LogWindows:    3. 'NVIDIA GeForce GTX 1050 Ti' (P:0 D:0)
[2018.12.18-10.18.32:641][  0]LogWindows: DebugString: FoundDriverCount:4 
[2018.12.18-10.18.32:642][  0]LogD3D11RHI:     Adapter Name: NVIDIA GeForce GTX 1050 Ti
[2018.12.18-10.18.32:642][  0]LogD3D11RHI:   Driver Version: 417.22 (internal:25.21.14.1722, unified:417.22)
[2018.12.18-10.18.32:642][  0]LogD3D11RHI:      Driver Date: 11-29-2018
[2018.12.18-10.18.32:642][  0]LogRHI: Texture pool is 2812 MB (70% of 4018 MB)
[2018.12.18-10.18.32:684][  0]LogD3D11RHI: Async texture creation enabled
[2018.12.18-10.18.33:097][  0]LogD3D11RHI: GPU Timing Frequency: 1000.000000 (Debug: 2 2)
[2018.12.18-10.18.33:872][  0]LogTemp: Display: Loaded TP AllDesktopTargetPlatform
[2018.12.18-10.18.33:953][  0]LogTemp: Display: Loaded TP MacClientTargetPlatform
[2018.12.18-10.18.34:030][  0]LogTemp: Display: Loaded TP MacNoEditorTargetPlatform
[2018.12.18-10.18.34:052][  0]LogTemp: Display: Loaded TP MacServerTargetPlatform
[2018.12.18-10.18.34:127][  0]LogTemp: Display: Loaded TP MacTargetPlatform
[2018.12.18-10.18.34:163][  0]LogTemp: Display: Loaded TP WindowsClientTargetPlatform
[2018.12.18-10.18.34:193][  0]LogTemp: Display: Loaded TP WindowsNoEditorTargetPlatform
[2018.12.18-10.18.34:252][  0]LogTemp: Display: Loaded TP WindowsServerTargetPlatform
[2018.12.18-10.18.34:290][  0]LogTemp: Display: Loaded TP WindowsTargetPlatform
[2018.12.18-10.18.34:388][  0]LogTemp: Display: Loaded TP AndroidTargetPlatform
[2018.12.18-10.18.34:388][  0]LogTemp: Display: Loaded TP AndroidTargetPlatform
[2018.12.18-10.18.34:388][  0]LogTemp: Display: Loaded TP AndroidTargetPlatform
[2018.12.18-10.18.34:388][  0]LogTemp: Display: Loaded TP AndroidTargetPlatform
[2018.12.18-10.18.34:388][  0]LogTemp: Display: Loaded TP AndroidTargetPlatform
[2018.12.18-10.18.34:388][  0]LogTemp: Display: Loaded TP AndroidTargetPlatform
[2018.12.18-10.18.34:388][  0]LogTemp: Display: Loaded TP AndroidTargetPlatform
[2018.12.18-10.18.34:388][  0]LogTemp: Display: Loaded TP AndroidTargetPlatform
[2018.12.18-10.18.34:388][  0]LogTemp: Display: Loaded TP AndroidTargetPlatform
[2018.12.18-10.18.34:389][  0]LogTemp: Display: Loaded TP AndroidTargetPlatform
[2018.12.18-10.18.34:389][  0]LogTemp: Display: Loaded TP AndroidTargetPlatform
[2018.12.18-10.18.34:389][  0]LogTemp: Display: Loaded TP AndroidTargetPlatform
[2018.12.18-10.18.34:389][  0]LogTemp: Display: Loaded TP AndroidTargetPlatform
[2018.12.18-10.18.34:389][  0]LogTemp: Display: Loaded TP AndroidTargetPlatform
[2018.12.18-10.18.34:389][  0]LogTemp: Display: Loaded TP AndroidTargetPlatform
[2018.12.18-10.18.34:389][  0]LogTemp: Display: Loaded TP AndroidTargetPlatform
[2018.12.18-10.18.34:389][  0]LogTemp: Display: Loaded TP AndroidTargetPlatform
[2018.12.18-10.18.34:389][  0]LogTemp: Display: Loaded TP AndroidTargetPlatform
[2018.12.18-10.18.34:418][  0]LogTemp: Display: Loaded TP HTML5TargetPlatform
[2018.12.18-10.18.34:582][  0]LogTemp: Display: Loaded TP IOSTargetPlatform
[2018.12.18-10.18.34:582][  0]LogTemp: Display: Loaded TP IOSTargetPlatform
[2018.12.18-10.18.34:618][  0]LogTemp: Display: Loaded TP TVOSTargetPlatform
[2018.12.18-10.18.34:618][  0]LogTemp: Display: Loaded TP TVOSTargetPlatform
[2018.12.18-10.18.34:653][  0]LogTemp: Display: Loaded TP LinuxClientTargetPlatform
[2018.12.18-10.18.34:672][  0]LogTemp: Display: Loaded TP LinuxNoEditorTargetPlatform
[2018.12.18-10.18.34:685][  0]LogTemp: Display: Loaded TP LinuxServerTargetPlatform
[2018.12.18-10.18.34:717][  0]LogTemp: Display: Loaded TP LinuxTargetPlatform
[2018.12.18-10.18.34:766][  0]LogTemp: Display: Loaded TP LuminTargetPlatform
[2018.12.18-10.18.34:766][  0]LogTemp: Display: Loaded TP LuminTargetPlatform
[2018.12.18-10.18.34:766][  0]LogTargetPlatformManager: Display: Building Assets For Windows
[2018.12.18-10.18.35:777][  0]LogShaderCompilers: Guid format shader working directory is -13 characters bigger than the processId version (../../../../../Games/StealthGame/UnrealStealthGame/StealthGame/Intermediate/Shaders/WorkingDirectory/16664/).
[2018.12.18-10.18.35:777][  0]LogShaderCompilers: Cleaned the shader compiler working directory 'C:/Users/oibikunle/AppData/Local/Temp/UnrealShaderWorkingDir/7F504E174D13DA77462F219F277E3377/'.
[2018.12.18-10.18.35:779][  0]LogXGEController: Cleaning working directory: C:/Users/oibikunle/AppData/Local/Temp/UnrealXGEWorkingDir/
[2018.12.18-10.18.35:780][  0]LogXGEController: Cannot use XGE Controller as Incredibuild is not installed on this machine.
[2018.12.18-10.18.35:780][  0]LogShaderCompilers: Cannot use XGE Shader Compiler as Incredibuild is not installed on this machine.
[2018.12.18-10.18.35:780][  0]LogShaderCompilers: Display: Using Local Shader Compiler.
[2018.12.18-10.18.39:016][  0]LogDerivedDataCache: Display: Max Cache Size: 512 MB
[2018.12.18-10.18.39:091][  0]LogDerivedDataCache: Loaded boot cache 0.08s 83MB C:/Users/oibikunle/AppData/Local/UnrealEngine/4.21/DerivedDataCache/Boot.ddc.
[2018.12.18-10.18.39:091][  0]LogDerivedDataCache: Display: Loaded Boot cache: C:/Users/oibikunle/AppData/Local/UnrealEngine/4.21/DerivedDataCache/Boot.ddc
[2018.12.18-10.18.39:091][  0]LogDerivedDataCache: FDerivedDataBackendGraph:  Pak pak cache file ../../../../../Games/StealthGame/UnrealStealthGame/StealthGame/DerivedDataCache/DDC.ddp not found, will not use a pak cache.
[2018.12.18-10.18.39:091][  0]LogDerivedDataCache: Unable to find inner node Pak for hierarchical cache Hierarchy.
[2018.12.18-10.18.39:092][  0]LogDerivedDataCache: FDerivedDataBackendGraph:  CompressedPak pak cache file ../../../../../Games/StealthGame/UnrealStealthGame/StealthGame/DerivedDataCache/Compressed.ddp not found, will not use a pak cache.
[2018.12.18-10.18.39:092][  0]LogDerivedDataCache: Unable to find inner node CompressedPak for hierarchical cache Hierarchy.
[2018.12.18-10.18.39:333][  0]LogDerivedDataCache: Display: Pak cache opened for reading ../../../Engine/DerivedDataCache/Compressed.ddp.
[2018.12.18-10.18.39:333][  0]LogDerivedDataCache: FDerivedDataBackendGraph:  EnterprisePak pak cache file ../../../Enterprise/DerivedDataCache/Compressed.ddp not found, will not use a pak cache.
[2018.12.18-10.18.39:333][  0]LogDerivedDataCache: Unable to find inner node EnterprisePak for hierarchical cache Hierarchy.
[2018.12.18-10.18.39:348][  0]LogDerivedDataCache: Using Local data cache path C:/Users/oibikunle/AppData/Local/UnrealEngine/Common/DerivedDataCache: Writable
[2018.12.18-10.18.39:348][  0]LogDerivedDataCache: Shared data cache path not found in *engine.ini, will not use an Shared cache.
[2018.12.18-10.18.39:348][  0]LogDerivedDataCache: Unable to find inner node Shared for hierarchical cache Hierarchy.
[2018.12.18-10.18.39:496][  0]LogMaterial: Verifying Global Shaders for PCD3D_SM5
[2018.12.18-10.18.39:597][  0]LogSlate: Using FreeType 2.6.0
[2018.12.18-10.18.39:674][  0]LogSlate: SlateFontServices - WITH_FREETYPE: 1, WITH_HARFBUZZ: 1
[2018.12.18-10.18.40:430][  0]LogAssetRegistry: FAssetRegistry took 0.0512 seconds to start up
[2018.12.18-10.18.46:805][  0]LogInit: Selected Device Profile: [Windows]
[2018.12.18-10.18.49:334][  0]LogSimplygon: Simplygon DLL not present - disabling.
[2018.12.18-10.18.49:552][  0]LogMeshReduction: Using SimplygonSwarm for distributed automatic mesh merging
[2018.12.18-10.18.49:553][  0]LogMeshReduction: Using ProxyLODMeshReduction for automatic mesh merging
[2018.12.18-10.18.49:553][  0]LogMeshReduction: Using QuadricMeshReduction for automatic static mesh reduction
[2018.12.18-10.18.49:553][  0]LogMeshReduction: No automatic skeletal mesh reduction module available
[2018.12.18-10.18.50:308][  0]LogNetVersion: FPSGame 1.0.0, NetCL: 4541578, EngineNetVer: 5, GameNetVer: 0 (Checksum: 267577011)
[2018.12.18-10.18.58:906][  0]LogPackageLocalizationCache: Processed 11 localized package path(s) for 2 prioritized culture(s) in 0.224668 seconds
[2018.12.18-10.18.59:122][  0]LogUObjectArray: 39775 objects as part of root set at end of initial load.
[2018.12.18-10.18.59:122][  0]LogUObjectAllocator: 6914664 out of 0 bytes used by permanent object pool.
[2018.12.18-10.18.59:122][  0]LogUObjectArray: CloseDisregardForGC: 0/0 objects in disregard for GC pool
[2018.12.18-10.19.20:327][  0]LogTcpMessaging: Initializing TcpMessaging bridge
[2018.12.18-10.19.20:400][  0]LogUdpMessaging: Initializing bridge on interface 0.0.0.0:0 to multicast group 230.0.0.1:6666.
[2018.12.18-10.19.28:593][  0]SourceControl: Source control is disabled
[2018.12.18-10.19.28:593][  0]SourceControl: Source control is disabled
[2018.12.18-10.19.28:810][  0]SourceControl: Source control is disabled
[2018.12.18-10.19.28:865][  0]SourceControl: Source control is disabled
[2018.12.18-10.19.31:301][  0]LogAndroidPermission: UAndroidPermissionCallbackProxy::GetInstance
[2018.12.18-10.19.31:945][  0]LogOcInput: OculusInput pre-init called
[2018.12.18-10.19.35:372][  0]LogAutomationTest: Warning: Smoke tests took > 2s to run: 2.29s
[2018.12.18-10.19.35:540][  0]LogEngine: Initializing Engine...
[2018.12.18-10.19.35:584][  0]LogHMD: Failed to initialize OpenVR with code 110
[2018.12.18-10.19.35:679][  0]LogStats: UGameplayTagsManager::ConstructGameplayTagTree: ImportINI prefixes -  0.000 s
[2018.12.18-10.19.35:680][  0]LogStats: UGameplayTagsManager::ConstructGameplayTagTree: Construct from data asset -  0.000 s
[2018.12.18-10.19.35:680][  0]LogStats: UGameplayTagsManager::ConstructGameplayTagTree: ImportINI -  0.000 s
[2018.12.18-10.19.35:680][  0]LogStats: UGameplayTagsManager::ConstructGameplayTagTree: GameplayTagTreeChangedEvent.Broadcast -  0.000 s
[2018.12.18-10.19.36:916][  0]LogInit: Initializing FReadOnlyCVARCache
[2018.12.18-10.19.38:143][  0]LogAIModule: Creating AISystem for world Untitled
[2018.12.18-10.19.38:618][  0]LogInit: XAudio2 using 'Speakers (2- USB Audio Device)' : 2 channels at 48 kHz using 16 bits per sample (channel mask 0x3)
[2018.12.18-10.19.38:659][  0]LogInit: FAudioDevice initialized.
[2018.12.18-10.19.38:680][  0]LogNetVersion: Set ProjectVersion to 1.0.0.0. Version Checksum will be recalculated on next use.
[2018.12.18-10.19.38:722][  0]LogDerivedDataCache: Saved boot cache 0.04s 73MB C:/Users/oibikunle/AppData/Local/UnrealEngine/4.21/DerivedDataCache/Boot.ddc.
[2018.12.18-10.19.38:722][  0]LogInit: Texture streaming: Enabled
[2018.12.18-10.19.39:338][  0]LogEngineSessionManager: EngineSessionManager initialized
[2018.12.18-10.19.39:339][  0]LogEngineSessionManager: EngineSessionManager sent abnormal shutdown report. Type=Debugger, SessionId={65AA74F5-41BC-128F-92B4-DAB6F1859C2A}
[2018.12.18-10.19.39:833][  0]LogInit: Transaction tracking system initialized
[2018.12.18-10.19.40:813][  0]BlueprintLog: New page: Editor Load
[2018.12.18-10.19.43:474][  0]LocalizationService: Localization service is disabled
[2018.12.18-10.19.46:973][  0]LogFileCache: Scanning file cache for directory 'D:/UnrealEngine/Games/StealthGame/UnrealStealthGame/StealthGame/Content/' took 0.05s
[2018.12.18-10.19.46:974][  0]LogCook: Display: Max memory allowance for cook 16384mb min free memory 0mb
[2018.12.18-10.19.46:981][  0]LogCook: Display: Mobile HDR setting 1
[2018.12.18-10.19.47:027][  0]LogGameplayTags: Display: UGameplayTagsManager::DoneAddingNativeTags. DelegateIsBound: 0
[2018.12.18-10.19.47:028][  0]LogStats: UGameplayTagsManager::ConstructGameplayTagTree: ImportINI prefixes -  0.000 s
[2018.12.18-10.19.47:028][  0]LogStats: UGameplayTagsManager::ConstructGameplayTagTree: Construct from data asset -  0.000 s
[2018.12.18-10.19.47:028][  0]LogStats: UGameplayTagsManager::ConstructGameplayTagTree: ImportINI -  0.000 s
[2018.12.18-10.19.47:029][  0]LogStats: UGameplayTagsManager::ConstructGameplayTagTree: GameplayTagTreeChangedEvent.Broadcast -  0.000 s
[2018.12.18-10.19.49:556][  0]SourceControl: Source control is disabled
[2018.12.18-10.19.49:612][  0]Cmd: MAP LOAD FILE="../../../../../Games/StealthGame/UnrealStealthGame/StealthGame/Content/Maps/FirstPersonExampleMap.umap" TEMPLATE=0 SHOWPROGRESS=1 FEATURELEVEL=3
[2018.12.18-10.19.49:661][  0]LightingResults: New page: Lighting Build
[2018.12.18-10.19.50:322][  0]MapCheck: New page: Map Check
[2018.12.18-10.19.50:322][  0]LightingResults: New page: Lighting Build
[2018.12.18-10.19.53:807][  0]LogAIModule: Creating AISystem for world FirstPersonExampleMap
[2018.12.18-10.19.55:387][  0]LogEditorServer: Finished looking for orphan Actors (0.001 secs)
[2018.12.18-10.19.55:899][  0]Cmd: MAP CHECKDEP NOCLEARLOG
[2018.12.18-10.19.55:902][  0]MapCheck: Map check complete: 0 Error(s), 0 Warning(s), took 0.254ms to complete.
[2018.12.18-10.19.55:903][  0]LogFileHelpers: Loading map 'FirstPersonExampleMap' took 6.334
[2018.12.18-10.19.59:391][  0]LogSlate: Updating window title bar state: overlay mode, drag disabled, window buttons hidden, title bar hidden
[2018.12.18-10.19.59:403][  0]LogSlate: Updating window title bar state: overlay mode, drag disabled, window buttons hidden, title bar hidden
[2018.12.18-10.19.59:409][  0]LogSlate: Updating window title bar state: overlay mode, drag disabled, window buttons hidden, title bar hidden
[2018.12.18-10.19.59:415][  0]LogSlate: Updating window title bar state: overlay mode, drag disabled, window buttons hidden, title bar hidden
[2018.12.18-10.19.59:724][  0]LogCollectionManager: Loaded 0 collections in 0.000845 seconds
[2018.12.18-10.19.59:883][  0]LogFileCache: Scanning file cache for directory 'D:/UnrealEngine/Games/StealthGame/UnrealStealthGame/StealthGame/Saved/Collections/' took 0.01s
[2018.12.18-10.19.59:883][  0]LogFileCache: Scanning file cache for directory 'D:/UnrealEngine/Games/StealthGame/UnrealStealthGame/StealthGame/Content/Developers/oibikunle/Collections/' took 0.01s
[2018.12.18-10.19.59:883][  0]LogFileCache: Scanning file cache for directory 'D:/UnrealEngine/Games/StealthGame/UnrealStealthGame/StealthGame/Content/Collections/' took 0.01s
[2018.12.18-10.19.59:883][  0]LogCollectionManager: Rebuilt the GUID cache for 0 collections in 0.000000 seconds
[2018.12.18-10.19.59:916][  0]LogContentBrowser: Native class hierarchy populated in 0.0298 seconds. Added 2659 classes and 624 folders.
[2018.12.18-10.20.00:111][  0]LogContentBrowser: Native class hierarchy updated for 'WidgetCarousel' in 0.0003 seconds. Added 0 classes and 0 folders.
[2018.12.18-10.20.00:147][  0]LogPakFile: Registered encryption key '00000000000000000000000000000000': 0 pak files mounted, 0 remain pending
[2018.12.18-10.20.00:208][  0]LogPakFile: Registered encryption key '00000000000000000000000000000000': 0 pak files mounted, 0 remain pending
[2018.12.18-10.20.00:209][  0]LogPakFile: Registered encryption key '00000000000000000000000000000000': 0 pak files mounted, 0 remain pending
[2018.12.18-10.20.00:211][  0]LogPakFile: Registered encryption key '00000000000000000000000000000000': 0 pak files mounted, 0 remain pending
[2018.12.18-10.20.00:217][  0]LogPakFile: Registered encryption key '00000000000000000000000000000000': 0 pak files mounted, 0 remain pending
[2018.12.18-10.20.00:219][  0]LogPakFile: Registered encryption key '00000000000000000000000000000000': 0 pak files mounted, 0 remain pending
[2018.12.18-10.20.00:220][  0]LogPakFile: Registered encryption key '00000000000000000000000000000000': 0 pak files mounted, 0 remain pending
[2018.12.18-10.20.00:222][  0]LogPakFile: Registered encryption key '00000000000000000000000000000000': 0 pak files mounted, 0 remain pending
[2018.12.18-10.20.00:223][  0]LogPakFile: Registered encryption key '00000000000000000000000000000000': 0 pak files mounted, 0 remain pending
[2018.12.18-10.20.00:225][  0]LogPakFile: Registered encryption key '00000000000000000000000000000000': 0 pak files mounted, 0 remain pending
[2018.12.18-10.20.00:227][  0]LogPakFile: Registered encryption key '00000000000000000000000000000000': 0 pak files mounted, 0 remain pending
[2018.12.18-10.20.00:231][  0]LogPakFile: Registered encryption key '00000000000000000000000000000000': 0 pak files mounted, 0 remain pending
[2018.12.18-10.20.00:257][  0]LogPakFile: Registered encryption key '00000000000000000000000000000000': 0 pak files mounted, 0 remain pending
[2018.12.18-10.20.00:259][  0]LogPakFile: Registered encryption key '00000000000000000000000000000000': 0 pak files mounted, 0 remain pending
[2018.12.18-10.20.00:260][  0]LogPakFile: Registered encryption key '00000000000000000000000000000000': 0 pak files mounted, 0 remain pending
[2018.12.18-10.20.00:262][  0]LogPakFile: Registered encryption key '00000000000000000000000000000000': 0 pak files mounted, 0 remain pending
[2018.12.18-10.20.00:264][  0]LogPakFile: Registered encryption key '00000000000000000000000000000000': 0 pak files mounted, 0 remain pending
[2018.12.18-10.20.00:274][  0]LogPakFile: Registered encryption key '00000000000000000000000000000000': 0 pak files mounted, 0 remain pending
[2018.12.18-10.20.00:275][  0]LogPakFile: Registered encryption key '00000000000000000000000000000000': 0 pak files mounted, 0 remain pending
[2018.12.18-10.20.00:277][  0]LogPakFile: Registered encryption key '00000000000000000000000000000000': 0 pak files mounted, 0 remain pending
[2018.12.18-10.20.00:279][  0]LogPakFile: Registered encryption key '00000000000000000000000000000000': 0 pak files mounted, 0 remain pending
[2018.12.18-10.20.00:280][  0]LogPakFile: Registered encryption key '00000000000000000000000000000000': 0 pak files mounted, 0 remain pending
[2018.12.18-10.20.00:282][  0]LogPakFile: Registered encryption key '00000000000000000000000000000000': 0 pak files mounted, 0 remain pending
[2018.12.18-10.20.00:284][  0]LogPakFile: Registered encryption key '00000000000000000000000000000000': 0 pak files mounted, 0 remain pending
[2018.12.18-10.20.00:294][  0]LogPakFile: Registered encryption key '00000000000000000000000000000000': 0 pak files mounted, 0 remain pending
[2018.12.18-10.20.00:296][  0]LogPakFile: Registered encryption key '00000000000000000000000000000000': 0 pak files mounted, 0 remain pending
[2018.12.18-10.20.00:745][  0]LogContentBrowser: Native class hierarchy updated for 'AddContentDialog' in 0.0004 seconds. Added 0 classes and 0 folders.
[2018.12.18-10.20.00:796][  0]LogContentBrowser: Native class hierarchy updated for 'SceneOutliner' in 0.0004 seconds. Added 1 classes and 2 folders.
[2018.12.18-10.20.02:038][  0]LogSlate: Took 0.028235 seconds to synchronously load lazily loaded font '../../../Engine/Content/Slate/Fonts/Roboto-Regular.ttf' (155K)
[2018.12.18-10.20.02:091][  0]LogSlate: Took 0.027762 seconds to synchronously load lazily loaded font '../../../Engine/Content/Slate/Fonts/Roboto-Bold.ttf' (160K)
[2018.12.18-10.20.02:216][  0]LogSlate: Took 0.019646 seconds to synchronously load lazily loaded font '../../../Engine/Content/Editor/Slate/Fonts/FontAwesome.ttf' (139K)
[2018.12.18-10.20.03:112][  0]LogRenderer: Reallocating scene render targets to support 1208x576 Format 10 NumSamples 1 (Frame:1).
[2018.12.18-10.20.04:619][  0]LogContentBrowser: Native class hierarchy updated for 'HierarchicalLODOutliner' in 0.0004 seconds. Added 0 classes and 0 folders.
[2018.12.18-10.20.04:619][  0]LogLoad: (Engine Initialization) Total time: 118.37 seconds
[2018.12.18-10.20.04:620][  0]LogLoad: (Engine Initialization) Total Blueprint compile time: 0.00 seconds
[2018.12.18-10.20.04:841][  0]LogWindowsTextInputMethodSystem: Display: IME system now deactivated.
[2018.12.18-10.20.05:619][  0]LogContentStreaming: Texture pool size now 1000 MB
[2018.12.18-10.20.05:898][  0]LogSlate: Took 0.015472 seconds to synchronously load lazily loaded font '../../../Engine/Content/Slate/Fonts/Roboto-Light.ttf' (167K)
[2018.12.18-10.20.06:732][  3]LogAssetRegistry: Asset discovery search completed in 86.3271 seconds
[2018.12.18-10.20.06:779][  3]LogCollectionManager: Rebuilt the object cache for 0 collections in 0.000001 seconds (found 0 objects)
[2018.12.18-10.20.06:779][  3]LogCollectionManager: Fixed up redirectors for 0 collections in 0.024246 seconds (updated 0 objects)
[2018.12.18-10.20.17:970][248]LogSlate: FSceneViewport::OnFocusLost() reason 0
[2018.12.18-10.21.15:245][693]LogSlate: Took 0.000232 seconds to synchronously load lazily loaded font '../../../Engine/Content/Slate/Fonts/Roboto-Light.ttf' (167K)
[2018.12.18-10.21.31:843][693]LogSlate: Window 'Pick Parent Class' being destroyed
[2018.12.18-10.21.47:855][221]LogAssetEditorManager: Opening Asset editor for Blueprint /Game/Blueprints/BP_LaunchPad.BP_LaunchPad
[2018.12.18-10.21.49:494][221]LogContentBrowser: Native class hierarchy updated for 'BlueprintGraph' in 0.0006 seconds. Added 117 classes and 0 folders.
[2018.12.18-10.21.56:043][469]LogRenderer: Reallocating scene render targets to support 1208x712 Format 10 NumSamples 1 (Frame:235).
[2018.12.18-10.22.08:421][847]LogTexture: Display: Building textures: ThumbnailTexture (DXT1, 512X512)
[2018.12.18-10.22.11:553][215]LogSlate: Took 0.012045 seconds to synchronously load lazily loaded font '../../../Engine/Content/Slate/Fonts/Roboto-Italic.ttf' (157K)
[2018.12.18-10.22.34:324][874]LogSlate: FSceneViewport::OnFocusLost() reason 2
[2018.12.18-10.23.06:869][299]LogSlate: FSceneViewport::OnFocusLost() reason 0
[2018.12.18-10.23.21:862][958]LogMaterial: Display: Missing cached shader map for material M_LaunchPadBase, compiling. 
[2018.12.18-10.23.22:020][958]LogShaderCompilers: Display: Shaders left to compile 22
[2018.12.18-10.23.22:020][958]LogShaderCompilers: Display: Shaders left to compile 12
[2018.12.18-10.23.22:021][958]LogShaderCompilers: Display: Shaders left to compile 2
[2018.12.18-10.23.34:393][220]LogSlate: FSceneViewport::OnFocusLost() reason 0
[2018.12.18-10.24.23:382][627]LogSlate: FSceneViewport::OnFocusLost() reason 0
[2018.12.18-10.24.43:355][ 79]LogSlate: FSceneViewport::OnFocusLost() reason 0
[2018.12.18-10.26.07:486][115]LogLinker: Warning: Can't find file '/Game/Challenges/LaunchPad/T_Arrow'
[2018.12.18-10.26.07:487][115]LogLinker: Warning: Can't find file for asset '/Game/Challenges/LaunchPad/T_Arrow' while loading ../../../../../Games/StealthGame/UnrealStealthGame/StealthGame/Content/Materials/M_LaunchPAd.uasset.
[2018.12.18-10.26.07:487][115]LoadErrors: Error: /Game/Materials/M_LaunchPAd : Can't find file for asset. /Game/Challenges/LaunchPad/T_Arrow
[2018.12.18-10.26.07:487][115]LogLinker: Warning: Can't find file '/Game/Challenges/LaunchPad/T_Arrow'
[2018.12.18-10.26.07:488][115]LogLinker: Warning: Can't find file for asset '/Game/Challenges/LaunchPad/T_Arrow' while loading ../../../../../Games/StealthGame/UnrealStealthGame/StealthGame/Content/Materials/M_LaunchPAd.uasset.
[2018.12.18-10.26.07:496][115]LogLinker: Warning: Can't find file '/Game/Challenges/LaunchPad/T_Arrow'
[2018.12.18-10.26.07:496][115]LoadErrors: Failed to load /Game/Challenges/LaunchPad/T_Arrow.T_Arrow Referenced by MaterialExpressionTextureSample_2
[2018.12.18-10.26.07:496][115]LogLinker: Warning: Can't find file for asset '/Game/Challenges/LaunchPad/T_Arrow' while loading NULL.
[2018.12.18-10.26.07:496][115]LogLinker: Warning: Can't find file '/Game/Challenges/LaunchPad/T_Arrow'
[2018.12.18-10.26.07:497][115]LoadErrors: Failed to load /Game/Challenges/LaunchPad/T_Arrow.T_Arrow Referenced by MaterialExpressionTextureSample_3
[2018.12.18-10.26.07:497][115]LogLinker: Warning: Can't find file for asset '/Game/Challenges/LaunchPad/T_Arrow' while loading NULL.
[2018.12.18-10.26.07:547][115]LogMaterial: Display: Missing cached shader map for material M_LaunchPAd, compiling. 
[2018.12.18-10.26.07:619][115]LogMaterial: Warning: D:\UnrealEngine\Games\StealthGame\UnrealStealthGame\StealthGame\Content\Materials\M_LaunchPAd.uasset: Failed to compile Material for platform PCD3D_SM5, Default Material will be used in game.
[2018.12.18-10.26.07:619][115]LogMaterial: 	(Node TextureSample) Texture Sample> Missing input texture
[2018.12.18-10.26.23:556][788]LogSlate: FSceneViewport::OnFocusLost() reason 0
[2018.12.18-10.26.34:211][ 35]LogSlate: FSceneViewport::OnFocusLost() reason 2
[2018.12.18-10.27.48:791][166]LogAssetEditorManager: Opening Asset editor for StaticMesh /Engine/BasicShapes/Plane.Plane
[2018.12.18-10.27.51:750][167]LogRenderer: Reallocating scene render targets to support 1432x924 Format 10 NumSamples 1 (Frame:1).
[2018.12.18-10.28.19:020][ 14]LogSlate: FSceneViewport::OnFocusLost() reason 2
[2018.12.18-10.29.21:760][ 50]LogSlate: FSceneViewport::OnFocusLost() reason 2
[2018.12.18-10.29.34:811][524]LogSlate: FSceneViewport::OnFocusLost() reason 0
[2018.12.18-10.30.06:771][ 15]LogFileHelpers: Editor autosave (incl. sublevels) for '/Game/Maps/FirstPersonExampleMap' took 1.929
[2018.12.18-10.30.06:867][ 15]OBJ SavePackage: Generating thumbnails for [1] asset(s) in package [/Game/Blueprints/BP_LaunchPad] ([1] browsable assets)...
[2018.12.18-10.30.06:988][ 15]OBJ SavePackage:     Rendered thumbnail for [Blueprint /Game/Blueprints/BP_LaunchPad.BP_LaunchPad]
[2018.12.18-10.30.06:989][ 15]OBJ SavePackage: Finished generating thumbnails for package [/Game/Blueprints/BP_LaunchPad]
[2018.12.18-10.30.07:323][ 15]LogSavePackage: Moving '../../../../../Games/StealthGame/UnrealStealthGame/StealthGame/Saved/BP_LaunchPad_Auto1A78C07D04EEDD3D891EA27962A088C79.tmp' to '../../../../../Games/StealthGame/UnrealStealthGame/StealthGame/Saved/Autosaves/Game/Blueprints/BP_LaunchPad_Auto1.uasset'
[2018.12.18-10.30.07:385][ 15]LogFileHelpers: Auto-saving content packages took 0.598
[2018.12.18-10.30.58:048][567]Cmd: OBJ SAVEPACKAGE PACKAGE="/Game/Blueprints/BP_LaunchPad" FILE="../../../../../Games/StealthGame/UnrealStealthGame/StealthGame/Content/Blueprints/BP_LaunchPad.uasset" SILENT=true
[2018.12.18-10.30.58:064][567]LogSavePackage: Moving '../../../../../Games/StealthGame/UnrealStealthGame/StealthGame/Saved/BP_LaunchPadA26F147743037A7D64FCC7B7C902034C.tmp' to '../../../../../Games/StealthGame/UnrealStealthGame/StealthGame/Content/Blueprints/BP_LaunchPad.uasset'
[2018.12.18-10.31.14:911][402]LogSlate: FSceneViewport::OnFocusLost() reason 2
[2018.12.18-10.31.21:843][211]LogLinker: Warning: Can't find file '/Game/Challenges/Launchpad/T_Arrow'
[2018.12.18-10.31.21:843][211]LogLinker: Warning: Can't find file for asset '/Game/Challenges/Launchpad/T_Arrow' while loading ../../../../../Games/StealthGame/UnrealStealthGame/StealthGame/Content/Materials/M_LaunchPadArrow.uasset.
[2018.12.18-10.31.21:844][211]LoadErrors: Error: /Game/Materials/M_LaunchPadArrow : Can't find file for asset. /Game/Challenges/Launchpad/T_Arrow
[2018.12.18-10.31.21:844][211]LogLinker: Warning: Can't find file '/Game/Challenges/Launchpad/T_Arrow'
[2018.12.18-10.31.21:844][211]LogLinker: Warning: Can't find file for asset '/Game/Challenges/Launchpad/T_Arrow' while loading ../../../../../Games/StealthGame/UnrealStealthGame/StealthGame/Content/Materials/M_LaunchPadArrow.uasset.
[2018.12.18-10.31.21:845][211]LogLinker: Warning: Can't find file '/Game/Challenges/Launchpad/T_Arrow'
[2018.12.18-10.31.21:846][211]LoadErrors: Failed to load /Game/Challenges/Launchpad/T_Arrow.T_Arrow Referenced by MaterialExpressionTextureSample_2
[2018.12.18-10.31.21:846][211]LogLinker: Warning: Can't find file for asset '/Game/Challenges/Launchpad/T_Arrow' while loading NULL.
[2018.12.18-10.31.21:846][211]LogLinker: Warning: Can't find file '/Game/Challenges/Launchpad/T_Arrow'
[2018.12.18-10.31.21:846][211]LoadErrors: Failed to load /Game/Challenges/Launchpad/T_Arrow.T_Arrow Referenced by MaterialExpressionTextureSample_3
[2018.12.18-10.31.21:846][211]LogLinker: Warning: Can't find file for asset '/Game/Challenges/Launchpad/T_Arrow' while loading NULL.
[2018.12.18-10.31.21:848][211]LogMaterial: Display: Missing cached shader map for material M_LaunchPad, compiling. 
[2018.12.18-10.31.21:849][211]LogMaterial: Warning: D:\UnrealEngine\Games\StealthGame\UnrealStealthGame\StealthGame\Content\Materials\M_LaunchPadArrow.uasset: Failed to compile Material for platform PCD3D_SM5, Default Material will be used in game.
[2018.12.18-10.31.21:849][211]LogMaterial: 	(Node TextureSample) Texture Sample> Missing input texture
[2018.12.18-10.31.21:849][211]LogMaterial: 	(Node TextureSample) TextureSample> Sampler type is Color, should be Linear Color for /Game/Materials/T_DevPatterns.T_DevPatterns
[2018.12.18-10.31.39:516][ 95]LogSlate: FSceneViewport::OnFocusLost() reason 0
[2018.12.18-10.31.46:324][800]LogEditorTransaction: Undo Replace component used material
[2018.12.18-10.31.50:966][327]LogSlate: FSceneViewport::OnFocusLost() reason 0
[2018.12.18-10.34.30:002][765]LogSlate: FSceneViewport::OnFocusLost() reason 0
[2018.12.18-10.35.00:116][282]LogSlate: FSceneViewport::OnFocusLost() reason 0
[2018.12.18-10.35.59:646][680]BlueprintLog: New page: Compile BP_LaunchPad
[2018.12.18-10.36.00:161][680]Cmd: OBJ SAVEPACKAGE PACKAGE="/Game/Blueprints/BP_LaunchPad" FILE="../../../../../Games/StealthGame/UnrealStealthGame/StealthGame/Content/Blueprints/BP_LaunchPad.uasset" SILENT=true
[2018.12.18-10.36.00:257][680]LogSavePackage: Moving '../../../../../Games/StealthGame/UnrealStealthGame/StealthGame/Saved/BP_LaunchPad462413BD4B297BB9A37425B4761402D3.tmp' to '../../../../../Games/StealthGame/UnrealStealthGame/StealthGame/Content/Blueprints/BP_LaunchPad.uasset'
[2018.12.18-10.36.01:970][870]Cmd: OBJ SAVEPACKAGE PACKAGE="/Game/Blueprints/BP_LaunchPad" FILE="../../../../../Games/StealthGame/UnrealStealthGame/StealthGame/Content/Blueprints/BP_LaunchPad.uasset" SILENT=true
[2018.12.18-10.36.01:977][870]LogSavePackage: Moving '../../../../../Games/StealthGame/UnrealStealthGame/StealthGame/Saved/BP_LaunchPad88F9217340AF210CE6BFCA86F3EDACCE.tmp' to '../../../../../Games/StealthGame/UnrealStealthGame/StealthGame/Content/Blueprints/BP_LaunchPad.uasset'
[2018.12.18-10.36.04:330][150]LogSlate: Window 'BP_LaunchPad' being destroyed
[2018.12.18-10.36.04:336][150]LogSlate: Window 'BP_LaunchPad' being destroyed
[2018.12.18-10.36.11:876][563]LogEditorViewport: Clicking on Actor (LMB): StaticMeshActor (EditorCube20)
[2018.12.18-10.36.13:791][774]LogEditorViewport: Clicking on Actor (CTRL LMB): StaticMeshActor (EditorCube18)
[2018.12.18-10.36.14:260][825]LogEditorViewport: Clicking on Actor (CTRL LMB): StaticMeshActor (EditorCube19)
[2018.12.18-10.36.15:564][977]LogEditorViewport: Clicking on Actor (CTRL LMB): StaticMeshActor (EditorCube21)
[2018.12.18-10.36.16:157][ 40]LogEditorViewport: Clicking on Actor (CTRL LMB): StaticMeshActor (EditorCube17)
[2018.12.18-10.36.16:587][ 84]LogEditorViewport: Clicking on Actor (CTRL LMB): StaticMeshActor (EditorCube16)
[2018.12.18-10.36.17:275][162]LogEditorViewport: Clicking on Actor (CTRL LMB): StaticMeshActor (EditorCube15)
[2018.12.18-10.36.18:289][279]LogEditorViewport: Clicking on Actor (CTRL LMB): StaticMeshActor (EditorCube8)
[2018.12.18-10.36.19:015][360]LogEditorViewport: Clicking on Actor (CTRL LMB): StaticMeshActor (EditorCube11)
[2018.12.18-10.36.19:636][430]LogEditorViewport: Clicking on Actor (CTRL LMB): StaticMeshActor (EditorCube22)
[2018.12.18-10.36.20:403][517]LogEditorViewport: Clicking on Actor (CTRL LMB): StaticMeshActor (EditorCube9)
[2018.12.18-10.36.22:445][755]LogEditorViewport: Clicking on Actor (CTRL LMB): StaticMeshActor (EditorCube10)
[2018.12.18-10.36.23:577][886]LogEditorViewport: Clicking on Actor (CTRL LMB): StaticMeshActor (EditorCube14)
[2018.12.18-10.36.24:476][989]LogEditorViewport: Clicking on Actor (CTRL LMB): StaticMeshActor (EditorCube12)
[2018.12.18-10.36.25:699][131]LogEditorViewport: Clicking on Actor (CTRL LMB): StaticMeshActor (EditorCube13)
[2018.12.18-10.36.35:885][344]LogSlate: FSceneViewport::OnFocusLost() reason 0
[2018.12.18-10.37.18:019][953]LogSlate: FSceneViewport::OnFocusLost() reason 0
[2018.12.18-10.37.35:412][  0]LogSlate: FSceneViewport::OnFocusLost() reason 0
[2018.12.18-10.37.35:521][ 13]LogTemp: Repeating last play command: Selected Viewport
[2018.12.18-10.37.35:572][ 13]LogBlueprintUserMessages: Early PlayInEditor Detection: Level '/Game/Maps/FirstPersonExampleMap.FirstPersonExampleMap:PersistentLevel' has LevelScriptBlueprint '/Game/Maps/FirstPersonExampleMap.FirstPersonExampleMap:PersistentLevel.FirstPersonExampleMap' with GeneratedClass '/Game/Maps/FirstPersonExampleMap.FirstPersonExampleMap_C' with ClassGeneratedBy '/Game/Maps/FirstPersonExampleMap.FirstPersonExampleMap:PersistentLevel.FirstPersonExampleMap'
[2018.12.18-10.37.35:603][ 13]LogPlayLevel: PlayLevel: No blueprints needed recompiling
[2018.12.18-10.37.35:662][ 13]PIE: New page: PIE session: FirstPersonExampleMap (18 Dec 2018 12:37:35)
[2018.12.18-10.37.35:758][ 13]LogPlayLevel: Creating play world package: /Game/Maps/UEDPIE_0_FirstPersonExampleMap
[2018.12.18-10.37.35:800][ 13]LogPlayLevel: PIE: StaticDuplicateObject took: (0.041959s)
[2018.12.18-10.37.35:801][ 13]LogAIModule: Creating AISystem for world FirstPersonExampleMap
[2018.12.18-10.37.35:826][ 13]LogPlayLevel: PIE: World Init took: (0.025687s)
[2018.12.18-10.37.35:826][ 13]LogPlayLevel: PIE: Created PIE world by copying editor world from /Game/Maps/FirstPersonExampleMap.FirstPersonExampleMap to /Game/Maps/UEDPIE_0_FirstPersonExampleMap.FirstPersonExampleMap (0.068312s)
[2018.12.18-10.37.35:889][ 13]LogInit: XAudio2 using 'Speakers (2- USB Audio Device)' : 2 channels at 48 kHz using 16 bits per sample (channel mask 0x3)
[2018.12.18-10.37.35:899][ 13]LogInit: FAudioDevice initialized.
[2018.12.18-10.37.35:954][ 13]LogLoad: Game class is 'BP_GameMode_C'
[2018.12.18-10.37.36:083][ 13]LogWorld: Bringing World /Game/Maps/UEDPIE_0_FirstPersonExampleMap.FirstPersonExampleMap up for play (max tick rate 0) at 2018.12.18-11.37.36
[2018.12.18-10.37.36:113][ 13]LogWorld: Bringing up level for play took: 0.063878
[2018.12.18-10.37.36:239][ 13]LogContentBrowser: Native class hierarchy updated for 'MovieSceneCapture' in 0.0004 seconds. Added 20 classes and 0 folders.
[2018.12.18-10.37.36:340][ 13]PIE: Play in editor start time for /Game/Maps/UEDPIE_0_FirstPersonExampleMap 1.422
[2018.12.18-10.37.36:340][ 13]LogBlueprintUserMessages: Late PlayInEditor Detection: Level '/Game/Maps/FirstPersonExampleMap.FirstPersonExampleMap:PersistentLevel' has LevelScriptBlueprint '/Game/Maps/FirstPersonExampleMap.FirstPersonExampleMap:PersistentLevel.FirstPersonExampleMap' with GeneratedClass '/Game/Maps/FirstPersonExampleMap.FirstPersonExampleMap_C' with ClassGeneratedBy '/Game/Maps/FirstPersonExampleMap.FirstPersonExampleMap:PersistentLevel.FirstPersonExampleMap'
[2018.12.18-10.38.02:942][158]LogBlueprintUserMessages: Early EndPlayMap Detection: Level '/Game/Maps/FirstPersonExampleMap.FirstPersonExampleMap:PersistentLevel' has LevelScriptBlueprint '/Game/Maps/FirstPersonExampleMap.FirstPersonExampleMap:PersistentLevel.FirstPersonExampleMap' with GeneratedClass '/Game/Maps/FirstPersonExampleMap.FirstPersonExampleMap_C' with ClassGeneratedBy '/Game/Maps/FirstPersonExampleMap.FirstPersonExampleMap:PersistentLevel.FirstPersonExampleMap'
[2018.12.18-10.38.02:955][158]LogSlate: Updating window title bar state: overlay mode, drag disabled, window buttons hidden, title bar hidden
[2018.12.18-10.38.03:088][158]LogPlayLevel: Display: Shutting down PIE online subsystems
[2018.12.18-10.38.03:088][158]LogBlueprintUserMessages: Late EndPlayMap Detection: Level '/Game/Maps/FirstPersonExampleMap.FirstPersonExampleMap:PersistentLevel' has LevelScriptBlueprint '/Game/Maps/FirstPersonExampleMap.FirstPersonExampleMap:PersistentLevel.FirstPersonExampleMap' with GeneratedClass '/Game/Maps/FirstPersonExampleMap.FirstPersonExampleMap_C' with ClassGeneratedBy '/Game/Maps/FirstPersonExampleMap.FirstPersonExampleMap:PersistentLevel.FirstPersonExampleMap'
[2018.12.18-10.38.03:140][158]LogSlate: Updating window title bar state: overlay mode, drag disabled, window buttons hidden, title bar hidden
[2018.12.18-10.38.03:206][159]LogPlayLevel: Display: Destroying online subsystem :Context_9
[2018.12.18-10.38.07:465][349]LogSlate: FSceneViewport::OnFocusLost() reason 0
[2018.12.18-10.38.11:111][733]LogAssetEditorManager: Opening Asset editor for Blueprint /Game/Blueprints/BP_LaunchPad.BP_LaunchPad
[2018.12.18-10.38.11:473][733]LogSlate: Took 0.016600 seconds to synchronously load lazily loaded font '../../../Engine/Content/Slate/Fonts/Roboto-BoldCondensed.ttf' (158K)
[2018.12.18-10.38.31:716][ 85]LogSlate: FSceneViewport::OnFocusLost() reason 0
[2018.12.18-10.38.39:360][956]LogSlate: FSceneViewport::OnFocusLost() reason 0
[2018.12.18-10.38.54:333][702]LogSlate: FSceneViewport::OnFocusLost() reason 0
[2018.12.18-10.39.07:213][221]LogSlate: FSceneViewport::OnFocusLost() reason 0
[2018.12.18-10.39.07:312][233]BlueprintLog: New page: Compile BP_LaunchPad
[2018.12.18-10.39.07:488][233]Cmd: OBJ SAVEPACKAGE PACKAGE="/Game/Blueprints/BP_LaunchPad" FILE="../../../../../Games/StealthGame/UnrealStealthGame/StealthGame/Content/Blueprints/BP_LaunchPad.uasset" SILENT=true
[2018.12.18-10.39.07:501][233]LogSavePackage: Moving '../../../../../Games/StealthGame/UnrealStealthGame/StealthGame/Saved/BP_LaunchPad4350C9F94BFBB5029FEF7F98C62ED40B.tmp' to '../../../../../Games/StealthGame/UnrealStealthGame/StealthGame/Content/Blueprints/BP_LaunchPad.uasset'
[2018.12.18-10.39.08:178][310]Cmd: OBJ SAVEPACKAGE PACKAGE="/Game/Blueprints/BP_LaunchPad" FILE="../../../../../Games/StealthGame/UnrealStealthGame/StealthGame/Content/Blueprints/BP_LaunchPad.uasset" SILENT=true
[2018.12.18-10.39.08:185][310]LogSavePackage: Moving '../../../../../Games/StealthGame/UnrealStealthGame/StealthGame/Saved/BP_LaunchPad8D5F60804D3C06B140DB9D9CCFC37AF0.tmp' to '../../../../../Games/StealthGame/UnrealStealthGame/StealthGame/Content/Blueprints/BP_LaunchPad.uasset'
[2018.12.18-10.39.09:967][521]Cmd: OBJ SAVEPACKAGE PACKAGE="/Game/Blueprints/BP_LaunchPad" FILE="../../../../../Games/StealthGame/UnrealStealthGame/StealthGame/Content/Blueprints/BP_LaunchPad.uasset" SILENT=true
[2018.12.18-10.39.09:974][521]LogSavePackage: Moving '../../../../../Games/StealthGame/UnrealStealthGame/StealthGame/Saved/BP_LaunchPad369B4F3A42104484B29B2F98736DA2D6.tmp' to '../../../../../Games/StealthGame/UnrealStealthGame/StealthGame/Content/Blueprints/BP_LaunchPad.uasset'
[2018.12.18-10.39.11:679][724]LogSlate: Window 'BP_LaunchPad' being destroyed
[2018.12.18-10.39.11:685][724]LogSlate: Window 'BP_LaunchPad' being destroyed
[2018.12.18-10.39.13:573][944]LogTemp: Repeating last play command: Selected Viewport
[2018.12.18-10.39.13:579][944]LogBlueprintUserMessages: Early PlayInEditor Detection: Level '/Game/Maps/FirstPersonExampleMap.FirstPersonExampleMap:PersistentLevel' has LevelScriptBlueprint '/Game/Maps/FirstPersonExampleMap.FirstPersonExampleMap:PersistentLevel.FirstPersonExampleMap' with GeneratedClass '/Game/Maps/FirstPersonExampleMap.FirstPersonExampleMap_C' with ClassGeneratedBy '/Game/Maps/FirstPersonExampleMap.FirstPersonExampleMap:PersistentLevel.FirstPersonExampleMap'
[2018.12.18-10.39.13:580][944]LogPlayLevel: PlayLevel: No blueprints needed recompiling
[2018.12.18-10.39.13:580][944]PIE: New page: PIE session: FirstPersonExampleMap (18 Dec 2018 12:39:13)
[2018.12.18-10.39.13:580][944]LogPlayLevel: Creating play world package: /Game/Maps/UEDPIE_0_FirstPersonExampleMap
[2018.12.18-10.39.13:592][944]LogPlayLevel: PIE: StaticDuplicateObject took: (0.012022s)
[2018.12.18-10.39.13:593][944]LogAIModule: Creating AISystem for world FirstPersonExampleMap
[2018.12.18-10.39.13:593][944]LogPlayLevel: PIE: World Init took: (0.000832s)
[2018.12.18-10.39.13:593][944]LogPlayLevel: PIE: Created PIE world by copying editor world from /Game/Maps/FirstPersonExampleMap.FirstPersonExampleMap to /Game/Maps/UEDPIE_0_FirstPersonExampleMap.FirstPersonExampleMap (0.013271s)
[2018.12.18-10.39.13:665][944]LogInit: XAudio2 using 'Speakers (2- USB Audio Device)' : 2 channels at 48 kHz using 16 bits per sample (channel mask 0x3)
[2018.12.18-10.39.13:674][944]LogInit: FAudioDevice initialized.
[2018.12.18-10.39.13:717][944]LogLoad: Game class is 'BP_GameMode_C'
[2018.12.18-10.39.13:719][944]LogWorld: Bringing World /Game/Maps/UEDPIE_0_FirstPersonExampleMap.FirstPersonExampleMap up for play (max tick rate 0) at 2018.12.18-11.39.13
[2018.12.18-10.39.13:720][944]LogWorld: Bringing up level for play took: 0.001813
[2018.12.18-10.39.13:733][944]PIE: Play in editor start time for /Game/Maps/UEDPIE_0_FirstPersonExampleMap 0.817
[2018.12.18-10.39.13:734][944]LogBlueprintUserMessages: Late PlayInEditor Detection: Level '/Game/Maps/FirstPersonExampleMap.FirstPersonExampleMap:PersistentLevel' has LevelScriptBlueprint '/Game/Maps/FirstPersonExampleMap.FirstPersonExampleMap:PersistentLevel.FirstPersonExampleMap' with GeneratedClass '/Game/Maps/FirstPersonExampleMap.FirstPersonExampleMap_C' with ClassGeneratedBy '/Game/Maps/FirstPersonExampleMap.FirstPersonExampleMap:PersistentLevel.FirstPersonExampleMap'
[2018.12.18-10.39.32:968][247]LogBlueprintUserMessages: Early EndPlayMap Detection: Level '/Game/Maps/FirstPersonExampleMap.FirstPersonExampleMap:PersistentLevel' has LevelScriptBlueprint '/Game/Maps/FirstPersonExampleMap.FirstPersonExampleMap:PersistentLevel.FirstPersonExampleMap' with GeneratedClass '/Game/Maps/FirstPersonExampleMap.FirstPersonExampleMap_C' with ClassGeneratedBy '/Game/Maps/FirstPersonExampleMap.FirstPersonExampleMap:PersistentLevel.FirstPersonExampleMap'
[2018.12.18-10.39.32:969][247]LogSlate: Updating window title bar state: overlay mode, drag disabled, window buttons hidden, title bar hidden
[2018.12.18-10.39.33:005][247]LogPlayLevel: Display: Shutting down PIE online subsystems
[2018.12.18-10.39.33:005][247]LogBlueprintUserMessages: Late EndPlayMap Detection: Level '/Game/Maps/FirstPersonExampleMap.FirstPersonExampleMap:PersistentLevel' has LevelScriptBlueprint '/Game/Maps/FirstPersonExampleMap.FirstPersonExampleMap:PersistentLevel.FirstPersonExampleMap' with GeneratedClass '/Game/Maps/FirstPersonExampleMap.FirstPersonExampleMap_C' with ClassGeneratedBy '/Game/Maps/FirstPersonExampleMap.FirstPersonExampleMap:PersistentLevel.FirstPersonExampleMap'
[2018.12.18-10.39.33:027][247]LogSlate: Updating window title bar state: overlay mode, drag disabled, window buttons hidden, title bar hidden
[2018.12.18-10.39.33:070][251]LogPlayLevel: Display: Destroying online subsystem :Context_11
[2018.12.18-10.39.45:576][710]LogSlate: FSceneViewport::OnFocusLost() reason 2
[2018.12.18-10.39.46:142][775]LogEditorViewport: Clicking Background
[2018.12.18-10.39.54:800][763]LogEditorViewport: Clicking on Actor (LMB): BP_LaunchPad_C (BP_LaunchPad)
[2018.12.18-10.40.01:401][548]LogSlate: FSceneViewport::OnFocusLost() reason 0
[2018.12.18-10.40.04:726][947]Cmd: TRANSACTION UNDO
[2018.12.18-10.40.04:726][947]LogEditorTransaction: Undo Set Rotation
[2018.12.18-10.40.07:993][328]Cmd: TRANSACTION UNDO
[2018.12.18-10.40.07:993][328]LogEditorTransaction: Undo Set Rotation
[2018.12.18-10.40.15:471][214]Cmd: TRANSACTION UNDO
[2018.12.18-10.40.15:471][214]LogEditorTransaction: Undo Set Rotation
[2018.12.18-10.40.32:069][191]LogTemp: Repeating last play command: Selected Viewport
[2018.12.18-10.40.32:076][191]LogBlueprintUserMessages: Early PlayInEditor Detection: Level '/Game/Maps/FirstPersonExampleMap.FirstPersonExampleMap:PersistentLevel' has LevelScriptBlueprint '/Game/Maps/FirstPersonExampleMap.FirstPersonExampleMap:PersistentLevel.FirstPersonExampleMap' with GeneratedClass '/Game/Maps/FirstPersonExampleMap.FirstPersonExampleMap_C' with ClassGeneratedBy '/Game/Maps/FirstPersonExampleMap.FirstPersonExampleMap:PersistentLevel.FirstPersonExampleMap'
[2018.12.18-10.40.32:076][191]LogPlayLevel: PlayLevel: No blueprints needed recompiling
[2018.12.18-10.40.32:076][191]PIE: New page: PIE session: FirstPersonExampleMap (18 Dec 2018 12:40:32)
[2018.12.18-10.40.32:076][191]LogPlayLevel: Creating play world package: /Game/Maps/UEDPIE_0_FirstPersonExampleMap
[2018.12.18-10.40.32:090][191]LogPlayLevel: PIE: StaticDuplicateObject took: (0.013557s)
[2018.12.18-10.40.32:090][191]LogAIModule: Creating AISystem for world FirstPersonExampleMap
[2018.12.18-10.40.32:091][191]LogPlayLevel: PIE: World Init took: (0.000597s)
[2018.12.18-10.40.32:091][191]LogPlayLevel: PIE: Created PIE world by copying editor world from /Game/Maps/FirstPersonExampleMap.FirstPersonExampleMap to /Game/Maps/UEDPIE_0_FirstPersonExampleMap.FirstPersonExampleMap (0.014492s)
[2018.12.18-10.40.32:125][191]LogInit: XAudio2 using 'Speakers (2- USB Audio Device)' : 2 channels at 48 kHz using 16 bits per sample (channel mask 0x3)
[2018.12.18-10.40.32:134][191]LogInit: FAudioDevice initialized.
[2018.12.18-10.40.32:168][191]LogLoad: Game class is 'BP_GameMode_C'
[2018.12.18-10.40.32:170][191]LogWorld: Bringing World /Game/Maps/UEDPIE_0_FirstPersonExampleMap.FirstPersonExampleMap up for play (max tick rate 0) at 2018.12.18-11.40.32
[2018.12.18-10.40.32:170][191]LogWorld: Bringing up level for play took: 0.001578
[2018.12.18-10.40.32:184][191]PIE: Play in editor start time for /Game/Maps/UEDPIE_0_FirstPersonExampleMap -0.733
[2018.12.18-10.40.32:185][191]LogBlueprintUserMessages: Late PlayInEditor Detection: Level '/Game/Maps/FirstPersonExampleMap.FirstPersonExampleMap:PersistentLevel' has LevelScriptBlueprint '/Game/Maps/FirstPersonExampleMap.FirstPersonExampleMap:PersistentLevel.FirstPersonExampleMap' with GeneratedClass '/Game/Maps/FirstPersonExampleMap.FirstPersonExampleMap_C' with ClassGeneratedBy '/Game/Maps/FirstPersonExampleMap.FirstPersonExampleMap:PersistentLevel.FirstPersonExampleMap'
[2018.12.18-10.40.39:337][ 47]LogBlueprintUserMessages: Early EndPlayMap Detection: Level '/Game/Maps/FirstPersonExampleMap.FirstPersonExampleMap:PersistentLevel' has LevelScriptBlueprint '/Game/Maps/FirstPersonExampleMap.FirstPersonExampleMap:PersistentLevel.FirstPersonExampleMap' with GeneratedClass '/Game/Maps/FirstPersonExampleMap.FirstPersonExampleMap_C' with ClassGeneratedBy '/Game/Maps/FirstPersonExampleMap.FirstPersonExampleMap:PersistentLevel.FirstPersonExampleMap'
[2018.12.18-10.40.39:337][ 47]LogSlate: Updating window title bar state: overlay mode, drag disabled, window buttons hidden, title bar hidden
[2018.12.18-10.40.39:375][ 47]LogPlayLevel: Display: Shutting down PIE online subsystems
[2018.12.18-10.40.39:376][ 47]LogBlueprintUserMessages: Late EndPlayMap Detection: Level '/Game/Maps/FirstPersonExampleMap.FirstPersonExampleMap:PersistentLevel' has LevelScriptBlueprint '/Game/Maps/FirstPersonExampleMap.FirstPersonExampleMap:PersistentLevel.FirstPersonExampleMap' with GeneratedClass '/Game/Maps/FirstPersonExampleMap.FirstPersonExampleMap_C' with ClassGeneratedBy '/Game/Maps/FirstPersonExampleMap.FirstPersonExampleMap:PersistentLevel.FirstPersonExampleMap'
[2018.12.18-10.40.39:399][ 47]LogSlate: Updating window title bar state: overlay mode, drag disabled, window buttons hidden, title bar hidden
[2018.12.18-10.40.39:438][ 49]LogPlayLevel: Display: Destroying online subsystem :Context_12
[2018.12.18-10.40.44:164][616]LogEditorViewport: Clicking Background
[2018.12.18-10.40.48:151][ 79]LogEditorViewport: Clicking on Actor (LMB): BP_LaunchPad_C (BP_LaunchPad)
[2018.12.18-10.40.49:430][225]LogSlate: FSceneViewport::OnFocusLost() reason 0
[2018.12.18-10.40.56:629][ 84]LogAssetEditorManager: Opening Asset editor for Blueprint /Game/Blueprints/BP_LaunchPad.BP_LaunchPad
[2018.12.18-10.41.10:072][424]BlueprintLog: New page: Compile BP_LaunchPad
[2018.12.18-10.41.10:250][424]Cmd: OBJ SAVEPACKAGE PACKAGE="/Game/Blueprints/BP_LaunchPad" FILE="../../../../../Games/StealthGame/UnrealStealthGame/StealthGame/Content/Blueprints/BP_LaunchPad.uasset" SILENT=true
[2018.12.18-10.41.10:266][424]LogSavePackage: Moving '../../../../../Games/StealthGame/UnrealStealthGame/StealthGame/Saved/BP_LaunchPad6B96CB5443A044AF3BBFB6BC6A1D140E.tmp' to '../../../../../Games/StealthGame/UnrealStealthGame/StealthGame/Content/Blueprints/BP_LaunchPad.uasset'
[2018.12.18-10.41.12:376][648]LogSlate: FSceneViewport::OnFocusLost() reason 0
[2018.12.18-10.41.13:520][783]LogSlate: FSceneViewport::OnFocusLost() reason 0
[2018.12.18-10.41.13:613][794]LogTemp: Repeating last play command: Selected Viewport
[2018.12.18-10.41.13:621][794]LogBlueprintUserMessages: Early PlayInEditor Detection: Level '/Game/Maps/FirstPersonExampleMap.FirstPersonExampleMap:PersistentLevel' has LevelScriptBlueprint '/Game/Maps/FirstPersonExampleMap.FirstPersonExampleMap:PersistentLevel.FirstPersonExampleMap' with GeneratedClass '/Game/Maps/FirstPersonExampleMap.FirstPersonExampleMap_C' with ClassGeneratedBy '/Game/Maps/FirstPersonExampleMap.FirstPersonExampleMap:PersistentLevel.FirstPersonExampleMap'
[2018.12.18-10.41.13:621][794]LogPlayLevel: PlayLevel: No blueprints needed recompiling
[2018.12.18-10.41.13:621][794]PIE: New page: PIE session: FirstPersonExampleMap (18 Dec 2018 12:41:13)
[2018.12.18-10.41.13:621][794]LogPlayLevel: Creating play world package: /Game/Maps/UEDPIE_0_FirstPersonExampleMap
[2018.12.18-10.41.13:634][794]LogPlayLevel: PIE: StaticDuplicateObject took: (0.012456s)
[2018.12.18-10.41.13:634][794]LogAIModule: Creating AISystem for world FirstPersonExampleMap
[2018.12.18-10.41.13:635][794]LogPlayLevel: PIE: World Init took: (0.000637s)
[2018.12.18-10.41.13:635][794]LogPlayLevel: PIE: Created PIE world by copying editor world from /Game/Maps/FirstPersonExampleMap.FirstPersonExampleMap to /Game/Maps/UEDPIE_0_FirstPersonExampleMap.FirstPersonExampleMap (0.013485s)
[2018.12.18-10.41.13:707][794]LogInit: XAudio2 using 'Speakers (2- USB Audio Device)' : 2 channels at 48 kHz using 16 bits per sample (channel mask 0x3)
[2018.12.18-10.41.13:716][794]LogInit: FAudioDevice initialized.
[2018.12.18-10.41.13:750][794]LogLoad: Game class is 'BP_GameMode_C'
[2018.12.18-10.41.13:752][794]LogWorld: Bringing World /Game/Maps/UEDPIE_0_FirstPersonExampleMap.FirstPersonExampleMap up for play (max tick rate 0) at 2018.12.18-11.41.13
[2018.12.18-10.41.13:753][794]LogWorld: Bringing up level for play took: 0.001849
[2018.12.18-10.41.13:766][794]PIE: Play in editor start time for /Game/Maps/UEDPIE_0_FirstPersonExampleMap 0.849
[2018.12.18-10.41.13:767][794]LogBlueprintUserMessages: Late PlayInEditor Detection: Level '/Game/Maps/FirstPersonExampleMap.FirstPersonExampleMap:PersistentLevel' has LevelScriptBlueprint '/Game/Maps/FirstPersonExampleMap.FirstPersonExampleMap:PersistentLevel.FirstPersonExampleMap' with GeneratedClass '/Game/Maps/FirstPersonExampleMap.FirstPersonExampleMap_C' with ClassGeneratedBy '/Game/Maps/FirstPersonExampleMap.FirstPersonExampleMap:PersistentLevel.FirstPersonExampleMap'
[2018.12.18-10.41.30:112][749]LogBlueprintUserMessages: Early EndPlayMap Detection: Level '/Game/Maps/FirstPersonExampleMap.FirstPersonExampleMap:PersistentLevel' has LevelScriptBlueprint '/Game/Maps/FirstPersonExampleMap.FirstPersonExampleMap:PersistentLevel.FirstPersonExampleMap' with GeneratedClass '/Game/Maps/FirstPersonExampleMap.FirstPersonExampleMap_C' with ClassGeneratedBy '/Game/Maps/FirstPersonExampleMap.FirstPersonExampleMap:PersistentLevel.FirstPersonExampleMap'
[2018.12.18-10.41.30:113][749]LogSlate: Updating window title bar state: overlay mode, drag disabled, window buttons hidden, title bar hidden
[2018.12.18-10.41.30:147][749]LogPlayLevel: Display: Shutting down PIE online subsystems
[2018.12.18-10.41.30:147][749]LogBlueprintUserMessages: Late EndPlayMap Detection: Level '/Game/Maps/FirstPersonExampleMap.FirstPersonExampleMap:PersistentLevel' has LevelScriptBlueprint '/Game/Maps/FirstPersonExampleMap.FirstPersonExampleMap:PersistentLevel.FirstPersonExampleMap' with GeneratedClass '/Game/Maps/FirstPersonExampleMap.FirstPersonExampleMap_C' with ClassGeneratedBy '/Game/Maps/FirstPersonExampleMap.FirstPersonExampleMap:PersistentLevel.FirstPersonExampleMap'
[2018.12.18-10.41.30:174][749]LogSlate: Updating window title bar state: overlay mode, drag disabled, window buttons hidden, title bar hidden
[2018.12.18-10.41.30:211][753]LogPlayLevel: Display: Destroying online subsystem :Context_14
[2018.12.18-10.41.35:490][375]LogEditorViewport: Clicking on Actor (LMB): BP_LaunchPad_C (BP_LaunchPad)
[2018.12.18-10.41.36:747][519]LogEditorViewport: Clicking on Actor (LMB): BP_LaunchPad_C (BP_LaunchPad)
[2018.12.18-10.41.40:900][ 13]LogSlate: FSceneViewport::OnFocusLost() reason 0
[2018.12.18-10.41.54:831][681]LogTemp: Repeating last play command: Selected Viewport
[2018.12.18-10.41.54:838][681]LogBlueprintUserMessages: Early PlayInEditor Detection: Level '/Game/Maps/FirstPersonExampleMap.FirstPersonExampleMap:PersistentLevel' has LevelScriptBlueprint '/Game/Maps/FirstPersonExampleMap.FirstPersonExampleMap:PersistentLevel.FirstPersonExampleMap' with GeneratedClass '/Game/Maps/FirstPersonExampleMap.FirstPersonExampleMap_C' with ClassGeneratedBy '/Game/Maps/FirstPersonExampleMap.FirstPersonExampleMap:PersistentLevel.FirstPersonExampleMap'
[2018.12.18-10.41.54:838][681]LogPlayLevel: PlayLevel: No blueprints needed recompiling
[2018.12.18-10.41.54:838][681]PIE: New page: PIE session: FirstPersonExampleMap (18 Dec 2018 12:41:54)
[2018.12.18-10.41.54:838][681]LogPlayLevel: Creating play world package: /Game/Maps/UEDPIE_0_FirstPersonExampleMap
[2018.12.18-10.41.54:852][681]LogPlayLevel: PIE: StaticDuplicateObject took: (0.013589s)
[2018.12.18-10.41.54:853][681]LogAIModule: Creating AISystem for world FirstPersonExampleMap
[2018.12.18-10.41.54:853][681]LogPlayLevel: PIE: World Init took: (0.000624s)
[2018.12.18-10.41.54:853][681]LogPlayLevel: PIE: Created PIE world by copying editor world from /Game/Maps/FirstPersonExampleMap.FirstPersonExampleMap to /Game/Maps/UEDPIE_0_FirstPersonExampleMap.FirstPersonExampleMap (0.014594s)
[2018.12.18-10.41.54:887][681]LogInit: XAudio2 using 'Speakers (2- USB Audio Device)' : 2 channels at 48 kHz using 16 bits per sample (channel mask 0x3)
[2018.12.18-10.41.54:897][681]LogInit: FAudioDevice initialized.
[2018.12.18-10.41.54:932][681]LogLoad: Game class is 'BP_GameMode_C'
[2018.12.18-10.41.54:934][681]LogWorld: Bringing World /Game/Maps/UEDPIE_0_FirstPersonExampleMap.FirstPersonExampleMap up for play (max tick rate 0) at 2018.12.18-11.41.54
[2018.12.18-10.41.54:935][681]LogWorld: Bringing up level for play took: 0.001698
[2018.12.18-10.41.54:948][681]PIE: Play in editor start time for /Game/Maps/UEDPIE_0_FirstPersonExampleMap 0.031
[2018.12.18-10.41.54:948][681]LogBlueprintUserMessages: Late PlayInEditor Detection: Level '/Game/Maps/FirstPersonExampleMap.FirstPersonExampleMap:PersistentLevel' has LevelScriptBlueprint '/Game/Maps/FirstPersonExampleMap.FirstPersonExampleMap:PersistentLevel.FirstPersonExampleMap' with GeneratedClass '/Game/Maps/FirstPersonExampleMap.FirstPersonExampleMap_C' with ClassGeneratedBy '/Game/Maps/FirstPersonExampleMap.FirstPersonExampleMap:PersistentLevel.FirstPersonExampleMap'
[2018.12.18-10.42.55:307][917]LogTemp: Overlapped with extraction zone!
[2018.12.18-10.42.59:274][393]LogBlueprintUserMessages: Early EndPlayMap Detection: Level '/Game/Maps/FirstPersonExampleMap.FirstPersonExampleMap:PersistentLevel' has LevelScriptBlueprint '/Game/Maps/FirstPersonExampleMap.FirstPersonExampleMap:PersistentLevel.FirstPersonExampleMap' with GeneratedClass '/Game/Maps/FirstPersonExampleMap.FirstPersonExampleMap_C' with ClassGeneratedBy '/Game/Maps/FirstPersonExampleMap.FirstPersonExampleMap:PersistentLevel.FirstPersonExampleMap'
[2018.12.18-10.42.59:274][393]LogSlate: Updating window title bar state: overlay mode, drag disabled, window buttons hidden, title bar hidden
[2018.12.18-10.42.59:309][393]LogPlayLevel: Display: Shutting down PIE online subsystems
[2018.12.18-10.42.59:309][393]LogBlueprintUserMessages: Late EndPlayMap Detection: Level '/Game/Maps/FirstPersonExampleMap.FirstPersonExampleMap:PersistentLevel' has LevelScriptBlueprint '/Game/Maps/FirstPersonExampleMap.FirstPersonExampleMap:PersistentLevel.FirstPersonExampleMap' with GeneratedClass '/Game/Maps/FirstPersonExampleMap.FirstPersonExampleMap_C' with ClassGeneratedBy '/Game/Maps/FirstPersonExampleMap.FirstPersonExampleMap:PersistentLevel.FirstPersonExampleMap'
[2018.12.18-10.42.59:334][393]LogSlate: Updating window title bar state: overlay mode, drag disabled, window buttons hidden, title bar hidden
[2018.12.18-10.42.59:378][397]LogPlayLevel: Display: Destroying online subsystem :Context_15
[2018.12.18-10.43.07:123][326]LogSlate: FSceneViewport::OnFocusLost() reason 0
[2018.12.18-10.43.19:441][788]LogSlate: FSceneViewport::OnFocusLost() reason 0
[2018.12.18-10.43.19:516][797]LogTemp: Repeating last play command: Selected Viewport
[2018.12.18-10.43.19:524][797]LogBlueprintUserMessages: Early PlayInEditor Detection: Level '/Game/Maps/FirstPersonExampleMap.FirstPersonExampleMap:PersistentLevel' has LevelScriptBlueprint '/Game/Maps/FirstPersonExampleMap.FirstPersonExampleMap:PersistentLevel.FirstPersonExampleMap' with GeneratedClass '/Game/Maps/FirstPersonExampleMap.FirstPersonExampleMap_C' with ClassGeneratedBy '/Game/Maps/FirstPersonExampleMap.FirstPersonExampleMap:PersistentLevel.FirstPersonExampleMap'
[2018.12.18-10.43.19:524][797]LogPlayLevel: PlayLevel: No blueprints needed recompiling
[2018.12.18-10.43.19:524][797]PIE: New page: PIE session: FirstPersonExampleMap (18 Dec 2018 12:43:19)
[2018.12.18-10.43.19:525][797]LogPlayLevel: Creating play world package: /Game/Maps/UEDPIE_0_FirstPersonExampleMap
[2018.12.18-10.43.19:540][797]LogPlayLevel: PIE: StaticDuplicateObject took: (0.015317s)
[2018.12.18-10.43.19:541][797]LogAIModule: Creating AISystem for world FirstPersonExampleMap
[2018.12.18-10.43.19:541][797]LogPlayLevel: PIE: World Init took: (0.000611s)
[2018.12.18-10.43.19:541][797]LogPlayLevel: PIE: Created PIE world by copying editor world from /Game/Maps/FirstPersonExampleMap.FirstPersonExampleMap to /Game/Maps/UEDPIE_0_FirstPersonExampleMap.FirstPersonExampleMap (0.016320s)
[2018.12.18-10.43.19:572][797]LogInit: XAudio2 using 'Speakers (2- USB Audio Device)' : 2 channels at 48 kHz using 16 bits per sample (channel mask 0x3)
[2018.12.18-10.43.19:583][797]LogInit: FAudioDevice initialized.
[2018.12.18-10.43.19:621][797]LogLoad: Game class is 'BP_GameMode_C'
[2018.12.18-10.43.19:624][797]LogWorld: Bringing World /Game/Maps/UEDPIE_0_FirstPersonExampleMap.FirstPersonExampleMap up for play (max tick rate 0) at 2018.12.18-11.43.19
[2018.12.18-10.43.19:624][797]LogWorld: Bringing up level for play took: 0.001631
[2018.12.18-10.43.19:638][797]PIE: Play in editor start time for /Game/Maps/UEDPIE_0_FirstPersonExampleMap 0.721
[2018.12.18-10.43.19:639][797]LogBlueprintUserMessages: Late PlayInEditor Detection: Level '/Game/Maps/FirstPersonExampleMap.FirstPersonExampleMap:PersistentLevel' has LevelScriptBlueprint '/Game/Maps/FirstPersonExampleMap.FirstPersonExampleMap:PersistentLevel.FirstPersonExampleMap' with GeneratedClass '/Game/Maps/FirstPersonExampleMap.FirstPersonExampleMap_C' with ClassGeneratedBy '/Game/Maps/FirstPersonExampleMap.FirstPersonExampleMap:PersistentLevel.FirstPersonExampleMap'
[2018.12.18-10.43.24:440][371]LogTemp: Overlapped with extraction zone!
[2018.12.18-10.43.28:707][883]LogBlueprintUserMessages: Early EndPlayMap Detection: Level '/Game/Maps/FirstPersonExampleMap.FirstPersonExampleMap:PersistentLevel' has LevelScriptBlueprint '/Game/Maps/FirstPersonExampleMap.FirstPersonExampleMap:PersistentLevel.FirstPersonExampleMap' with GeneratedClass '/Game/Maps/FirstPersonExampleMap.FirstPersonExampleMap_C' with ClassGeneratedBy '/Game/Maps/FirstPersonExampleMap.FirstPersonExampleMap:PersistentLevel.FirstPersonExampleMap'
[2018.12.18-10.43.28:707][883]LogSlate: Updating window title bar state: overlay mode, drag disabled, window buttons hidden, title bar hidden
[2018.12.18-10.43.28:745][883]LogPlayLevel: Display: Shutting down PIE online subsystems
[2018.12.18-10.43.28:745][883]LogBlueprintUserMessages: Late EndPlayMap Detection: Level '/Game/Maps/FirstPersonExampleMap.FirstPersonExampleMap:PersistentLevel' has LevelScriptBlueprint '/Game/Maps/FirstPersonExampleMap.FirstPersonExampleMap:PersistentLevel.FirstPersonExampleMap' with GeneratedClass '/Game/Maps/FirstPersonExampleMap.FirstPersonExampleMap_C' with ClassGeneratedBy '/Game/Maps/FirstPersonExampleMap.FirstPersonExampleMap:PersistentLevel.FirstPersonExampleMap'
[2018.12.18-10.43.28:770][883]LogSlate: Updating window title bar state: overlay mode, drag disabled, window buttons hidden, title bar hidden
[2018.12.18-10.43.28:811][885]LogPlayLevel: Display: Destroying online subsystem :Context_16
[2018.12.18-10.43.38:337][ 28]LogSlate: FSceneViewport::OnFocusLost() reason 0
[2018.12.18-10.43.39:539][171]LogAssetEditorManager: Opening Asset editor for Blueprint /Game/Blueprints/BP_GameMode.BP_GameMode
[2018.12.18-10.44.28:052][907]LogSlate: FSceneViewport::OnFocusLost() reason 0
[2018.12.18-10.44.28:270][932]LogAssetEditorManager: Opening Asset editor for Blueprint /Game/Blueprints/BP_ExtractionZone.BP_ExtractionZone
[2018.12.18-10.44.31:914][332]LogAssetEditorManager: Opening Asset editor for Blueprint /Game/Blueprints/BP_ExtractionZone.BP_ExtractionZone
[2018.12.18-10.45.09:499][743]LogSlate: Window 'BP_LaunchPad' being destroyed
[2018.12.18-10.45.09:506][743]LogSlate: Window 'BP_LaunchPad' being destroyed
[2018.12.18-10.45.09:506][743]LogActorComponent: UnregisterComponent: (/Engine/Transient.EditorFloorComp) Not registered. Aborting.
[2018.12.18-10.45.11:696][  0]LogSlate: FSceneViewport::OnFocusLost() reason 0
[2018.12.18-10.45.11:904][ 24]LogAssetEditorManager: Opening Asset editor for Blueprint /Game/Blueprints/BP_Objective.BP_Objective
[2018.12.18-10.45.14:150][264]LogAssetEditorManager: Opening Asset editor for Blueprint /Game/Blueprints/BP_Objective.BP_Objective
[2018.12.18-10.45.21:679][107]LogSavePackage: Moving '../../../../../Games/StealthGame/UnrealStealthGame/StealthGame/Saved/FirstPersonExampleMap36E8E6094C3CDFE9BD362BA8EC0A0FC2.tmp' to '../../../../../Games/StealthGame/UnrealStealthGame/StealthGame/Content/Maps/FirstPersonExampleMap.umap'
[2018.12.18-10.45.21:838][107]LogSavePackage: Moving '../../../../../Games/StealthGame/UnrealStealthGame/StealthGame/Saved/FirstPersonExampleMap_BuiltDataCB0E934C4B3E86AF7F4CFC989FA467FE.tmp' to '../../../../../Games/StealthGame/UnrealStealthGame/StealthGame/Content/Maps/FirstPersonExampleMap_BuiltData.uasset'
[2018.12.18-10.45.24:953][479]LogSlate: FSceneViewport::OnFocusLost() reason 0
[2018.12.18-10.45.25:169][504]LogAssetEditorManager: Opening Asset editor for Blueprint /Game/Blueprints/BP_SpectatingViewPoint.BP_SpectatingViewPoint
[2018.12.18-10.45.32:204][306]LogSlate: Window 'BP_SpectatingViewPoint' being destroyed
[2018.12.18-10.45.36:883][861]LogSlate: FSceneViewport::OnFocusLost() reason 0
[2018.12.18-10.45.37:109][887]LogAssetEditorManager: Opening Asset editor for Blueprint /Game/Blueprints/BP_HUD.BP_HUD
[2018.12.18-10.45.50:003][403]LogAssetEditorManager: Opening Asset editor for Blueprint /Game/Blueprints/BP_GameMode.BP_GameMode
[2018.12.18-10.46.18:670][798]LogSlate: Window 'BP_GameMode' being destroyed
[2018.12.18-10.48.12:523][902]LogEditorViewport: Clicking on Actor (LMB): BP_Objective_C (BP_Objective2)
[2018.12.18-10.48.14:364][116]Cmd: DELETE
[2018.12.18-10.48.14:365][116]Cmd: ACTOR DELETE
[2018.12.18-10.48.14:622][116]LogEditorActor: Deleted Actor: BP_Objective_C
[2018.12.18-10.48.14:652][116]LogEditorActor: Deleted 1 Actors (0.059 secs)
[2018.12.18-10.55.21:292][844]LogSlate: FSceneViewport::OnFocusLost() reason 2
[2018.12.18-10.55.21:483][844]LogSavePackage: Moving '../../../../../Games/StealthGame/UnrealStealthGame/StealthGame/Saved/FirstPersonExampleMap_Auto24AEC5E82496F61CA8D119783F7A24EFF.tmp' to '../../../../../Games/StealthGame/UnrealStealthGame/StealthGame/Saved/Autosaves/Game/Maps/FirstPersonExampleMap_Auto2.umap'
[2018.12.18-10.55.21:486][844]LogFileHelpers: Editor autosave (incl. sublevels) for '/Game/Maps/FirstPersonExampleMap' took 0.183
[2018.12.18-10.55.21:486][844]LogFileHelpers: Editor autosave (incl. sublevels) for all levels took 0.183
[2018.12.18-10.57.07:175][484]LogSlate: FSceneViewport::OnFocusLost() reason 0
[2018.12.18-10.57.07:492][484]LogSavePackage: Moving '../../../../../Games/StealthGame/UnrealStealthGame/StealthGame/Saved/FirstPersonExampleMap42329E8845F1B9401C0BC0B3EAF2AFA8.tmp' to '../../../../../Games/StealthGame/UnrealStealthGame/StealthGame/Content/Maps/FirstPersonExampleMap.umap'
[2018.12.18-10.57.07:554][484]LogSavePackage: Moving '../../../../../Games/StealthGame/UnrealStealthGame/StealthGame/Saved/FirstPersonExampleMap_BuiltData158AD0B6432AEE445186C29423C8919B.tmp' to '../../../../../Games/StealthGame/UnrealStealthGame/StealthGame/Content/Maps/FirstPersonExampleMap_BuiltData.uasset'
[2018.12.18-10.57.10:141][792]LogSlate: FSceneViewport::OnFocusLost() reason 0
[2018.12.18-10.57.10:378][803]LogSlate: Window 'FPSGame - Unreal Editor' being destroyed
[2018.12.18-10.57.10:638][804]Cmd: QUIT_EDITOR
[2018.12.18-10.57.11:826][804]LogWindowsTextInputMethodSystem: Display: IME system now deactivated.
[2018.12.18-10.57.11:905][804]LogExit: Preparing to exit.
