Log file open, 12/18/18 16:40:25
LogWindows: Failed to load 'aqProf.dll' (GetLastError=126)
LogWindows: File 'aqProf.dll' does not exist
LogWindows: Failed to load 'VtuneApi.dll' (GetLastError=126)
LogWindows: File 'VtuneApi.dll' does not exist
LogWindows: Failed to load 'VtuneApi32e.dll' (GetLastError=126)
LogWindows: File 'VtuneApi32e.dll' does not exist
LogConsoleResponse: Display: Failed to find resolution value strings in scalability ini. Falling back to default.
LogInit: Display: Running engine for game: FPSGame
LogPakFile: Registered encryption key '00000000000000000000000000000000': 0 pak files mounted, 0 remain pending
LogPlatformFile: Not using cached read wrapper
LogTaskGraph: Started task graph with 5 named threads and 35 total threads with 3 sets of task threads.
LogStats: Stats thread started at 0.509989
LogD3D11RHI: Loaded GFSDK_Aftermath_Lib.x64.dll
LogICUInternationalization: ICU TimeZone Detection - Raw Offset: +1:00, Platform Override: ''
LogPluginManager: Mounting plugin Paper2D
LogPluginManager: Mounting plugin AISupport
LogPluginManager: Mounting plugin LightPropagationVolume
LogPluginManager: Mounting plugin ActorLayerUtilities
LogPluginManager: Mounting plugin CLionSourceCodeAccess
LogPluginManager: Mounting plugin CodeLiteSourceCodeAccess
LogPluginManager: Mounting plugin GitSourceControl
LogPluginManager: Mounting plugin KDevelopSourceCodeAccess
LogPluginManager: Mounting plugin NullSourceCodeAccess
LogPluginManager: Mounting plugin PerforceSourceControl
LogPluginManager: Mounting plugin SubversionSourceControl
LogPluginManager: Mounting plugin UObjectPlugin
LogPluginManager: Mounting plugin VisualStudioCodeSourceCodeAccess
LogPluginManager: Mounting plugin VisualStudioSourceCodeAccess
LogPluginManager: Mounting plugin XCodeSourceCodeAccess
LogPluginManager: Mounting plugin AssetManagerEditor
LogPluginManager: Mounting plugin CryptoKeys
LogPluginManager: Mounting plugin DataValidation
LogPluginManager: Mounting plugin FacialAnimation
LogPluginManager: Mounting plugin GameplayTagsEditor
LogPluginManager: Mounting plugin MacGraphicsSwitching
LogPluginManager: Mounting plugin MeshEditor
LogPluginManager: Mounting plugin MobileLauncherProfileWizard
LogPluginManager: Mounting plugin PluginBrowser
LogPluginManager: Mounting plugin SpeedTreeImporter
LogPluginManager: Mounting plugin DatasmithContent
LogPluginManager: Mounting plugin VariantManagerContent
LogPluginManager: Mounting plugin AlembicImporter
LogPluginManager: Mounting plugin AppleImageUtils
LogPluginManager: Mounting plugin AppleVision
LogPluginManager: Mounting plugin BackChannel
LogPluginManager: Mounting plugin CharacterAI
LogPluginManager: Mounting plugin GeometryCache
LogPluginManager: Mounting plugin HTML5Networking
LogPluginManager: Mounting plugin ProxyLODPlugin
LogPluginManager: Mounting plugin MagicLeap
LogPluginManager: Mounting plugin MagicLeapMedia
LogPluginManager: Mounting plugin AndroidMedia
LogPluginManager: Mounting plugin AvfMedia
LogPluginManager: Mounting plugin ImgMedia
LogPluginManager: Mounting plugin LinearTimecode
LogPluginManager: Mounting plugin MediaCompositing
LogPluginManager: Mounting plugin MediaPlayerEditor
LogPluginManager: Mounting plugin WebMMedia
LogPluginManager: Mounting plugin WmfMedia
LogPluginManager: Mounting plugin TcpMessaging
LogPluginManager: Mounting plugin UdpMessaging
LogPluginManager: Mounting plugin ActorSequence
LogPluginManager: Mounting plugin LevelSequenceEditor
LogPluginManager: Mounting plugin MatineeToLevelSequence
LogPluginManager: Mounting plugin NetcodeUnitTest
LogPluginManager: Mounting plugin NUTUnrealEngine4
LogPluginManager: Mounting plugin OnlineSubsystemGooglePlay
LogPluginManager: Mounting plugin OnlineSubsystemIOS
LogPluginManager: Mounting plugin OnlineSubsystem
LogPluginManager: Mounting plugin OnlineSubsystemNull
LogPluginManager: Mounting plugin OnlineSubsystemUtils
LogPluginManager: Mounting plugin LauncherChunkInstaller
LogPluginManager: Mounting plugin AndroidDeviceProfileSelector
LogPluginManager: Mounting plugin AndroidMoviePlayer
LogPluginManager: Mounting plugin AndroidPermission
LogPluginManager: Mounting plugin AppleMoviePlayer
LogPluginManager: Mounting plugin ArchVisCharacter
LogPluginManager: Mounting plugin AudioCapture
LogPluginManager: Mounting plugin CableComponent
LogPluginManager: Mounting plugin CustomMeshComponent
LogPluginManager: Mounting plugin EditableMesh
LogPluginManager: Mounting plugin ExampleDeviceProfileSelector
LogPluginManager: Mounting plugin Firebase
LogPluginManager: Mounting plugin GoogleCloudMessaging
LogPluginManager: Mounting plugin IOSDeviceProfileSelector
LogPluginManager: Mounting plugin LinuxDeviceProfileSelector
LogPluginManager: Mounting plugin LocationServicesBPLibrary
LogPluginManager: Mounting plugin MobilePatchingUtils
LogPluginManager: Mounting plugin OculusVR
LogPluginManager: Mounting plugin PhysXVehicles
LogPluginManager: Mounting plugin ProceduralMeshComponent
LogPluginManager: Mounting plugin RuntimePhysXCooking
LogPluginManager: Mounting plugin SteamVR
LogPluginManager: Mounting plugin WebMMoviePlayer
LogPluginManager: Mounting plugin WindowsMoviePlayer
LogStreaming: Display: Took  0.099s to configure plugins.
LogInit: Using libcurl 7.55.1-DEV
LogInit:  - built for x86_64-pc-win32
LogInit:  - supports SSL with OpenSSL/1.0.2h
LogInit:  - supports HTTP deflate (compression) using libz 1.2.8
LogInit:  - other features:
LogInit:      CURL_VERSION_SSL
LogInit:      CURL_VERSION_LIBZ
LogInit:      CURL_VERSION_IPV6
LogInit:      CURL_VERSION_ASYNCHDNS
LogInit:      CURL_VERSION_LARGEFILE
LogInit:      CURL_VERSION_IDN
LogInit:  CurlRequestOptions (configurable via config and command line):
LogInit:  - bVerifyPeer = true  - Libcurl will verify peer certificate
LogInit:  - bUseHttpProxy = false  - Libcurl will NOT use HTTP proxy
LogInit:  - bDontReuseConnections = false  - Libcurl will reuse connections
LogInit:  - MaxHostConnections = 16  - Libcurl will limit the number of connections to a host
LogInit:  - LocalHostAddr = Default
LogInit:  - BufferSize = 65536
LogInit: WinSock: version 1.1 (2.2), MaxSocks=32767, MaxUdp=65467
LogInit: Build: ++UE4+Release-4.21-CL-4613538
LogInit: Engine Version: 4.21.1-4613538+++UE4+Release-4.21
LogInit: Compatible Engine Version: 4.21.0-4541578+++UE4+Release-4.21
LogInit: Net CL: 4541578
LogInit: OS: Windows 10 (), CPU: Intel(R) Core(TM) i7-8700 CPU @ 3.20GHz, GPU: NVIDIA GeForce GTX 1050 Ti
LogInit: Compiled (64-bit): Nov 30 2018 04:13:25
LogInit: Compiled with Visual C++: 19.13.26129.00
LogInit: Build Configuration: Development
LogInit: Branch Name: ++UE4+Release-4.21
LogInit: Command Line:  -skipcompile
LogInit: Base Directory: D:/UnrealEngine/Engine/UE_4.21/Engine/Binaries/Win64/
LogInit: Installed Engine Build: 1
LogDevObjectVersion: Number of dev versions registered: 22
LogDevObjectVersion:   Dev-Blueprints (B0D832E4-1F89-4F0D-ACCF-7EB736FD4AA2): 10
LogDevObjectVersion:   Dev-Build (E1C64328-A22C-4D53-A36C-8E866417BD8C): 0
LogDevObjectVersion:   Dev-Core (375EC13C-06E4-48FB-B500-84F0262A717E): 2
LogDevObjectVersion:   Dev-Editor (E4B068ED-F494-42E9-A231-DA0B2E46BB41): 26
LogDevObjectVersion:   Dev-Framework (CFFC743F-43B0-4480-9391-14DF171D2073): 34
LogDevObjectVersion:   Dev-Mobile (B02B49B5-BB20-44E9-A304-32B752E40360): 2
LogDevObjectVersion:   Dev-Networking (A4E4105C-59A1-49B5-A7C5-40C4547EDFEE): 0
LogDevObjectVersion:   Dev-Online (39C831C9-5AE6-47DC-9A44-9C173E1C8E7C): 0
LogDevObjectVersion:   Dev-Physics (78F01B33-EBEA-4F98-B9B4-84EACCB95AA2): 0
LogDevObjectVersion:   Dev-Platform (6631380F-2D4D-43E0-8009-CF276956A95A): 0
LogDevObjectVersion:   Dev-Rendering (12F88B9F-8875-4AFC-A67C-D90C383ABD29): 27
LogDevObjectVersion:   Dev-Sequencer (7B5AE74C-D270-4C10-A958-57980B212A5A): 9
LogDevObjectVersion:   Dev-VR (D7296918-1DD6-4BDD-9DE2-64A83CC13884): 2
LogDevObjectVersion:   Dev-LoadTimes (C2A15278-BFE7-4AFE-6C17-90FF531DF755): 1
LogDevObjectVersion:   Private-Geometry (6EACA3D4-40EC-4CC1-B786-8BED09428FC5): 3
LogDevObjectVersion:   Dev-AnimPhys (29E575DD-E0A3-4627-9D10-D276232CDCEA): 17
LogDevObjectVersion:   Dev-Anim (AF43A65D-7FD3-4947-9873-3E8ED9C1BB05): 2
LogDevObjectVersion:   Dev-ReflectionCapture (6B266CEC-1EC7-4B8F-A30B-E4D90942FC07): 1
LogDevObjectVersion:   Dev-Automation (0DF73D61-A23F-47EA-B727-89E90C41499A): 1
LogDevObjectVersion:   FortniteMain (601D1886-AC64-4F84-AA16-D3DE0DEAC7D6): 17
LogDevObjectVersion:   Dev-Enterprise (9DFFBCD6-494F-0158-E221-12823C92A888): 4
LogDevObjectVersion:   Dev-Niagara (F2AED0AC-9AFE-416F-8664-AA7FFA26D6FC): 1
LogStreaming: Display: Took  0.001s to delete old logs.
LogInit: Presizing for max 8388607 objects, including 0 objects not considered by GC, pre-allocating 0 bytes for permanent pool.
LogInit: Object subsystem initialized
LogConfig: Setting CVar [[con.DebugEarlyDefault:1]]
LogConfig: Setting CVar [[r.setres:1280x720]]
[2018.12.18-15.40.25:946][  0]LogConfig: Setting CVar [[r.VSync:0]]
[2018.12.18-15.40.25:947][  0]LogConfig: Setting CVar [[r.RHICmdBypass:0]]
[2018.12.18-15.40.25:947][  0]LogConfig: Applying CVar settings from Section [/Script/Engine.RendererSettings] File [D:/UnrealEngine/Games/StealthGame/UnrealStealthGame/StealthGame/Saved/Config/Windows/Engine.ini]
[2018.12.18-15.40.25:947][  0]LogConfig: Setting CVar [[r.GPUCrashDebugging:0]]
[2018.12.18-15.40.25:947][  0]LogConfig: Applying CVar settings from Section [/Script/Engine.RendererOverrideSettings] File [D:/UnrealEngine/Games/StealthGame/UnrealStealthGame/StealthGame/Saved/Config/Windows/Engine.ini]
[2018.12.18-15.40.25:947][  0]LogConfig: Applying CVar settings from Section [/Script/Engine.StreamingSettings] File [D:/UnrealEngine/Games/StealthGame/UnrealStealthGame/StealthGame/Saved/Config/Windows/Engine.ini]
[2018.12.18-15.40.25:947][  0]LogConfig: Setting CVar [[s.MinBulkDataSizeForAsyncLoading:131072]]
[2018.12.18-15.40.25:947][  0]LogConfig: Setting CVar [[s.AsyncLoadingThreadEnabled:0]]
[2018.12.18-15.40.25:947][  0]LogConfig: Setting CVar [[s.EventDrivenLoaderEnabled:1]]
[2018.12.18-15.40.25:947][  0]LogConfig: Setting CVar [[s.WarnIfTimeLimitExceeded:0]]
[2018.12.18-15.40.25:947][  0]LogConfig: Setting CVar [[s.TimeLimitExceededMultiplier:1.5]]
[2018.12.18-15.40.25:947][  0]LogConfig: Setting CVar [[s.TimeLimitExceededMinTime:0.005]]
[2018.12.18-15.40.25:947][  0]LogConfig: Setting CVar [[s.UseBackgroundLevelStreaming:1]]
[2018.12.18-15.40.25:947][  0]LogConfig: Setting CVar [[s.PriorityAsyncLoadingExtraTime:15.0]]
[2018.12.18-15.40.25:948][  0]LogConfig: Setting CVar [[s.LevelStreamingActorsUpdateTimeLimit:5.0]]
[2018.12.18-15.40.25:948][  0]LogConfig: Setting CVar [[s.PriorityLevelStreamingActorsUpdateExtraTime:5.0]]
[2018.12.18-15.40.25:948][  0]LogConfig: Setting CVar [[s.LevelStreamingComponentsRegistrationGranularity:10]]
[2018.12.18-15.40.25:948][  0]LogConfig: Setting CVar [[s.UnregisterComponentsTimeLimit:1.0]]
[2018.12.18-15.40.25:948][  0]LogConfig: Setting CVar [[s.LevelStreamingComponentsUnregistrationGranularity:5]]
[2018.12.18-15.40.25:948][  0]LogConfig: Applying CVar settings from Section [/Script/Engine.GarbageCollectionSettings] File [D:/UnrealEngine/Games/StealthGame/UnrealStealthGame/StealthGame/Saved/Config/Windows/Engine.ini]
[2018.12.18-15.40.25:948][  0]LogConfig: Setting CVar [[gc.MaxObjectsNotConsideredByGC:1]]
[2018.12.18-15.40.25:948][  0]LogConfig: Setting CVar [[gc.SizeOfPermanentObjectPool:0]]
[2018.12.18-15.40.25:948][  0]LogConfig: Setting CVar [[gc.FlushStreamingOnGC:0]]
[2018.12.18-15.40.25:948][  0]LogConfig: Setting CVar [[gc.NumRetriesBeforeForcingGC:10]]
[2018.12.18-15.40.25:948][  0]LogConfig: Setting CVar [[gc.AllowParallelGC:1]]
[2018.12.18-15.40.25:948][  0]LogConfig: Setting CVar [[gc.TimeBetweenPurgingPendingKillObjects:61.1]]
[2018.12.18-15.40.25:948][  0]LogConfig: Setting CVar [[gc.MaxObjectsInEditor:8388607]]
[2018.12.18-15.40.25:948][  0]LogConfig: Setting CVar [[gc.IncrementalBeginDestroyEnabled:1]]
[2018.12.18-15.40.25:948][  0]LogConfig: Setting CVar [[gc.CreateGCClusters:1]]
[2018.12.18-15.40.25:949][  0]LogConfig: Setting CVar [[gc.MergeGCClusters:0]]
[2018.12.18-15.40.25:949][  0]LogConfig: Setting CVar [[gc.MinGCClusterSize:5]]
[2018.12.18-15.40.25:949][  0]LogConfig: Setting CVar [[gc.ActorClusteringEnabled:0]]
[2018.12.18-15.40.25:949][  0]LogConfig: Setting CVar [[gc.BlueprintClusteringEnabled:0]]
[2018.12.18-15.40.25:949][  0]LogConfig: Setting CVar [[gc.UseDisregardForGCOnDedicatedServers:0]]
[2018.12.18-15.40.25:949][  0]LogConfig: Applying CVar settings from Section [/Script/Engine.NetworkSettings] File [D:/UnrealEngine/Games/StealthGame/UnrealStealthGame/StealthGame/Saved/Config/Windows/Engine.ini]
[2018.12.18-15.40.25:949][  0]LogConfig: Applying CVar settings from Section [/Script/UnrealEd.CookerSettings] File [D:/UnrealEngine/Games/StealthGame/UnrealStealthGame/StealthGame/Saved/Config/Windows/Engine.ini]
[2018.12.18-15.40.25:966][  0]LogConfig: Applying CVar settings from Section [ViewDistanceQuality@3] File [D:/UnrealEngine/Games/StealthGame/UnrealStealthGame/StealthGame/Saved/Config/Windows/Scalability.ini]
[2018.12.18-15.40.25:966][  0]LogConfig: Setting CVar [[r.SkeletalMeshLODBias:0]]
[2018.12.18-15.40.25:966][  0]LogConfig: Setting CVar [[r.ViewDistanceScale:1.0]]
[2018.12.18-15.40.25:966][  0]LogConfig: Applying CVar settings from Section [AntiAliasingQuality@3] File [D:/UnrealEngine/Games/StealthGame/UnrealStealthGame/StealthGame/Saved/Config/Windows/Scalability.ini]
[2018.12.18-15.40.25:966][  0]LogConfig: Setting CVar [[r.PostProcessAAQuality:4]]
[2018.12.18-15.40.25:966][  0]LogConfig: Applying CVar settings from Section [ShadowQuality@3] File [D:/UnrealEngine/Games/StealthGame/UnrealStealthGame/StealthGame/Saved/Config/Windows/Scalability.ini]
[2018.12.18-15.40.25:966][  0]LogConfig: Setting CVar [[r.LightFunctionQuality:1]]
[2018.12.18-15.40.25:966][  0]LogConfig: Setting CVar [[r.ShadowQuality:5]]
[2018.12.18-15.40.25:966][  0]LogConfig: Setting CVar [[r.Shadow.CSM.MaxCascades:10]]
[2018.12.18-15.40.25:967][  0]LogConfig: Setting CVar [[r.Shadow.MaxResolution:2048]]
[2018.12.18-15.40.25:967][  0]LogConfig: Setting CVar [[r.Shadow.MaxCSMResolution:2048]]
[2018.12.18-15.40.25:967][  0]LogConfig: Setting CVar [[r.Shadow.RadiusThreshold:0.01]]
[2018.12.18-15.40.25:967][  0]LogConfig: Setting CVar [[r.Shadow.DistanceScale:1.0]]
[2018.12.18-15.40.25:967][  0]LogConfig: Setting CVar [[r.Shadow.CSM.TransitionScale:1.0]]
[2018.12.18-15.40.25:967][  0]LogConfig: Setting CVar [[r.Shadow.PreShadowResolutionFactor:1.0]]
[2018.12.18-15.40.25:967][  0]LogConfig: Setting CVar [[r.DistanceFieldShadowing:1]]
[2018.12.18-15.40.25:967][  0]LogConfig: Setting CVar [[r.DistanceFieldAO:1]]
[2018.12.18-15.40.25:967][  0]LogConfig: Setting CVar [[r.AOQuality:2]]
[2018.12.18-15.40.25:967][  0]LogConfig: Setting CVar [[r.VolumetricFog:1]]
[2018.12.18-15.40.25:967][  0]LogConfig: Setting CVar [[r.VolumetricFog.GridPixelSize:8]]
[2018.12.18-15.40.25:967][  0]LogConfig: Setting CVar [[r.VolumetricFog.GridSizeZ:128]]
[2018.12.18-15.40.25:967][  0]LogConfig: Setting CVar [[r.VolumetricFog.HistoryMissSupersampleCount:4]]
[2018.12.18-15.40.25:967][  0]LogConfig: Setting CVar [[r.LightMaxDrawDistanceScale:1]]
[2018.12.18-15.40.25:968][  0]LogConfig: Setting CVar [[r.CapsuleShadows:1]]
[2018.12.18-15.40.25:968][  0]LogConfig: Applying CVar settings from Section [PostProcessQuality@3] File [D:/UnrealEngine/Games/StealthGame/UnrealStealthGame/StealthGame/Saved/Config/Windows/Scalability.ini]
[2018.12.18-15.40.25:968][  0]LogConfig: Setting CVar [[r.MotionBlurQuality:4]]
[2018.12.18-15.40.25:968][  0]LogConfig: Setting CVar [[r.AmbientOcclusionMipLevelFactor:0.4]]
[2018.12.18-15.40.25:968][  0]LogConfig: Setting CVar [[r.AmbientOcclusionMaxQuality:100]]
[2018.12.18-15.40.25:968][  0]LogConfig: Setting CVar [[r.AmbientOcclusionLevels:-1]]
[2018.12.18-15.40.25:968][  0]LogConfig: Setting CVar [[r.AmbientOcclusionRadiusScale:1.0]]
[2018.12.18-15.40.25:968][  0]LogConfig: Setting CVar [[r.DepthOfFieldQuality:2]]
[2018.12.18-15.40.25:968][  0]LogConfig: Setting CVar [[r.RenderTargetPoolMin:400]]
[2018.12.18-15.40.25:968][  0]LogConfig: Setting CVar [[r.LensFlareQuality:2]]
[2018.12.18-15.40.25:968][  0]LogConfig: Setting CVar [[r.SceneColorFringeQuality:1]]
[2018.12.18-15.40.25:968][  0]LogConfig: Setting CVar [[r.EyeAdaptationQuality:2]]
[2018.12.18-15.40.25:968][  0]LogConfig: Setting CVar [[r.BloomQuality:5]]
[2018.12.18-15.40.25:969][  0]LogConfig: Setting CVar [[r.FastBlurThreshold:100]]
[2018.12.18-15.40.25:969][  0]LogConfig: Setting CVar [[r.Upscale.Quality:3]]
[2018.12.18-15.40.25:969][  0]LogConfig: Setting CVar [[r.Tonemapper.GrainQuantization:1]]
[2018.12.18-15.40.25:969][  0]LogConfig: Setting CVar [[r.LightShaftQuality:1]]
[2018.12.18-15.40.25:969][  0]LogConfig: Setting CVar [[r.Filter.SizeScale:1]]
[2018.12.18-15.40.25:969][  0]LogConfig: Setting CVar [[r.Tonemapper.Quality:5]]
[2018.12.18-15.40.25:969][  0]LogConfig: Setting CVar [[r.DOF.Gather.AccumulatorQuality:1        ; higher gathering accumulator quality]]
[2018.12.18-15.40.25:969][  0]LogConfig: Setting CVar [[r.DOF.Gather.PostfilterMethod:1          ; Median3x3 postfilering method]]
[2018.12.18-15.40.25:969][  0]LogConfig: Setting CVar [[r.DOF.Gather.EnableBokehSettings:0       ; no bokeh simulation when gathering]]
[2018.12.18-15.40.25:969][  0]LogConfig: Setting CVar [[r.DOF.Gather.RingCount:4                 ; medium number of samples when gathering]]
[2018.12.18-15.40.25:969][  0]LogConfig: Setting CVar [[r.DOF.Scatter.ForegroundCompositing:1    ; additive foreground scattering]]
[2018.12.18-15.40.25:969][  0]LogConfig: Setting CVar [[r.DOF.Scatter.BackgroundCompositing:2    ; additive background scattering]]
[2018.12.18-15.40.25:969][  0]LogConfig: Setting CVar [[r.DOF.Scatter.EnableBokehSettings:1      ; bokeh simulation when scattering]]
[2018.12.18-15.40.25:969][  0]LogConfig: Setting CVar [[r.DOF.Scatter.MaxSpriteRatio:0.1         ; only a maximum of 10% of scattered bokeh]]
[2018.12.18-15.40.25:969][  0]LogConfig: Setting CVar [[r.DOF.Recombine.Quality:1                ; cheap slight out of focus]]
[2018.12.18-15.40.25:969][  0]LogConfig: Setting CVar [[r.DOF.Recombine.EnableBokehSettings:0    ; no bokeh simulation on slight out of focus]]
[2018.12.18-15.40.25:970][  0]LogConfig: Setting CVar [[r.DOF.TemporalAAQuality:1                ; more stable temporal accumulation]]
[2018.12.18-15.40.25:970][  0]LogConfig: Setting CVar [[r.DOF.Kernel.MaxForegroundRadius:0.025]]
[2018.12.18-15.40.25:970][  0]LogConfig: Setting CVar [[r.DOF.Kernel.MaxBackgroundRadius:0.025]]
[2018.12.18-15.40.25:970][  0]LogConfig: Applying CVar settings from Section [TextureQuality@3] File [D:/UnrealEngine/Games/StealthGame/UnrealStealthGame/StealthGame/Saved/Config/Windows/Scalability.ini]
[2018.12.18-15.40.25:970][  0]LogConfig: Setting CVar [[r.Streaming.MipBias:0]]
[2018.12.18-15.40.25:970][  0]LogConfig: Setting CVar [[r.Streaming.AmortizeCPUToGPUCopy:0]]
[2018.12.18-15.40.25:970][  0]LogConfig: Setting CVar [[r.Streaming.MaxNumTexturesToStreamPerFrame:0]]
[2018.12.18-15.40.25:970][  0]LogConfig: Setting CVar [[r.Streaming.Boost:1]]
[2018.12.18-15.40.25:970][  0]LogConfig: Setting CVar [[r.MaxAnisotropy:8]]
[2018.12.18-15.40.25:970][  0]LogConfig: Setting CVar [[r.Streaming.LimitPoolSizeToVRAM:0]]
[2018.12.18-15.40.25:970][  0]LogConfig: Setting CVar [[r.Streaming.PoolSize:1000]]
[2018.12.18-15.40.25:970][  0]LogConfig: Setting CVar [[r.Streaming.MaxEffectiveScreenSize:0]]
[2018.12.18-15.40.25:970][  0]LogConfig: Applying CVar settings from Section [EffectsQuality@3] File [D:/UnrealEngine/Games/StealthGame/UnrealStealthGame/StealthGame/Saved/Config/Windows/Scalability.ini]
[2018.12.18-15.40.25:970][  0]LogConfig: Setting CVar [[r.TranslucencyLightingVolumeDim:64]]
[2018.12.18-15.40.25:970][  0]LogConfig: Setting CVar [[r.RefractionQuality:2]]
[2018.12.18-15.40.25:970][  0]LogConfig: Setting CVar [[r.SSR.Quality:3]]
[2018.12.18-15.40.25:971][  0]LogConfig: Setting CVar [[r.SceneColorFormat:4]]
[2018.12.18-15.40.25:971][  0]LogConfig: Setting CVar [[r.DetailMode:2]]
[2018.12.18-15.40.25:971][  0]LogConfig: Setting CVar [[r.TranslucencyVolumeBlur:1]]
[2018.12.18-15.40.25:971][  0]LogConfig: Setting CVar [[r.MaterialQualityLevel:1 ; High quality]]
[2018.12.18-15.40.25:971][  0]LogConfig: Setting CVar [[r.SSS.Scale:1]]
[2018.12.18-15.40.25:971][  0]LogConfig: Setting CVar [[r.SSS.SampleSet:2]]
[2018.12.18-15.40.25:971][  0]LogConfig: Setting CVar [[r.SSS.Quality:1]]
[2018.12.18-15.40.25:971][  0]LogConfig: Setting CVar [[r.SSS.HalfRes:1]]
[2018.12.18-15.40.25:971][  0]LogConfig: Setting CVar [[r.EmitterSpawnRateScale:1.0]]
[2018.12.18-15.40.25:971][  0]LogConfig: Setting CVar [[r.ParticleLightQuality:2]]
[2018.12.18-15.40.25:971][  0]LogConfig: Applying CVar settings from Section [FoliageQuality@3] File [D:/UnrealEngine/Games/StealthGame/UnrealStealthGame/StealthGame/Saved/Config/Windows/Scalability.ini]
[2018.12.18-15.40.25:971][  0]LogConfig: Setting CVar [[foliage.DensityScale:1.0]]
[2018.12.18-15.40.25:971][  0]LogConfig: Setting CVar [[grass.DensityScale:1.0]]
[2018.12.18-15.40.25:971][  0]LogInit: Selected Device Profile: [Windows]
[2018.12.18-15.40.25:971][  0]LogInit: Applying CVar settings loaded from the selected device profile: [Windows]
[2018.12.18-15.40.25:977][  0]LogHAL: Display: Platform has ~ 16 GB [17112002560 / 17179869184 / 16], which maps to Larger [LargestMinGB=32, LargerMinGB=12, DefaultMinGB=8, SmallerMinGB=6, SmallestMinGB=0)
[2018.12.18-15.40.25:978][  0]LogConfig: Setting CVar [[r.Vulkan.UseRealUBs:1]]
[2018.12.18-15.40.25:978][  0]LogInit: Going up to parent DeviceProfile []
[2018.12.18-15.40.25:978][  0]LogConfig: Applying CVar settings from Section [ViewDistanceQuality@3] File [D:/UnrealEngine/Games/StealthGame/UnrealStealthGame/StealthGame/Saved/Config/Windows/Scalability.ini]
[2018.12.18-15.40.25:978][  0]LogConfig: Setting CVar [[r.SkeletalMeshLODBias:0]]
[2018.12.18-15.40.25:978][  0]LogConfig: Setting CVar [[r.ViewDistanceScale:1.0]]
[2018.12.18-15.40.25:978][  0]LogConfig: Applying CVar settings from Section [AntiAliasingQuality@3] File [D:/UnrealEngine/Games/StealthGame/UnrealStealthGame/StealthGame/Saved/Config/Windows/Scalability.ini]
[2018.12.18-15.40.25:978][  0]LogConfig: Setting CVar [[r.PostProcessAAQuality:4]]
[2018.12.18-15.40.25:978][  0]LogConfig: Applying CVar settings from Section [ShadowQuality@3] File [D:/UnrealEngine/Games/StealthGame/UnrealStealthGame/StealthGame/Saved/Config/Windows/Scalability.ini]
[2018.12.18-15.40.25:978][  0]LogConfig: Setting CVar [[r.LightFunctionQuality:1]]
[2018.12.18-15.40.25:979][  0]LogConfig: Setting CVar [[r.ShadowQuality:5]]
[2018.12.18-15.40.25:979][  0]LogConfig: Setting CVar [[r.Shadow.CSM.MaxCascades:10]]
[2018.12.18-15.40.25:979][  0]LogConfig: Setting CVar [[r.Shadow.MaxResolution:2048]]
[2018.12.18-15.40.25:979][  0]LogConfig: Setting CVar [[r.Shadow.MaxCSMResolution:2048]]
[2018.12.18-15.40.25:979][  0]LogConfig: Setting CVar [[r.Shadow.RadiusThreshold:0.01]]
[2018.12.18-15.40.25:979][  0]LogConfig: Setting CVar [[r.Shadow.DistanceScale:1.0]]
[2018.12.18-15.40.25:979][  0]LogConfig: Setting CVar [[r.Shadow.CSM.TransitionScale:1.0]]
[2018.12.18-15.40.25:979][  0]LogConfig: Setting CVar [[r.Shadow.PreShadowResolutionFactor:1.0]]
[2018.12.18-15.40.25:979][  0]LogConfig: Setting CVar [[r.DistanceFieldShadowing:1]]
[2018.12.18-15.40.25:979][  0]LogConfig: Setting CVar [[r.DistanceFieldAO:1]]
[2018.12.18-15.40.25:979][  0]LogConfig: Setting CVar [[r.AOQuality:2]]
[2018.12.18-15.40.25:979][  0]LogConfig: Setting CVar [[r.VolumetricFog:1]]
[2018.12.18-15.40.25:979][  0]LogConfig: Setting CVar [[r.VolumetricFog.GridPixelSize:8]]
[2018.12.18-15.40.25:980][  0]LogConfig: Setting CVar [[r.VolumetricFog.GridSizeZ:128]]
[2018.12.18-15.40.25:980][  0]LogConfig: Setting CVar [[r.VolumetricFog.HistoryMissSupersampleCount:4]]
[2018.12.18-15.40.25:980][  0]LogConfig: Setting CVar [[r.LightMaxDrawDistanceScale:1]]
[2018.12.18-15.40.25:980][  0]LogConfig: Setting CVar [[r.CapsuleShadows:1]]
[2018.12.18-15.40.25:980][  0]LogConfig: Applying CVar settings from Section [PostProcessQuality@3] File [D:/UnrealEngine/Games/StealthGame/UnrealStealthGame/StealthGame/Saved/Config/Windows/Scalability.ini]
[2018.12.18-15.40.25:980][  0]LogConfig: Setting CVar [[r.MotionBlurQuality:4]]
[2018.12.18-15.40.25:980][  0]LogConfig: Setting CVar [[r.AmbientOcclusionMipLevelFactor:0.4]]
[2018.12.18-15.40.25:980][  0]LogConfig: Setting CVar [[r.AmbientOcclusionMaxQuality:100]]
[2018.12.18-15.40.25:980][  0]LogConfig: Setting CVar [[r.AmbientOcclusionLevels:-1]]
[2018.12.18-15.40.25:980][  0]LogConfig: Setting CVar [[r.AmbientOcclusionRadiusScale:1.0]]
[2018.12.18-15.40.25:980][  0]LogConfig: Setting CVar [[r.DepthOfFieldQuality:2]]
[2018.12.18-15.40.25:980][  0]LogConfig: Setting CVar [[r.RenderTargetPoolMin:400]]
[2018.12.18-15.40.25:980][  0]LogConfig: Setting CVar [[r.LensFlareQuality:2]]
[2018.12.18-15.40.25:980][  0]LogConfig: Setting CVar [[r.SceneColorFringeQuality:1]]
[2018.12.18-15.40.25:980][  0]LogConfig: Setting CVar [[r.EyeAdaptationQuality:2]]
[2018.12.18-15.40.25:980][  0]LogConfig: Setting CVar [[r.BloomQuality:5]]
[2018.12.18-15.40.25:981][  0]LogConfig: Setting CVar [[r.FastBlurThreshold:100]]
[2018.12.18-15.40.25:981][  0]LogConfig: Setting CVar [[r.Upscale.Quality:3]]
[2018.12.18-15.40.25:981][  0]LogConfig: Setting CVar [[r.Tonemapper.GrainQuantization:1]]
[2018.12.18-15.40.25:981][  0]LogConfig: Setting CVar [[r.LightShaftQuality:1]]
[2018.12.18-15.40.25:981][  0]LogConfig: Setting CVar [[r.Filter.SizeScale:1]]
[2018.12.18-15.40.25:981][  0]LogConfig: Setting CVar [[r.Tonemapper.Quality:5]]
[2018.12.18-15.40.25:981][  0]LogConfig: Setting CVar [[r.DOF.Gather.AccumulatorQuality:1        ; higher gathering accumulator quality]]
[2018.12.18-15.40.25:981][  0]LogConfig: Setting CVar [[r.DOF.Gather.PostfilterMethod:1          ; Median3x3 postfilering method]]
[2018.12.18-15.40.25:981][  0]LogConfig: Setting CVar [[r.DOF.Gather.EnableBokehSettings:0       ; no bokeh simulation when gathering]]
[2018.12.18-15.40.25:981][  0]LogConfig: Setting CVar [[r.DOF.Gather.RingCount:4                 ; medium number of samples when gathering]]
[2018.12.18-15.40.25:981][  0]LogConfig: Setting CVar [[r.DOF.Scatter.ForegroundCompositing:1    ; additive foreground scattering]]
[2018.12.18-15.40.25:981][  0]LogConfig: Setting CVar [[r.DOF.Scatter.BackgroundCompositing:2    ; additive background scattering]]
[2018.12.18-15.40.25:981][  0]LogConfig: Setting CVar [[r.DOF.Scatter.EnableBokehSettings:1      ; bokeh simulation when scattering]]
[2018.12.18-15.40.25:981][  0]LogConfig: Setting CVar [[r.DOF.Scatter.MaxSpriteRatio:0.1         ; only a maximum of 10% of scattered bokeh]]
[2018.12.18-15.40.25:981][  0]LogConfig: Setting CVar [[r.DOF.Recombine.Quality:1                ; cheap slight out of focus]]
[2018.12.18-15.40.25:981][  0]LogConfig: Setting CVar [[r.DOF.Recombine.EnableBokehSettings:0    ; no bokeh simulation on slight out of focus]]
[2018.12.18-15.40.25:982][  0]LogConfig: Setting CVar [[r.DOF.TemporalAAQuality:1                ; more stable temporal accumulation]]
[2018.12.18-15.40.25:982][  0]LogConfig: Setting CVar [[r.DOF.Kernel.MaxForegroundRadius:0.025]]
[2018.12.18-15.40.25:982][  0]LogConfig: Setting CVar [[r.DOF.Kernel.MaxBackgroundRadius:0.025]]
[2018.12.18-15.40.25:982][  0]LogConfig: Applying CVar settings from Section [TextureQuality@3] File [D:/UnrealEngine/Games/StealthGame/UnrealStealthGame/StealthGame/Saved/Config/Windows/Scalability.ini]
[2018.12.18-15.40.25:982][  0]LogConfig: Setting CVar [[r.Streaming.MipBias:0]]
[2018.12.18-15.40.25:982][  0]LogConfig: Setting CVar [[r.Streaming.AmortizeCPUToGPUCopy:0]]
[2018.12.18-15.40.25:982][  0]LogConfig: Setting CVar [[r.Streaming.MaxNumTexturesToStreamPerFrame:0]]
[2018.12.18-15.40.25:982][  0]LogConfig: Setting CVar [[r.Streaming.Boost:1]]
[2018.12.18-15.40.25:982][  0]LogConfig: Setting CVar [[r.MaxAnisotropy:8]]
[2018.12.18-15.40.25:982][  0]LogConfig: Setting CVar [[r.Streaming.LimitPoolSizeToVRAM:0]]
[2018.12.18-15.40.25:982][  0]LogConfig: Setting CVar [[r.Streaming.PoolSize:1000]]
[2018.12.18-15.40.25:982][  0]LogConfig: Setting CVar [[r.Streaming.MaxEffectiveScreenSize:0]]
[2018.12.18-15.40.25:982][  0]LogConfig: Applying CVar settings from Section [EffectsQuality@3] File [D:/UnrealEngine/Games/StealthGame/UnrealStealthGame/StealthGame/Saved/Config/Windows/Scalability.ini]
[2018.12.18-15.40.25:982][  0]LogConfig: Setting CVar [[r.TranslucencyLightingVolumeDim:64]]
[2018.12.18-15.40.25:982][  0]LogConfig: Setting CVar [[r.RefractionQuality:2]]
[2018.12.18-15.40.25:983][  0]LogConfig: Setting CVar [[r.SSR.Quality:3]]
[2018.12.18-15.40.25:983][  0]LogConfig: Setting CVar [[r.SceneColorFormat:4]]
[2018.12.18-15.40.25:983][  0]LogConfig: Setting CVar [[r.DetailMode:2]]
[2018.12.18-15.40.25:983][  0]LogConfig: Setting CVar [[r.TranslucencyVolumeBlur:1]]
[2018.12.18-15.40.25:983][  0]LogConfig: Setting CVar [[r.MaterialQualityLevel:1 ; High quality]]
[2018.12.18-15.40.25:983][  0]LogConfig: Setting CVar [[r.SSS.Scale:1]]
[2018.12.18-15.40.25:983][  0]LogConfig: Setting CVar [[r.SSS.SampleSet:2]]
[2018.12.18-15.40.25:983][  0]LogConfig: Setting CVar [[r.SSS.Quality:1]]
[2018.12.18-15.40.25:983][  0]LogConfig: Setting CVar [[r.SSS.HalfRes:1]]
[2018.12.18-15.40.25:983][  0]LogConfig: Setting CVar [[r.EmitterSpawnRateScale:1.0]]
[2018.12.18-15.40.25:983][  0]LogConfig: Setting CVar [[r.ParticleLightQuality:2]]
[2018.12.18-15.40.25:983][  0]LogConfig: Applying CVar settings from Section [FoliageQuality@3] File [D:/UnrealEngine/Games/StealthGame/UnrealStealthGame/StealthGame/Saved/Config/Windows/Scalability.ini]
[2018.12.18-15.40.25:983][  0]LogConfig: Setting CVar [[foliage.DensityScale:1.0]]
[2018.12.18-15.40.25:983][  0]LogConfig: Setting CVar [[grass.DensityScale:1.0]]
[2018.12.18-15.40.25:983][  0]LogConfig: Applying CVar settings from Section [Startup] File [../../../Engine/Config/ConsoleVariables.ini]
[2018.12.18-15.40.25:984][  0]LogConfig: Setting CVar [[net.UseAdaptiveNetUpdateFrequency:0]]
[2018.12.18-15.40.25:984][  0]LogConfig: Applying CVar settings from Section [ConsoleVariables] File [D:/UnrealEngine/Games/StealthGame/UnrealStealthGame/StealthGame/Saved/Config/Windows/Engine.ini]
[2018.12.18-15.40.25:984][  0]LogInit: Computer: GG00001
[2018.12.18-15.40.25:984][  0]LogInit: User: oibikunle
[2018.12.18-15.40.25:984][  0]LogInit: CPU Page size=4096, Cores=6
[2018.12.18-15.40.25:984][  0]LogInit: High frequency timer resolution =10.000000 MHz
[2018.12.18-15.40.25:984][  0]LogMemory: Memory total: Physical=15.9GB (16GB approx)
[2018.12.18-15.40.25:985][  0]LogMemory: Platform Memory Stats for Windows
[2018.12.18-15.40.25:985][  0]LogMemory: Process Physical Memory: 103.90 MB used, 103.90 MB peak
[2018.12.18-15.40.25:985][  0]LogMemory: Process Virtual Memory: 86.37 MB used, 86.37 MB peak
[2018.12.18-15.40.25:985][  0]LogMemory: Physical Memory: 9978.22 MB used,  6341.05 MB free, 16319.28 MB total
[2018.12.18-15.40.25:985][  0]LogMemory: Virtual Memory: 4660.11 MB used,  134213064.00 MB free, 134217728.00 MB total
[2018.12.18-15.40.26:083][  0]LogInit: Using OS detected language (en-GB).
[2018.12.18-15.40.26:083][  0]LogInit: Using OS detected locale (en-GB).
[2018.12.18-15.40.26:084][  0]LogTextLocalizationManager: No specific localization for 'en-GB' exists, so the 'en' localization will be used.
[2018.12.18-15.40.26:374][  0]LogStreaming: Display: Took  0.291s to InitEngineTextLocalization.
[2018.12.18-15.40.26:375][  0]LogInit: Setting process to per monitor DPI aware
[2018.12.18-15.40.26:424][  0]LogSlate: New Slate User Created.  User Index 0, Is Virtual User: 0
[2018.12.18-15.40.26:424][  0]LogSlate: Slate User Registered.  User Index 0, Is Virtual User: 0
[2018.12.18-15.40.26:817][  0]LogHMD: Failed to initialize OpenVR with code 110
[2018.12.18-15.40.26:817][  0]LogD3D11RHI: D3D11 adapters:
[2018.12.18-15.40.26:878][  0]LogD3D11RHI:    0. 'NVIDIA GeForce GTX 1050 Ti' (Feature Level 11_0)
[2018.12.18-15.40.26:878][  0]LogD3D11RHI:       4018/0/8159 MB DedicatedVideo/DedicatedSystem/SharedSystem, Outputs:3, VendorId:0x10de
[2018.12.18-15.40.26:882][  0]LogD3D11RHI:    1. 'Microsoft Basic Render Driver' (Feature Level 11_0)
[2018.12.18-15.40.26:882][  0]LogD3D11RHI:       0/0/8159 MB DedicatedVideo/DedicatedSystem/SharedSystem, Outputs:0, VendorId:0x1414
[2018.12.18-15.40.26:882][  0]LogD3D11RHI: Chosen D3D11 Adapter: 0
[2018.12.18-15.40.26:891][  0]LogD3D11RHI: Creating new Direct3DDevice
[2018.12.18-15.40.26:891][  0]LogD3D11RHI:     GPU DeviceId: 0x1c82 (for the marketing name, search the web for "GPU Device Id")
[2018.12.18-15.40.26:891][  0]LogWindows: EnumDisplayDevices:
[2018.12.18-15.40.26:891][  0]LogWindows:    0. 'NVIDIA GeForce GTX 1050 Ti' (P:0 D:1)
[2018.12.18-15.40.26:892][  0]LogWindows:    1. 'NVIDIA GeForce GTX 1050 Ti' (P:0 D:1)
[2018.12.18-15.40.26:892][  0]LogWindows:    2. 'NVIDIA GeForce GTX 1050 Ti' (P:1 D:1)
[2018.12.18-15.40.26:892][  0]LogWindows:    3. 'NVIDIA GeForce GTX 1050 Ti' (P:0 D:0)
[2018.12.18-15.40.26:892][  0]LogWindows: DebugString: FoundDriverCount:4 
[2018.12.18-15.40.26:892][  0]LogD3D11RHI:     Adapter Name: NVIDIA GeForce GTX 1050 Ti
[2018.12.18-15.40.26:893][  0]LogD3D11RHI:   Driver Version: 417.22 (internal:25.21.14.1722, unified:417.22)
[2018.12.18-15.40.26:893][  0]LogD3D11RHI:      Driver Date: 11-29-2018
[2018.12.18-15.40.26:893][  0]LogRHI: Texture pool is 2812 MB (70% of 4018 MB)
[2018.12.18-15.40.26:932][  0]LogD3D11RHI: Async texture creation enabled
[2018.12.18-15.40.26:950][  0]LogD3D11RHI: GPU Timing Frequency: 1000.000000 (Debug: 2 2)
[2018.12.18-15.40.27:205][  0]LogTemp: Display: Loaded TP AllDesktopTargetPlatform
[2018.12.18-15.40.27:217][  0]LogTemp: Display: Loaded TP MacClientTargetPlatform
[2018.12.18-15.40.27:228][  0]LogTemp: Display: Loaded TP MacNoEditorTargetPlatform
[2018.12.18-15.40.27:239][  0]LogTemp: Display: Loaded TP MacServerTargetPlatform
[2018.12.18-15.40.27:251][  0]LogTemp: Display: Loaded TP MacTargetPlatform
[2018.12.18-15.40.27:265][  0]LogTemp: Display: Loaded TP WindowsClientTargetPlatform
[2018.12.18-15.40.27:276][  0]LogTemp: Display: Loaded TP WindowsNoEditorTargetPlatform
[2018.12.18-15.40.27:287][  0]LogTemp: Display: Loaded TP WindowsServerTargetPlatform
[2018.12.18-15.40.27:293][  0]LogTemp: Display: Loaded TP WindowsTargetPlatform
[2018.12.18-15.40.27:348][  0]LogTemp: Display: Loaded TP AndroidTargetPlatform
[2018.12.18-15.40.27:348][  0]LogTemp: Display: Loaded TP AndroidTargetPlatform
[2018.12.18-15.40.27:348][  0]LogTemp: Display: Loaded TP AndroidTargetPlatform
[2018.12.18-15.40.27:348][  0]LogTemp: Display: Loaded TP AndroidTargetPlatform
[2018.12.18-15.40.27:348][  0]LogTemp: Display: Loaded TP AndroidTargetPlatform
[2018.12.18-15.40.27:349][  0]LogTemp: Display: Loaded TP AndroidTargetPlatform
[2018.12.18-15.40.27:349][  0]LogTemp: Display: Loaded TP AndroidTargetPlatform
[2018.12.18-15.40.27:349][  0]LogTemp: Display: Loaded TP AndroidTargetPlatform
[2018.12.18-15.40.27:349][  0]LogTemp: Display: Loaded TP AndroidTargetPlatform
[2018.12.18-15.40.27:349][  0]LogTemp: Display: Loaded TP AndroidTargetPlatform
[2018.12.18-15.40.27:349][  0]LogTemp: Display: Loaded TP AndroidTargetPlatform
[2018.12.18-15.40.27:349][  0]LogTemp: Display: Loaded TP AndroidTargetPlatform
[2018.12.18-15.40.27:349][  0]LogTemp: Display: Loaded TP AndroidTargetPlatform
[2018.12.18-15.40.27:349][  0]LogTemp: Display: Loaded TP AndroidTargetPlatform
[2018.12.18-15.40.27:349][  0]LogTemp: Display: Loaded TP AndroidTargetPlatform
[2018.12.18-15.40.27:349][  0]LogTemp: Display: Loaded TP AndroidTargetPlatform
[2018.12.18-15.40.27:350][  0]LogTemp: Display: Loaded TP AndroidTargetPlatform
[2018.12.18-15.40.27:350][  0]LogTemp: Display: Loaded TP AndroidTargetPlatform
[2018.12.18-15.40.27:353][  0]LogTemp: Display: Loaded TP HTML5TargetPlatform
[2018.12.18-15.40.27:414][  0]LogTemp: Display: Loaded TP IOSTargetPlatform
[2018.12.18-15.40.27:414][  0]LogTemp: Display: Loaded TP IOSTargetPlatform
[2018.12.18-15.40.27:433][  0]LogTemp: Display: Loaded TP TVOSTargetPlatform
[2018.12.18-15.40.27:434][  0]LogTemp: Display: Loaded TP TVOSTargetPlatform
[2018.12.18-15.40.27:446][  0]LogTemp: Display: Loaded TP LinuxClientTargetPlatform
[2018.12.18-15.40.27:460][  0]LogTemp: Display: Loaded TP LinuxNoEditorTargetPlatform
[2018.12.18-15.40.27:471][  0]LogTemp: Display: Loaded TP LinuxServerTargetPlatform
[2018.12.18-15.40.27:483][  0]LogTemp: Display: Loaded TP LinuxTargetPlatform
[2018.12.18-15.40.27:523][  0]LogTemp: Display: Loaded TP LuminTargetPlatform
[2018.12.18-15.40.27:523][  0]LogTemp: Display: Loaded TP LuminTargetPlatform
[2018.12.18-15.40.27:523][  0]LogTargetPlatformManager: Display: Building Assets For Windows
[2018.12.18-15.40.27:618][  0]LogShaderCompilers: Guid format shader working directory is -13 characters bigger than the processId version (../../../../../Games/StealthGame/UnrealStealthGame/StealthGame/Intermediate/Shaders/WorkingDirectory/58404/).
[2018.12.18-15.40.27:618][  0]LogShaderCompilers: Cleaned the shader compiler working directory 'C:/Users/oibikunle/AppData/Local/Temp/UnrealShaderWorkingDir/1D8192714FE5F7BF12678989FB78BF5D/'.
[2018.12.18-15.40.27:619][  0]LogXGEController: Cleaning working directory: C:/Users/oibikunle/AppData/Local/Temp/UnrealXGEWorkingDir/
[2018.12.18-15.40.27:619][  0]LogXGEController: Cannot use XGE Controller as Incredibuild is not installed on this machine.
[2018.12.18-15.40.27:619][  0]LogShaderCompilers: Cannot use XGE Shader Compiler as Incredibuild is not installed on this machine.
[2018.12.18-15.40.27:620][  0]LogShaderCompilers: Display: Using Local Shader Compiler.
[2018.12.18-15.40.28:068][  0]LogDerivedDataCache: Display: Max Cache Size: 512 MB
[2018.12.18-15.40.28:107][  0]LogDerivedDataCache: Loaded boot cache 0.04s 73MB C:/Users/oibikunle/AppData/Local/UnrealEngine/4.21/DerivedDataCache/Boot.ddc.
[2018.12.18-15.40.28:107][  0]LogDerivedDataCache: Display: Loaded Boot cache: C:/Users/oibikunle/AppData/Local/UnrealEngine/4.21/DerivedDataCache/Boot.ddc
[2018.12.18-15.40.28:107][  0]LogDerivedDataCache: FDerivedDataBackendGraph:  Pak pak cache file ../../../../../Games/StealthGame/UnrealStealthGame/StealthGame/DerivedDataCache/DDC.ddp not found, will not use a pak cache.
[2018.12.18-15.40.28:107][  0]LogDerivedDataCache: Unable to find inner node Pak for hierarchical cache Hierarchy.
[2018.12.18-15.40.28:108][  0]LogDerivedDataCache: FDerivedDataBackendGraph:  CompressedPak pak cache file ../../../../../Games/StealthGame/UnrealStealthGame/StealthGame/DerivedDataCache/Compressed.ddp not found, will not use a pak cache.
[2018.12.18-15.40.28:108][  0]LogDerivedDataCache: Unable to find inner node CompressedPak for hierarchical cache Hierarchy.
[2018.12.18-15.40.28:118][  0]LogDerivedDataCache: Display: Pak cache opened for reading ../../../Engine/DerivedDataCache/Compressed.ddp.
[2018.12.18-15.40.28:118][  0]LogDerivedDataCache: FDerivedDataBackendGraph:  EnterprisePak pak cache file ../../../Enterprise/DerivedDataCache/Compressed.ddp not found, will not use a pak cache.
[2018.12.18-15.40.28:118][  0]LogDerivedDataCache: Unable to find inner node EnterprisePak for hierarchical cache Hierarchy.
[2018.12.18-15.40.28:131][  0]LogDerivedDataCache: Using Local data cache path C:/Users/oibikunle/AppData/Local/UnrealEngine/Common/DerivedDataCache: Writable
[2018.12.18-15.40.28:131][  0]LogDerivedDataCache: Shared data cache path not found in *engine.ini, will not use an Shared cache.
[2018.12.18-15.40.28:131][  0]LogDerivedDataCache: Unable to find inner node Shared for hierarchical cache Hierarchy.
[2018.12.18-15.40.28:148][  0]LogMaterial: Verifying Global Shaders for PCD3D_SM5
[2018.12.18-15.40.28:149][  0]LogSlate: Using FreeType 2.6.0
[2018.12.18-15.40.28:150][  0]LogSlate: SlateFontServices - WITH_FREETYPE: 1, WITH_HARFBUZZ: 1
[2018.12.18-15.40.28:251][  0]LogAssetRegistry: FAssetRegistry took 0.0341 seconds to start up
[2018.12.18-15.40.28:501][  0]LogInit: Selected Device Profile: [Windows]
[2018.12.18-15.40.28:655][  0]LogSimplygon: Simplygon DLL not present - disabling.
[2018.12.18-15.40.28:662][  0]LogMeshReduction: Using SimplygonSwarm for distributed automatic mesh merging
[2018.12.18-15.40.28:662][  0]LogMeshReduction: Using ProxyLODMeshReduction for automatic mesh merging
[2018.12.18-15.40.28:662][  0]LogMeshReduction: Using QuadricMeshReduction for automatic static mesh reduction
[2018.12.18-15.40.28:662][  0]LogMeshReduction: No automatic skeletal mesh reduction module available
[2018.12.18-15.40.28:675][  0]LogNetVersion: FPSGame 1.0.0, NetCL: 4541578, EngineNetVer: 5, GameNetVer: 0 (Checksum: 267577011)
[2018.12.18-15.40.29:170][  0]LogPackageLocalizationCache: Processed 11 localized package path(s) for 2 prioritized culture(s) in 0.080207 seconds
[2018.12.18-15.40.29:175][  0]LogUObjectArray: 39775 objects as part of root set at end of initial load.
[2018.12.18-15.40.29:176][  0]LogUObjectAllocator: 6914664 out of 0 bytes used by permanent object pool.
[2018.12.18-15.40.29:176][  0]LogUObjectArray: CloseDisregardForGC: 0/0 objects in disregard for GC pool
[2018.12.18-15.40.30:205][  0]LogTcpMessaging: Initializing TcpMessaging bridge
[2018.12.18-15.40.30:221][  0]LogUdpMessaging: Initializing bridge on interface 0.0.0.0:0 to multicast group 230.0.0.1:6666.
[2018.12.18-15.40.31:202][  0]SourceControl: Source control is disabled
[2018.12.18-15.40.31:202][  0]SourceControl: Source control is disabled
[2018.12.18-15.40.31:206][  0]SourceControl: Source control is disabled
[2018.12.18-15.40.31:209][  0]SourceControl: Source control is disabled
[2018.12.18-15.40.31:461][  0]LogAndroidPermission: UAndroidPermissionCallbackProxy::GetInstance
[2018.12.18-15.40.31:560][  0]LogOcInput: OculusInput pre-init called
[2018.12.18-15.40.31:700][  0]LogEngine: Initializing Engine...
[2018.12.18-15.40.31:701][  0]LogHMD: Failed to initialize OpenVR with code 110
[2018.12.18-15.40.31:702][  0]LogStats: UGameplayTagsManager::ConstructGameplayTagTree: ImportINI prefixes -  0.000 s
[2018.12.18-15.40.31:702][  0]LogStats: UGameplayTagsManager::ConstructGameplayTagTree: Construct from data asset -  0.000 s
[2018.12.18-15.40.31:702][  0]LogStats: UGameplayTagsManager::ConstructGameplayTagTree: ImportINI -  0.000 s
[2018.12.18-15.40.31:703][  0]LogStats: UGameplayTagsManager::ConstructGameplayTagTree: GameplayTagTreeChangedEvent.Broadcast -  0.000 s
[2018.12.18-15.40.31:905][  0]LogInit: Initializing FReadOnlyCVARCache
[2018.12.18-15.40.31:916][  0]LogAIModule: Creating AISystem for world Untitled
[2018.12.18-15.40.31:971][  0]LogInit: XAudio2 using 'Speakers (2- USB Audio Device)' : 2 channels at 48 kHz using 16 bits per sample (channel mask 0x3)
[2018.12.18-15.40.32:018][  0]LogInit: FAudioDevice initialized.
[2018.12.18-15.40.32:018][  0]LogNetVersion: Set ProjectVersion to 1.0.0.0. Version Checksum will be recalculated on next use.
[2018.12.18-15.40.32:059][  0]LogDerivedDataCache: Saved boot cache 0.04s 73MB C:/Users/oibikunle/AppData/Local/UnrealEngine/4.21/DerivedDataCache/Boot.ddc.
[2018.12.18-15.40.32:059][  0]LogInit: Texture streaming: Enabled
[2018.12.18-15.40.32:079][  0]LogEngineSessionManager: EngineSessionManager initialized
[2018.12.18-15.40.32:080][  0]LogEngineSessionManager: EngineSessionManager sent abnormal shutdown report. Type=Debugger, SessionId={4DE52898-433C-CEAF-957D-A99F8072BE02}
[2018.12.18-15.40.32:087][  0]LogInit: Transaction tracking system initialized
[2018.12.18-15.40.32:114][  0]BlueprintLog: New page: Editor Load
[2018.12.18-15.40.32:239][  0]LocalizationService: Localization service is disabled
[2018.12.18-15.40.32:675][  0]LogFileCache: Scanning file cache for directory 'D:/UnrealEngine/Games/StealthGame/UnrealStealthGame/StealthGame/Content/' took 0.02s
[2018.12.18-15.40.32:676][  0]LogCook: Display: Max memory allowance for cook 16384mb min free memory 0mb
[2018.12.18-15.40.32:676][  0]LogCook: Display: Mobile HDR setting 1
[2018.12.18-15.40.32:676][  0]LogGameplayTags: Display: UGameplayTagsManager::DoneAddingNativeTags. DelegateIsBound: 0
[2018.12.18-15.40.32:676][  0]LogStats: UGameplayTagsManager::ConstructGameplayTagTree: ImportINI prefixes -  0.000 s
[2018.12.18-15.40.32:676][  0]LogStats: UGameplayTagsManager::ConstructGameplayTagTree: Construct from data asset -  0.000 s
[2018.12.18-15.40.32:676][  0]LogStats: UGameplayTagsManager::ConstructGameplayTagTree: ImportINI -  0.000 s
[2018.12.18-15.40.32:676][  0]LogStats: UGameplayTagsManager::ConstructGameplayTagTree: GameplayTagTreeChangedEvent.Broadcast -  0.000 s
[2018.12.18-15.40.32:862][  0]SourceControl: Source control is disabled
[2018.12.18-15.40.32:863][  0]Cmd: MAP LOAD FILE="../../../../../Games/StealthGame/UnrealStealthGame/StealthGame/Content/Maps/FirstPersonExampleMap.umap" TEMPLATE=0 SHOWPROGRESS=1 FEATURELEVEL=3
[2018.12.18-15.40.32:863][  0]LightingResults: New page: Lighting Build
[2018.12.18-15.40.32:866][  0]MapCheck: New page: Map Check
[2018.12.18-15.40.32:866][  0]LightingResults: New page: Lighting Build
[2018.12.18-15.40.33:118][  0]LogAIModule: Creating AISystem for world FirstPersonExampleMap
[2018.12.18-15.40.33:130][  0]LogEditorServer: Finished looking for orphan Actors (0.000 secs)
[2018.12.18-15.40.33:150][  0]Cmd: MAP CHECKDEP NOCLEARLOG
[2018.12.18-15.40.33:150][  0]MapCheck: Map check complete: 0 Error(s), 0 Warning(s), took 0.1ms to complete.
[2018.12.18-15.40.33:150][  0]LogFileHelpers: Loading map 'FirstPersonExampleMap' took 0.288
[2018.12.18-15.40.33:273][  0]LogSlate: Updating window title bar state: overlay mode, drag disabled, window buttons hidden, title bar hidden
[2018.12.18-15.40.33:279][  0]LogSlate: Updating window title bar state: overlay mode, drag disabled, window buttons hidden, title bar hidden
[2018.12.18-15.40.33:284][  0]LogSlate: Updating window title bar state: overlay mode, drag disabled, window buttons hidden, title bar hidden
[2018.12.18-15.40.33:290][  0]LogSlate: Updating window title bar state: overlay mode, drag disabled, window buttons hidden, title bar hidden
[2018.12.18-15.40.33:297][  0]LogCollectionManager: Loaded 0 collections in 0.000887 seconds
[2018.12.18-15.40.33:342][  0]LogFileCache: Scanning file cache for directory 'D:/UnrealEngine/Games/StealthGame/UnrealStealthGame/StealthGame/Saved/Collections/' took 0.01s
[2018.12.18-15.40.33:342][  0]LogFileCache: Scanning file cache for directory 'D:/UnrealEngine/Games/StealthGame/UnrealStealthGame/StealthGame/Content/Developers/oibikunle/Collections/' took 0.01s
[2018.12.18-15.40.33:342][  0]LogFileCache: Scanning file cache for directory 'D:/UnrealEngine/Games/StealthGame/UnrealStealthGame/StealthGame/Content/Collections/' took 0.01s
[2018.12.18-15.40.33:342][  0]LogCollectionManager: Rebuilt the GUID cache for 0 collections in 0.000000 seconds
[2018.12.18-15.40.33:349][  0]LogContentBrowser: Native class hierarchy populated in 0.0069 seconds. Added 2660 classes and 624 folders.
[2018.12.18-15.40.33:354][  0]LogContentBrowser: Native class hierarchy updated for 'WidgetCarousel' in 0.0004 seconds. Added 0 classes and 0 folders.
[2018.12.18-15.40.33:357][  0]LogPakFile: Registered encryption key '00000000000000000000000000000000': 0 pak files mounted, 0 remain pending
[2018.12.18-15.40.33:357][  0]LogPakFile: Registered encryption key '00000000000000000000000000000000': 0 pak files mounted, 0 remain pending
[2018.12.18-15.40.33:358][  0]LogPakFile: Registered encryption key '00000000000000000000000000000000': 0 pak files mounted, 0 remain pending
[2018.12.18-15.40.33:359][  0]LogPakFile: Registered encryption key '00000000000000000000000000000000': 0 pak files mounted, 0 remain pending
[2018.12.18-15.40.33:360][  0]LogPakFile: Registered encryption key '00000000000000000000000000000000': 0 pak files mounted, 0 remain pending
[2018.12.18-15.40.33:361][  0]LogPakFile: Registered encryption key '00000000000000000000000000000000': 0 pak files mounted, 0 remain pending
[2018.12.18-15.40.33:361][  0]LogPakFile: Registered encryption key '00000000000000000000000000000000': 0 pak files mounted, 0 remain pending
[2018.12.18-15.40.33:362][  0]LogPakFile: Registered encryption key '00000000000000000000000000000000': 0 pak files mounted, 0 remain pending
[2018.12.18-15.40.33:363][  0]LogPakFile: Registered encryption key '00000000000000000000000000000000': 0 pak files mounted, 0 remain pending
[2018.12.18-15.40.33:364][  0]LogPakFile: Registered encryption key '00000000000000000000000000000000': 0 pak files mounted, 0 remain pending
[2018.12.18-15.40.33:364][  0]LogPakFile: Registered encryption key '00000000000000000000000000000000': 0 pak files mounted, 0 remain pending
[2018.12.18-15.40.33:365][  0]LogPakFile: Registered encryption key '00000000000000000000000000000000': 0 pak files mounted, 0 remain pending
[2018.12.18-15.40.33:366][  0]LogPakFile: Registered encryption key '00000000000000000000000000000000': 0 pak files mounted, 0 remain pending
[2018.12.18-15.40.33:367][  0]LogPakFile: Registered encryption key '00000000000000000000000000000000': 0 pak files mounted, 0 remain pending
[2018.12.18-15.40.33:367][  0]LogPakFile: Registered encryption key '00000000000000000000000000000000': 0 pak files mounted, 0 remain pending
[2018.12.18-15.40.33:368][  0]LogPakFile: Registered encryption key '00000000000000000000000000000000': 0 pak files mounted, 0 remain pending
[2018.12.18-15.40.33:369][  0]LogPakFile: Registered encryption key '00000000000000000000000000000000': 0 pak files mounted, 0 remain pending
[2018.12.18-15.40.33:369][  0]LogPakFile: Registered encryption key '00000000000000000000000000000000': 0 pak files mounted, 0 remain pending
[2018.12.18-15.40.33:370][  0]LogPakFile: Registered encryption key '00000000000000000000000000000000': 0 pak files mounted, 0 remain pending
[2018.12.18-15.40.33:371][  0]LogPakFile: Registered encryption key '00000000000000000000000000000000': 0 pak files mounted, 0 remain pending
[2018.12.18-15.40.33:372][  0]LogPakFile: Registered encryption key '00000000000000000000000000000000': 0 pak files mounted, 0 remain pending
[2018.12.18-15.40.33:372][  0]LogPakFile: Registered encryption key '00000000000000000000000000000000': 0 pak files mounted, 0 remain pending
[2018.12.18-15.40.33:373][  0]LogPakFile: Registered encryption key '00000000000000000000000000000000': 0 pak files mounted, 0 remain pending
[2018.12.18-15.40.33:374][  0]LogPakFile: Registered encryption key '00000000000000000000000000000000': 0 pak files mounted, 0 remain pending
[2018.12.18-15.40.33:375][  0]LogPakFile: Registered encryption key '00000000000000000000000000000000': 0 pak files mounted, 0 remain pending
[2018.12.18-15.40.33:376][  0]LogPakFile: Registered encryption key '00000000000000000000000000000000': 0 pak files mounted, 0 remain pending
[2018.12.18-15.40.33:419][  0]LogContentBrowser: Native class hierarchy updated for 'AddContentDialog' in 0.0003 seconds. Added 0 classes and 0 folders.
[2018.12.18-15.40.33:426][  0]LogContentBrowser: Native class hierarchy updated for 'SceneOutliner' in 0.0004 seconds. Added 1 classes and 2 folders.
[2018.12.18-15.40.33:438][  0]LogSlate: Took 0.000297 seconds to synchronously load lazily loaded font '../../../Engine/Content/Slate/Fonts/Roboto-Regular.ttf' (155K)
[2018.12.18-15.40.33:440][  0]LogSlate: Took 0.000244 seconds to synchronously load lazily loaded font '../../../Engine/Content/Slate/Fonts/Roboto-Bold.ttf' (160K)
[2018.12.18-15.40.33:445][  0]LogSlate: Took 0.000243 seconds to synchronously load lazily loaded font '../../../Engine/Content/Editor/Slate/Fonts/FontAwesome.ttf' (139K)
[2018.12.18-15.40.33:511][  0]LogRenderer: Reallocating scene render targets to support 1208x576 Format 10 NumSamples 1 (Frame:1).
[2018.12.18-15.40.33:663][  0]LogContentBrowser: Native class hierarchy updated for 'HierarchicalLODOutliner' in 0.0004 seconds. Added 0 classes and 0 folders.
[2018.12.18-15.40.33:663][  0]LogLoad: (Engine Initialization) Total time: 9.87 seconds
[2018.12.18-15.40.33:663][  0]LogLoad: (Engine Initialization) Total Blueprint compile time: 0.00 seconds
[2018.12.18-15.40.33:674][  0]LogWindowsTextInputMethodSystem: Display: IME system now deactivated.
[2018.12.18-15.40.33:724][  0]LogContentStreaming: Texture pool size now 1000 MB
[2018.12.18-15.40.33:740][  0]LogSlate: Took 0.000240 seconds to synchronously load lazily loaded font '../../../Engine/Content/Slate/Fonts/Roboto-Light.ttf' (167K)
[2018.12.18-15.40.33:785][  1]LogAssetRegistry: Asset discovery search completed in 5.5588 seconds
[2018.12.18-15.40.33:787][  1]LogCollectionManager: Rebuilt the object cache for 0 collections in 0.000000 seconds (found 0 objects)
[2018.12.18-15.40.33:787][  1]LogCollectionManager: Fixed up redirectors for 0 collections in 0.000170 seconds (updated 0 objects)
[2018.12.18-15.40.36:017][255]LogSlate: FSceneViewport::OnFocusLost() reason 2
[2018.12.18-15.40.37:532][436]LogBlueprintUserMessages: Early PlayInEditor Detection: Level '/Game/Maps/FirstPersonExampleMap.FirstPersonExampleMap:PersistentLevel' has LevelScriptBlueprint '/Game/Maps/FirstPersonExampleMap.FirstPersonExampleMap:PersistentLevel.FirstPersonExampleMap' with GeneratedClass '/Game/Maps/FirstPersonExampleMap.FirstPersonExampleMap_C' with ClassGeneratedBy '/Game/Maps/FirstPersonExampleMap.FirstPersonExampleMap:PersistentLevel.FirstPersonExampleMap'
[2018.12.18-15.40.37:532][436]LogPlayLevel: PlayLevel: No blueprints needed recompiling
[2018.12.18-15.40.37:533][436]PIE: New page: SIE session: FirstPersonExampleMap (18 Dec 2018 17:40:37)
[2018.12.18-15.40.37:546][436]LogPlayLevel: Creating play world package: /Game/Maps/UEDPIE_0_FirstPersonExampleMap
[2018.12.18-15.40.37:565][436]LogPlayLevel: PIE: StaticDuplicateObject took: (0.018699s)
[2018.12.18-15.40.37:566][436]LogAIModule: Creating AISystem for world FirstPersonExampleMap
[2018.12.18-15.40.37:566][436]LogPlayLevel: PIE: World Init took: (0.000684s)
[2018.12.18-15.40.37:566][436]LogPlayLevel: PIE: Created PIE world by copying editor world from /Game/Maps/FirstPersonExampleMap.FirstPersonExampleMap to /Game/Maps/UEDPIE_0_FirstPersonExampleMap.FirstPersonExampleMap (0.019954s)
[2018.12.18-15.40.37:601][436]LogInit: XAudio2 using 'Speakers (2- USB Audio Device)' : 2 channels at 48 kHz using 16 bits per sample (channel mask 0x3)
[2018.12.18-15.40.37:610][436]LogInit: FAudioDevice initialized.
[2018.12.18-15.40.37:611][436]LogSlate: FSceneViewport::OnFocusLost() reason 2
[2018.12.18-15.40.37:661][436]LogLoad: Game class is 'BP_GameMode_C'
[2018.12.18-15.40.37:664][436]LogWorld: Bringing World /Game/Maps/UEDPIE_0_FirstPersonExampleMap.FirstPersonExampleMap up for play (max tick rate 0) at 2018.12.18-16.40.37
[2018.12.18-15.40.37:665][436]LogWorld: Bringing up level for play took: 0.002606
[2018.12.18-15.40.37:679][436]LogGameMode: FindPlayerStart: PATHS NOT DEFINED or NO PLAYERSTART with positive rating
[2018.12.18-15.40.37:682][436]LogContentBrowser: Native class hierarchy updated for 'MovieSceneCapture' in 0.0004 seconds. Added 20 classes and 0 folders.
[2018.12.18-15.40.37:684][436]PIE: Play in editor start time for /Game/Maps/UEDPIE_0_FirstPersonExampleMap 0.872
[2018.12.18-15.40.37:690][436]LogBlueprintUserMessages: Late PlayInEditor Detection: Level '/Game/Maps/FirstPersonExampleMap.FirstPersonExampleMap:PersistentLevel' has LevelScriptBlueprint '/Game/Maps/FirstPersonExampleMap.FirstPersonExampleMap:PersistentLevel.FirstPersonExampleMap' with GeneratedClass '/Game/Maps/FirstPersonExampleMap.FirstPersonExampleMap_C' with ClassGeneratedBy '/Game/Maps/FirstPersonExampleMap.FirstPersonExampleMap:PersistentLevel.FirstPersonExampleMap'
[2018.12.18-15.40.46:055][419]LogBlueprintUserMessages: Early EndPlayMap Detection: Level '/Game/Maps/FirstPersonExampleMap.FirstPersonExampleMap:PersistentLevel' has LevelScriptBlueprint '/Game/Maps/FirstPersonExampleMap.FirstPersonExampleMap:PersistentLevel.FirstPersonExampleMap' with GeneratedClass '/Game/Maps/FirstPersonExampleMap.FirstPersonExampleMap_C' with ClassGeneratedBy '/Game/Maps/FirstPersonExampleMap.FirstPersonExampleMap:PersistentLevel.FirstPersonExampleMap'
[2018.12.18-15.40.46:055][419]LogSlate: Updating window title bar state: overlay mode, drag disabled, window buttons hidden, title bar hidden
[2018.12.18-15.40.46:091][419]LogPlayLevel: Display: Shutting down PIE online subsystems
[2018.12.18-15.40.46:092][419]LogBlueprintUserMessages: Late EndPlayMap Detection: Level '/Game/Maps/FirstPersonExampleMap.FirstPersonExampleMap:PersistentLevel' has LevelScriptBlueprint '/Game/Maps/FirstPersonExampleMap.FirstPersonExampleMap:PersistentLevel.FirstPersonExampleMap' with GeneratedClass '/Game/Maps/FirstPersonExampleMap.FirstPersonExampleMap_C' with ClassGeneratedBy '/Game/Maps/FirstPersonExampleMap.FirstPersonExampleMap:PersistentLevel.FirstPersonExampleMap'
[2018.12.18-15.40.46:112][419]LogSlate: Updating window title bar state: overlay mode, drag disabled, window buttons hidden, title bar hidden
[2018.12.18-15.40.46:157][424]LogPlayLevel: Display: Destroying online subsystem :Context_6
[2018.12.18-15.40.52:719][210]LogBlueprintUserMessages: Early PlayInEditor Detection: Level '/Game/Maps/FirstPersonExampleMap.FirstPersonExampleMap:PersistentLevel' has LevelScriptBlueprint '/Game/Maps/FirstPersonExampleMap.FirstPersonExampleMap:PersistentLevel.FirstPersonExampleMap' with GeneratedClass '/Game/Maps/FirstPersonExampleMap.FirstPersonExampleMap_C' with ClassGeneratedBy '/Game/Maps/FirstPersonExampleMap.FirstPersonExampleMap:PersistentLevel.FirstPersonExampleMap'
[2018.12.18-15.40.52:719][210]LogPlayLevel: PlayLevel: No blueprints needed recompiling
[2018.12.18-15.40.52:720][210]PIE: New page: PIE session: FirstPersonExampleMap (18 Dec 2018 17:40:52)
[2018.12.18-15.40.52:720][210]LogPlayLevel: Creating play world package: /Game/Maps/UEDPIE_0_FirstPersonExampleMap
[2018.12.18-15.40.52:734][210]LogPlayLevel: PIE: StaticDuplicateObject took: (0.014205s)
[2018.12.18-15.40.52:735][210]LogAIModule: Creating AISystem for world FirstPersonExampleMap
[2018.12.18-15.40.52:735][210]LogPlayLevel: PIE: World Init took: (0.000702s)
[2018.12.18-15.40.52:735][210]LogPlayLevel: PIE: Created PIE world by copying editor world from /Game/Maps/FirstPersonExampleMap.FirstPersonExampleMap to /Game/Maps/UEDPIE_0_FirstPersonExampleMap.FirstPersonExampleMap (0.015307s)
[2018.12.18-15.40.52:766][210]LogInit: XAudio2 using 'Speakers (2- USB Audio Device)' : 2 channels at 48 kHz using 16 bits per sample (channel mask 0x3)
[2018.12.18-15.40.52:778][210]LogInit: FAudioDevice initialized.
[2018.12.18-15.40.52:812][210]LogLoad: Game class is 'BP_GameMode_C'
[2018.12.18-15.40.52:814][210]LogWorld: Bringing World /Game/Maps/UEDPIE_0_FirstPersonExampleMap.FirstPersonExampleMap up for play (max tick rate 0) at 2018.12.18-16.40.52
[2018.12.18-15.40.52:815][210]LogWorld: Bringing up level for play took: 0.002193
[2018.12.18-15.40.52:829][210]PIE: Play in editor start time for /Game/Maps/UEDPIE_0_FirstPersonExampleMap 0.018
[2018.12.18-15.40.52:830][210]LogBlueprintUserMessages: Late PlayInEditor Detection: Level '/Game/Maps/FirstPersonExampleMap.FirstPersonExampleMap:PersistentLevel' has LevelScriptBlueprint '/Game/Maps/FirstPersonExampleMap.FirstPersonExampleMap:PersistentLevel.FirstPersonExampleMap' with GeneratedClass '/Game/Maps/FirstPersonExampleMap.FirstPersonExampleMap_C' with ClassGeneratedBy '/Game/Maps/FirstPersonExampleMap.FirstPersonExampleMap:PersistentLevel.FirstPersonExampleMap'
[2018.12.18-15.41.24:005][948]LogBlueprintUserMessages: Early EndPlayMap Detection: Level '/Game/Maps/FirstPersonExampleMap.FirstPersonExampleMap:PersistentLevel' has LevelScriptBlueprint '/Game/Maps/FirstPersonExampleMap.FirstPersonExampleMap:PersistentLevel.FirstPersonExampleMap' with GeneratedClass '/Game/Maps/FirstPersonExampleMap.FirstPersonExampleMap_C' with ClassGeneratedBy '/Game/Maps/FirstPersonExampleMap.FirstPersonExampleMap:PersistentLevel.FirstPersonExampleMap'
[2018.12.18-15.41.24:005][948]LogSlate: Updating window title bar state: overlay mode, drag disabled, window buttons hidden, title bar hidden
[2018.12.18-15.41.24:040][948]LogPlayLevel: Display: Shutting down PIE online subsystems
[2018.12.18-15.41.24:040][948]LogBlueprintUserMessages: Late EndPlayMap Detection: Level '/Game/Maps/FirstPersonExampleMap.FirstPersonExampleMap:PersistentLevel' has LevelScriptBlueprint '/Game/Maps/FirstPersonExampleMap.FirstPersonExampleMap:PersistentLevel.FirstPersonExampleMap' with GeneratedClass '/Game/Maps/FirstPersonExampleMap.FirstPersonExampleMap_C' with ClassGeneratedBy '/Game/Maps/FirstPersonExampleMap.FirstPersonExampleMap:PersistentLevel.FirstPersonExampleMap'
[2018.12.18-15.41.24:061][948]LogSlate: Updating window title bar state: overlay mode, drag disabled, window buttons hidden, title bar hidden
[2018.12.18-15.41.24:105][952]LogPlayLevel: Display: Destroying online subsystem :Context_7
[2018.12.18-15.41.27:277][332]LogSlate: FSceneViewport::OnFocusLost() reason 0
[2018.12.18-15.41.27:377][344]LogTemp: Repeating last play command: Selected Viewport
[2018.12.18-15.41.27:385][344]LogBlueprintUserMessages: Early PlayInEditor Detection: Level '/Game/Maps/FirstPersonExampleMap.FirstPersonExampleMap:PersistentLevel' has LevelScriptBlueprint '/Game/Maps/FirstPersonExampleMap.FirstPersonExampleMap:PersistentLevel.FirstPersonExampleMap' with GeneratedClass '/Game/Maps/FirstPersonExampleMap.FirstPersonExampleMap_C' with ClassGeneratedBy '/Game/Maps/FirstPersonExampleMap.FirstPersonExampleMap:PersistentLevel.FirstPersonExampleMap'
[2018.12.18-15.41.27:385][344]LogPlayLevel: PlayLevel: No blueprints needed recompiling
[2018.12.18-15.41.27:385][344]PIE: New page: PIE session: FirstPersonExampleMap (18 Dec 2018 17:41:27)
[2018.12.18-15.41.27:386][344]LogPlayLevel: Creating play world package: /Game/Maps/UEDPIE_0_FirstPersonExampleMap
[2018.12.18-15.41.27:399][344]LogPlayLevel: PIE: StaticDuplicateObject took: (0.013184s)
[2018.12.18-15.41.27:399][344]LogAIModule: Creating AISystem for world FirstPersonExampleMap
[2018.12.18-15.41.27:400][344]LogPlayLevel: PIE: World Init took: (0.000610s)
[2018.12.18-15.41.27:400][344]LogPlayLevel: PIE: Created PIE world by copying editor world from /Game/Maps/FirstPersonExampleMap.FirstPersonExampleMap to /Game/Maps/UEDPIE_0_FirstPersonExampleMap.FirstPersonExampleMap (0.014243s)
[2018.12.18-15.41.27:432][344]LogInit: XAudio2 using 'Speakers (2- USB Audio Device)' : 2 channels at 48 kHz using 16 bits per sample (channel mask 0x3)
[2018.12.18-15.41.27:442][344]LogInit: FAudioDevice initialized.
[2018.12.18-15.41.27:478][344]LogLoad: Game class is 'BP_GameMode_C'
[2018.12.18-15.41.27:480][344]LogWorld: Bringing World /Game/Maps/UEDPIE_0_FirstPersonExampleMap.FirstPersonExampleMap up for play (max tick rate 0) at 2018.12.18-16.41.27
[2018.12.18-15.41.27:481][344]LogWorld: Bringing up level for play took: 0.001974
[2018.12.18-15.41.27:495][344]PIE: Play in editor start time for /Game/Maps/UEDPIE_0_FirstPersonExampleMap 0.684
[2018.12.18-15.41.27:496][344]LogBlueprintUserMessages: Late PlayInEditor Detection: Level '/Game/Maps/FirstPersonExampleMap.FirstPersonExampleMap:PersistentLevel' has LevelScriptBlueprint '/Game/Maps/FirstPersonExampleMap.FirstPersonExampleMap:PersistentLevel.FirstPersonExampleMap' with GeneratedClass '/Game/Maps/FirstPersonExampleMap.FirstPersonExampleMap_C' with ClassGeneratedBy '/Game/Maps/FirstPersonExampleMap.FirstPersonExampleMap:PersistentLevel.FirstPersonExampleMap'
[2018.12.18-15.41.57:364][924]LogBlueprintUserMessages: Early EndPlayMap Detection: Level '/Game/Maps/FirstPersonExampleMap.FirstPersonExampleMap:PersistentLevel' has LevelScriptBlueprint '/Game/Maps/FirstPersonExampleMap.FirstPersonExampleMap:PersistentLevel.FirstPersonExampleMap' with GeneratedClass '/Game/Maps/FirstPersonExampleMap.FirstPersonExampleMap_C' with ClassGeneratedBy '/Game/Maps/FirstPersonExampleMap.FirstPersonExampleMap:PersistentLevel.FirstPersonExampleMap'
[2018.12.18-15.41.57:364][924]LogSlate: Updating window title bar state: overlay mode, drag disabled, window buttons hidden, title bar hidden
[2018.12.18-15.41.57:401][924]LogPlayLevel: Display: Shutting down PIE online subsystems
[2018.12.18-15.41.57:401][924]LogBlueprintUserMessages: Late EndPlayMap Detection: Level '/Game/Maps/FirstPersonExampleMap.FirstPersonExampleMap:PersistentLevel' has LevelScriptBlueprint '/Game/Maps/FirstPersonExampleMap.FirstPersonExampleMap:PersistentLevel.FirstPersonExampleMap' with GeneratedClass '/Game/Maps/FirstPersonExampleMap.FirstPersonExampleMap_C' with ClassGeneratedBy '/Game/Maps/FirstPersonExampleMap.FirstPersonExampleMap:PersistentLevel.FirstPersonExampleMap'
[2018.12.18-15.41.57:421][924]LogSlate: Updating window title bar state: overlay mode, drag disabled, window buttons hidden, title bar hidden
[2018.12.18-15.41.57:463][928]LogPlayLevel: Display: Destroying online subsystem :Context_8
[2018.12.18-15.41.59:460][167]LogSlate: FSceneViewport::OnFocusLost() reason 0
[2018.12.18-15.41.59:549][178]LogTemp: Repeating last play command: Selected Viewport
[2018.12.18-15.41.59:556][178]LogBlueprintUserMessages: Early PlayInEditor Detection: Level '/Game/Maps/FirstPersonExampleMap.FirstPersonExampleMap:PersistentLevel' has LevelScriptBlueprint '/Game/Maps/FirstPersonExampleMap.FirstPersonExampleMap:PersistentLevel.FirstPersonExampleMap' with GeneratedClass '/Game/Maps/FirstPersonExampleMap.FirstPersonExampleMap_C' with ClassGeneratedBy '/Game/Maps/FirstPersonExampleMap.FirstPersonExampleMap:PersistentLevel.FirstPersonExampleMap'
[2018.12.18-15.41.59:556][178]LogPlayLevel: PlayLevel: No blueprints needed recompiling
[2018.12.18-15.41.59:556][178]PIE: New page: PIE session: FirstPersonExampleMap (18 Dec 2018 17:41:59)
[2018.12.18-15.41.59:556][178]LogPlayLevel: Creating play world package: /Game/Maps/UEDPIE_0_FirstPersonExampleMap
[2018.12.18-15.41.59:569][178]LogPlayLevel: PIE: StaticDuplicateObject took: (0.012170s)
[2018.12.18-15.41.59:569][178]LogAIModule: Creating AISystem for world FirstPersonExampleMap
[2018.12.18-15.41.59:570][178]LogPlayLevel: PIE: World Init took: (0.000751s)
[2018.12.18-15.41.59:570][178]LogPlayLevel: PIE: Created PIE world by copying editor world from /Game/Maps/FirstPersonExampleMap.FirstPersonExampleMap to /Game/Maps/UEDPIE_0_FirstPersonExampleMap.FirstPersonExampleMap (0.013384s)
[2018.12.18-15.41.59:603][178]LogInit: XAudio2 using 'Speakers (2- USB Audio Device)' : 2 channels at 48 kHz using 16 bits per sample (channel mask 0x3)
[2018.12.18-15.41.59:613][178]LogInit: FAudioDevice initialized.
[2018.12.18-15.41.59:646][178]LogLoad: Game class is 'BP_GameMode_C'
[2018.12.18-15.41.59:648][178]LogWorld: Bringing World /Game/Maps/UEDPIE_0_FirstPersonExampleMap.FirstPersonExampleMap up for play (max tick rate 0) at 2018.12.18-16.41.59
[2018.12.18-15.41.59:649][178]LogWorld: Bringing up level for play took: 0.002004
[2018.12.18-15.41.59:663][178]PIE: Play in editor start time for /Game/Maps/UEDPIE_0_FirstPersonExampleMap 0.853
[2018.12.18-15.41.59:664][178]LogBlueprintUserMessages: Late PlayInEditor Detection: Level '/Game/Maps/FirstPersonExampleMap.FirstPersonExampleMap:PersistentLevel' has LevelScriptBlueprint '/Game/Maps/FirstPersonExampleMap.FirstPersonExampleMap:PersistentLevel.FirstPersonExampleMap' with GeneratedClass '/Game/Maps/FirstPersonExampleMap.FirstPersonExampleMap_C' with ClassGeneratedBy '/Game/Maps/FirstPersonExampleMap.FirstPersonExampleMap:PersistentLevel.FirstPersonExampleMap'
[2018.12.18-15.42.54:635][769]LogTemp: Overlapped with extraction zone!
[2018.12.18-15.43.05:076][ 19]LogBlueprintUserMessages: Early EndPlayMap Detection: Level '/Game/Maps/FirstPersonExampleMap.FirstPersonExampleMap:PersistentLevel' has LevelScriptBlueprint '/Game/Maps/FirstPersonExampleMap.FirstPersonExampleMap:PersistentLevel.FirstPersonExampleMap' with GeneratedClass '/Game/Maps/FirstPersonExampleMap.FirstPersonExampleMap_C' with ClassGeneratedBy '/Game/Maps/FirstPersonExampleMap.FirstPersonExampleMap:PersistentLevel.FirstPersonExampleMap'
[2018.12.18-15.43.05:077][ 19]LogSlate: Updating window title bar state: overlay mode, drag disabled, window buttons hidden, title bar hidden
[2018.12.18-15.43.05:115][ 19]LogPlayLevel: Display: Shutting down PIE online subsystems
[2018.12.18-15.43.05:116][ 19]LogBlueprintUserMessages: Late EndPlayMap Detection: Level '/Game/Maps/FirstPersonExampleMap.FirstPersonExampleMap:PersistentLevel' has LevelScriptBlueprint '/Game/Maps/FirstPersonExampleMap.FirstPersonExampleMap:PersistentLevel.FirstPersonExampleMap' with GeneratedClass '/Game/Maps/FirstPersonExampleMap.FirstPersonExampleMap_C' with ClassGeneratedBy '/Game/Maps/FirstPersonExampleMap.FirstPersonExampleMap:PersistentLevel.FirstPersonExampleMap'
[2018.12.18-15.43.05:136][ 19]LogSlate: Updating window title bar state: overlay mode, drag disabled, window buttons hidden, title bar hidden
[2018.12.18-15.43.05:180][ 22]LogPlayLevel: Display: Destroying online subsystem :Context_9
[2018.12.18-15.43.18:482][618]LogSlate: FSceneViewport::OnFocusLost() reason 0
