Log file open, 12/18/18 10:08:13
LogWindows: Failed to load 'aqProf.dll' (GetLastError=126)
LogWindows: File 'aqProf.dll' does not exist
LogWindows: Failed to load 'VtuneApi.dll' (GetLastError=126)
LogWindows: File 'VtuneApi.dll' does not exist
LogWindows: Failed to load 'VtuneApi32e.dll' (GetLastError=126)
LogWindows: File 'VtuneApi32e.dll' does not exist
LogConsoleResponse: Display: Failed to find resolution value strings in scalability ini. Falling back to default.
LogInit: Display: Running engine for game: FPSGame
LogPakFile: Registered encryption key '00000000000000000000000000000000': 0 pak files mounted, 0 remain pending
LogPlatformFile: Not using cached read wrapper
LogTaskGraph: Started task graph with 5 named threads and 35 total threads with 3 sets of task threads.
LogStats: Stats thread started at 0.578483
LogD3D11RHI: Loaded GFSDK_Aftermath_Lib.x64.dll
LogICUInternationalization: ICU TimeZone Detection - Raw Offset: +1:00, Platform Override: ''
LogPluginManager: Mounting plugin Paper2D
LogPluginManager: Mounting plugin AISupport
LogPluginManager: Mounting plugin LightPropagationVolume
LogPluginManager: Mounting plugin ActorLayerUtilities
LogPluginManager: Mounting plugin CLionSourceCodeAccess
LogPluginManager: Mounting plugin CodeLiteSourceCodeAccess
LogPluginManager: Mounting plugin GitSourceControl
LogPluginManager: Mounting plugin KDevelopSourceCodeAccess
LogPluginManager: Mounting plugin NullSourceCodeAccess
LogPluginManager: Mounting plugin PerforceSourceControl
LogPluginManager: Mounting plugin SubversionSourceControl
LogPluginManager: Mounting plugin UObjectPlugin
LogPluginManager: Mounting plugin VisualStudioCodeSourceCodeAccess
LogPluginManager: Mounting plugin VisualStudioSourceCodeAccess
LogPluginManager: Mounting plugin XCodeSourceCodeAccess
LogPluginManager: Mounting plugin AssetManagerEditor
LogPluginManager: Mounting plugin CryptoKeys
LogPluginManager: Mounting plugin DataValidation
LogPluginManager: Mounting plugin FacialAnimation
LogPluginManager: Mounting plugin GameplayTagsEditor
LogPluginManager: Mounting plugin MacGraphicsSwitching
LogPluginManager: Mounting plugin MeshEditor
LogPluginManager: Mounting plugin MobileLauncherProfileWizard
LogPluginManager: Mounting plugin PluginBrowser
LogPluginManager: Mounting plugin SpeedTreeImporter
LogPluginManager: Mounting plugin DatasmithContent
LogPluginManager: Mounting plugin VariantManagerContent
LogPluginManager: Mounting plugin AlembicImporter
LogPluginManager: Mounting plugin AppleImageUtils
LogPluginManager: Mounting plugin AppleVision
LogPluginManager: Mounting plugin BackChannel
LogPluginManager: Mounting plugin CharacterAI
LogPluginManager: Mounting plugin GeometryCache
LogPluginManager: Mounting plugin HTML5Networking
LogPluginManager: Mounting plugin ProxyLODPlugin
LogPluginManager: Mounting plugin MagicLeap
LogPluginManager: Mounting plugin MagicLeapMedia
LogPluginManager: Mounting plugin AndroidMedia
LogPluginManager: Mounting plugin AvfMedia
LogPluginManager: Mounting plugin ImgMedia
LogPluginManager: Mounting plugin LinearTimecode
LogPluginManager: Mounting plugin MediaCompositing
LogPluginManager: Mounting plugin MediaPlayerEditor
LogPluginManager: Mounting plugin WebMMedia
LogPluginManager: Mounting plugin WmfMedia
LogPluginManager: Mounting plugin TcpMessaging
LogPluginManager: Mounting plugin UdpMessaging
LogPluginManager: Mounting plugin ActorSequence
LogPluginManager: Mounting plugin LevelSequenceEditor
LogPluginManager: Mounting plugin MatineeToLevelSequence
LogPluginManager: Mounting plugin NetcodeUnitTest
LogPluginManager: Mounting plugin NUTUnrealEngine4
LogPluginManager: Mounting plugin OnlineSubsystemGooglePlay
LogPluginManager: Mounting plugin OnlineSubsystemIOS
LogPluginManager: Mounting plugin OnlineSubsystem
LogPluginManager: Mounting plugin OnlineSubsystemNull
LogPluginManager: Mounting plugin OnlineSubsystemUtils
LogPluginManager: Mounting plugin LauncherChunkInstaller
LogPluginManager: Mounting plugin AndroidDeviceProfileSelector
LogPluginManager: Mounting plugin AndroidMoviePlayer
LogPluginManager: Mounting plugin AndroidPermission
LogPluginManager: Mounting plugin AppleMoviePlayer
LogPluginManager: Mounting plugin ArchVisCharacter
LogPluginManager: Mounting plugin AudioCapture
LogPluginManager: Mounting plugin CableComponent
LogPluginManager: Mounting plugin CustomMeshComponent
LogPluginManager: Mounting plugin EditableMesh
LogPluginManager: Mounting plugin ExampleDeviceProfileSelector
LogPluginManager: Mounting plugin Firebase
LogPluginManager: Mounting plugin GoogleCloudMessaging
LogPluginManager: Mounting plugin IOSDeviceProfileSelector
LogPluginManager: Mounting plugin LinuxDeviceProfileSelector
LogPluginManager: Mounting plugin LocationServicesBPLibrary
LogPluginManager: Mounting plugin MobilePatchingUtils
LogPluginManager: Mounting plugin OculusVR
LogPluginManager: Mounting plugin PhysXVehicles
LogPluginManager: Mounting plugin ProceduralMeshComponent
LogPluginManager: Mounting plugin RuntimePhysXCooking
LogPluginManager: Mounting plugin SteamVR
LogPluginManager: Mounting plugin WebMMoviePlayer
LogPluginManager: Mounting plugin WindowsMoviePlayer
LogStreaming: Display: Took  0.187s to configure plugins.
LogInit: Using libcurl 7.55.1-DEV
LogInit:  - built for x86_64-pc-win32
LogInit:  - supports SSL with OpenSSL/1.0.2h
LogInit:  - supports HTTP deflate (compression) using libz 1.2.8
LogInit:  - other features:
LogInit:      CURL_VERSION_SSL
LogInit:      CURL_VERSION_LIBZ
LogInit:      CURL_VERSION_IPV6
LogInit:      CURL_VERSION_ASYNCHDNS
LogInit:      CURL_VERSION_LARGEFILE
LogInit:      CURL_VERSION_IDN
LogInit:  CurlRequestOptions (configurable via config and command line):
LogInit:  - bVerifyPeer = true  - Libcurl will verify peer certificate
LogInit:  - bUseHttpProxy = false  - Libcurl will NOT use HTTP proxy
LogInit:  - bDontReuseConnections = false  - Libcurl will reuse connections
LogInit:  - MaxHostConnections = 16  - Libcurl will limit the number of connections to a host
LogInit:  - LocalHostAddr = Default
LogInit:  - BufferSize = 65536
LogInit: WinSock: version 1.1 (2.2), MaxSocks=32767, MaxUdp=65467
LogInit: Build: ++UE4+Release-4.21-CL-4613538
LogInit: Engine Version: 4.21.1-4613538+++UE4+Release-4.21
LogInit: Compatible Engine Version: 4.21.0-4541578+++UE4+Release-4.21
LogInit: Net CL: 4541578
LogInit: OS: Windows 10 (), CPU: Intel(R) Core(TM) i7-8700 CPU @ 3.20GHz, GPU: NVIDIA GeForce GTX 1050 Ti
LogInit: Compiled (64-bit): Nov 30 2018 04:13:25
LogInit: Compiled with Visual C++: 19.13.26129.00
LogInit: Build Configuration: Development
LogInit: Branch Name: ++UE4+Release-4.21
LogInit: Command Line:  -skipcompile
LogInit: Base Directory: D:/UnrealEngine/Engine/UE_4.21/Engine/Binaries/Win64/
LogInit: Installed Engine Build: 1
LogDevObjectVersion: Number of dev versions registered: 22
LogDevObjectVersion:   Dev-Blueprints (B0D832E4-1F89-4F0D-ACCF-7EB736FD4AA2): 10
LogDevObjectVersion:   Dev-Build (E1C64328-A22C-4D53-A36C-8E866417BD8C): 0
LogDevObjectVersion:   Dev-Core (375EC13C-06E4-48FB-B500-84F0262A717E): 2
LogDevObjectVersion:   Dev-Editor (E4B068ED-F494-42E9-A231-DA0B2E46BB41): 26
LogDevObjectVersion:   Dev-Framework (CFFC743F-43B0-4480-9391-14DF171D2073): 34
LogDevObjectVersion:   Dev-Mobile (B02B49B5-BB20-44E9-A304-32B752E40360): 2
LogDevObjectVersion:   Dev-Networking (A4E4105C-59A1-49B5-A7C5-40C4547EDFEE): 0
LogDevObjectVersion:   Dev-Online (39C831C9-5AE6-47DC-9A44-9C173E1C8E7C): 0
LogDevObjectVersion:   Dev-Physics (78F01B33-EBEA-4F98-B9B4-84EACCB95AA2): 0
LogDevObjectVersion:   Dev-Platform (6631380F-2D4D-43E0-8009-CF276956A95A): 0
LogDevObjectVersion:   Dev-Rendering (12F88B9F-8875-4AFC-A67C-D90C383ABD29): 27
LogDevObjectVersion:   Dev-Sequencer (7B5AE74C-D270-4C10-A958-57980B212A5A): 9
LogDevObjectVersion:   Dev-VR (D7296918-1DD6-4BDD-9DE2-64A83CC13884): 2
LogDevObjectVersion:   Dev-LoadTimes (C2A15278-BFE7-4AFE-6C17-90FF531DF755): 1
LogDevObjectVersion:   Private-Geometry (6EACA3D4-40EC-4CC1-B786-8BED09428FC5): 3
LogDevObjectVersion:   Dev-AnimPhys (29E575DD-E0A3-4627-9D10-D276232CDCEA): 17
LogDevObjectVersion:   Dev-Anim (AF43A65D-7FD3-4947-9873-3E8ED9C1BB05): 2
LogDevObjectVersion:   Dev-ReflectionCapture (6B266CEC-1EC7-4B8F-A30B-E4D90942FC07): 1
LogDevObjectVersion:   Dev-Automation (0DF73D61-A23F-47EA-B727-89E90C41499A): 1
LogDevObjectVersion:   FortniteMain (601D1886-AC64-4F84-AA16-D3DE0DEAC7D6): 17
LogDevObjectVersion:   Dev-Enterprise (9DFFBCD6-494F-0158-E221-12823C92A888): 4
LogDevObjectVersion:   Dev-Niagara (F2AED0AC-9AFE-416F-8664-AA7FFA26D6FC): 1
LogStreaming: Display: Took  0.056s to delete old logs.
LogInit: Presizing for max 8388607 objects, including 0 objects not considered by GC, pre-allocating 0 bytes for permanent pool.
LogInit: Object subsystem initialized
LogConfig: Setting CVar [[con.DebugEarlyDefault:1]]
LogConfig: Setting CVar [[r.setres:1280x720]]
[2018.12.18-09.08.14:976][  0]LogConfig: Setting CVar [[r.VSync:0]]
[2018.12.18-09.08.14:976][  0]LogConfig: Setting CVar [[r.RHICmdBypass:0]]
[2018.12.18-09.08.14:976][  0]LogConfig: Applying CVar settings from Section [/Script/Engine.RendererSettings] File [D:/UnrealEngine/Games/StealthGame/UnrealStealthGame/StealthGame/Saved/Config/Windows/Engine.ini]
[2018.12.18-09.08.14:976][  0]LogConfig: Setting CVar [[r.GPUCrashDebugging:0]]
[2018.12.18-09.08.14:976][  0]LogConfig: Applying CVar settings from Section [/Script/Engine.RendererOverrideSettings] File [D:/UnrealEngine/Games/StealthGame/UnrealStealthGame/StealthGame/Saved/Config/Windows/Engine.ini]
[2018.12.18-09.08.14:976][  0]LogConfig: Applying CVar settings from Section [/Script/Engine.StreamingSettings] File [D:/UnrealEngine/Games/StealthGame/UnrealStealthGame/StealthGame/Saved/Config/Windows/Engine.ini]
[2018.12.18-09.08.14:976][  0]LogConfig: Setting CVar [[s.MinBulkDataSizeForAsyncLoading:131072]]
[2018.12.18-09.08.14:976][  0]LogConfig: Setting CVar [[s.AsyncLoadingThreadEnabled:0]]
[2018.12.18-09.08.14:976][  0]LogConfig: Setting CVar [[s.EventDrivenLoaderEnabled:1]]
[2018.12.18-09.08.14:976][  0]LogConfig: Setting CVar [[s.WarnIfTimeLimitExceeded:0]]
[2018.12.18-09.08.14:976][  0]LogConfig: Setting CVar [[s.TimeLimitExceededMultiplier:1.5]]
[2018.12.18-09.08.14:976][  0]LogConfig: Setting CVar [[s.TimeLimitExceededMinTime:0.005]]
[2018.12.18-09.08.14:977][  0]LogConfig: Setting CVar [[s.UseBackgroundLevelStreaming:1]]
[2018.12.18-09.08.14:977][  0]LogConfig: Setting CVar [[s.PriorityAsyncLoadingExtraTime:15.0]]
[2018.12.18-09.08.14:977][  0]LogConfig: Setting CVar [[s.LevelStreamingActorsUpdateTimeLimit:5.0]]
[2018.12.18-09.08.14:977][  0]LogConfig: Setting CVar [[s.PriorityLevelStreamingActorsUpdateExtraTime:5.0]]
[2018.12.18-09.08.14:977][  0]LogConfig: Setting CVar [[s.LevelStreamingComponentsRegistrationGranularity:10]]
[2018.12.18-09.08.14:977][  0]LogConfig: Setting CVar [[s.UnregisterComponentsTimeLimit:1.0]]
[2018.12.18-09.08.14:977][  0]LogConfig: Setting CVar [[s.LevelStreamingComponentsUnregistrationGranularity:5]]
[2018.12.18-09.08.14:977][  0]LogConfig: Applying CVar settings from Section [/Script/Engine.GarbageCollectionSettings] File [D:/UnrealEngine/Games/StealthGame/UnrealStealthGame/StealthGame/Saved/Config/Windows/Engine.ini]
[2018.12.18-09.08.14:977][  0]LogConfig: Setting CVar [[gc.MaxObjectsNotConsideredByGC:1]]
[2018.12.18-09.08.14:977][  0]LogConfig: Setting CVar [[gc.SizeOfPermanentObjectPool:0]]
[2018.12.18-09.08.14:977][  0]LogConfig: Setting CVar [[gc.FlushStreamingOnGC:0]]
[2018.12.18-09.08.14:977][  0]LogConfig: Setting CVar [[gc.NumRetriesBeforeForcingGC:10]]
[2018.12.18-09.08.14:977][  0]LogConfig: Setting CVar [[gc.AllowParallelGC:1]]
[2018.12.18-09.08.14:977][  0]LogConfig: Setting CVar [[gc.TimeBetweenPurgingPendingKillObjects:61.1]]
[2018.12.18-09.08.14:978][  0]LogConfig: Setting CVar [[gc.MaxObjectsInEditor:8388607]]
[2018.12.18-09.08.14:978][  0]LogConfig: Setting CVar [[gc.IncrementalBeginDestroyEnabled:1]]
[2018.12.18-09.08.14:978][  0]LogConfig: Setting CVar [[gc.CreateGCClusters:1]]
[2018.12.18-09.08.14:978][  0]LogConfig: Setting CVar [[gc.MergeGCClusters:0]]
[2018.12.18-09.08.14:978][  0]LogConfig: Setting CVar [[gc.MinGCClusterSize:5]]
[2018.12.18-09.08.14:978][  0]LogConfig: Setting CVar [[gc.ActorClusteringEnabled:0]]
[2018.12.18-09.08.14:978][  0]LogConfig: Setting CVar [[gc.BlueprintClusteringEnabled:0]]
[2018.12.18-09.08.14:978][  0]LogConfig: Setting CVar [[gc.UseDisregardForGCOnDedicatedServers:0]]
[2018.12.18-09.08.14:978][  0]LogConfig: Applying CVar settings from Section [/Script/Engine.NetworkSettings] File [D:/UnrealEngine/Games/StealthGame/UnrealStealthGame/StealthGame/Saved/Config/Windows/Engine.ini]
[2018.12.18-09.08.14:978][  0]LogConfig: Applying CVar settings from Section [/Script/UnrealEd.CookerSettings] File [D:/UnrealEngine/Games/StealthGame/UnrealStealthGame/StealthGame/Saved/Config/Windows/Engine.ini]
[2018.12.18-09.08.15:000][  0]LogConfig: Applying CVar settings from Section [ViewDistanceQuality@3] File [D:/UnrealEngine/Games/StealthGame/UnrealStealthGame/StealthGame/Saved/Config/Windows/Scalability.ini]
[2018.12.18-09.08.15:001][  0]LogConfig: Setting CVar [[r.SkeletalMeshLODBias:0]]
[2018.12.18-09.08.15:001][  0]LogConfig: Setting CVar [[r.ViewDistanceScale:1.0]]
[2018.12.18-09.08.15:001][  0]LogConfig: Applying CVar settings from Section [AntiAliasingQuality@3] File [D:/UnrealEngine/Games/StealthGame/UnrealStealthGame/StealthGame/Saved/Config/Windows/Scalability.ini]
[2018.12.18-09.08.15:001][  0]LogConfig: Setting CVar [[r.PostProcessAAQuality:4]]
[2018.12.18-09.08.15:001][  0]LogConfig: Applying CVar settings from Section [ShadowQuality@3] File [D:/UnrealEngine/Games/StealthGame/UnrealStealthGame/StealthGame/Saved/Config/Windows/Scalability.ini]
[2018.12.18-09.08.15:001][  0]LogConfig: Setting CVar [[r.LightFunctionQuality:1]]
[2018.12.18-09.08.15:001][  0]LogConfig: Setting CVar [[r.ShadowQuality:5]]
[2018.12.18-09.08.15:001][  0]LogConfig: Setting CVar [[r.Shadow.CSM.MaxCascades:10]]
[2018.12.18-09.08.15:001][  0]LogConfig: Setting CVar [[r.Shadow.MaxResolution:2048]]
[2018.12.18-09.08.15:001][  0]LogConfig: Setting CVar [[r.Shadow.MaxCSMResolution:2048]]
[2018.12.18-09.08.15:001][  0]LogConfig: Setting CVar [[r.Shadow.RadiusThreshold:0.01]]
[2018.12.18-09.08.15:001][  0]LogConfig: Setting CVar [[r.Shadow.DistanceScale:1.0]]
[2018.12.18-09.08.15:001][  0]LogConfig: Setting CVar [[r.Shadow.CSM.TransitionScale:1.0]]
[2018.12.18-09.08.15:002][  0]LogConfig: Setting CVar [[r.Shadow.PreShadowResolutionFactor:1.0]]
[2018.12.18-09.08.15:002][  0]LogConfig: Setting CVar [[r.DistanceFieldShadowing:1]]
[2018.12.18-09.08.15:002][  0]LogConfig: Setting CVar [[r.DistanceFieldAO:1]]
[2018.12.18-09.08.15:002][  0]LogConfig: Setting CVar [[r.AOQuality:2]]
[2018.12.18-09.08.15:002][  0]LogConfig: Setting CVar [[r.VolumetricFog:1]]
[2018.12.18-09.08.15:002][  0]LogConfig: Setting CVar [[r.VolumetricFog.GridPixelSize:8]]
[2018.12.18-09.08.15:002][  0]LogConfig: Setting CVar [[r.VolumetricFog.GridSizeZ:128]]
[2018.12.18-09.08.15:002][  0]LogConfig: Setting CVar [[r.VolumetricFog.HistoryMissSupersampleCount:4]]
[2018.12.18-09.08.15:002][  0]LogConfig: Setting CVar [[r.LightMaxDrawDistanceScale:1]]
[2018.12.18-09.08.15:002][  0]LogConfig: Setting CVar [[r.CapsuleShadows:1]]
[2018.12.18-09.08.15:002][  0]LogConfig: Applying CVar settings from Section [PostProcessQuality@3] File [D:/UnrealEngine/Games/StealthGame/UnrealStealthGame/StealthGame/Saved/Config/Windows/Scalability.ini]
[2018.12.18-09.08.15:002][  0]LogConfig: Setting CVar [[r.MotionBlurQuality:4]]
[2018.12.18-09.08.15:002][  0]LogConfig: Setting CVar [[r.AmbientOcclusionMipLevelFactor:0.4]]
[2018.12.18-09.08.15:002][  0]LogConfig: Setting CVar [[r.AmbientOcclusionMaxQuality:100]]
[2018.12.18-09.08.15:002][  0]LogConfig: Setting CVar [[r.AmbientOcclusionLevels:-1]]
[2018.12.18-09.08.15:003][  0]LogConfig: Setting CVar [[r.AmbientOcclusionRadiusScale:1.0]]
[2018.12.18-09.08.15:003][  0]LogConfig: Setting CVar [[r.DepthOfFieldQuality:2]]
[2018.12.18-09.08.15:003][  0]LogConfig: Setting CVar [[r.RenderTargetPoolMin:400]]
[2018.12.18-09.08.15:003][  0]LogConfig: Setting CVar [[r.LensFlareQuality:2]]
[2018.12.18-09.08.15:003][  0]LogConfig: Setting CVar [[r.SceneColorFringeQuality:1]]
[2018.12.18-09.08.15:003][  0]LogConfig: Setting CVar [[r.EyeAdaptationQuality:2]]
[2018.12.18-09.08.15:003][  0]LogConfig: Setting CVar [[r.BloomQuality:5]]
[2018.12.18-09.08.15:003][  0]LogConfig: Setting CVar [[r.FastBlurThreshold:100]]
[2018.12.18-09.08.15:003][  0]LogConfig: Setting CVar [[r.Upscale.Quality:3]]
[2018.12.18-09.08.15:003][  0]LogConfig: Setting CVar [[r.Tonemapper.GrainQuantization:1]]
[2018.12.18-09.08.15:003][  0]LogConfig: Setting CVar [[r.LightShaftQuality:1]]
[2018.12.18-09.08.15:003][  0]LogConfig: Setting CVar [[r.Filter.SizeScale:1]]
[2018.12.18-09.08.15:003][  0]LogConfig: Setting CVar [[r.Tonemapper.Quality:5]]
[2018.12.18-09.08.15:003][  0]LogConfig: Setting CVar [[r.DOF.Gather.AccumulatorQuality:1        ; higher gathering accumulator quality]]
[2018.12.18-09.08.15:003][  0]LogConfig: Setting CVar [[r.DOF.Gather.PostfilterMethod:1          ; Median3x3 postfilering method]]
[2018.12.18-09.08.15:004][  0]LogConfig: Setting CVar [[r.DOF.Gather.EnableBokehSettings:0       ; no bokeh simulation when gathering]]
[2018.12.18-09.08.15:004][  0]LogConfig: Setting CVar [[r.DOF.Gather.RingCount:4                 ; medium number of samples when gathering]]
[2018.12.18-09.08.15:004][  0]LogConfig: Setting CVar [[r.DOF.Scatter.ForegroundCompositing:1    ; additive foreground scattering]]
[2018.12.18-09.08.15:004][  0]LogConfig: Setting CVar [[r.DOF.Scatter.BackgroundCompositing:2    ; additive background scattering]]
[2018.12.18-09.08.15:004][  0]LogConfig: Setting CVar [[r.DOF.Scatter.EnableBokehSettings:1      ; bokeh simulation when scattering]]
[2018.12.18-09.08.15:004][  0]LogConfig: Setting CVar [[r.DOF.Scatter.MaxSpriteRatio:0.1         ; only a maximum of 10% of scattered bokeh]]
[2018.12.18-09.08.15:004][  0]LogConfig: Setting CVar [[r.DOF.Recombine.Quality:1                ; cheap slight out of focus]]
[2018.12.18-09.08.15:004][  0]LogConfig: Setting CVar [[r.DOF.Recombine.EnableBokehSettings:0    ; no bokeh simulation on slight out of focus]]
[2018.12.18-09.08.15:004][  0]LogConfig: Setting CVar [[r.DOF.TemporalAAQuality:1                ; more stable temporal accumulation]]
[2018.12.18-09.08.15:004][  0]LogConfig: Setting CVar [[r.DOF.Kernel.MaxForegroundRadius:0.025]]
[2018.12.18-09.08.15:004][  0]LogConfig: Setting CVar [[r.DOF.Kernel.MaxBackgroundRadius:0.025]]
[2018.12.18-09.08.15:004][  0]LogConfig: Applying CVar settings from Section [TextureQuality@3] File [D:/UnrealEngine/Games/StealthGame/UnrealStealthGame/StealthGame/Saved/Config/Windows/Scalability.ini]
[2018.12.18-09.08.15:004][  0]LogConfig: Setting CVar [[r.Streaming.MipBias:0]]
[2018.12.18-09.08.15:005][  0]LogConfig: Setting CVar [[r.Streaming.AmortizeCPUToGPUCopy:0]]
[2018.12.18-09.08.15:005][  0]LogConfig: Setting CVar [[r.Streaming.MaxNumTexturesToStreamPerFrame:0]]
[2018.12.18-09.08.15:005][  0]LogConfig: Setting CVar [[r.Streaming.Boost:1]]
[2018.12.18-09.08.15:005][  0]LogConfig: Setting CVar [[r.MaxAnisotropy:8]]
[2018.12.18-09.08.15:005][  0]LogConfig: Setting CVar [[r.Streaming.LimitPoolSizeToVRAM:0]]
[2018.12.18-09.08.15:005][  0]LogConfig: Setting CVar [[r.Streaming.PoolSize:1000]]
[2018.12.18-09.08.15:005][  0]LogConfig: Setting CVar [[r.Streaming.MaxEffectiveScreenSize:0]]
[2018.12.18-09.08.15:005][  0]LogConfig: Applying CVar settings from Section [EffectsQuality@3] File [D:/UnrealEngine/Games/StealthGame/UnrealStealthGame/StealthGame/Saved/Config/Windows/Scalability.ini]
[2018.12.18-09.08.15:005][  0]LogConfig: Setting CVar [[r.TranslucencyLightingVolumeDim:64]]
[2018.12.18-09.08.15:005][  0]LogConfig: Setting CVar [[r.RefractionQuality:2]]
[2018.12.18-09.08.15:005][  0]LogConfig: Setting CVar [[r.SSR.Quality:3]]
[2018.12.18-09.08.15:005][  0]LogConfig: Setting CVar [[r.SceneColorFormat:4]]
[2018.12.18-09.08.15:005][  0]LogConfig: Setting CVar [[r.DetailMode:2]]
[2018.12.18-09.08.15:005][  0]LogConfig: Setting CVar [[r.TranslucencyVolumeBlur:1]]
[2018.12.18-09.08.15:006][  0]LogConfig: Setting CVar [[r.MaterialQualityLevel:1 ; High quality]]
[2018.12.18-09.08.15:006][  0]LogConfig: Setting CVar [[r.SSS.Scale:1]]
[2018.12.18-09.08.15:006][  0]LogConfig: Setting CVar [[r.SSS.SampleSet:2]]
[2018.12.18-09.08.15:006][  0]LogConfig: Setting CVar [[r.SSS.Quality:1]]
[2018.12.18-09.08.15:006][  0]LogConfig: Setting CVar [[r.SSS.HalfRes:1]]
[2018.12.18-09.08.15:006][  0]LogConfig: Setting CVar [[r.EmitterSpawnRateScale:1.0]]
[2018.12.18-09.08.15:006][  0]LogConfig: Setting CVar [[r.ParticleLightQuality:2]]
[2018.12.18-09.08.15:006][  0]LogConfig: Applying CVar settings from Section [FoliageQuality@3] File [D:/UnrealEngine/Games/StealthGame/UnrealStealthGame/StealthGame/Saved/Config/Windows/Scalability.ini]
[2018.12.18-09.08.15:006][  0]LogConfig: Setting CVar [[foliage.DensityScale:1.0]]
[2018.12.18-09.08.15:006][  0]LogConfig: Setting CVar [[grass.DensityScale:1.0]]
[2018.12.18-09.08.15:006][  0]LogInit: Selected Device Profile: [Windows]
[2018.12.18-09.08.15:006][  0]LogInit: Applying CVar settings loaded from the selected device profile: [Windows]
[2018.12.18-09.08.15:046][  0]LogHAL: Display: Platform has ~ 16 GB [17112002560 / 17179869184 / 16], which maps to Larger [LargestMinGB=32, LargerMinGB=12, DefaultMinGB=8, SmallerMinGB=6, SmallestMinGB=0)
[2018.12.18-09.08.15:046][  0]LogConfig: Setting CVar [[r.Vulkan.UseRealUBs:1]]
[2018.12.18-09.08.15:046][  0]LogInit: Going up to parent DeviceProfile []
[2018.12.18-09.08.15:046][  0]LogConfig: Applying CVar settings from Section [ViewDistanceQuality@3] File [D:/UnrealEngine/Games/StealthGame/UnrealStealthGame/StealthGame/Saved/Config/Windows/Scalability.ini]
[2018.12.18-09.08.15:046][  0]LogConfig: Setting CVar [[r.SkeletalMeshLODBias:0]]
[2018.12.18-09.08.15:046][  0]LogConfig: Setting CVar [[r.ViewDistanceScale:1.0]]
[2018.12.18-09.08.15:046][  0]LogConfig: Applying CVar settings from Section [AntiAliasingQuality@3] File [D:/UnrealEngine/Games/StealthGame/UnrealStealthGame/StealthGame/Saved/Config/Windows/Scalability.ini]
[2018.12.18-09.08.15:046][  0]LogConfig: Setting CVar [[r.PostProcessAAQuality:4]]
[2018.12.18-09.08.15:046][  0]LogConfig: Applying CVar settings from Section [ShadowQuality@3] File [D:/UnrealEngine/Games/StealthGame/UnrealStealthGame/StealthGame/Saved/Config/Windows/Scalability.ini]
[2018.12.18-09.08.15:046][  0]LogConfig: Setting CVar [[r.LightFunctionQuality:1]]
[2018.12.18-09.08.15:047][  0]LogConfig: Setting CVar [[r.ShadowQuality:5]]
[2018.12.18-09.08.15:047][  0]LogConfig: Setting CVar [[r.Shadow.CSM.MaxCascades:10]]
[2018.12.18-09.08.15:047][  0]LogConfig: Setting CVar [[r.Shadow.MaxResolution:2048]]
[2018.12.18-09.08.15:047][  0]LogConfig: Setting CVar [[r.Shadow.MaxCSMResolution:2048]]
[2018.12.18-09.08.15:047][  0]LogConfig: Setting CVar [[r.Shadow.RadiusThreshold:0.01]]
[2018.12.18-09.08.15:047][  0]LogConfig: Setting CVar [[r.Shadow.DistanceScale:1.0]]
[2018.12.18-09.08.15:047][  0]LogConfig: Setting CVar [[r.Shadow.CSM.TransitionScale:1.0]]
[2018.12.18-09.08.15:047][  0]LogConfig: Setting CVar [[r.Shadow.PreShadowResolutionFactor:1.0]]
[2018.12.18-09.08.15:047][  0]LogConfig: Setting CVar [[r.DistanceFieldShadowing:1]]
[2018.12.18-09.08.15:047][  0]LogConfig: Setting CVar [[r.DistanceFieldAO:1]]
[2018.12.18-09.08.15:047][  0]LogConfig: Setting CVar [[r.AOQuality:2]]
[2018.12.18-09.08.15:047][  0]LogConfig: Setting CVar [[r.VolumetricFog:1]]
[2018.12.18-09.08.15:047][  0]LogConfig: Setting CVar [[r.VolumetricFog.GridPixelSize:8]]
[2018.12.18-09.08.15:048][  0]LogConfig: Setting CVar [[r.VolumetricFog.GridSizeZ:128]]
[2018.12.18-09.08.15:048][  0]LogConfig: Setting CVar [[r.VolumetricFog.HistoryMissSupersampleCount:4]]
[2018.12.18-09.08.15:048][  0]LogConfig: Setting CVar [[r.LightMaxDrawDistanceScale:1]]
[2018.12.18-09.08.15:048][  0]LogConfig: Setting CVar [[r.CapsuleShadows:1]]
[2018.12.18-09.08.15:048][  0]LogConfig: Applying CVar settings from Section [PostProcessQuality@3] File [D:/UnrealEngine/Games/StealthGame/UnrealStealthGame/StealthGame/Saved/Config/Windows/Scalability.ini]
[2018.12.18-09.08.15:048][  0]LogConfig: Setting CVar [[r.MotionBlurQuality:4]]
[2018.12.18-09.08.15:048][  0]LogConfig: Setting CVar [[r.AmbientOcclusionMipLevelFactor:0.4]]
[2018.12.18-09.08.15:048][  0]LogConfig: Setting CVar [[r.AmbientOcclusionMaxQuality:100]]
[2018.12.18-09.08.15:048][  0]LogConfig: Setting CVar [[r.AmbientOcclusionLevels:-1]]
[2018.12.18-09.08.15:048][  0]LogConfig: Setting CVar [[r.AmbientOcclusionRadiusScale:1.0]]
[2018.12.18-09.08.15:048][  0]LogConfig: Setting CVar [[r.DepthOfFieldQuality:2]]
[2018.12.18-09.08.15:048][  0]LogConfig: Setting CVar [[r.RenderTargetPoolMin:400]]
[2018.12.18-09.08.15:048][  0]LogConfig: Setting CVar [[r.LensFlareQuality:2]]
[2018.12.18-09.08.15:049][  0]LogConfig: Setting CVar [[r.SceneColorFringeQuality:1]]
[2018.12.18-09.08.15:049][  0]LogConfig: Setting CVar [[r.EyeAdaptationQuality:2]]
[2018.12.18-09.08.15:049][  0]LogConfig: Setting CVar [[r.BloomQuality:5]]
[2018.12.18-09.08.15:049][  0]LogConfig: Setting CVar [[r.FastBlurThreshold:100]]
[2018.12.18-09.08.15:049][  0]LogConfig: Setting CVar [[r.Upscale.Quality:3]]
[2018.12.18-09.08.15:049][  0]LogConfig: Setting CVar [[r.Tonemapper.GrainQuantization:1]]
[2018.12.18-09.08.15:049][  0]LogConfig: Setting CVar [[r.LightShaftQuality:1]]
[2018.12.18-09.08.15:049][  0]LogConfig: Setting CVar [[r.Filter.SizeScale:1]]
[2018.12.18-09.08.15:049][  0]LogConfig: Setting CVar [[r.Tonemapper.Quality:5]]
[2018.12.18-09.08.15:049][  0]LogConfig: Setting CVar [[r.DOF.Gather.AccumulatorQuality:1        ; higher gathering accumulator quality]]
[2018.12.18-09.08.15:049][  0]LogConfig: Setting CVar [[r.DOF.Gather.PostfilterMethod:1          ; Median3x3 postfilering method]]
[2018.12.18-09.08.15:049][  0]LogConfig: Setting CVar [[r.DOF.Gather.EnableBokehSettings:0       ; no bokeh simulation when gathering]]
[2018.12.18-09.08.15:049][  0]LogConfig: Setting CVar [[r.DOF.Gather.RingCount:4                 ; medium number of samples when gathering]]
[2018.12.18-09.08.15:049][  0]LogConfig: Setting CVar [[r.DOF.Scatter.ForegroundCompositing:1    ; additive foreground scattering]]
[2018.12.18-09.08.15:049][  0]LogConfig: Setting CVar [[r.DOF.Scatter.BackgroundCompositing:2    ; additive background scattering]]
[2018.12.18-09.08.15:049][  0]LogConfig: Setting CVar [[r.DOF.Scatter.EnableBokehSettings:1      ; bokeh simulation when scattering]]
[2018.12.18-09.08.15:050][  0]LogConfig: Setting CVar [[r.DOF.Scatter.MaxSpriteRatio:0.1         ; only a maximum of 10% of scattered bokeh]]
[2018.12.18-09.08.15:050][  0]LogConfig: Setting CVar [[r.DOF.Recombine.Quality:1                ; cheap slight out of focus]]
[2018.12.18-09.08.15:050][  0]LogConfig: Setting CVar [[r.DOF.Recombine.EnableBokehSettings:0    ; no bokeh simulation on slight out of focus]]
[2018.12.18-09.08.15:050][  0]LogConfig: Setting CVar [[r.DOF.TemporalAAQuality:1                ; more stable temporal accumulation]]
[2018.12.18-09.08.15:050][  0]LogConfig: Setting CVar [[r.DOF.Kernel.MaxForegroundRadius:0.025]]
[2018.12.18-09.08.15:050][  0]LogConfig: Setting CVar [[r.DOF.Kernel.MaxBackgroundRadius:0.025]]
[2018.12.18-09.08.15:050][  0]LogConfig: Applying CVar settings from Section [TextureQuality@3] File [D:/UnrealEngine/Games/StealthGame/UnrealStealthGame/StealthGame/Saved/Config/Windows/Scalability.ini]
[2018.12.18-09.08.15:050][  0]LogConfig: Setting CVar [[r.Streaming.MipBias:0]]
[2018.12.18-09.08.15:050][  0]LogConfig: Setting CVar [[r.Streaming.AmortizeCPUToGPUCopy:0]]
[2018.12.18-09.08.15:050][  0]LogConfig: Setting CVar [[r.Streaming.MaxNumTexturesToStreamPerFrame:0]]
[2018.12.18-09.08.15:050][  0]LogConfig: Setting CVar [[r.Streaming.Boost:1]]
[2018.12.18-09.08.15:050][  0]LogConfig: Setting CVar [[r.MaxAnisotropy:8]]
[2018.12.18-09.08.15:050][  0]LogConfig: Setting CVar [[r.Streaming.LimitPoolSizeToVRAM:0]]
[2018.12.18-09.08.15:050][  0]LogConfig: Setting CVar [[r.Streaming.PoolSize:1000]]
[2018.12.18-09.08.15:050][  0]LogConfig: Setting CVar [[r.Streaming.MaxEffectiveScreenSize:0]]
[2018.12.18-09.08.15:051][  0]LogConfig: Applying CVar settings from Section [EffectsQuality@3] File [D:/UnrealEngine/Games/StealthGame/UnrealStealthGame/StealthGame/Saved/Config/Windows/Scalability.ini]
[2018.12.18-09.08.15:051][  0]LogConfig: Setting CVar [[r.TranslucencyLightingVolumeDim:64]]
[2018.12.18-09.08.15:051][  0]LogConfig: Setting CVar [[r.RefractionQuality:2]]
[2018.12.18-09.08.15:051][  0]LogConfig: Setting CVar [[r.SSR.Quality:3]]
[2018.12.18-09.08.15:051][  0]LogConfig: Setting CVar [[r.SceneColorFormat:4]]
[2018.12.18-09.08.15:051][  0]LogConfig: Setting CVar [[r.DetailMode:2]]
[2018.12.18-09.08.15:051][  0]LogConfig: Setting CVar [[r.TranslucencyVolumeBlur:1]]
[2018.12.18-09.08.15:051][  0]LogConfig: Setting CVar [[r.MaterialQualityLevel:1 ; High quality]]
[2018.12.18-09.08.15:051][  0]LogConfig: Setting CVar [[r.SSS.Scale:1]]
[2018.12.18-09.08.15:051][  0]LogConfig: Setting CVar [[r.SSS.SampleSet:2]]
[2018.12.18-09.08.15:051][  0]LogConfig: Setting CVar [[r.SSS.Quality:1]]
[2018.12.18-09.08.15:051][  0]LogConfig: Setting CVar [[r.SSS.HalfRes:1]]
[2018.12.18-09.08.15:051][  0]LogConfig: Setting CVar [[r.EmitterSpawnRateScale:1.0]]
[2018.12.18-09.08.15:051][  0]LogConfig: Setting CVar [[r.ParticleLightQuality:2]]
[2018.12.18-09.08.15:051][  0]LogConfig: Applying CVar settings from Section [FoliageQuality@3] File [D:/UnrealEngine/Games/StealthGame/UnrealStealthGame/StealthGame/Saved/Config/Windows/Scalability.ini]
[2018.12.18-09.08.15:052][  0]LogConfig: Setting CVar [[foliage.DensityScale:1.0]]
[2018.12.18-09.08.15:052][  0]LogConfig: Setting CVar [[grass.DensityScale:1.0]]
[2018.12.18-09.08.15:052][  0]LogConfig: Applying CVar settings from Section [Startup] File [../../../Engine/Config/ConsoleVariables.ini]
[2018.12.18-09.08.15:052][  0]LogConfig: Setting CVar [[net.UseAdaptiveNetUpdateFrequency:0]]
[2018.12.18-09.08.15:052][  0]LogConfig: Applying CVar settings from Section [ConsoleVariables] File [D:/UnrealEngine/Games/StealthGame/UnrealStealthGame/StealthGame/Saved/Config/Windows/Engine.ini]
[2018.12.18-09.08.15:052][  0]LogInit: Computer: GG00001
[2018.12.18-09.08.15:052][  0]LogInit: User: oibikunle
[2018.12.18-09.08.15:052][  0]LogInit: CPU Page size=4096, Cores=6
[2018.12.18-09.08.15:053][  0]LogInit: High frequency timer resolution =10.000000 MHz
[2018.12.18-09.08.15:053][  0]LogMemory: Memory total: Physical=15.9GB (16GB approx)
[2018.12.18-09.08.15:053][  0]LogMemory: Platform Memory Stats for Windows
[2018.12.18-09.08.15:053][  0]LogMemory: Process Physical Memory: 103.68 MB used, 103.68 MB peak
[2018.12.18-09.08.15:053][  0]LogMemory: Process Virtual Memory: 86.13 MB used, 86.13 MB peak
[2018.12.18-09.08.15:053][  0]LogMemory: Physical Memory: 8185.29 MB used,  8133.98 MB free, 16319.28 MB total
[2018.12.18-09.08.15:053][  0]LogMemory: Virtual Memory: 4660.11 MB used,  134213064.00 MB free, 134217728.00 MB total
[2018.12.18-09.08.15:996][  0]LogInit: Using OS detected language (en-GB).
[2018.12.18-09.08.15:996][  0]LogInit: Using OS detected locale (en-GB).
[2018.12.18-09.08.16:037][  0]LogTextLocalizationManager: No specific localization for 'en-GB' exists, so the 'en' localization will be used.
[2018.12.18-09.08.16:562][  0]LogStreaming: Display: Took  0.566s to InitEngineTextLocalization.
[2018.12.18-09.08.16:563][  0]LogInit: Setting process to per monitor DPI aware
[2018.12.18-09.08.16:817][  0]LogSlate: New Slate User Created.  User Index 0, Is Virtual User: 0
[2018.12.18-09.08.16:817][  0]LogSlate: Slate User Registered.  User Index 0, Is Virtual User: 0
[2018.12.18-09.08.17:361][  0]LogHMD: Failed to initialize OpenVR with code 110
[2018.12.18-09.08.17:361][  0]LogD3D11RHI: D3D11 adapters:
[2018.12.18-09.08.17:427][  0]LogD3D11RHI:    0. 'NVIDIA GeForce GTX 1050 Ti' (Feature Level 11_0)
[2018.12.18-09.08.17:427][  0]LogD3D11RHI:       4018/0/8159 MB DedicatedVideo/DedicatedSystem/SharedSystem, Outputs:3, VendorId:0x10de
[2018.12.18-09.08.17:434][  0]LogD3D11RHI:    1. 'Microsoft Basic Render Driver' (Feature Level 11_0)
[2018.12.18-09.08.17:434][  0]LogD3D11RHI:       0/0/8159 MB DedicatedVideo/DedicatedSystem/SharedSystem, Outputs:0, VendorId:0x1414
[2018.12.18-09.08.17:434][  0]LogD3D11RHI: Chosen D3D11 Adapter: 0
[2018.12.18-09.08.17:440][  0]LogD3D11RHI: Creating new Direct3DDevice
[2018.12.18-09.08.17:440][  0]LogD3D11RHI:     GPU DeviceId: 0x1c82 (for the marketing name, search the web for "GPU Device Id")
[2018.12.18-09.08.17:440][  0]LogWindows: EnumDisplayDevices:
[2018.12.18-09.08.17:440][  0]LogWindows:    0. 'NVIDIA GeForce GTX 1050 Ti' (P:0 D:1)
[2018.12.18-09.08.17:441][  0]LogWindows:    1. 'NVIDIA GeForce GTX 1050 Ti' (P:0 D:1)
[2018.12.18-09.08.17:441][  0]LogWindows:    2. 'NVIDIA GeForce GTX 1050 Ti' (P:1 D:1)
[2018.12.18-09.08.17:441][  0]LogWindows:    3. 'NVIDIA GeForce GTX 1050 Ti' (P:0 D:0)
[2018.12.18-09.08.17:441][  0]LogWindows: DebugString: FoundDriverCount:4 
[2018.12.18-09.08.17:442][  0]LogD3D11RHI:     Adapter Name: NVIDIA GeForce GTX 1050 Ti
[2018.12.18-09.08.17:442][  0]LogD3D11RHI:   Driver Version: 417.22 (internal:25.21.14.1722, unified:417.22)
[2018.12.18-09.08.17:442][  0]LogD3D11RHI:      Driver Date: 11-29-2018
[2018.12.18-09.08.17:442][  0]LogRHI: Texture pool is 2812 MB (70% of 4018 MB)
[2018.12.18-09.08.17:479][  0]LogD3D11RHI: Async texture creation enabled
[2018.12.18-09.08.17:497][  0]LogD3D11RHI: GPU Timing Frequency: 1000.000000 (Debug: 2 2)
[2018.12.18-09.08.17:784][  0]LogTemp: Display: Loaded TP AllDesktopTargetPlatform
[2018.12.18-09.08.17:807][  0]LogTemp: Display: Loaded TP MacClientTargetPlatform
[2018.12.18-09.08.17:824][  0]LogTemp: Display: Loaded TP MacNoEditorTargetPlatform
[2018.12.18-09.08.17:842][  0]LogTemp: Display: Loaded TP MacServerTargetPlatform
[2018.12.18-09.08.17:875][  0]LogTemp: Display: Loaded TP MacTargetPlatform
[2018.12.18-09.08.17:902][  0]LogTemp: Display: Loaded TP WindowsClientTargetPlatform
[2018.12.18-09.08.17:924][  0]LogTemp: Display: Loaded TP WindowsNoEditorTargetPlatform
[2018.12.18-09.08.17:945][  0]LogTemp: Display: Loaded TP WindowsServerTargetPlatform
[2018.12.18-09.08.17:961][  0]LogTemp: Display: Loaded TP WindowsTargetPlatform
[2018.12.18-09.08.18:039][  0]LogTemp: Display: Loaded TP AndroidTargetPlatform
[2018.12.18-09.08.18:040][  0]LogTemp: Display: Loaded TP AndroidTargetPlatform
[2018.12.18-09.08.18:040][  0]LogTemp: Display: Loaded TP AndroidTargetPlatform
[2018.12.18-09.08.18:040][  0]LogTemp: Display: Loaded TP AndroidTargetPlatform
[2018.12.18-09.08.18:040][  0]LogTemp: Display: Loaded TP AndroidTargetPlatform
[2018.12.18-09.08.18:040][  0]LogTemp: Display: Loaded TP AndroidTargetPlatform
[2018.12.18-09.08.18:040][  0]LogTemp: Display: Loaded TP AndroidTargetPlatform
[2018.12.18-09.08.18:040][  0]LogTemp: Display: Loaded TP AndroidTargetPlatform
[2018.12.18-09.08.18:040][  0]LogTemp: Display: Loaded TP AndroidTargetPlatform
[2018.12.18-09.08.18:040][  0]LogTemp: Display: Loaded TP AndroidTargetPlatform
[2018.12.18-09.08.18:041][  0]LogTemp: Display: Loaded TP AndroidTargetPlatform
[2018.12.18-09.08.18:041][  0]LogTemp: Display: Loaded TP AndroidTargetPlatform
[2018.12.18-09.08.18:041][  0]LogTemp: Display: Loaded TP AndroidTargetPlatform
[2018.12.18-09.08.18:041][  0]LogTemp: Display: Loaded TP AndroidTargetPlatform
[2018.12.18-09.08.18:041][  0]LogTemp: Display: Loaded TP AndroidTargetPlatform
[2018.12.18-09.08.18:041][  0]LogTemp: Display: Loaded TP AndroidTargetPlatform
[2018.12.18-09.08.18:041][  0]LogTemp: Display: Loaded TP AndroidTargetPlatform
[2018.12.18-09.08.18:041][  0]LogTemp: Display: Loaded TP AndroidTargetPlatform
[2018.12.18-09.08.18:056][  0]LogTemp: Display: Loaded TP HTML5TargetPlatform
[2018.12.18-09.08.18:163][  0]LogTemp: Display: Loaded TP IOSTargetPlatform
[2018.12.18-09.08.18:163][  0]LogTemp: Display: Loaded TP IOSTargetPlatform
[2018.12.18-09.08.18:185][  0]LogTemp: Display: Loaded TP TVOSTargetPlatform
[2018.12.18-09.08.18:186][  0]LogTemp: Display: Loaded TP TVOSTargetPlatform
[2018.12.18-09.08.18:209][  0]LogTemp: Display: Loaded TP LinuxClientTargetPlatform
[2018.12.18-09.08.18:223][  0]LogTemp: Display: Loaded TP LinuxNoEditorTargetPlatform
[2018.12.18-09.08.18:238][  0]LogTemp: Display: Loaded TP LinuxServerTargetPlatform
[2018.12.18-09.08.18:306][  0]LogTemp: Display: Loaded TP LinuxTargetPlatform
[2018.12.18-09.08.18:353][  0]LogTemp: Display: Loaded TP LuminTargetPlatform
[2018.12.18-09.08.18:353][  0]LogTemp: Display: Loaded TP LuminTargetPlatform
[2018.12.18-09.08.18:354][  0]LogTargetPlatformManager: Display: Building Assets For Windows
[2018.12.18-09.08.18:872][  0]LogShaderCompilers: Guid format shader working directory is -13 characters bigger than the processId version (../../../../../Games/StealthGame/UnrealStealthGame/StealthGame/Intermediate/Shaders/WorkingDirectory/11148/).
[2018.12.18-09.08.18:873][  0]LogShaderCompilers: Cleaned the shader compiler working directory 'C:/Users/oibikunle/AppData/Local/Temp/UnrealShaderWorkingDir/41E91D434877DE3696905BBA18AD9F1E/'.
[2018.12.18-09.08.18:874][  0]LogXGEController: Cleaning working directory: C:/Users/oibikunle/AppData/Local/Temp/UnrealXGEWorkingDir/
[2018.12.18-09.08.18:874][  0]LogXGEController: Cannot use XGE Controller as Incredibuild is not installed on this machine.
[2018.12.18-09.08.18:874][  0]LogShaderCompilers: Cannot use XGE Shader Compiler as Incredibuild is not installed on this machine.
[2018.12.18-09.08.18:875][  0]LogShaderCompilers: Display: Using Local Shader Compiler.
[2018.12.18-09.08.19:665][  0]LogDerivedDataCache: Display: Max Cache Size: 512 MB
[2018.12.18-09.08.19:737][  0]LogDerivedDataCache: Loaded boot cache 0.07s 73MB C:/Users/oibikunle/AppData/Local/UnrealEngine/4.21/DerivedDataCache/Boot.ddc.
[2018.12.18-09.08.19:738][  0]LogDerivedDataCache: Display: Loaded Boot cache: C:/Users/oibikunle/AppData/Local/UnrealEngine/4.21/DerivedDataCache/Boot.ddc
[2018.12.18-09.08.19:738][  0]LogDerivedDataCache: FDerivedDataBackendGraph:  Pak pak cache file ../../../../../Games/StealthGame/UnrealStealthGame/StealthGame/DerivedDataCache/DDC.ddp not found, will not use a pak cache.
[2018.12.18-09.08.19:738][  0]LogDerivedDataCache: Unable to find inner node Pak for hierarchical cache Hierarchy.
[2018.12.18-09.08.19:738][  0]LogDerivedDataCache: FDerivedDataBackendGraph:  CompressedPak pak cache file ../../../../../Games/StealthGame/UnrealStealthGame/StealthGame/DerivedDataCache/Compressed.ddp not found, will not use a pak cache.
[2018.12.18-09.08.19:738][  0]LogDerivedDataCache: Unable to find inner node CompressedPak for hierarchical cache Hierarchy.
[2018.12.18-09.08.19:778][  0]LogDerivedDataCache: Display: Pak cache opened for reading ../../../Engine/DerivedDataCache/Compressed.ddp.
[2018.12.18-09.08.19:778][  0]LogDerivedDataCache: FDerivedDataBackendGraph:  EnterprisePak pak cache file ../../../Enterprise/DerivedDataCache/Compressed.ddp not found, will not use a pak cache.
[2018.12.18-09.08.19:779][  0]LogDerivedDataCache: Unable to find inner node EnterprisePak for hierarchical cache Hierarchy.
[2018.12.18-09.08.19:792][  0]LogDerivedDataCache: Using Local data cache path C:/Users/oibikunle/AppData/Local/UnrealEngine/Common/DerivedDataCache: Writable
[2018.12.18-09.08.19:792][  0]LogDerivedDataCache: Shared data cache path not found in *engine.ini, will not use an Shared cache.
[2018.12.18-09.08.19:792][  0]LogDerivedDataCache: Unable to find inner node Shared for hierarchical cache Hierarchy.
[2018.12.18-09.08.19:840][  0]LogMaterial: Verifying Global Shaders for PCD3D_SM5
[2018.12.18-09.08.19:842][  0]LogSlate: Using FreeType 2.6.0
[2018.12.18-09.08.19:887][  0]LogSlate: SlateFontServices - WITH_FREETYPE: 1, WITH_HARFBUZZ: 1
[2018.12.18-09.08.20:188][  0]LogAssetRegistry: FAssetRegistry took 0.0337 seconds to start up
[2018.12.18-09.08.20:486][  0]LogInit: Selected Device Profile: [Windows]
[2018.12.18-09.08.21:497][  0]LogSimplygon: Simplygon DLL not present - disabling.
[2018.12.18-09.08.21:587][  0]LogMeshReduction: Using SimplygonSwarm for distributed automatic mesh merging
[2018.12.18-09.08.21:587][  0]LogMeshReduction: Using ProxyLODMeshReduction for automatic mesh merging
[2018.12.18-09.08.21:587][  0]LogMeshReduction: Using QuadricMeshReduction for automatic static mesh reduction
[2018.12.18-09.08.21:587][  0]LogMeshReduction: No automatic skeletal mesh reduction module available
[2018.12.18-09.08.21:633][  0]LogNetVersion: FPSGame 1.0.0, NetCL: 4541578, EngineNetVer: 5, GameNetVer: 0 (Checksum: 267577011)
[2018.12.18-09.08.23:039][  0]LogPackageLocalizationCache: Processed 11 localized package path(s) for 2 prioritized culture(s) in 0.166347 seconds
[2018.12.18-09.08.23:044][  0]LogUObjectArray: 39775 objects as part of root set at end of initial load.
[2018.12.18-09.08.23:045][  0]LogUObjectAllocator: 6914664 out of 0 bytes used by permanent object pool.
[2018.12.18-09.08.23:045][  0]LogUObjectArray: CloseDisregardForGC: 0/0 objects in disregard for GC pool
[2018.12.18-09.08.28:315][  0]LogTcpMessaging: Initializing TcpMessaging bridge
[2018.12.18-09.08.28:351][  0]LogUdpMessaging: Initializing bridge on interface 0.0.0.0:0 to multicast group 230.0.0.1:6666.
[2018.12.18-09.08.30:006][  0]LogMaterial: Display: Missing cached shader map for material M_PlayerArms, compiling. 
[2018.12.18-09.08.30:055][  0]LogShaderCompilers: Display: Shaders left to compile 60
[2018.12.18-09.08.30:056][  0]LogShaderCompilers: Display: Shaders left to compile 50
[2018.12.18-09.08.30:056][  0]LogShaderCompilers: Display: Shaders left to compile 40
[2018.12.18-09.08.30:056][  0]LogShaderCompilers: Display: Shaders left to compile 30
[2018.12.18-09.08.30:056][  0]LogShaderCompilers: Display: Shaders left to compile 20
[2018.12.18-09.08.30:056][  0]LogShaderCompilers: Display: Shaders left to compile 10
[2018.12.18-09.08.30:056][  0]LogMaterial: Display: Missing cached shader map for material M_FPGun, compiling. 
[2018.12.18-09.08.30:083][  0]LogMaterial: Display: Missing cached shader map for material M_Projectile, compiling. 
[2018.12.18-09.08.30:476][  0]LogShaderCompilers: Display: Shaders left to compile 82
[2018.12.18-09.08.30:476][  0]LogShaderCompilers: Display: Shaders left to compile 72
[2018.12.18-09.08.30:476][  0]LogShaderCompilers: Display: Shaders left to compile 62
[2018.12.18-09.08.30:685][  0]SourceControl: Source control is disabled
[2018.12.18-09.08.30:685][  0]SourceControl: Source control is disabled
[2018.12.18-09.08.30:792][  0]SourceControl: Source control is disabled
[2018.12.18-09.08.30:807][  0]SourceControl: Source control is disabled
[2018.12.18-09.08.31:929][  0]LogAndroidPermission: UAndroidPermissionCallbackProxy::GetInstance
[2018.12.18-09.08.32:139][  0]LogOcInput: OculusInput pre-init called
[2018.12.18-09.08.32:430][  0]LogEngine: Initializing Engine...
[2018.12.18-09.08.32:431][  0]LogHMD: Failed to initialize OpenVR with code 110
[2018.12.18-09.08.32:434][  0]LogStats: UGameplayTagsManager::ConstructGameplayTagTree: ImportINI prefixes -  0.000 s
[2018.12.18-09.08.32:434][  0]LogStats: UGameplayTagsManager::ConstructGameplayTagTree: Construct from data asset -  0.000 s
[2018.12.18-09.08.32:435][  0]LogStats: UGameplayTagsManager::ConstructGameplayTagTree: ImportINI -  0.000 s
[2018.12.18-09.08.32:435][  0]LogStats: UGameplayTagsManager::ConstructGameplayTagTree: GameplayTagTreeChangedEvent.Broadcast -  0.000 s
[2018.12.18-09.08.33:219][  0]LogShaderCompilers: Display: Shaders left to compile 52
[2018.12.18-09.08.33:220][  0]LogShaderCompilers: Display: Shaders left to compile 42
[2018.12.18-09.08.33:220][  0]LogInit: Initializing FReadOnlyCVARCache
[2018.12.18-09.08.33:256][  0]LogAIModule: Creating AISystem for world Untitled
[2018.12.18-09.08.33:297][  0]LogInit: XAudio2 using 'Speakers (2- USB Audio Device)' : 2 channels at 48 kHz using 16 bits per sample (channel mask 0x3)
[2018.12.18-09.08.33:374][  0]LogShaderCompilers: Display: Shaders left to compile 32
[2018.12.18-09.08.33:375][  0]LogInit: FAudioDevice initialized.
[2018.12.18-09.08.33:375][  0]LogNetVersion: Set ProjectVersion to 1.0.0.0. Version Checksum will be recalculated on next use.
[2018.12.18-09.08.33:433][  0]LogDerivedDataCache: Saved boot cache 0.06s 83MB C:/Users/oibikunle/AppData/Local/UnrealEngine/4.21/DerivedDataCache/Boot.ddc.
[2018.12.18-09.08.33:441][  0]LogInit: Texture streaming: Enabled
[2018.12.18-09.08.33:528][  0]LogShaderCompilers: Display: Shaders left to compile 22
[2018.12.18-09.08.33:528][  0]LogShaderCompilers: Display: Shaders left to compile 12
[2018.12.18-09.08.33:529][  0]LogEngineSessionManager: EngineSessionManager initialized
[2018.12.18-09.08.33:554][  0]LogInit: Transaction tracking system initialized
[2018.12.18-09.08.33:688][  0]BlueprintLog: New page: Editor Load
[2018.12.18-09.08.34:385][  0]LogShaderCompilers: Display: Shaders left to compile 2
[2018.12.18-09.08.34:385][  0]LocalizationService: Localization service is disabled
[2018.12.18-09.08.35:987][  0]LogFileCache: Scanning file cache for directory 'D:/UnrealEngine/Games/StealthGame/UnrealStealthGame/StealthGame/Content/' took 0.02s
[2018.12.18-09.08.35:987][  0]LogCook: Display: Max memory allowance for cook 16384mb min free memory 0mb
[2018.12.18-09.08.35:987][  0]LogCook: Display: Mobile HDR setting 1
[2018.12.18-09.08.35:987][  0]LogGameplayTags: Display: UGameplayTagsManager::DoneAddingNativeTags. DelegateIsBound: 0
[2018.12.18-09.08.35:987][  0]LogStats: UGameplayTagsManager::ConstructGameplayTagTree: ImportINI prefixes -  0.000 s
[2018.12.18-09.08.35:988][  0]LogStats: UGameplayTagsManager::ConstructGameplayTagTree: Construct from data asset -  0.000 s
[2018.12.18-09.08.35:988][  0]LogStats: UGameplayTagsManager::ConstructGameplayTagTree: ImportINI -  0.000 s
[2018.12.18-09.08.35:988][  0]LogStats: UGameplayTagsManager::ConstructGameplayTagTree: GameplayTagTreeChangedEvent.Broadcast -  0.000 s
[2018.12.18-09.08.36:849][  0]SourceControl: Source control is disabled
[2018.12.18-09.08.36:849][  0]Cmd: MAP LOAD FILE="../../../../../Games/StealthGame/UnrealStealthGame/StealthGame/Content/Maps/FirstPersonExampleMap.umap" TEMPLATE=0 SHOWPROGRESS=1 FEATURELEVEL=3
[2018.12.18-09.08.36:850][  0]LightingResults: New page: Lighting Build
[2018.12.18-09.08.36:852][  0]MapCheck: New page: Map Check
[2018.12.18-09.08.36:852][  0]LightingResults: New page: Lighting Build
[2018.12.18-09.08.37:510][  0]LogMaterial: Display: Missing cached shader map for material SpawnBox_M, compiling. 
[2018.12.18-09.08.37:589][  0]LogShaderCompilers: Display: Shaders left to compile 34
[2018.12.18-09.08.37:589][  0]LogShaderCompilers: Display: Shaders left to compile 24
[2018.12.18-09.08.37:589][  0]LogShaderCompilers: Display: Shaders left to compile 14
[2018.12.18-09.08.37:589][  0]LogShaderCompilers: Display: Shaders left to compile 4
[2018.12.18-09.08.37:612][  0]LogMaterial: Display: Missing cached shader map for material m_flare_03, compiling. 
[2018.12.18-09.08.37:636][  0]LogShaderCompilers: Display: Shaders left to compile 27
[2018.12.18-09.08.37:636][  0]LogShaderCompilers: Display: Shaders left to compile 17
[2018.12.18-09.08.37:636][  0]LogShaderCompilers: Display: Shaders left to compile 7
[2018.12.18-09.08.37:636][  0]LogMaterial: Display: Missing cached shader map for material M_wind_swirl_02, compiling. 
[2018.12.18-09.08.37:671][  0]LogShaderCompilers: Display: Shaders left to compile 33
[2018.12.18-09.08.37:671][  0]LogShaderCompilers: Display: Shaders left to compile 23
[2018.12.18-09.08.37:671][  0]LogMaterial: Display: Missing cached shader map for material gold_ore_effect, compiling. 
[2018.12.18-09.08.37:694][  0]LogMaterial: Display: Missing cached shader map for material Coin2, compiling. 
[2018.12.18-09.08.37:720][  0]LogMaterial: Display: Missing cached shader map for material M_BlockoutSimple, compiling. 
[2018.12.18-09.08.37:761][  0]LogMaterial: Display: Missing cached shader map for material M_BlockoutSimple, compiling. 
[2018.12.18-09.08.37:786][  0]LogMaterial: Display: Missing cached shader map for material M_Cube, compiling. 
[2018.12.18-09.08.37:809][  0]LogMaterial: Display: Missing cached shader map for material AntiAliasedTextMaterialTranslucent_Glow, compiling. 
[2018.12.18-09.08.37:858][  0]LogAIModule: Creating AISystem for world FirstPersonExampleMap
[2018.12.18-09.08.37:944][  0]LogEditorServer: Finished looking for orphan Actors (0.000 secs)
[2018.12.18-09.08.37:967][  0]Cmd: MAP CHECKDEP NOCLEARLOG
[2018.12.18-09.08.37:967][  0]MapCheck: Map check complete: 0 Error(s), 0 Warning(s), took 0.137ms to complete.
[2018.12.18-09.08.37:967][  0]LogFileHelpers: Loading map 'FirstPersonExampleMap' took 1.118
[2018.12.18-09.08.38:178][  0]LogSlate: Updating window title bar state: overlay mode, drag disabled, window buttons hidden, title bar hidden
[2018.12.18-09.08.38:187][  0]LogSlate: Updating window title bar state: overlay mode, drag disabled, window buttons hidden, title bar hidden
[2018.12.18-09.08.38:197][  0]LogSlate: Updating window title bar state: overlay mode, drag disabled, window buttons hidden, title bar hidden
[2018.12.18-09.08.38:206][  0]LogSlate: Updating window title bar state: overlay mode, drag disabled, window buttons hidden, title bar hidden
[2018.12.18-09.08.38:233][  0]LogCollectionManager: Loaded 0 collections in 0.001298 seconds
[2018.12.18-09.08.38:292][  0]LogFileCache: Scanning file cache for directory 'D:/UnrealEngine/Games/StealthGame/UnrealStealthGame/StealthGame/Saved/Collections/' took 0.01s
[2018.12.18-09.08.38:292][  0]LogFileCache: Scanning file cache for directory 'D:/UnrealEngine/Games/StealthGame/UnrealStealthGame/StealthGame/Content/Developers/oibikunle/Collections/' took 0.02s
[2018.12.18-09.08.38:292][  0]LogFileCache: Scanning file cache for directory 'D:/UnrealEngine/Games/StealthGame/UnrealStealthGame/StealthGame/Content/Collections/' took 0.01s
[2018.12.18-09.08.38:292][  0]LogCollectionManager: Rebuilt the GUID cache for 0 collections in 0.000001 seconds
[2018.12.18-09.08.38:305][  0]LogContentBrowser: Native class hierarchy populated in 0.0126 seconds. Added 2658 classes and 624 folders.
[2018.12.18-09.08.38:314][  0]LogContentBrowser: Native class hierarchy updated for 'WidgetCarousel' in 0.0005 seconds. Added 0 classes and 0 folders.
[2018.12.18-09.08.38:342][  0]LogPakFile: Registered encryption key '00000000000000000000000000000000': 0 pak files mounted, 0 remain pending
[2018.12.18-09.08.38:394][  0]LogPakFile: Registered encryption key '00000000000000000000000000000000': 0 pak files mounted, 0 remain pending
[2018.12.18-09.08.38:405][  0]LogPakFile: Registered encryption key '00000000000000000000000000000000': 0 pak files mounted, 0 remain pending
[2018.12.18-09.08.38:407][  0]LogPakFile: Registered encryption key '00000000000000000000000000000000': 0 pak files mounted, 0 remain pending
[2018.12.18-09.08.38:408][  0]LogPakFile: Registered encryption key '00000000000000000000000000000000': 0 pak files mounted, 0 remain pending
[2018.12.18-09.08.38:410][  0]LogPakFile: Registered encryption key '00000000000000000000000000000000': 0 pak files mounted, 0 remain pending
[2018.12.18-09.08.38:413][  0]LogPakFile: Registered encryption key '00000000000000000000000000000000': 0 pak files mounted, 0 remain pending
[2018.12.18-09.08.38:417][  0]LogPakFile: Registered encryption key '00000000000000000000000000000000': 0 pak files mounted, 0 remain pending
[2018.12.18-09.08.38:419][  0]LogPakFile: Registered encryption key '00000000000000000000000000000000': 0 pak files mounted, 0 remain pending
[2018.12.18-09.08.38:422][  0]LogPakFile: Registered encryption key '00000000000000000000000000000000': 0 pak files mounted, 0 remain pending
[2018.12.18-09.08.38:423][  0]LogPakFile: Registered encryption key '00000000000000000000000000000000': 0 pak files mounted, 0 remain pending
[2018.12.18-09.08.38:425][  0]LogPakFile: Registered encryption key '00000000000000000000000000000000': 0 pak files mounted, 0 remain pending
[2018.12.18-09.08.38:449][  0]LogPakFile: Registered encryption key '00000000000000000000000000000000': 0 pak files mounted, 0 remain pending
[2018.12.18-09.08.38:451][  0]LogPakFile: Registered encryption key '00000000000000000000000000000000': 0 pak files mounted, 0 remain pending
[2018.12.18-09.08.38:453][  0]LogPakFile: Registered encryption key '00000000000000000000000000000000': 0 pak files mounted, 0 remain pending
[2018.12.18-09.08.38:454][  0]LogPakFile: Registered encryption key '00000000000000000000000000000000': 0 pak files mounted, 0 remain pending
[2018.12.18-09.08.38:456][  0]LogPakFile: Registered encryption key '00000000000000000000000000000000': 0 pak files mounted, 0 remain pending
[2018.12.18-09.08.38:458][  0]LogPakFile: Registered encryption key '00000000000000000000000000000000': 0 pak files mounted, 0 remain pending
[2018.12.18-09.08.38:460][  0]LogPakFile: Registered encryption key '00000000000000000000000000000000': 0 pak files mounted, 0 remain pending
[2018.12.18-09.08.38:462][  0]LogPakFile: Registered encryption key '00000000000000000000000000000000': 0 pak files mounted, 0 remain pending
[2018.12.18-09.08.38:464][  0]LogPakFile: Registered encryption key '00000000000000000000000000000000': 0 pak files mounted, 0 remain pending
[2018.12.18-09.08.38:466][  0]LogPakFile: Registered encryption key '00000000000000000000000000000000': 0 pak files mounted, 0 remain pending
[2018.12.18-09.08.38:468][  0]LogPakFile: Registered encryption key '00000000000000000000000000000000': 0 pak files mounted, 0 remain pending
[2018.12.18-09.08.38:470][  0]LogPakFile: Registered encryption key '00000000000000000000000000000000': 0 pak files mounted, 0 remain pending
[2018.12.18-09.08.38:472][  0]LogPakFile: Registered encryption key '00000000000000000000000000000000': 0 pak files mounted, 0 remain pending
[2018.12.18-09.08.38:474][  0]LogPakFile: Registered encryption key '00000000000000000000000000000000': 0 pak files mounted, 0 remain pending
[2018.12.18-09.08.38:800][  0]LogShaderCompilers: Display: Shaders left to compile 228
[2018.12.18-09.08.38:800][  0]LogContentBrowser: Native class hierarchy updated for 'AddContentDialog' in 0.0005 seconds. Added 0 classes and 0 folders.
[2018.12.18-09.08.38:840][  0]LogContentBrowser: Native class hierarchy updated for 'SceneOutliner' in 0.0006 seconds. Added 1 classes and 2 folders.
[2018.12.18-09.08.38:883][  0]LogSlate: Took 0.014595 seconds to synchronously load lazily loaded font '../../../Engine/Content/Slate/Fonts/Roboto-Regular.ttf' (155K)
[2018.12.18-09.08.38:911][  0]LogSlate: Took 0.025042 seconds to synchronously load lazily loaded font '../../../Engine/Content/Slate/Fonts/Roboto-Bold.ttf' (160K)
[2018.12.18-09.08.38:928][  0]LogSlate: Took 0.011588 seconds to synchronously load lazily loaded font '../../../Engine/Content/Editor/Slate/Fonts/FontAwesome.ttf' (139K)
[2018.12.18-09.08.39:136][  0]LogRenderer: Reallocating scene render targets to support 1208x576 Format 10 NumSamples 1 (Frame:1).
[2018.12.18-09.08.39:753][  0]LogShaderCompilers: Display: Shaders left to compile 218
[2018.12.18-09.08.39:753][  0]LogShaderCompilers: Display: Shaders left to compile 208
[2018.12.18-09.08.39:813][  0]LogContentBrowser: Native class hierarchy updated for 'HierarchicalLODOutliner' in 0.0006 seconds. Added 0 classes and 0 folders.
[2018.12.18-09.08.39:814][  0]LogLoad: (Engine Initialization) Total time: 28.86 seconds
[2018.12.18-09.08.39:814][  0]LogLoad: (Engine Initialization) Total Blueprint compile time: 0.00 seconds
[2018.12.18-09.08.39:825][  0]LogWindowsTextInputMethodSystem: Display: IME system now deactivated.
[2018.12.18-09.08.39:891][  0]LogContentStreaming: Texture pool size now 1000 MB
[2018.12.18-09.08.39:927][  0]LogSlate: Took 0.012554 seconds to synchronously load lazily loaded font '../../../Engine/Content/Slate/Fonts/Roboto-Light.ttf' (167K)
[2018.12.18-09.08.40:087][  2]LogShaderCompilers: Display: Shaders left to compile 198
[2018.12.18-09.08.40:106][  2]LogAssetRegistry: Asset discovery search completed in 19.9447 seconds
[2018.12.18-09.08.40:109][  2]LogCollectionManager: Rebuilt the object cache for 0 collections in 0.000000 seconds (found 0 objects)
[2018.12.18-09.08.40:109][  2]LogCollectionManager: Fixed up redirectors for 0 collections in 0.000211 seconds (updated 0 objects)
[2018.12.18-09.08.40:220][  5]LogShaderCompilers: Display: Shaders left to compile 188
[2018.12.18-09.08.40:608][ 34]LogShaderCompilers: Display: Shaders left to compile 178
[2018.12.18-09.08.40:834][ 53]LogShaderCompilers: Display: Shaders left to compile 168
[2018.12.18-09.08.41:497][112]LogShaderCompilers: Display: Shaders left to compile 158
[2018.12.18-09.08.41:861][145]LogShaderCompilers: Display: Shaders left to compile 148
[2018.12.18-09.08.42:234][179]LogShaderCompilers: Display: Shaders left to compile 138
[2018.12.18-09.08.42:727][226]LogShaderCompilers: Display: Shaders left to compile 128
[2018.12.18-09.08.43:135][268]LogShaderCompilers: Display: Shaders left to compile 118
[2018.12.18-09.08.43:442][303]LogShaderCompilers: Display: Shaders left to compile 108
[2018.12.18-09.08.43:753][339]LogShaderCompilers: Display: Shaders left to compile 98
[2018.12.18-09.08.44:232][394]LogShaderCompilers: Display: Shaders left to compile 88
[2018.12.18-09.08.44:264][398]LogShaderCompilers: Display: Shaders left to compile 78
[2018.12.18-09.08.44:793][461]LogShaderCompilers: Display: Shaders left to compile 68
[2018.12.18-09.08.44:808][462]LogShaderCompilers: Display: Shaders left to compile 58
[2018.12.18-09.08.45:049][491]LogShaderCompilers: Display: Shaders left to compile 48
[2018.12.18-09.08.45:825][584]LogShaderCompilers: Display: Shaders left to compile 38
[2018.12.18-09.08.46:530][668]LogShaderCompilers: Display: Shaders left to compile 28
[2018.12.18-09.08.46:738][692]LogShaderCompilers: Display: Shaders left to compile 18
[2018.12.18-09.08.46:937][716]LogShaderCompilers: Display: Shaders left to compile 8
[2018.12.18-09.08.53:895][543]LogSlate: FSceneViewport::OnFocusLost() reason 0
[2018.12.18-09.08.54:003][556]LogTemp: Repeating last play command: Selected Viewport
[2018.12.18-09.08.54:009][556]LogBlueprintUserMessages: Early PlayInEditor Detection: Level '/Game/Maps/FirstPersonExampleMap.FirstPersonExampleMap:PersistentLevel' has LevelScriptBlueprint '/Game/Maps/FirstPersonExampleMap.FirstPersonExampleMap:PersistentLevel.FirstPersonExampleMap' with GeneratedClass '/Game/Maps/FirstPersonExampleMap.FirstPersonExampleMap_C' with ClassGeneratedBy '/Game/Maps/FirstPersonExampleMap.FirstPersonExampleMap:PersistentLevel.FirstPersonExampleMap'
[2018.12.18-09.08.54:009][556]LogPlayLevel: PlayLevel: No blueprints needed recompiling
[2018.12.18-09.08.54:009][556]PIE: New page: PIE session: FirstPersonExampleMap (18 Dec 2018 11:08:54)
[2018.12.18-09.08.54:023][556]LogPlayLevel: Creating play world package: /Game/Maps/UEDPIE_0_FirstPersonExampleMap
[2018.12.18-09.08.54:047][556]LogPlayLevel: PIE: StaticDuplicateObject took: (0.023767s)
[2018.12.18-09.08.54:048][556]LogAIModule: Creating AISystem for world FirstPersonExampleMap
[2018.12.18-09.08.54:048][556]LogPlayLevel: PIE: World Init took: (0.000692s)
[2018.12.18-09.08.54:048][556]LogPlayLevel: PIE: Created PIE world by copying editor world from /Game/Maps/FirstPersonExampleMap.FirstPersonExampleMap to /Game/Maps/UEDPIE_0_FirstPersonExampleMap.FirstPersonExampleMap (0.025039s)
[2018.12.18-09.08.54:082][556]LogInit: XAudio2 using 'Speakers (2- USB Audio Device)' : 2 channels at 48 kHz using 16 bits per sample (channel mask 0x3)
[2018.12.18-09.08.54:092][556]LogInit: FAudioDevice initialized.
[2018.12.18-09.08.54:139][556]LogLoad: Game class is 'BP_GameMode_C'
[2018.12.18-09.08.54:142][556]LogWorld: Bringing World /Game/Maps/UEDPIE_0_FirstPersonExampleMap.FirstPersonExampleMap up for play (max tick rate 0) at 2018.12.18-10.08.54
[2018.12.18-09.08.54:143][556]LogWorld: Bringing up level for play took: 0.001814
[2018.12.18-09.08.54:159][556]LogContentBrowser: Native class hierarchy updated for 'MovieSceneCapture' in 0.0004 seconds. Added 20 classes and 0 folders.
[2018.12.18-09.08.54:160][556]PIE: Play in editor start time for /Game/Maps/UEDPIE_0_FirstPersonExampleMap -0.789
[2018.12.18-09.08.54:161][556]LogBlueprintUserMessages: Late PlayInEditor Detection: Level '/Game/Maps/FirstPersonExampleMap.FirstPersonExampleMap:PersistentLevel' has LevelScriptBlueprint '/Game/Maps/FirstPersonExampleMap.FirstPersonExampleMap:PersistentLevel.FirstPersonExampleMap' with GeneratedClass '/Game/Maps/FirstPersonExampleMap.FirstPersonExampleMap_C' with ClassGeneratedBy '/Game/Maps/FirstPersonExampleMap.FirstPersonExampleMap:PersistentLevel.FirstPersonExampleMap'
[2018.12.18-09.08.59:396][181]LogTemp: Overlapped with extraction zone!
[2018.12.18-09.09.06:031][977]LogTemp: Overlapped with extraction zone!
[2018.12.18-09.09.15:389][100]LogTemp: Overlapped with extraction zone!
[2018.12.18-09.09.18:898][521]LogBlueprintUserMessages: Early EndPlayMap Detection: Level '/Game/Maps/FirstPersonExampleMap.FirstPersonExampleMap:PersistentLevel' has LevelScriptBlueprint '/Game/Maps/FirstPersonExampleMap.FirstPersonExampleMap:PersistentLevel.FirstPersonExampleMap' with GeneratedClass '/Game/Maps/FirstPersonExampleMap.FirstPersonExampleMap_C' with ClassGeneratedBy '/Game/Maps/FirstPersonExampleMap.FirstPersonExampleMap:PersistentLevel.FirstPersonExampleMap'
[2018.12.18-09.09.18:899][521]LogSlate: Updating window title bar state: overlay mode, drag disabled, window buttons hidden, title bar hidden
[2018.12.18-09.09.18:933][521]LogPlayLevel: Display: Shutting down PIE online subsystems
[2018.12.18-09.09.18:933][521]LogBlueprintUserMessages: Late EndPlayMap Detection: Level '/Game/Maps/FirstPersonExampleMap.FirstPersonExampleMap:PersistentLevel' has LevelScriptBlueprint '/Game/Maps/FirstPersonExampleMap.FirstPersonExampleMap:PersistentLevel.FirstPersonExampleMap' with GeneratedClass '/Game/Maps/FirstPersonExampleMap.FirstPersonExampleMap_C' with ClassGeneratedBy '/Game/Maps/FirstPersonExampleMap.FirstPersonExampleMap:PersistentLevel.FirstPersonExampleMap'
[2018.12.18-09.09.18:954][521]LogSlate: Updating window title bar state: overlay mode, drag disabled, window buttons hidden, title bar hidden
[2018.12.18-09.09.19:005][526]LogPlayLevel: Display: Destroying online subsystem :Context_4
[2018.12.18-09.09.21:195][788]LogSlate: FSceneViewport::OnFocusLost() reason 0
[2018.12.18-09.09.21:345][806]LogTemp: Repeating last play command: Selected Viewport
[2018.12.18-09.09.21:350][806]LogBlueprintUserMessages: Early PlayInEditor Detection: Level '/Game/Maps/FirstPersonExampleMap.FirstPersonExampleMap:PersistentLevel' has LevelScriptBlueprint '/Game/Maps/FirstPersonExampleMap.FirstPersonExampleMap:PersistentLevel.FirstPersonExampleMap' with GeneratedClass '/Game/Maps/FirstPersonExampleMap.FirstPersonExampleMap_C' with ClassGeneratedBy '/Game/Maps/FirstPersonExampleMap.FirstPersonExampleMap:PersistentLevel.FirstPersonExampleMap'
[2018.12.18-09.09.21:350][806]LogPlayLevel: PlayLevel: No blueprints needed recompiling
[2018.12.18-09.09.21:350][806]PIE: New page: PIE session: FirstPersonExampleMap (18 Dec 2018 11:09:21)
[2018.12.18-09.09.21:350][806]LogPlayLevel: Creating play world package: /Game/Maps/UEDPIE_0_FirstPersonExampleMap
[2018.12.18-09.09.21:362][806]LogPlayLevel: PIE: StaticDuplicateObject took: (0.012118s)
[2018.12.18-09.09.21:363][806]LogAIModule: Creating AISystem for world FirstPersonExampleMap
[2018.12.18-09.09.21:363][806]LogPlayLevel: PIE: World Init took: (0.000748s)
[2018.12.18-09.09.21:364][806]LogPlayLevel: PIE: Created PIE world by copying editor world from /Game/Maps/FirstPersonExampleMap.FirstPersonExampleMap to /Game/Maps/UEDPIE_0_FirstPersonExampleMap.FirstPersonExampleMap (0.013262s)
[2018.12.18-09.09.21:394][806]LogInit: XAudio2 using 'Speakers (2- USB Audio Device)' : 2 channels at 48 kHz using 16 bits per sample (channel mask 0x3)
[2018.12.18-09.09.21:404][806]LogInit: FAudioDevice initialized.
[2018.12.18-09.09.21:441][806]LogLoad: Game class is 'BP_GameMode_C'
[2018.12.18-09.09.21:443][806]LogWorld: Bringing World /Game/Maps/UEDPIE_0_FirstPersonExampleMap.FirstPersonExampleMap up for play (max tick rate 0) at 2018.12.18-10.09.21
[2018.12.18-09.09.21:443][806]LogWorld: Bringing up level for play took: 0.001514
[2018.12.18-09.09.21:457][806]PIE: Play in editor start time for /Game/Maps/UEDPIE_0_FirstPersonExampleMap 0.508
[2018.12.18-09.09.21:457][806]LogBlueprintUserMessages: Late PlayInEditor Detection: Level '/Game/Maps/FirstPersonExampleMap.FirstPersonExampleMap:PersistentLevel' has LevelScriptBlueprint '/Game/Maps/FirstPersonExampleMap.FirstPersonExampleMap:PersistentLevel.FirstPersonExampleMap' with GeneratedClass '/Game/Maps/FirstPersonExampleMap.FirstPersonExampleMap_C' with ClassGeneratedBy '/Game/Maps/FirstPersonExampleMap.FirstPersonExampleMap:PersistentLevel.FirstPersonExampleMap'
[2018.12.18-09.09.22:641][946]LogBlueprintUserMessages: Early EndPlayMap Detection: Level '/Game/Maps/FirstPersonExampleMap.FirstPersonExampleMap:PersistentLevel' has LevelScriptBlueprint '/Game/Maps/FirstPersonExampleMap.FirstPersonExampleMap:PersistentLevel.FirstPersonExampleMap' with GeneratedClass '/Game/Maps/FirstPersonExampleMap.FirstPersonExampleMap_C' with ClassGeneratedBy '/Game/Maps/FirstPersonExampleMap.FirstPersonExampleMap:PersistentLevel.FirstPersonExampleMap'
[2018.12.18-09.09.22:641][946]LogSlate: Updating window title bar state: overlay mode, drag disabled, window buttons hidden, title bar hidden
[2018.12.18-09.09.22:674][946]LogPlayLevel: Display: Shutting down PIE online subsystems
[2018.12.18-09.09.22:675][946]LogBlueprintUserMessages: Late EndPlayMap Detection: Level '/Game/Maps/FirstPersonExampleMap.FirstPersonExampleMap:PersistentLevel' has LevelScriptBlueprint '/Game/Maps/FirstPersonExampleMap.FirstPersonExampleMap:PersistentLevel.FirstPersonExampleMap' with GeneratedClass '/Game/Maps/FirstPersonExampleMap.FirstPersonExampleMap_C' with ClassGeneratedBy '/Game/Maps/FirstPersonExampleMap.FirstPersonExampleMap:PersistentLevel.FirstPersonExampleMap'
[2018.12.18-09.09.22:695][946]LogSlate: Updating window title bar state: overlay mode, drag disabled, window buttons hidden, title bar hidden
[2018.12.18-09.09.22:748][952]LogPlayLevel: Display: Destroying online subsystem :Context_5
